--- JUNOS 13.3R2.7 built 2014-04-20 20:58:39 UTC

vmukhin@eabu-sol-eng-dc-s7> 

vmukhin@eabu-sol-eng-dc-s7> 

vmukhin@eabu-sol-eng-dc-s7> edit 
Entering configuration mode

[edit]
vmukhin@eabu-sol-eng-dc-s7# save ag3.1-AAA-test-cfg.conf 
Wrote 522 lines of configuration to 'ag3.1-AAA-test-cfg.conf'

[edit]
vmukhin@eabu-sol-eng-dc-s7# exit 
Exiting configuration mode

vmukhin@eabu-sol-eng-dc-s7> ftp 172.29.65.79 
Connected to 172.29.65.79.
220-FileZilla Server version 0.9.48 beta
220-written by Tim Kosse (tim.kosse@filezilla-project.org)
220 Please visit http://sourceforge.net/projects/filezilla/
Name (172.29.65.79:vmukhin): mamba
331 Password required for mamba
Password:
230 Logged on
Remote system type is UNIX.
ftp> binary
200 Type set to I
ftp> cd ./AAA-test-cfg/2016-3-9-v.01
250 CWD successful. "/AAA-test-cfg/2016-3-9-v.01" is current directory.
ftp> put ag3.1-AAA-test-cfg.conf ag3.1-AAA-test-cfg.conf
local: ag3.1-AAA-test-cfg.conf remote: ag3.1-AAA-test-cfg.conf
200 Port command successful
150 Opening data channel for file upload to server of "/AAA-test-cfg/2016-3-9-v.01/ag3.1-AAA-test-cfg.conf"
100% |**************************************************************************| 14291       00:00 ETA
226 Successfully transferred "/AAA-test-cfg/2016-3-9-v.01/ag3.1-AAA-test-cfg.conf"
14291 bytes sent in 1.14 seconds (12.24 KB/s)
ftp> quit
221 Goodbye

--- JUNOS 13.3R2.7 built 2014-04-20 20:58:39 UTC

vmukhin@eabu-sol-eng-dc-s7> 

vmukhin@eabu-sol-eng-dc-s7> 

vmukhin@eabu-sol-eng-dc-s7> edit 
Entering configuration mode

[edit]
vmukhin@eabu-sol-eng-dc-s7# save ag3.1-AAA-test-cfg.conf 
Wrote 522 lines of configuration to 'ag3.1-AAA-test-cfg.conf'

[edit]
vmukhin@eabu-sol-eng-dc-s7# exit 
Exiting configuration mode

vmukhin@eabu-sol-eng-dc-s7> ftp 172.29.65.79 
Connected to 172.29.65.79.
220-FileZilla Server version 0.9.48 beta
220-written by Tim Kosse (tim.kosse@filezilla-project.org)
220 Please visit http://sourceforge.net/projects/filezilla/
Name (172.29.65.79:vmukhin): mamba
331 Password required for mamba
Password:
230 Logged on
Remote system type is UNIX.
ftp> binary
200 Type set to I
ftp> cd ./AAA-test-cfg/2016-3-9-v.01
250 CWD successful. "/AAA-test-cfg/2016-3-9-v.01" is current directory.
ftp> put ag3.1-AAA-test-cfg.conf ag3.1-AAA-test-cfg.conf
local: ag3.1-AAA-test-cfg.conf remote: ag3.1-AAA-test-cfg.conf
200 Port command successful
150 Opening data channel for file upload to server of "/AAA-test-cfg/2016-3-9-v.01/ag3.1-AAA-test-cfg.conf"
100% |**************************************************************************| 14291       00:00 ETA
226 Successfully transferred "/AAA-test-cfg/2016-3-9-v.01/ag3.1-AAA-test-cfg.conf"
14291 bytes sent in 0.96 seconds (14.53 KB/s)
ftp> quit
221 Goodbye

--- JUNOS 13.3R2.7 built 2014-04-20 20:58:39 UTC

vmukhin@eabu-sol-eng-dc-s7> 

vmukhin@eabu-sol-eng-dc-s7> 

vmukhin@eabu-sol-eng-dc-s7> edit 
Entering configuration mode

[edit]
vmukhin@eabu-sol-eng-dc-s7# save ag3.1-AAA-test-cfg.conf 
Wrote 522 lines of configuration to 'ag3.1-AAA-test-cfg.conf'

[edit]
vmukhin@eabu-sol-eng-dc-s7# exit 
Exiting configuration mode

vmukhin@eabu-sol-eng-dc-s7> ftp 172.29.65.79 
Connected to 172.29.65.79.
220-FileZilla Server version 0.9.48 beta
220-written by Tim Kosse (tim.kosse@filezilla-project.org)
220 Please visit http://sourceforge.net/projects/filezilla/
Name (172.29.65.79:vmukhin): mamba
331 Password required for mamba
Password:
230 Logged on
Remote system type is UNIX.
ftp> binary
200 Type set to I
ftp> cd ./AAA-test-cfg/2016-3-9-v.02
250 CWD successful. "/AAA-test-cfg/2016-3-9-v.02" is current directory.
ftp> put ag3.1-AAA-test-cfg.conf ag3.1-AAA-test-cfg.conf
local: ag3.1-AAA-test-cfg.conf remote: ag3.1-AAA-test-cfg.conf
200 Port command successful
150 Opening data channel for file upload to server of "/AAA-test-cfg/2016-3-9-v.02/ag3.1-AAA-test-cfg.conf"
100% |**************************************************************************| 14291       00:00 ETA
226 Successfully transferred "/AAA-test-cfg/2016-3-9-v.02/ag3.1-AAA-test-cfg.conf"
14291 bytes sent in 0.96 seconds (14.52 KB/s)
ftp> quit
221 Goodbye

--- JUNOS 13.3R2.7 built 2014-04-20 20:58:39 UTC

vmukhin@eabu-sol-eng-dc-s7> 

vmukhin@eabu-sol-eng-dc-s7> 

vmukhin@eabu-sol-eng-dc-s7> edit 
Entering configuration mode

[edit]
vmukhin@eabu-sol-eng-dc-s7# save ag3.1-AAA-test-cfg.conf 
Wrote 522 lines of configuration to 'ag3.1-AAA-test-cfg.conf'

[edit]
vmukhin@eabu-sol-eng-dc-s7# exit 
Exiting configuration mode

vmukhin@eabu-sol-eng-dc-s7> ftp 172.29.65.79 
Connected to 172.29.65.79.
220-FileZilla Server version 0.9.48 beta
220-written by Tim Kosse (tim.kosse@filezilla-project.org)
220 Please visit http://sourceforge.net/projects/filezilla/
Name (172.29.65.79:vmukhin): mamba
331 Password required for mamba
Password:
230 Logged on
Remote system type is UNIX.
ftp> binary
200 Type set to I
ftp> cd ./AAA-test-cfg/2016-3-9-v.02
250 CWD successful. "/AAA-test-cfg/2016-3-9-v.02" is current directory.
ftp> put ag3.1-AAA-test-cfg.conf ag3.1-AAA-test-cfg.conf
local: ag3.1-AAA-test-cfg.conf remote: ag3.1-AAA-test-cfg.conf
200 Port command successful
150 Opening data channel for file upload to server of "/AAA-test-cfg/2016-3-9-v.02/ag3.1-AAA-test-cfg.conf"
100% |****************************************| 14291       00:00 ETA
226 Successfully transferred "/AAA-test-cfg/2016-3-9-v.02/ag3.1-AAA-test-cfg.conf"
14291 bytes sent in 0.98 seconds (14.27 KB/s)
ftp> quit
221 Goodbye

--- JUNOS 13.3R2.7 built 2014-04-20 20:58:39 UTC

vmukhin@eabu-sol-eng-dc-s7> 

vmukhin@eabu-sol-eng-dc-s7> 

vmukhin@eabu-sol-eng-dc-s7> edit 
Entering configuration mode

[edit]
vmukhin@eabu-sol-eng-dc-s7# save ag3.1-AAA-test-cfg.conf 
Wrote 522 lines of configuration to 'ag3.1-AAA-test-cfg.conf'

[edit]
vmukhin@eabu-sol-eng-dc-s7# exit 
Exiting configuration mode

vmukhin@eabu-sol-eng-dc-s7> ftp 172.29.65.79 
Connected to 172.29.65.79.
220-FileZilla Server version 0.9.48 beta
220-written by Tim Kosse (tim.kosse@filezilla-project.org)
220 Please visit http://sourceforge.net/projects/filezilla/
Name (172.29.65.79:vmukhin): mamba
331 Password required for mamba
Password:
230 Logged on
Remote system type is UNIX.
ftp> binary
200 Type set to I
ftp> cd ./AAA-test-cfg/2016-3-9-v.03
250 CWD successful. "/AAA-test-cfg/2016-3-9-v.03" is current directory.
ftp> put ag3.1-AAA-test-cfg.conf ag3.1-AAA-test-cfg.conf
local: ag3.1-AAA-test-cfg.conf remote: ag3.1-AAA-test-cfg.conf
200 Port command successful
150 Opening data channel for file upload to server of "/AAA-test-cfg/2016-3-9-v.03/ag3.1-AAA-test-cfg.conf"
100% |****************************************| 14291       00:00 ETA
226 Successfully transferred "/AAA-test-cfg/2016-3-9-v.03/ag3.1-AAA-test-cfg.conf"
14291 bytes sent in 0.98 seconds (14.26 KB/s)
ftp> quit
221 Goodbye

--- JUNOS 13.3R2.7 built 2014-04-20 20:58:39 UTC

vmukhin@eabu-sol-eng-dc-s7> 

vmukhin@eabu-sol-eng-dc-s7> 

vmukhin@eabu-sol-eng-dc-s7> edit 
Entering configuration mode

[edit]
vmukhin@eabu-sol-eng-dc-s7# save ag3.1-AAA-test-cfg.conf 
Wrote 522 lines of configuration to 'ag3.1-AAA-test-cfg.conf'

[edit]
vmukhin@eabu-sol-eng-dc-s7# exit 
Exiting configuration mode

vmukhin@eabu-sol-eng-dc-s7> ftp 172.29.65.79 
Connected to 172.29.65.79.
220-FileZilla Server version 0.9.48 beta
220-written by Tim Kosse (tim.kosse@filezilla-project.org)
220 Please visit http://sourceforge.net/projects/filezilla/
Name (172.29.65.79:vmukhin): mamba
331 Password required for mamba
Password:
230 Logged on
Remote system type is UNIX.
ftp> binary
200 Type set to I
ftp> cd ./AAA-test-cfg/2016-3-9-v.03
250 CWD successful. "/AAA-test-cfg/2016-3-9-v.03" is current directory.
ftp> put ag3.1-AAA-test-cfg.conf ag3.1-AAA-test-cfg.conf
local: ag3.1-AAA-test-cfg.conf remote: ag3.1-AAA-test-cfg.conf
200 Port command successful
150 Opening data channel for file upload to server of "/AAA-test-cfg/2016-3-9-v.03/ag3.1-AAA-test-cfg.conf"
100% |****************************************| 14291       00:00 ETA
226 Successfully transferred "/AAA-test-cfg/2016-3-9-v.03/ag3.1-AAA-test-cfg.conf"
14291 bytes sent in 0.96 seconds (14.48 KB/s)
ftp> quit
221 Goodbye

--- JUNOS 13.3R2.7 built 2014-04-20 20:58:39 UTC

vmukhin@eabu-sol-eng-dc-s7> 

vmukhin@eabu-sol-eng-dc-s7> 

vmukhin@eabu-sol-eng-dc-s7> edit 
Entering configuration mode

[edit]
vmukhin@eabu-sol-eng-dc-s7# save ag3.1-AAA-test-cfg.conf 
Wrote 522 lines of configuration to 'ag3.1-AAA-test-cfg.conf'

[edit]
vmukhin@eabu-sol-eng-dc-s7# exit 
Exiting configuration mode

vmukhin@eabu-sol-eng-dc-s7> ftp 172.29.65.79 
Connected to 172.29.65.79.
220-FileZilla Server version 0.9.48 beta
220-written by Tim Kosse (tim.kosse@filezilla-project.org)
220 Please visit http://sourceforge.net/projects/filezilla/
Name (172.29.65.79:vmukhin): mamba
331 Password required for mamba
Password:
230 Logged on
Remote system type is UNIX.
ftp> binary
200 Type set to I
ftp> cd ./AAA-test-cfg/2016-3-9-v.03
250 CWD successful. "/AAA-test-cfg/2016-3-9-v.03" is current directory.
ftp> put ag3.1-AAA-test-cfg.conf ag3.1-AAA-test-cfg.conf
local: ag3.1-AAA-test-cfg.conf remote: ag3.1-AAA-test-cfg.conf
200 Port command successful
150 Opening data channel for file upload to server of "/AAA-test-cfg/2016-3-9-v.03/ag3.1-AAA-test-cfg.conf"
100% |****************************************| 14291       00:00 ETA
226 Successfully transferred "/AAA-test-cfg/2016-3-9-v.03/ag3.1-AAA-test-cfg.conf"
14291 bytes sent in 0.97 seconds (14.40 KB/s)
ftp> quit
221 Goodbye

--- JUNOS 13.3R2.7 built 2014-04-20 20:58:39 UTC

vmukhin@eabu-sol-eng-dc-s7> 

vmukhin@eabu-sol-eng-dc-s7> 

vmukhin@eabu-sol-eng-dc-s7> edit 
Entering configuration mode

[edit]
vmukhin@eabu-sol-eng-dc-s7# save ag3.1-AAA-test-cfg.conf 
Wrote 522 lines of configuration to 'ag3.1-AAA-test-cfg.conf'

[edit]
vmukhin@eabu-sol-eng-dc-s7# exit 
Exiting configuration mode

vmukhin@eabu-sol-eng-dc-s7> ftp 172.29.65.79 
Connected to 172.29.65.79.
220-FileZilla Server version 0.9.48 beta
220-written by Tim Kosse (tim.kosse@filezilla-project.org)
220 Please visit http://sourceforge.net/projects/filezilla/
Name (172.29.65.79:vmukhin): mamba
331 Password required for mamba
Password:
230 Logged on
Remote system type is UNIX.
ftp> binary
200 Type set to I
ftp> cd ./AAA-test-cfg/2016-3-9-v.04
250 CWD successful. "/AAA-test-cfg/2016-3-9-v.04" is current directory.
ftp> put ag3.1-AAA-test-cfg.conf ag3.1-AAA-test-cfg.conf
local: ag3.1-AAA-test-cfg.conf remote: ag3.1-AAA-test-cfg.conf
200 Port command successful
150 Opening data channel for file upload to server of "/AAA-test-cfg/2016-3-9-v.04/ag3.1-AAA-test-cfg.conf"
100% |**************************************************************************| 14291       00:00 ETA
226 Successfully transferred "/AAA-test-cfg/2016-3-9-v.04/ag3.1-AAA-test-cfg.conf"
14291 bytes sent in 0.98 seconds (14.26 KB/s)
ftp> quit
221 Goodbye

--- JUNOS 13.3R2.7 built 2014-04-20 20:58:39 UTC

vmukhin@eabu-sol-eng-dc-s7> 

vmukhin@eabu-sol-eng-dc-s7> 

vmukhin@eabu-sol-eng-dc-s7> show version 
Hostname: eabu-sol-eng-dc-s7
Model: mx80-48t
Junos: 13.3R2.7
JUNOS Base OS boot [13.3R2.7]
JUNOS Base OS Software Suite [13.3R2.7]
JUNOS Kernel Software Suite [13.3R2.7]
JUNOS Crypto Software Suite [13.3R2.7]
JUNOS Packet Forwarding Engine Support (MX80) [13.3R2.7]
JUNOS Online Documentation [13.3R2.7]
JUNOS Services Application Level Gateways [13.3R2.7]
JUNOS Services Jflow Container package [13.3R2.7]
JUNOS Services Stateful Firewall [13.3R2.7]
JUNOS Services NAT [13.3R2.7]
JUNOS Services RPM [13.3R2.7]
JUNOS Services Crypto [13.3R2.7]
JUNOS Services SSL [13.3R2.7]
JUNOS Services IPSec [13.3R2.7]
JUNOS Routing Software Suite [13.3R2.7]

vmukhin@eabu-sol-eng-dc-s7> 

vmukhin@eabu-sol-eng-dc-s7> edit 
Entering configuration mode

[edit]
vmukhin@eabu-sol-eng-dc-s7# edit groups global 

[edit groups global]
vmukhin@eabu-sol-eng-dc-s7# save grp-global-original.conf 
Wrote 100 lines of configuration to 'grp-global-original.conf'

[edit groups global]
vmukhin@eabu-sol-eng-dc-s7# exit 

[edit]
vmukhin@eabu-sol-eng-dc-s7# edit groups re0 

[edit groups re0]
vmukhin@eabu-sol-eng-dc-s7# show 
interfaces {
    fxp0 {
        unit 0 {
            family inet {
                address 10.164.1.134/23;
            }
        }
    }
}

[edit groups re0]
vmukhin@eabu-sol-eng-dc-s7# save grp-re0.conf 
Wrote 15 lines of configuration to 'grp-re0.conf'

[edit groups re0]
vmukhin@eabu-sol-eng-dc-s7# exit 

[edit]
vmukhin@eabu-sol-eng-dc-s7# exit 
Exiting configuration mode

vmukhin@eabu-sol-eng-dc-s7> ftp 172.29.65.79 
Connected to 172.29.65.79.
220-FileZilla Server version 0.9.48 beta
220-written by Tim Kosse (tim.kosse@filezilla-project.org)
220 Please visit http://sourceforge.net/projects/filezilla/
Name (172.29.65.79:vmukhin): mamba
331 Password required for mamba
Password:
230 Logged on
Remote system type is UNIX.
ftp> binary
200 Type set to I
ftp> get ./AAA-test-cfg/2016-3-9-v.04/ag3.1-AAA-test-cfg.conf ag3.1-AAA-test-cfg.conf
local: ag3.1-AAA-test-cfg.conf remote: ./AAA-test-cfg/2016-3-9-v.04/ag3.1-AAA-test-cfg.conf
200 Port command successful
150 Opening data channel for file download from server of "/AAA-test-cfg/2016-3-9-v.04/ag3.1-AAA-test-cfg.conf"
100% |**************************************************************************| 14291       00:00 ETA
226 Successfully transferred "/AAA-test-cfg/2016-3-9-v.04/ag3.1-AAA-test-cfg.conf"
14291 bytes received in 0.95 seconds (14.66 KB/s)
ftp> quit
221 Goodbye

vmukhin@eabu-sol-eng-dc-s7> edit 
Entering configuration mode

[edit]
vmukhin@eabu-sol-eng-dc-s7# delete access 
warning: statement not found

[edit]
vmukhin@eabu-sol-eng-dc-s7# delete services 
warning: statement not found

[edit]
vmukhin@eabu-sol-eng-dc-s7# delete routing-instances 

[edit]
vmukhin@eabu-sol-eng-dc-s7# delete protocols 

[edit]
vmukhin@eabu-sol-eng-dc-s7# delete interfaces 

[edit]
vmukhin@eabu-sol-eng-dc-s7# delete routing-options 

[edit]
vmukhin@eabu-sol-eng-dc-s7# commit 
commit complete

[edit]
vmukhin@eabu-sol-eng-dc-s7# load update ag3.1-AAA-test-cfg.conf 
edit groups global
load complete

[edit]
vmukhin@eabu-sol-eng-dc-s7# edit groups global 

[edit groups global]
vmukhin@eabu-sol-eng-dc-s7# load replace grp-global-original.conf 
exit
load complete

[edit groups global]
vmukhin@eabu-sol-eng-dc-s7# exit 

[edit]
vmukhin@eabu-sol-eng-dc-s7# set apply-groups global 

[edit]
vmukhin@eabu-sol-eng-dc-s7# edit groups re0 

[edit groups re0]
vmukhin@eabu-sol-eng-dc-s7# load replace grp-re0.conf 
exit
load complete

[edit groups re0]
vmukhin@eabu-sol-eng-dc-s7# exit 

[edit]
vmukhin@eabu-sol-eng-dc-s7# set apply-groups re0 

[edit]
vmukhin@eabu-sol-eng-dc-s7# commit 
commit complete

[edit]
