--- JUNOS 15.1X54-D50.10 built 2016-04-18 12:20:17 UTC

{master:0}
vmukhin@t-quark> 

{master:0}
vmukhin@t-quark> 

{master:0}
vmukhin@t-quark> edit 
Entering configuration mode
Users currently editing the configuration:
  vmukhin terminal p1 (pid 12761) on since 2016-04-25 12:39:04 PDT, idle 00:30:10
      {master:0}[edit]
  vmukhin terminal p2 (pid 12777) on since 2016-04-25 12:42:39 PDT, idle 00:27:46
      {master:0}[edit]

{master:0}[edit]
vmukhin@t-quark# save csr1.6-GVTC-Services-All-Hairpinning-ACX5k-206.conf 
Wrote 1295 lines of configuration to 'csr1.6-GVTC-Services-All-Hairpinning-ACX5k-206.conf'

{master:0}[edit]
vmukhin@t-quark# exit 
Exiting configuration mode

{master:0}
vmukhin@t-quark> ftp 172.29.101.60 
Connected to 172.29.101.60.
220-FileZilla Server version 0.9.48 beta
220-written by Tim Kosse (tim.kosse@filezilla-project.org)
220 Please visit http://sourceforge.net/projects/filezilla/
Name (172.29.101.60:vmukhin): mamba
331 Password required for mamba
Password:
230 Logged on
Remote system type is UNIX.
ftp> binary
200 Type set to I
ftp> cd ./GVTC-Services-All-Hairpinning-ACX5k-206/2016-4-25-v.01
250 CWD successful. "/GVTC-Services-All-Hairpinning-ACX5k-206/2016-4-25-v.01" is current directory.
ftp> put csr1.6-GVTC-Services-All-Hairpinning-ACX5k-206.conf csr1.6-GVTC-Services-All-Hairpinning-ACX5k-206.conf
local: csr1.6-GVTC-Services-All-Hairpinning-ACX5k-206.conf remote: csr1.6-GVTC-Services-All-Hairpinning-ACX5k-206.conf
200 Port command successful
150 Opening data channel for file upload to server of "/GVTC-Services-All-Hairpinning-ACX5k-206/2016-4-25-v.01/csr1.6-GVTC-Services-All-Hairpinning-ACX5k-206.conf"
100% |**********************************************************************************************************************************************************| 36893       00:00 ETAA
226 Successfully transferred "/GVTC-Services-All-Hairpinning-ACX5k-206/2016-4-25-v.01/csr1.6-GVTC-Services-All-Hairpinning-ACX5k-206.conf"
36893 bytes sent in 0.15 seconds (243.81 KB/s)
ftp> quit
221 Goodbye

{master:0}
--- JUNOS 15.1X54-D50.10 built 2016-04-18 12:20:17 UTC

{master:0}
vmukhin@t-quark> 

{master:0}
vmukhin@t-quark> 

{master:0}
vmukhin@t-quark> edit 
Entering configuration mode
Users currently editing the configuration:
  vmukhin terminal p1 (pid 12761) on since 2016-04-25 12:39:04 PDT, idle 00:32:24
      {master:0}[edit]
  vmukhin terminal p2 (pid 12777) on since 2016-04-25 12:42:39 PDT, idle 00:30:00
      {master:0}[edit]

{master:0}[edit]
vmukhin@t-quark# save csr1.6-GVTC-Services-All-Hairpinning-ACX5k-2016.conf 
Wrote 1295 lines of configuration to 'csr1.6-GVTC-Services-All-Hairpinning-ACX5k-2016.conf'

{master:0}[edit]
vmukhin@t-quark# exit 
Exiting configuration mode

{master:0}
vmukhin@t-quark> ftp 172.29.101.60 
Connected to 172.29.101.60.
220-FileZilla Server version 0.9.48 beta
220-written by Tim Kosse (tim.kosse@filezilla-project.org)
220 Please visit http://sourceforge.net/projects/filezilla/
Name (172.29.101.60:vmukhin): mamba
331 Password required for mamba
Password:
230 Logged on
Remote system type is UNIX.
ftp> binary
200 Type set to I
ftp> cd ./GVTC-Services-All-Hairpinning-ACX5k-2016/2016-4-25-v.01
250 CWD successful. "/GVTC-Services-All-Hairpinning-ACX5k-2016/2016-4-25-v.01" is current directory.
ftp> put csr1.6-GVTC-Services-All-Hairpinning-ACX5k-2016.conf csr1.6-GVTC-Services-All-Hairpinning-ACX5k-2016.conf
local: csr1.6-GVTC-Services-All-Hairpinning-ACX5k-2016.conf remote: csr1.6-GVTC-Services-All-Hairpinning-ACX5k-2016.conf
200 Port command successful
150 Opening data channel for file upload to server of "/GVTC-Services-All-Hairpinning-ACX5k-2016/2016-4-25-v.01/csr1.6-GVTC-Services-All-Hairpinning-ACX5k-2016.conf"
100% |**********************************************************************************************************************************************************| 36893       00:00 ETAA
226 Successfully transferred "/GVTC-Services-All-Hairpinning-ACX5k-2016/2016-4-25-v.01/csr1.6-GVTC-Services-All-Hairpinning-ACX5k-2016.conf"
36893 bytes sent in 0.13 seconds (275.78 KB/s)
ftp> quit
221 Goodbye

{master:0}
