--- JUNOS 14.1B3 built 2014-04-01 21:49:53 UTC

vmukhin@eabu-sol-eng-dc-core-01> 

vmukhin@eabu-sol-eng-dc-core-01> 

vmukhin@eabu-sol-eng-dc-core-01> file list |match ag2.2-mbh1.0-isis-areas-full.conf 
ag2.2-mbh1.0-isis-areas-full.conf

vmukhin@eabu-sol-eng-dc-core-01> ftp 172.29.100.44 
Connected to 172.29.100.44.
220-FileZilla Server version 0.9.48 beta
220-written by Tim Kosse (tim.kosse@filezilla-project.org)
220 Please visit http://sourceforge.net/projects/filezilla/
Name (172.29.100.44:vmukhin): mamba
331 Password required for mamba
Password:
230 Logged on
Remote system type is UNIX.
ftp> binary
200 Type set to I
ftp> cd ./mbh1.0-isis-areas-full/2013-06-06-v.01
250 CWD successful. "/mbh1.0-isis-areas-full/2013-06-06-v.01" is current directory.
ftp> put ag2.2-mbh1.0-isis-areas-full.conf ag2.2-mbh1.0-isis-areas-full.conf
local: ag2.2-mbh1.0-isis-areas-full.conf remote: ag2.2-mbh1.0-isis-areas-full.conf
200 Port command successful
150 Opening data channel for file upload to server of "/mbh1.0-isis-areas-full/2013-06-06-v.01/ag2.2-mbh1.0-isis-areas-full.conf"
100% |**********************************************************************************************************************************************************| 23119       00:00 ETAA
226 Successfully transferred "/mbh1.0-isis-areas-full/2013-06-06-v.01/ag2.2-mbh1.0-isis-areas-full.conf"
23119 bytes sent in 0.19 seconds (118.87 KB/s)
ftp> quit
221 Goodbye

--- JUNOS 14.1B3 built 2014-04-01 21:49:53 UTC

vmukhin@eabu-sol-eng-dc-core-01> 

vmukhin@eabu-sol-eng-dc-core-01> 

vmukhin@eabu-sol-eng-dc-core-01> file list |match ag2.2-mbh1.0-full.conf 
ag2.2-mbh1.0-full.conf

vmukhin@eabu-sol-eng-dc-core-01> ftp 172.29.100.44 
Connected to 172.29.100.44.
220-FileZilla Server version 0.9.48 beta
220-written by Tim Kosse (tim.kosse@filezilla-project.org)
220 Please visit http://sourceforge.net/projects/filezilla/
Name (172.29.100.44:vmukhin): mamba
331 Password required for mamba
Password:
230 Logged on
Remote system type is UNIX.
ftp> binary
200 Type set to I
ftp> cd ./mbh1.0-full/2013-06-06-v.01
250 CWD successful. "/mbh1.0-full/2013-06-06-v.01" is current directory.
ftp> put ag2.2-mbh1.0-full.conf ag2.2-mbh1.0-full.conf
local: ag2.2-mbh1.0-full.conf remote: ag2.2-mbh1.0-full.conf
200 Port command successful
150 Opening data channel for file upload to server of "/mbh1.0-full/2013-06-06-v.01/ag2.2-mbh1.0-full.conf"
100% |**********************************************************************************************************************************************************| 23053       00:00 ETAA
226 Successfully transferred "/mbh1.0-full/2013-06-06-v.01/ag2.2-mbh1.0-full.conf"
23053 bytes sent in 0.16 seconds (144.01 KB/s)
ftp> quit
221 Goodbye

--- JUNOS 14.1B3 built 2014-04-01 21:49:53 UTC

vmukhin@eabu-sol-eng-dc-core-01> 

vmukhin@eabu-sol-eng-dc-core-01> 

vmukhin@eabu-sol-eng-dc-core-01> file list |match ag2.2-mbh1.1-isis-vlans-auto-mesh.conf 
ag2.2-mbh1.1-isis-vlans-auto-mesh.conf

vmukhin@eabu-sol-eng-dc-core-01> ftp 172.29.100.44 
Connected to 172.29.100.44.
220-FileZilla Server version 0.9.48 beta
220-written by Tim Kosse (tim.kosse@filezilla-project.org)
220 Please visit http://sourceforge.net/projects/filezilla/
Name (172.29.100.44:vmukhin): mamba
331 Password required for mamba
Password:
230 Logged on
Remote system type is UNIX.
ftp> binary
200 Type set to I
ftp> cd ./mbh1.1-isis-vlans-auto-mesh/2013-06-10-v.01
250 CWD successful. "/mbh1.1-isis-vlans-auto-mesh/2013-06-10-v.01" is current directory.
ftp> put ag2.2-mbh1.1-isis-vlans-auto-mesh.conf ag2.2-mbh1.1-isis-vlans-auto-mesh.conf
local: ag2.2-mbh1.1-isis-vlans-auto-mesh.conf remote: ag2.2-mbh1.1-isis-vlans-auto-mesh.conf
200 Port command successful
150 Opening data channel for file upload to server of "/mbh1.1-isis-vlans-auto-mesh/2013-06-10-v.01/ag2.2-mbh1.1-isis-vlans-auto-mesh.conf"
100% |**********************************************************************************************************************************************************| 24256       00:00 ETAA
226 Successfully transferred "/mbh1.1-isis-vlans-auto-mesh/2013-06-10-v.01/ag2.2-mbh1.1-isis-vlans-auto-mesh.conf"
24256 bytes sent in 0.16 seconds (149.69 KB/s)
ftp> quit
221 Goodbye

--- JUNOS 14.1B3 built 2014-04-01 21:49:53 UTC

vmukhin@eabu-sol-eng-dc-core-01> 

vmukhin@eabu-sol-eng-dc-core-01> 

vmukhin@eabu-sol-eng-dc-core-01> file list |match ag2.2-mbh1.1-isis-rsvp-auto-mesh-bgp-lu-june-6.conf 
ag2.2-mbh1.1-isis-rsvp-auto-mesh-bgp-lu-june-6.conf

vmukhin@eabu-sol-eng-dc-core-01> ftp 172.29.100.44 
Connected to 172.29.100.44.
220-FileZilla Server version 0.9.48 beta
220-written by Tim Kosse (tim.kosse@filezilla-project.org)
220 Please visit http://sourceforge.net/projects/filezilla/
Name (172.29.100.44:vmukhin): mamba
331 Password required for mamba
Password:
230 Logged on
Remote system type is UNIX.
ftp> binary
200 Type set to I
ftp> cd ./mbh1.1-isis-rsvp-auto-mesh-bgp-lu-june-6/2013-06-12-v.01
250 CWD successful. "/mbh1.1-isis-rsvp-auto-mesh-bgp-lu-june-6/2013-06-12-v.01" is current directory.
ftp> put ag2.2-mbh1.1-isis-rsvp-auto-mesh-bgp-lu-june-6.conf ag2.2-mbh1.1-isis-rsvp-auto-mesh-bgp-lu-june-6.conf
local: ag2.2-mbh1.1-isis-rsvp-auto-mesh-bgp-lu-june-6.conf remote: ag2.2-mbh1.1-isis-rsvp-auto-mesh-bgp-lu-june-6.conf
200 Port command successful
150 Opening data channel for file upload to server of "/mbh1.1-isis-rsvp-auto-mesh-bgp-lu-june-6/2013-06-12-v.01/ag2.2-mbh1.1-isis-rsvp-auto-mesh-bgp-lu-june-6.conf"
100% |**********************************************************************************************************************************************************| 24041       00:00 ETAA
226 Successfully transferred "/mbh1.1-isis-rsvp-auto-mesh-bgp-lu-june-6/2013-06-12-v.01/ag2.2-mbh1.1-isis-rsvp-auto-mesh-bgp-lu-june-6.conf"
24041 bytes sent in 0.13 seconds (178.35 KB/s)
ftp> quit
221 Goodbye

--- JUNOS 14.1B3 built 2014-04-01 21:49:53 UTC

vmukhin@eabu-sol-eng-dc-core-01> 

vmukhin@eabu-sol-eng-dc-core-01> 

vmukhin@eabu-sol-eng-dc-core-01> file list |match ag2.2-mbh1.1-isis-rsvp-auto-mesh-bgp-lu-june-27.conf 
ag2.2-mbh1.1-isis-rsvp-auto-mesh-bgp-lu-june-27.conf

vmukhin@eabu-sol-eng-dc-core-01> ftp 172.29.100.44 
Connected to 172.29.100.44.
220-FileZilla Server version 0.9.48 beta
220-written by Tim Kosse (tim.kosse@filezilla-project.org)
220 Please visit http://sourceforge.net/projects/filezilla/
Name (172.29.100.44:vmukhin): mamba
331 Password required for mamba
Password:
230 Logged on
Remote system type is UNIX.
ftp> binary
200 Type set to I
ftp> cd ./mbh1.1-isis-rsvp-auto-mesh-bgp-lu-june-27/2013-06-27-v.01
250 CWD successful. "/mbh1.1-isis-rsvp-auto-mesh-bgp-lu-june-27/2013-06-27-v.01" is current directory.
ftp> put ag2.2-mbh1.1-isis-rsvp-auto-mesh-bgp-lu-june-27.conf ag2.2-mbh1.1-isis-rsvp-auto-mesh-bgp-lu-june-27.conf
local: ag2.2-mbh1.1-isis-rsvp-auto-mesh-bgp-lu-june-27.conf remote: ag2.2-mbh1.1-isis-rsvp-auto-mesh-bgp-lu-june-27.conf
200 Port command successful
150 Opening data channel for file upload to server of "/mbh1.1-isis-rsvp-auto-mesh-bgp-lu-june-27/2013-06-27-v.01/ag2.2-mbh1.1-isis-rsvp-auto-mesh-bgp-lu-june-27.conf"
100% |**********************************************************************************************************************************************************| 23872       00:00 ETAA
226 Successfully transferred "/mbh1.1-isis-rsvp-auto-mesh-bgp-lu-june-27/2013-06-27-v.01/ag2.2-mbh1.1-isis-rsvp-auto-mesh-bgp-lu-june-27.conf"
23872 bytes sent in 0.16 seconds (149.36 KB/s)
ftp> quit
221 Goodbye

--- JUNOS 14.1B3 built 2014-04-01 21:49:53 UTC

vmukhin@eabu-sol-eng-dc-core-01> 

vmukhin@eabu-sol-eng-dc-core-01> 

vmukhin@eabu-sol-eng-dc-core-01> file list |match ag2.2-mbh1.1-with-mng-in-grt.conf 
ag2.2-mbh1.1-with-mng-in-grt.conf

vmukhin@eabu-sol-eng-dc-core-01> ftp 172.29.100.44 
Connected to 172.29.100.44.
220-FileZilla Server version 0.9.48 beta
220-written by Tim Kosse (tim.kosse@filezilla-project.org)
220 Please visit http://sourceforge.net/projects/filezilla/
Name (172.29.100.44:vmukhin): mamba
331 Password required for mamba
Password:
230 Logged on
Remote system type is UNIX.
ftp> binary
200 Type set to I
ftp> cd ./mbh1.1-with-mng-in-grt/2013-06-29-v.01
250 CWD successful. "/mbh1.1-with-mng-in-grt/2013-06-29-v.01" is current directory.
ftp> put ag2.2-mbh1.1-with-mng-in-grt.conf ag2.2-mbh1.1-with-mng-in-grt.conf
local: ag2.2-mbh1.1-with-mng-in-grt.conf remote: ag2.2-mbh1.1-with-mng-in-grt.conf
200 Port command successful
150 Opening data channel for file upload to server of "/mbh1.1-with-mng-in-grt/2013-06-29-v.01/ag2.2-mbh1.1-with-mng-in-grt.conf"
100% |**********************************************************************************************************************************************************| 23971       00:00 ETAA
226 Successfully transferred "/mbh1.1-with-mng-in-grt/2013-06-29-v.01/ag2.2-mbh1.1-with-mng-in-grt.conf"
23971 bytes sent in 0.14 seconds (164.86 KB/s)
ftp> quit
221 Goodbye

--- JUNOS 14.1B3 built 2014-04-01 21:49:53 UTC
vmukhin@eabu-sol-eng-dc-core-01> 

vmukhin@eabu-sol-eng-dc-core-01> 

vmukhin@eabu-sol-eng-dc-core-01> file list |match ag2.2-mbh1.1-isis-rsvp-auto-mesh-bgp-lu-july-01.conf 
ag2.2-mbh1.1-isis-rsvp-auto-mesh-bgp-lu-july-01.conf

vmukhin@eabu-sol-eng-dc-core-01> ftp 172.29.100.44 
Connected to 172.29.100.44.
220-FileZilla Server version 0.9.48 beta
220-written by Tim Kosse (tim.kosse@filezilla-project.org)
220 Please visit http://sourceforge.net/projects/filezilla/
Name (172.29.100.44:vmukhin): mamba
331 Password required for mamba
Password:
230 Logged on
Remote system type is UNIX.
ftp> binary
200 Type set to I
ftp> cd ./mbh1.1-isis-rsvp-auto-mesh-bgp-lu-july-01/2013-07-01-v.01
250 CWD successful. "/mbh1.1-isis-rsvp-auto-mesh-bgp-lu-july-01/2013-07-01-v.01" is current directory.
ftp> put ag2.2-mbh1.1-isis-rsvp-auto-mesh-bgp-lu-july-01.conf ag2.2-mbh1.1-isis-rsvp-auto-mesh-bgp-lu-july-01.conf
local: ag2.2-mbh1.1-isis-rsvp-auto-mesh-bgp-lu-july-01.conf remote: ag2.2-mbh1.1-isis-rsvp-auto-mesh-bgp-lu-july-01.conf
200 Port command successful
150 Opening data channel for file upload to server of "/mbh1.1-isis-rsvp-auto-mesh-bgp-lu-july-01/2013-07-01-v.01/ag2.2-mbh1.1-isis-rsvp-auto-mesh-bgp-lu-july-01.conf"
100% |**********************************************************************************************************************************************************| 24583       00:00 ETAA
226 Successfully transferred "/mbh1.1-isis-rsvp-auto-mesh-bgp-lu-july-01/2013-07-01-v.01/ag2.2-mbh1.1-isis-rsvp-auto-mesh-bgp-lu-july-01.conf"
24583 bytes sent in 0.15 seconds (160.91 KB/s)
ftp> quit
221 Goodbye

--- JUNOS 14.1B3 built 2014-04-01 21:49:53 UTC

vmukhin@eabu-sol-eng-dc-core-01> 

vmukhin@eabu-sol-eng-dc-core-01> 

vmukhin@eabu-sol-eng-dc-core-01> file list |match ag2.2-mbh1.1-isis-rsvp-auto-mesh-bgp-lu-july-02-01.conf 
ag2.2-mbh1.1-isis-rsvp-auto-mesh-bgp-lu-july-02-01.conf

vmukhin@eabu-sol-eng-dc-core-01> ftp 172.29.100.44 
Connected to 172.29.100.44.
220-FileZilla Server version 0.9.48 beta
220-written by Tim Kosse (tim.kosse@filezilla-project.org)
220 Please visit http://sourceforge.net/projects/filezilla/
Name (172.29.100.44:vmukhin): mamba
331 Password required for mamba
Password:
230 Logged on
Remote system type is UNIX.
ftp> binary
200 Type set to I
ftp> cd ./mbh1.1-isis-rsvp-auto-mesh-bgp-lu-july-02-01/2013-07-02-v.01
250 CWD successful. "/mbh1.1-isis-rsvp-auto-mesh-bgp-lu-july-02-01/2013-07-02-v.01" is current directory.
ftp> put ag2.2-mbh1.1-isis-rsvp-auto-mesh-bgp-lu-july-02-01.conf ag2.2-mbh1.1-isis-rsvp-auto-mesh-bgp-lu-july-02-01.conf
local: ag2.2-mbh1.1-isis-rsvp-auto-mesh-bgp-lu-july-02-01.conf remote: ag2.2-mbh1.1-isis-rsvp-auto-mesh-bgp-lu-july-02-01.conf
200 Port command successful
150 Opening data channel for file upload to server of "/mbh1.1-isis-rsvp-auto-mesh-bgp-lu-july-02-01/2013-07-02-v.01/ag2.2-mbh1.1-isis-rsvp-auto-mesh-bgp-lu-july-02-01.conf"
100% |**********************************************************************************************************************************************************| 24583       00:00 ETAA
226 Successfully transferred "/mbh1.1-isis-rsvp-auto-mesh-bgp-lu-july-02-01/2013-07-02-v.01/ag2.2-mbh1.1-isis-rsvp-auto-mesh-bgp-lu-july-02-01.conf"
24583 bytes sent in 0.18 seconds (135.85 KB/s)
ftp> quit
221 Goodbye

--- JUNOS 14.1B3 built 2014-04-01 21:49:53 UTC

vmukhin@eabu-sol-eng-dc-core-01> 

vmukhin@eabu-sol-eng-dc-core-01> 

vmukhin@eabu-sol-eng-dc-core-01> file list |match ag2.2-mbh1.1-July-05.conf 
ag2.2-mbh1.1-July-05.conf

vmukhin@eabu-sol-eng-dc-core-01> ftp 172.29.100.44 
Connected to 172.29.100.44.
220-FileZilla Server version 0.9.48 beta
220-written by Tim Kosse (tim.kosse@filezilla-project.org)
220 Please visit http://sourceforge.net/projects/filezilla/
Name (172.29.100.44:vmukhin): mamba
331 Password required for mamba
Password:
230 Logged on
Remote system type is UNIX.
ftp> binary
200 Type set to I
ftp> cd ./mbh1.1-July-05/2013-07-03-v.01
250 CWD successful. "/mbh1.1-July-05/2013-07-03-v.01" is current directory.
ftp> put ag2.2-mbh1.1-July-05.conf ag2.2-mbh1.1-July-05.conf
local: ag2.2-mbh1.1-July-05.conf remote: ag2.2-mbh1.1-July-05.conf
200 Port command successful
150 Opening data channel for file upload to server of "/mbh1.1-July-05/2013-07-03-v.01/ag2.2-mbh1.1-July-05.conf"
100% |**********************************************************************************************************************************************************| 24583       00:00 ETAA
226 Successfully transferred "/mbh1.1-July-05/2013-07-03-v.01/ag2.2-mbh1.1-July-05.conf"
24583 bytes sent in 0.14 seconds (175.23 KB/s)
ftp> quit
221 Goodbye

--- JUNOS 14.1B3 built 2014-04-01 21:49:53 UTC

vmukhin@eabu-sol-eng-dc-core-01> 

vmukhin@eabu-sol-eng-dc-core-01> 

vmukhin@eabu-sol-eng-dc-core-01> file list |match ag2.2-mbh1.1-July-07.conf 
ag2.2-mbh1.1-July-07.conf

vmukhin@eabu-sol-eng-dc-core-01> ftp 172.29.100.44 
Connected to 172.29.100.44.
220-FileZilla Server version 0.9.48 beta
220-written by Tim Kosse (tim.kosse@filezilla-project.org)
220 Please visit http://sourceforge.net/projects/filezilla/
Name (172.29.100.44:vmukhin): mamba
331 Password required for mamba
Password:
230 Logged on
Remote system type is UNIX.
ftp> binary
200 Type set to I
ftp> cd ./mbh1.1-July-07/2013-07-07-v.01
250 CWD successful. "/mbh1.1-July-07/2013-07-07-v.01" is current directory.
ftp> put ag2.2-mbh1.1-July-07.conf ag2.2-mbh1.1-July-07.conf
local: ag2.2-mbh1.1-July-07.conf remote: ag2.2-mbh1.1-July-07.conf
200 Port command successful
150 Opening data channel for file upload to server of "/mbh1.1-July-07/2013-07-07-v.01/ag2.2-mbh1.1-July-07.conf"
100% |**********************************************************************************************************************************************************| 24583       00:00 ETAA
226 Successfully transferred "/mbh1.1-July-07/2013-07-07-v.01/ag2.2-mbh1.1-July-07.conf"
24583 bytes sent in 0.16 seconds (149.70 KB/s)
ftp> quit
221 Goodbye

--- JUNOS 14.1B3 built 2014-04-01 21:49:53 UTC

vmukhin@eabu-sol-eng-dc-core-01> 

vmukhin@eabu-sol-eng-dc-core-01> 

vmukhin@eabu-sol-eng-dc-core-01> file list |match ag2.2-mbh1.1-July-08.conf 
ag2.2-mbh1.1-July-08.conf

vmukhin@eabu-sol-eng-dc-core-01> ftp 172.29.100.44 
Connected to 172.29.100.44.
220-FileZilla Server version 0.9.48 beta
220-written by Tim Kosse (tim.kosse@filezilla-project.org)
220 Please visit http://sourceforge.net/projects/filezilla/
Name (172.29.100.44:vmukhin): mamba
331 Password required for mamba
Password:
230 Logged on
Remote system type is UNIX.
ftp> binary
200 Type set to I
ftp> cd ./mbh1.1-July-08/2013-07-07-v.01
250 CWD successful. "/mbh1.1-July-08/2013-07-07-v.01" is current directory.
ftp> put ag2.2-mbh1.1-July-08.conf ag2.2-mbh1.1-July-08.conf
local: ag2.2-mbh1.1-July-08.conf remote: ag2.2-mbh1.1-July-08.conf
200 Port command successful
150 Opening data channel for file upload to server of "/mbh1.1-July-08/2013-07-07-v.01/ag2.2-mbh1.1-July-08.conf"
100% |**********************************************************************************************************************************************************| 24895       00:00 ETAA
226 Successfully transferred "/mbh1.1-July-08/2013-07-07-v.01/ag2.2-mbh1.1-July-08.conf"
24895 bytes sent in 0.14 seconds (171.03 KB/s)
ftp> quit
221 Goodbye

--- JUNOS 14.1B3 built 2014-04-01 21:49:53 UTC

vmukhin@eabu-sol-eng-dc-core-01> 

vmukhin@eabu-sol-eng-dc-core-01> 

vmukhin@eabu-sol-eng-dc-core-01> file list |match ag2.2-mbh1.1-July-08.1.conf 
ag2.2-mbh1.1-July-08.1.conf

vmukhin@eabu-sol-eng-dc-core-01> ftp 172.29.100.44 
Connected to 172.29.100.44.
220-FileZilla Server version 0.9.48 beta
220-written by Tim Kosse (tim.kosse@filezilla-project.org)
220 Please visit http://sourceforge.net/projects/filezilla/
Name (172.29.100.44:vmukhin): mamba
331 Password required for mamba
Password:
230 Logged on
Remote system type is UNIX.
ftp> binary
200 Type set to I
ftp> cd ./mbh1.1-July-08.1/2013-07-09-v.01
250 CWD successful. "/mbh1.1-July-08.1/2013-07-09-v.01" is current directory.
ftp> put ag2.2-mbh1.1-July-08.1.conf ag2.2-mbh1.1-July-08.1.conf
local: ag2.2-mbh1.1-July-08.1.conf remote: ag2.2-mbh1.1-July-08.1.conf
200 Port command successful
150 Opening data channel for file upload to server of "/mbh1.1-July-08.1/2013-07-09-v.01/ag2.2-mbh1.1-July-08.1.conf"
100% |**********************************************************************************************************************************************************| 24895       00:00 ETAA
226 Successfully transferred "/mbh1.1-July-08.1/2013-07-09-v.01/ag2.2-mbh1.1-July-08.1.conf"
24895 bytes sent in 0.19 seconds (131.20 KB/s)
ftp> quit
221 Goodbye

--- JUNOS 14.1B3 built 2014-04-01 21:49:53 UTC

vmukhin@eabu-sol-eng-dc-core-01> 

vmukhin@eabu-sol-eng-dc-core-01> 

vmukhin@eabu-sol-eng-dc-core-01> file list |match ag2.2-mbh1.1-full-isis-ring-bgp-lu-rsvp-auto-mesh-july08.conf 
ag2.2-mbh1.1-full-isis-ring-bgp-lu-rsvp-auto-mesh-july08.conf

vmukhin@eabu-sol-eng-dc-core-01> ftp 172.29.100.44 
Connected to 172.29.100.44.
220-FileZilla Server version 0.9.48 beta
220-written by Tim Kosse (tim.kosse@filezilla-project.org)
220 Please visit http://sourceforge.net/projects/filezilla/
Name (172.29.100.44:vmukhin): mamba
331 Password required for mamba
Password:
230 Logged on
Remote system type is UNIX.
ftp> binary
200 Type set to I
ftp> cd ./mbh1.1-full-isis-ring-bgp-lu-rsvp-auto-mesh-july08/2013-07-13-v.01
250 CWD successful. "/mbh1.1-full-isis-ring-bgp-lu-rsvp-auto-mesh-july08/2013-07-13-v.01" is current directory.
ftp> put ag2.2-mbh1.1-full-isis-ring-bgp-lu-rsvp-auto-mesh-july08.conf ag2.2-mbh1.1-full-isis-ring-bgp-lu-rsvp-auto-mesh-july08.conf
local: ag2.2-mbh1.1-full-isis-ring-bgp-lu-rsvp-auto-mesh-july08.conf remote: ag2.2-mbh1.1-full-isis-ring-bgp-lu-rsvp-auto-mesh-july08.conf
200 Port command successful
150 Opening data channel for file upload to server of "/mbh1.1-full-isis-ring-bgp-lu-rsvp-auto-mesh-july08/2013-07-13-v.01/ag2.2-mbh1.1-full-isis-ring-bgp-lu-rsvp-auto-mesh-july08.conf"
100% |**********************************************************************************************************************************************************| 24895       00:00 ETAA
226 Successfully transferred "/mbh1.1-full-isis-ring-bgp-lu-rsvp-auto-mesh-july08/2013-07-13-v.01/ag2.2-mbh1.1-full-isis-ring-bgp-lu-rsvp-auto-mesh-july08.conf"
24895 bytes sent in 0.13 seconds (182.39 KB/s)
ftp> quit
221 Goodbye

--- JUNOS 14.1B3 built 2014-04-01 21:49:53 UTC

vmukhin@eabu-sol-eng-dc-core-01> 

vmukhin@eabu-sol-eng-dc-core-01> 

vmukhin@eabu-sol-eng-dc-core-01> file list |match ag2.2-mbh1.1-ospf-zero-July-09-00.conf 
ag2.2-mbh1.1-ospf-zero-July-09-00.conf

vmukhin@eabu-sol-eng-dc-core-01> ftp 172.29.100.44 
Connected to 172.29.100.44.
220-FileZilla Server version 0.9.48 beta
220-written by Tim Kosse (tim.kosse@filezilla-project.org)
220 Please visit http://sourceforge.net/projects/filezilla/
Name (172.29.100.44:vmukhin): mamba
331 Password required for mamba
Password:
230 Logged on
Remote system type is UNIX.
ftp> binary
200 Type set to I
ftp> cd ./mbh1.1-ospf-zero-July-09-00/2013-07-09-v.01
250 CWD successful. "/mbh1.1-ospf-zero-July-09-00/2013-07-09-v.01" is current directory.
ftp> put ag2.2-mbh1.1-ospf-zero-July-09-00.conf ag2.2-mbh1.1-ospf-zero-July-09-00.conf
local: ag2.2-mbh1.1-ospf-zero-July-09-00.conf remote: ag2.2-mbh1.1-ospf-zero-July-09-00.conf
200 Port command successful
150 Opening data channel for file upload to server of "/mbh1.1-ospf-zero-July-09-00/2013-07-09-v.01/ag2.2-mbh1.1-ospf-zero-July-09-00.conf"
100% |**********************************************************************************************************************************************************| 24895       00:00 ETAA
226 Successfully transferred "/mbh1.1-ospf-zero-July-09-00/2013-07-09-v.01/ag2.2-mbh1.1-ospf-zero-July-09-00.conf"
24895 bytes sent in 0.16 seconds (148.58 KB/s)
ftp> quit
221 Goodbye

--- JUNOS 14.1B3 built 2014-04-01 21:49:53 UTC

vmukhin@eabu-sol-eng-dc-core-01> 

vmukhin@eabu-sol-eng-dc-core-01> 

vmukhin@eabu-sol-eng-dc-core-01> file list |match ag2.2-mbh1.1-hub&spoke-00.01-July-12.conf
                                                                  ^
syntax error.

--- JUNOS 14.1B3 built 2014-04-01 21:49:53 UTC

vmukhin@eabu-sol-eng-dc-core-01> 

vmukhin@eabu-sol-eng-dc-core-01> 

vmukhin@eabu-sol-eng-dc-core-01> file list |match ag2.2-mbh1.1-hub&spoke-00.01-july-12.conf
                                                                  ^
syntax error.

--- JUNOS 14.1B3 built 2014-04-01 21:49:53 UTC

vmukhin@eabu-sol-eng-dc-core-01> 

vmukhin@eabu-sol-eng-dc-core-01> 

vmukhin@eabu-sol-eng-dc-core-01> file list |match ag2.2-mbh1.1-hs-00.01-July-12.conf 
ag2.2-mbh1.1-hs-00.01-July-12.conf

vmukhin@eabu-sol-eng-dc-core-01> ftp 172.29.100.44 
Connected to 172.29.100.44.
220-FileZilla Server version 0.9.48 beta
220-written by Tim Kosse (tim.kosse@filezilla-project.org)
220 Please visit http://sourceforge.net/projects/filezilla/
Name (172.29.100.44:vmukhin): mamba
331 Password required for mamba
Password:
230 Logged on
Remote system type is UNIX.
ftp> binary
200 Type set to I
ftp> cd ./mbh1.1-hs-00.01-July-12/2013-07-12-v.01
250 CWD successful. "/mbh1.1-hs-00.01-July-12/2013-07-12-v.01" is current directory.
ftp> put ag2.2-mbh1.1-hs-00.01-July-12.conf ag2.2-mbh1.1-hs-00.01-July-12.conf
local: ag2.2-mbh1.1-hs-00.01-July-12.conf remote: ag2.2-mbh1.1-hs-00.01-July-12.conf
200 Port command successful
150 Opening data channel for file upload to server of "/mbh1.1-hs-00.01-July-12/2013-07-12-v.01/ag2.2-mbh1.1-hs-00.01-July-12.conf"
100% |**********************************************************************************************************************************************************| 25437       00:00 ETAA
226 Successfully transferred "/mbh1.1-hs-00.01-July-12/2013-07-12-v.01/ag2.2-mbh1.1-hs-00.01-July-12.conf"
25437 bytes sent in 0.17 seconds (143.15 KB/s)
ftp> quit
221 Goodbye

--- JUNOS 14.1B3 built 2014-04-01 21:49:53 UTC

vmukhin@eabu-sol-eng-dc-core-01> 

vmukhin@eabu-sol-eng-dc-core-01> 

vmukhin@eabu-sol-eng-dc-core-01> file list |match ag2.2-mbh1.1-full-HS-OSPF-LFA-LDP-bgp-lu-luly-12.conf 
ag2.2-mbh1.1-full-HS-OSPF-LFA-LDP-bgp-lu-luly-12.conf

vmukhin@eabu-sol-eng-dc-core-01> ftp 172.29.100.44 
Connected to 172.29.100.44.
220-FileZilla Server version 0.9.48 beta
220-written by Tim Kosse (tim.kosse@filezilla-project.org)
220 Please visit http://sourceforge.net/projects/filezilla/
Name (172.29.100.44:vmukhin): mamba
331 Password required for mamba
Password:
230 Logged on
Remote system type is UNIX.
ftp> binary
200 Type set to I
ftp> cd ./mbh1.1-full-HS-OSPF-LFA-LDP-bgp-lu-luly-12/2013-07-12-v.01
250 CWD successful. "/mbh1.1-full-HS-OSPF-LFA-LDP-bgp-lu-luly-12/2013-07-12-v.01" is current directory.
ftp> put ag2.2-mbh1.1-full-HS-OSPF-LFA-LDP-bgp-lu-luly-12.conf ag2.2-mbh1.1-full-HS-OSPF-LFA-LDP-bgp-lu-luly-12.conf
local: ag2.2-mbh1.1-full-HS-OSPF-LFA-LDP-bgp-lu-luly-12.conf remote: ag2.2-mbh1.1-full-HS-OSPF-LFA-LDP-bgp-lu-luly-12.conf
200 Port command successful
150 Opening data channel for file upload to server of "/mbh1.1-full-HS-OSPF-LFA-LDP-bgp-lu-luly-12/2013-07-12-v.01/ag2.2-mbh1.1-full-HS-OSPF-LFA-LDP-bgp-lu-luly-12.conf"
100% |**********************************************************************************************************************************************************| 25663       00:00 ETAA
226 Successfully transferred "/mbh1.1-full-HS-OSPF-LFA-LDP-bgp-lu-luly-12/2013-07-12-v.01/ag2.2-mbh1.1-full-HS-OSPF-LFA-LDP-bgp-lu-luly-12.conf"
25663 bytes sent in 0.15 seconds (171.13 KB/s)
ftp> quit
221 Goodbye

--- JUNOS 14.1B3 built 2014-04-01 21:49:53 UTC

vmukhin@eabu-sol-eng-dc-core-01> 

vmukhin@eabu-sol-eng-dc-core-01> 

vmukhin@eabu-sol-eng-dc-core-01> file list |match ag2.2-mbh1.1-full-HS-ospf-lfa-ldp-bgp-lu-july-12.conf 
ag2.2-mbh1.1-full-HS-ospf-lfa-ldp-bgp-lu-july-12.conf

vmukhin@eabu-sol-eng-dc-core-01> ftp 172.29.100.44 
Connected to 172.29.100.44.
220-FileZilla Server version 0.9.48 beta
220-written by Tim Kosse (tim.kosse@filezilla-project.org)
220 Please visit http://sourceforge.net/projects/filezilla/
Name (172.29.100.44:vmukhin): mamba
331 Password required for mamba
Password:
230 Logged on
Remote system type is UNIX.
ftp> binary
200 Type set to I
ftp> cd ./mbh1.1-full-HS-ospf-lfa-ldp-bgp-lu-july-12/2013-07-12-v.01
250 CWD successful. "/mbh1.1-full-HS-ospf-lfa-ldp-bgp-lu-july-12/2013-07-12-v.01" is current directory.
ftp> put ag2.2-mbh1.1-full-HS-ospf-lfa-ldp-bgp-lu-july-12.conf ag2.2-mbh1.1-full-HS-ospf-lfa-ldp-bgp-lu-july-12.conf
local: ag2.2-mbh1.1-full-HS-ospf-lfa-ldp-bgp-lu-july-12.conf remote: ag2.2-mbh1.1-full-HS-ospf-lfa-ldp-bgp-lu-july-12.conf
200 Port command successful
150 Opening data channel for file upload to server of "/mbh1.1-full-HS-ospf-lfa-ldp-bgp-lu-july-12/2013-07-12-v.01/ag2.2-mbh1.1-full-HS-ospf-lfa-ldp-bgp-lu-july-12.conf"
100% |**********************************************************************************************************************************************************| 25663       00:00 ETAA
226 Successfully transferred "/mbh1.1-full-HS-ospf-lfa-ldp-bgp-lu-july-12/2013-07-12-v.01/ag2.2-mbh1.1-full-HS-ospf-lfa-ldp-bgp-lu-july-12.conf"
25663 bytes sent in 0.12 seconds (206.43 KB/s)
ftp> quit
221 Goodbye

--- JUNOS 14.1B3 built 2014-04-01 21:49:53 UTC

vmukhin@eabu-sol-eng-dc-core-01> 

vmukhin@eabu-sol-eng-dc-core-01> 

vmukhin@eabu-sol-eng-dc-core-01> file list |match ag2.2-mbh1.1-full-isis-rsvp-4G-VPLS-ver01-July-15.conf 
ag2.2-mbh1.1-full-isis-rsvp-4G-VPLS-ver01-July-15.conf

vmukhin@eabu-sol-eng-dc-core-01> ftp 172.29.100.44 
Connected to 172.29.100.44.
220-FileZilla Server version 0.9.48 beta
220-written by Tim Kosse (tim.kosse@filezilla-project.org)
220 Please visit http://sourceforge.net/projects/filezilla/
Name (172.29.100.44:vmukhin): mamba
331 Password required for mamba
Password:
230 Logged on
Remote system type is UNIX.
ftp> binary
200 Type set to I
ftp> cd ./mbh1.1-full-isis-rsvp-4G-VPLS-ver01-July-15/2013-07-13-v.01
250 CWD successful. "/mbh1.1-full-isis-rsvp-4G-VPLS-ver01-July-15/2013-07-13-v.01" is current directory.
ftp> put ag2.2-mbh1.1-full-isis-rsvp-4G-VPLS-ver01-July-15.conf ag2.2-mbh1.1-full-isis-rsvp-4G-VPLS-ver01-July-15.conf
local: ag2.2-mbh1.1-full-isis-rsvp-4G-VPLS-ver01-July-15.conf remote: ag2.2-mbh1.1-full-isis-rsvp-4G-VPLS-ver01-July-15.conf
200 Port command successful
150 Opening data channel for file upload to server of "/mbh1.1-full-isis-rsvp-4G-VPLS-ver01-July-15/2013-07-13-v.01/ag2.2-mbh1.1-full-isis-rsvp-4G-VPLS-ver01-July-15.conf"
100% |**********************************************************************************************************************************************************| 24895       00:00 ETAA
226 Successfully transferred "/mbh1.1-full-isis-rsvp-4G-VPLS-ver01-July-15/2013-07-13-v.01/ag2.2-mbh1.1-full-isis-rsvp-4G-VPLS-ver01-July-15.conf"
24895 bytes sent in 0.15 seconds (162.06 KB/s)
ftp> quit
221 Goodbye

--- JUNOS 14.1B3 built 2014-04-01 21:49:53 UTC

vmukhin@eabu-sol-eng-dc-core-01> 

vmukhin@eabu-sol-eng-dc-core-01> 

vmukhin@eabu-sol-eng-dc-core-01> file list |match ag2.2-mbh1.1-full-sis-rsvp-NEW-VPLS-July-15.conf 
ag2.2-mbh1.1-full-sis-rsvp-NEW-VPLS-July-15.conf

vmukhin@eabu-sol-eng-dc-core-01> ftp 172.29.100.44 
Connected to 172.29.100.44.
220-FileZilla Server version 0.9.48 beta
220-written by Tim Kosse (tim.kosse@filezilla-project.org)
220 Please visit http://sourceforge.net/projects/filezilla/
Name (172.29.100.44:vmukhin): mamba
331 Password required for mamba
Password:
230 Logged on
Remote system type is UNIX.
ftp> binary
200 Type set to I
ftp> cd ./mbh1.1-full-sis-rsvp-NEW-VPLS-July-15/2013-07-16-v.01
250 CWD successful. "/mbh1.1-full-sis-rsvp-NEW-VPLS-July-15/2013-07-16-v.01" is current directory.
ftp> put ag2.2-mbh1.1-full-sis-rsvp-NEW-VPLS-July-15.conf ag2.2-mbh1.1-full-sis-rsvp-NEW-VPLS-July-15.conf
local: ag2.2-mbh1.1-full-sis-rsvp-NEW-VPLS-July-15.conf remote: ag2.2-mbh1.1-full-sis-rsvp-NEW-VPLS-July-15.conf
200 Port command successful
150 Opening data channel for file upload to server of "/mbh1.1-full-sis-rsvp-NEW-VPLS-July-15/2013-07-16-v.01/ag2.2-mbh1.1-full-sis-rsvp-NEW-VPLS-July-15.conf"
100% |**********************************************************************************************************************************************************| 24895       00:00 ETAA
226 Successfully transferred "/mbh1.1-full-sis-rsvp-NEW-VPLS-July-15/2013-07-16-v.01/ag2.2-mbh1.1-full-sis-rsvp-NEW-VPLS-July-15.conf"
24895 bytes sent in 0.18 seconds (136.86 KB/s)
ftp> quit
221 Goodbye

--- JUNOS 14.1B3 built 2014-04-01 21:49:53 UTC

vmukhin@eabu-sol-eng-dc-core-01> 

vmukhin@eabu-sol-eng-dc-core-01> 

vmukhin@eabu-sol-eng-dc-core-01> file list |match ag2.2-mbh1.1-full-sis-rsvp-BGP-VPLS-July-15.conf 
ag2.2-mbh1.1-full-sis-rsvp-BGP-VPLS-July-15.conf

vmukhin@eabu-sol-eng-dc-core-01> ftp 172.29.100.44 
Connected to 172.29.100.44.
220-FileZilla Server version 0.9.48 beta
220-written by Tim Kosse (tim.kosse@filezilla-project.org)
220 Please visit http://sourceforge.net/projects/filezilla/
Name (172.29.100.44:vmukhin): mamba
331 Password required for mamba
Password:
230 Logged on
Remote system type is UNIX.
ftp> binary
200 Type set to I
ftp> cd ./mbh1.1-full-sis-rsvp-BGP-VPLS-July-15/2013-07-16-v.01
250 CWD successful. "/mbh1.1-full-sis-rsvp-BGP-VPLS-July-15/2013-07-16-v.01" is current directory.
ftp> put ag2.2-mbh1.1-full-sis-rsvp-BGP-VPLS-July-15.conf ag2.2-mbh1.1-full-sis-rsvp-BGP-VPLS-July-15.conf
local: ag2.2-mbh1.1-full-sis-rsvp-BGP-VPLS-July-15.conf remote: ag2.2-mbh1.1-full-sis-rsvp-BGP-VPLS-July-15.conf
200 Port command successful
150 Opening data channel for file upload to server of "/mbh1.1-full-sis-rsvp-BGP-VPLS-July-15/2013-07-16-v.01/ag2.2-mbh1.1-full-sis-rsvp-BGP-VPLS-July-15.conf"
100% |**********************************************************************************************************************************************************| 25266       00:00 ETAA
226 Successfully transferred "/mbh1.1-full-sis-rsvp-BGP-VPLS-July-15/2013-07-16-v.01/ag2.2-mbh1.1-full-sis-rsvp-BGP-VPLS-July-15.conf"
25266 bytes sent in 0.19 seconds (131.84 KB/s)
ftp> quit
221 Goodbye

--- JUNOS 14.1B3 built 2014-04-01 21:49:53 UTC

vmukhin@eabu-sol-eng-dc-core-01> 

vmukhin@eabu-sol-eng-dc-core-01> 

vmukhin@eabu-sol-eng-dc-core-01> file list |match ag2.2-mbh1.1-full-isis-rsvp-bgp-lu-VPLS-OAM-July-16.conf 
ag2.2-mbh1.1-full-isis-rsvp-bgp-lu-VPLS-OAM-July-16.conf

vmukhin@eabu-sol-eng-dc-core-01> ftp 172.29.100.44 
Connected to 172.29.100.44.
220-FileZilla Server version 0.9.48 beta
220-written by Tim Kosse (tim.kosse@filezilla-project.org)
220 Please visit http://sourceforge.net/projects/filezilla/
Name (172.29.100.44:vmukhin): mamba
331 Password required for mamba
Password:
230 Logged on
Remote system type is UNIX.
ftp> binary
200 Type set to I
ftp> cd ./mbh1.1-full-isis-rsvp-bgp-lu-VPLS-OAM-July-16/2013-07-17-v.01
250 CWD successful. "/mbh1.1-full-isis-rsvp-bgp-lu-VPLS-OAM-July-16/2013-07-17-v.01" is current directory.
ftp> put ag2.2-mbh1.1-full-isis-rsvp-bgp-lu-VPLS-OAM-July-16.conf ag2.2-mbh1.1-full-isis-rsvp-bgp-lu-VPLS-OAM-July-16.conf
local: ag2.2-mbh1.1-full-isis-rsvp-bgp-lu-VPLS-OAM-July-16.conf remote: ag2.2-mbh1.1-full-isis-rsvp-bgp-lu-VPLS-OAM-July-16.conf
200 Port command successful
150 Opening data channel for file upload to server of "/mbh1.1-full-isis-rsvp-bgp-lu-VPLS-OAM-July-16/2013-07-17-v.01/ag2.2-mbh1.1-full-isis-rsvp-bgp-lu-VPLS-OAM-July-16.conf"
100% |**********************************************************************************************************************************************************| 25266       00:00 ETAA
226 Successfully transferred "/mbh1.1-full-isis-rsvp-bgp-lu-VPLS-OAM-July-16/2013-07-17-v.01/ag2.2-mbh1.1-full-isis-rsvp-bgp-lu-VPLS-OAM-July-16.conf"
25266 bytes sent in 0.15 seconds (168.74 KB/s)
ftp> quit
221 Goodbye

--- JUNOS 14.1B3 built 2014-04-01 21:49:53 UTC

vmukhin@eabu-sol-eng-dc-core-01> 

vmukhin@eabu-sol-eng-dc-core-01> 

vmukhin@eabu-sol-eng-dc-core-01> file list |match ag2.2-mbh0.0-zero-conf-ring.conf 
ag2.2-mbh0.0-zero-conf-ring.conf

vmukhin@eabu-sol-eng-dc-core-01> ftp 172.29.100.44 
Connected to 172.29.100.44.
220-FileZilla Server version 0.9.48 beta
220-written by Tim Kosse (tim.kosse@filezilla-project.org)
220 Please visit http://sourceforge.net/projects/filezilla/
Name (172.29.100.44:vmukhin): mamba
331 Password required for mamba
Password:
230 Logged on
Remote system type is UNIX.
ftp> binary
200 Type set to I
ftp> cd ./mbh0.0-zero-conf-ring/2013-07-30-v.01
250 CWD successful. "/mbh0.0-zero-conf-ring/2013-07-30-v.01" is current directory.
ftp> put ag2.2-mbh0.0-zero-conf-ring.conf ag2.2-mbh0.0-zero-conf-ring.conf
local: ag2.2-mbh0.0-zero-conf-ring.conf remote: ag2.2-mbh0.0-zero-conf-ring.conf
200 Port command successful
150 Opening data channel for file upload to server of "/mbh0.0-zero-conf-ring/2013-07-30-v.01/ag2.2-mbh0.0-zero-conf-ring.conf"
100% |**********************************************************************************************************************************************************| 12065       00:00 ETAA
226 Successfully transferred "/mbh0.0-zero-conf-ring/2013-07-30-v.01/ag2.2-mbh0.0-zero-conf-ring.conf"
12065 bytes sent in 0.09 seconds (125.05 KB/s)
ftp> quit
221 Goodbye

--- JUNOS 14.1B3 built 2014-04-01 21:49:53 UTC

vmukhin@eabu-sol-eng-dc-core-01> 

vmukhin@eabu-sol-eng-dc-core-01> 

vmukhin@eabu-sol-eng-dc-core-01> file list |match ag2.2-test-config.conf 
ag2.2-test-config.conf

vmukhin@eabu-sol-eng-dc-core-01> ftp 172.29.100.44 
Connected to 172.29.100.44.
220-FileZilla Server version 0.9.48 beta
220-written by Tim Kosse (tim.kosse@filezilla-project.org)
220 Please visit http://sourceforge.net/projects/filezilla/
Name (172.29.100.44:vmukhin): mamba
331 Password required for mamba
Password:
230 Logged on
Remote system type is UNIX.
ftp> binary
200 Type set to I
ftp> cd ./test-config/2013-07-30-v.01
250 CWD successful. "/test-config/2013-07-30-v.01" is current directory.
ftp> put ag2.2-test-config.conf ag2.2-test-config.conf
local: ag2.2-test-config.conf remote: ag2.2-test-config.conf
200 Port command successful
150 Opening data channel for file upload to server of "/test-config/2013-07-30-v.01/ag2.2-test-config.conf"
100% |**********************************************************************************************************************************************************| 12065       00:00 ETAA
226 Successfully transferred "/test-config/2013-07-30-v.01/ag2.2-test-config.conf"
12065 bytes sent in 0.13 seconds (92.77 KB/s)
ftp> quit
221 Goodbye

--- JUNOS 14.1B3 built 2014-04-01 21:49:53 UTC

vmukhin@eabu-sol-eng-dc-core-01> 

vmukhin@eabu-sol-eng-dc-core-01> 

vmukhin@eabu-sol-eng-dc-core-01> file list |match ag2.2-A&A0.0-Zero-HaS-topology.conf
                                                         ^
syntax error.

--- JUNOS 14.1B3 built 2014-04-01 21:49:53 UTC

vmukhin@eabu-sol-eng-dc-core-01> 

vmukhin@eabu-sol-eng-dc-core-01> 

vmukhin@eabu-sol-eng-dc-core-01> file list |match ag2.2-ce2.0-services.conf 

--- JUNOS 14.1B3 built 2014-04-01 21:49:53 UTC

vmukhin@eabu-sol-eng-dc-core-01> 

vmukhin@eabu-sol-eng-dc-core-01> 

vmukhin@eabu-sol-eng-dc-core-01> file list |match ag2.2-ce2.0-services-July31.conf 
ag2.2-ce2.0-services-July31.conf

vmukhin@eabu-sol-eng-dc-core-01> ftp 172.29.100.44 
Connected to 172.29.100.44.
220-FileZilla Server version 0.9.48 beta
220-written by Tim Kosse (tim.kosse@filezilla-project.org)
220 Please visit http://sourceforge.net/projects/filezilla/
Name (172.29.100.44:vmukhin): mamba
331 Password required for mamba
Password:
230 Logged on
Remote system type is UNIX.
ftp> binary
200 Type set to I
ftp> cd ./ce2.0-services-July31/2013-07-31-v.01
250 CWD successful. "/ce2.0-services-July31/2013-07-31-v.01" is current directory.
ftp> put ag2.2-ce2.0-services-July31.conf ag2.2-ce2.0-services-July31.conf
local: ag2.2-ce2.0-services-July31.conf remote: ag2.2-ce2.0-services-July31.conf
200 Port command successful
150 Opening data channel for file upload to server of "/ce2.0-services-July31/2013-07-31-v.01/ag2.2-ce2.0-services-July31.conf"
100% |**********************************************************************************************************************************************************| 27419       00:00 ETAA
226 Successfully transferred "/ce2.0-services-July31/2013-07-31-v.01/ag2.2-ce2.0-services-July31.conf"
27419 bytes sent in 0.17 seconds (155.71 KB/s)
ftp> quit
221 Goodbye

--- JUNOS 14.1B3 built 2014-04-01 21:49:53 UTC

vmukhin@eabu-sol-eng-dc-core-01> 

vmukhin@eabu-sol-eng-dc-core-01> 

vmukhin@eabu-sol-eng-dc-core-01> file list |match ag2.2-mbh1.1-isis-ring-bgp-lu-rsvp-VPLS-BGP-oam-mip-july-31-OAM-good.conf 
ag2.2-mbh1.1-isis-ring-bgp-lu-rsvp-VPLS-BGP-oam-mip-july-31-OAM-good.conf

vmukhin@eabu-sol-eng-dc-core-01> ftp 172.29.100.44 
Connected to 172.29.100.44.
220-FileZilla Server version 0.9.48 beta
220-written by Tim Kosse (tim.kosse@filezilla-project.org)
220 Please visit http://sourceforge.net/projects/filezilla/
Name (172.29.100.44:vmukhin): mamba
331 Password required for mamba
Password:
230 Logged on
Remote system type is UNIX.
ftp> binary
200 Type set to I
ftp> cd ./mbh1.1-isis-ring-bgp-lu-rsvp-VPLS-BGP-oam-mip-july-31-OAM-good/2013-08-01-v.01
250 CWD successful. "/mbh1.1-isis-ring-bgp-lu-rsvp-VPLS-BGP-oam-mip-july-31-OAM-good/2013-08-01-v.01" is current directory.
ftp> put ag2.2-mbh1.1-isis-ring-bgp-lu-rsvp-VPLS-BGP-oam-mip-july-31-OAM-good.conf ag2.2-mbh1.1-isis-ring-bgp-lu-rsvp-VPLS-BGP-oam-mip-july-31-OAM-good.conf
local: ag2.2-mbh1.1-isis-ring-bgp-lu-rsvp-VPLS-BGP-oam-mip-july-31-OAM-good.conf remote: ag2.2-mbh1.1-isis-ring-bgp-lu-rsvp-VPLS-BGP-oam-mip-july-31-OAM-good.conf
200 Port command successful
150 Opening data channel for file upload to server of "/mbh1.1-isis-ring-bgp-lu-rsvp-VPLS-BGP-oam-mip-july-31-OAM-good/2013-08-01-v.01/ag2.2-mbh1.1-isis-ring-bgp-lu-rsvp-VPLS-BGP-oam-mip-july-31-OAM-good.conf"
100% |**********************************************************************************************************************************************************| 28039       00:00 ETAA
226 Successfully transferred "/mbh1.1-isis-ring-bgp-lu-rsvp-VPLS-BGP-oam-mip-july-31-OAM-good/2013-08-01-v.01/ag2.2-mbh1.1-isis-ring-bgp-lu-rsvp-VPLS-BGP-oam-mip-july-31-OAM-good.conf"
28039 bytes sent in 0.17 seconds (165.72 KB/s)
ftp> quit
221 Goodbye

--- JUNOS 14.1B3 built 2014-04-01 21:49:53 UTC

vmukhin@eabu-sol-eng-dc-core-01> 

vmukhin@eabu-sol-eng-dc-core-01> 

vmukhin@eabu-sol-eng-dc-core-01> file list |match ag2.2-ce20-8032-AG1-protection-drafted-00.01-Aug-01.conf 
ag2.2-ce20-8032-AG1-protection-drafted-00.01-Aug-01.conf

vmukhin@eabu-sol-eng-dc-core-01> ftp 172.29.100.44 
Connected to 172.29.100.44.
220-FileZilla Server version 0.9.48 beta
220-written by Tim Kosse (tim.kosse@filezilla-project.org)
220 Please visit http://sourceforge.net/projects/filezilla/
Name (172.29.100.44:vmukhin): mamba
331 Password required for mamba
Password:
230 Logged on
Remote system type is UNIX.
ftp> binary
200 Type set to I
ftp> cd ./ce20-8032-AG1-protection-drafted-00.01-Aug-01/2013-08-02-v.01
250 CWD successful. "/ce20-8032-AG1-protection-drafted-00.01-Aug-01/2013-08-02-v.01" is current directory.
ftp> put ag2.2-ce20-8032-AG1-protection-drafted-00.01-Aug-01.conf ag2.2-ce20-8032-AG1-protection-drafted-00.01-Aug-01.conf
local: ag2.2-ce20-8032-AG1-protection-drafted-00.01-Aug-01.conf remote: ag2.2-ce20-8032-AG1-protection-drafted-00.01-Aug-01.conf
200 Port command successful
150 Opening data channel for file upload to server of "/ce20-8032-AG1-protection-drafted-00.01-Aug-01/2013-08-02-v.01/ag2.2-ce20-8032-AG1-protection-drafted-00.01-Aug-01.conf"
100% |**********************************************************************************************************************************************************| 28039       00:00 ETAA
226 Successfully transferred "/ce20-8032-AG1-protection-drafted-00.01-Aug-01/2013-08-02-v.01/ag2.2-ce20-8032-AG1-protection-drafted-00.01-Aug-01.conf"
28039 bytes sent in 0.19 seconds (148.00 KB/s)
ftp> quit
221 Goodbye

--- JUNOS 14.1B3 built 2014-04-01 21:49:53 UTC

vmukhin@eabu-sol-eng-dc-core-01> 

vmukhin@eabu-sol-eng-dc-core-01> 

vmukhin@eabu-sol-eng-dc-core-01> file list |match ag2.2-ce20-8032-AG1-and-CSR-protection-drafted-00.01-Aug-01.conf 
ag2.2-ce20-8032-AG1-and-CSR-protection-drafted-00.01-Aug-01.conf

vmukhin@eabu-sol-eng-dc-core-01> ftp 172.29.100.44 
Connected to 172.29.100.44.
220-FileZilla Server version 0.9.48 beta
220-written by Tim Kosse (tim.kosse@filezilla-project.org)
220 Please visit http://sourceforge.net/projects/filezilla/
Name (172.29.100.44:vmukhin): mamba
331 Password required for mamba
Password:
230 Logged on
Remote system type is UNIX.
ftp> binary
200 Type set to I
ftp> cd ./ce20-8032-AG1-and-CSR-protection-drafted-00.01-Aug-01/2013-08-02-v.01
250 CWD successful. "/ce20-8032-AG1-and-CSR-protection-drafted-00.01-Aug-01/2013-08-02-v.01" is current directory.
ftp> put ag2.2-ce20-8032-AG1-and-CSR-protection-drafted-00.01-Aug-01.conf ag2.2-ce20-8032-AG1-and-CSR-protection-drafted-00.01-Aug-01.conf
local: ag2.2-ce20-8032-AG1-and-CSR-protection-drafted-00.01-Aug-01.conf remote: ag2.2-ce20-8032-AG1-and-CSR-protection-drafted-00.01-Aug-01.conf
200 Port command successful
150 Opening data channel for file upload to server of "/ce20-8032-AG1-and-CSR-protection-drafted-00.01-Aug-01/2013-08-02-v.01/ag2.2-ce20-8032-AG1-and-CSR-protection-drafted-00.01-Aug-01.conf"
100% |**********************************************************************************************************************************************************| 28039       00:00 ETAA
226 Successfully transferred "/ce20-8032-AG1-and-CSR-protection-drafted-00.01-Aug-01/2013-08-02-v.01/ag2.2-ce20-8032-AG1-and-CSR-protection-drafted-00.01-Aug-01.conf"
28039 bytes sent in 0.13 seconds (204.52 KB/s)
ftp> quit
221 Goodbye

--- JUNOS 14.1B3 built 2014-04-01 21:49:53 UTC

vmukhin@eabu-sol-eng-dc-core-01> 

vmukhin@eabu-sol-eng-dc-core-01> 

vmukhin@eabu-sol-eng-dc-core-01> file list |match ag2.2-ce20-8032-All-protection-drafted-00.01-Aug-05.conf 
ag2.2-ce20-8032-All-protection-drafted-00.01-Aug-05.conf

vmukhin@eabu-sol-eng-dc-core-01> ftp 172.29.100.44 
Connected to 172.29.100.44.
220-FileZilla Server version 0.9.48 beta
220-written by Tim Kosse (tim.kosse@filezilla-project.org)
220 Please visit http://sourceforge.net/projects/filezilla/
Name (172.29.100.44:vmukhin): mamba
331 Password required for mamba
Password:
230 Logged on
Remote system type is UNIX.
ftp> binary
200 Type set to I
ftp> cd ./ce20-8032-All-protection-drafted-00.01-Aug-05/2013-08-06-v.01
250 CWD successful. "/ce20-8032-All-protection-drafted-00.01-Aug-05/2013-08-06-v.01" is current directory.
ftp> put ag2.2-ce20-8032-All-protection-drafted-00.01-Aug-05.conf ag2.2-ce20-8032-All-protection-drafted-00.01-Aug-05.conf
local: ag2.2-ce20-8032-All-protection-drafted-00.01-Aug-05.conf remote: ag2.2-ce20-8032-All-protection-drafted-00.01-Aug-05.conf
200 Port command successful
150 Opening data channel for file upload to server of "/ce20-8032-All-protection-drafted-00.01-Aug-05/2013-08-06-v.01/ag2.2-ce20-8032-All-protection-drafted-00.01-Aug-05.conf"
100% |**********************************************************************************************************************************************************| 29768       00:00 ETAA
226 Successfully transferred "/ce20-8032-All-protection-drafted-00.01-Aug-05/2013-08-06-v.01/ag2.2-ce20-8032-All-protection-drafted-00.01-Aug-05.conf"
29768 bytes sent in 0.19 seconds (156.01 KB/s)
ftp> quit
221 Goodbye

--- JUNOS 14.1B3 built 2014-04-01 21:49:53 UTC

vmukhin@eabu-sol-eng-dc-core-01> 

vmukhin@eabu-sol-eng-dc-core-01> 

vmukhin@eabu-sol-eng-dc-core-01> file list |match ag2.2-ce20-8032-All-protection-VPLS-Multihooming-BGP-drafted-00.02-Aug-06.conf 
ag2.2-ce20-8032-All-protection-VPLS-Multihooming-BGP-drafted-00.02-Aug-06.conf

vmukhin@eabu-sol-eng-dc-core-01> ftp 172.29.100.44 
Connected to 172.29.100.44.
220-FileZilla Server version 0.9.48 beta
220-written by Tim Kosse (tim.kosse@filezilla-project.org)
220 Please visit http://sourceforge.net/projects/filezilla/
Name (172.29.100.44:vmukhin): mamba
331 Password required for mamba
Password:
230 Logged on
Remote system type is UNIX.
ftp> binary
200 Type set to I
ftp> cd ./ce20-8032-All-protection-VPLS-Multihooming-BGP-drafted-00.02-Aug-06/2013-08-06-v.01
250 CWD successful. "/ce20-8032-All-protection-VPLS-Multihooming-BGP-drafted-00.02-Aug-06/2013-08-06-v.01" is current directory.
ftp> put ag2.2-ce20-8032-All-protection-VPLS-Multihooming-BGP-drafted-00.02-Aug-06.conf ag2.2-ce20-8032-All-protection-VPLS-Multihooming-BGP-drafted-00.02-Aug-06.conf
local: ag2.2-ce20-8032-All-protection-VPLS-Multihooming-BGP-drafted-00.02-Aug-06.conf remote: ag2.2-ce20-8032-All-protection-VPLS-Multihooming-BGP-drafted-00.02-Aug-06.conf
200 Port command successful
150 Opening data channel for file upload to server of "/ce20-8032-All-protection-VPLS-Multihooming-BGP-drafted-00.02-Aug-06/2013-08-06-v.01/ag2.2-ce20-8032-All-protection-VPLS-Multihooming-BGP-drafted-00.02-Aug-06.conf"
100% |**********************************************************************************************************************************************************| 29768       00:00 ETAA
226 Successfully transferred "/ce20-8032-All-protection-VPLS-Multihooming-BGP-drafted-00.02-Aug-06/2013-08-06-v.01/ag2.2-ce20-8032-All-protection-VPLS-Multihooming-BGP-drafted-00.02-Aug-06.conf"
29768 bytes sent in 0.18 seconds (163.06 KB/s)
ftp> quit
221 Goodbye

--- JUNOS 14.1B3 built 2014-04-01 21:49:53 UTC

vmukhin@eabu-sol-eng-dc-core-01> 

vmukhin@eabu-sol-eng-dc-core-01> 

vmukhin@eabu-sol-eng-dc-core-01> file list |match ag2.2-ce20-all-services-protection-NO-ELAN-Aug-06.conf 
ag2.2-ce20-all-services-protection-NO-ELAN-Aug-06.conf

vmukhin@eabu-sol-eng-dc-core-01> ftp 172.29.100.44 
Connected to 172.29.100.44.
220-FileZilla Server version 0.9.48 beta
220-written by Tim Kosse (tim.kosse@filezilla-project.org)
220 Please visit http://sourceforge.net/projects/filezilla/
Name (172.29.100.44:vmukhin): mamba
331 Password required for mamba
Password:
230 Logged on
Remote system type is UNIX.
ftp> binary
200 Type set to I
ftp> cd ./ce20-all-services-protection-NO-ELAN-Aug-06/2013-08-07-v.01
250 CWD successful. "/ce20-all-services-protection-NO-ELAN-Aug-06/2013-08-07-v.01" is current directory.
ftp> put ag2.2-ce20-all-services-protection-NO-ELAN-Aug-06.conf ag2.2-ce20-all-services-protection-NO-ELAN-Aug-06.conf
local: ag2.2-ce20-all-services-protection-NO-ELAN-Aug-06.conf remote: ag2.2-ce20-all-services-protection-NO-ELAN-Aug-06.conf
200 Port command successful
150 Opening data channel for file upload to server of "/ce20-all-services-protection-NO-ELAN-Aug-06/2013-08-07-v.01/ag2.2-ce20-all-services-protection-NO-ELAN-Aug-06.conf"
100% |**********************************************************************************************************************************************************| 27968       00:00 ETAA
226 Successfully transferred "/ce20-all-services-protection-NO-ELAN-Aug-06/2013-08-07-v.01/ag2.2-ce20-all-services-protection-NO-ELAN-Aug-06.conf"
27968 bytes sent in 0.17 seconds (158.26 KB/s)
ftp> quit
221 Goodbye

--- JUNOS 14.1B3 built 2014-04-01 21:49:53 UTC

vmukhin@eabu-sol-eng-dc-core-01> 

vmukhin@eabu-sol-eng-dc-core-01> 

vmukhin@eabu-sol-eng-dc-core-01> file list |match ag2.2-ce20-all-services-vpls-bd-ccc-8032-ed01.00-July-07.conf 
ag2.2-ce20-all-services-vpls-bd-ccc-8032-ed01.00-July-07.conf

vmukhin@eabu-sol-eng-dc-core-01> ftp 172.29.100.44 
Connected to 172.29.100.44.
220-FileZilla Server version 0.9.48 beta
220-written by Tim Kosse (tim.kosse@filezilla-project.org)
220 Please visit http://sourceforge.net/projects/filezilla/
Name (172.29.100.44:vmukhin): mamba
331 Password required for mamba
Password:
230 Logged on
Remote system type is UNIX.
ftp> binary
200 Type set to I
ftp> cd ./ce20-all-services-vpls-bd-ccc-8032-ed01.00-July-07/2013-08-08-v.01
250 CWD successful. "/ce20-all-services-vpls-bd-ccc-8032-ed01.00-July-07/2013-08-08-v.01" is current directory.
ftp> put ag2.2-ce20-all-services-vpls-bd-ccc-8032-ed01.00-July-07.conf ag2.2-ce20-all-services-vpls-bd-ccc-8032-ed01.00-July-07.conf
local: ag2.2-ce20-all-services-vpls-bd-ccc-8032-ed01.00-July-07.conf remote: ag2.2-ce20-all-services-vpls-bd-ccc-8032-ed01.00-July-07.conf
200 Port command successful
150 Opening data channel for file upload to server of "/ce20-all-services-vpls-bd-ccc-8032-ed01.00-July-07/2013-08-08-v.01/ag2.2-ce20-all-services-vpls-bd-ccc-8032-ed01.00-July-07.conf"
100% |**********************************************************************************************************************************************************| 27968       00:00 ETAA
226 Successfully transferred "/ce20-all-services-vpls-bd-ccc-8032-ed01.00-July-07/2013-08-08-v.01/ag2.2-ce20-all-services-vpls-bd-ccc-8032-ed01.00-July-07.conf"
27968 bytes sent in 0.13 seconds (210.28 KB/s)
ftp> quit
221 Goodbye

--- JUNOS 14.1B3 built 2014-04-01 21:49:53 UTC

vmukhin@eabu-sol-eng-dc-core-01> 

vmukhin@eabu-sol-eng-dc-core-01> 

vmukhin@eabu-sol-eng-dc-core-01> file list |match ag2.2-ce20-all-service-protected-8032-MTU-bgp-vpls.conf 
ag2.2-ce20-all-service-protected-8032-MTU-bgp-vpls.conf

vmukhin@eabu-sol-eng-dc-core-01> ftp 172.29.100.44 
Connected to 172.29.100.44.
220-FileZilla Server version 0.9.48 beta
220-written by Tim Kosse (tim.kosse@filezilla-project.org)
220 Please visit http://sourceforge.net/projects/filezilla/
Name (172.29.100.44:vmukhin): mamba
331 Password required for mamba
Password:
230 Logged on
Remote system type is UNIX.
ftp> binary
200 Type set to I
ftp> cd ./ce20-all-service-protected-8032-MTU-bgp-vpls/2013-08-08-v.01
250 CWD successful. "/ce20-all-service-protected-8032-MTU-bgp-vpls/2013-08-08-v.01" is current directory.
ftp> put ag2.2-ce20-all-service-protected-8032-MTU-bgp-vpls.conf ag2.2-ce20-all-service-protected-8032-MTU-bgp-vpls.conf
local: ag2.2-ce20-all-service-protected-8032-MTU-bgp-vpls.conf remote: ag2.2-ce20-all-service-protected-8032-MTU-bgp-vpls.conf
200 Port command successful
150 Opening data channel for file upload to server of "/ce20-all-service-protected-8032-MTU-bgp-vpls/2013-08-08-v.01/ag2.2-ce20-all-service-protected-8032-MTU-bgp-vpls.conf"
100% |**********************************************************************************************************************************************************| 27968       00:00 ETAA
226 Successfully transferred "/ce20-all-service-protected-8032-MTU-bgp-vpls/2013-08-08-v.01/ag2.2-ce20-all-service-protected-8032-MTU-bgp-vpls.conf"
27968 bytes sent in 0.17 seconds (165.07 KB/s)
ftp> quit
221 Goodbye

--- JUNOS 14.1B3 built 2014-04-01 21:49:53 UTC

vmukhin@eabu-sol-eng-dc-core-01> 

vmukhin@eabu-sol-eng-dc-core-01> 

vmukhin@eabu-sol-eng-dc-core-01> file list |match ag2.2-ce20-service-all-plus-mng-Aug-24.conf 
ag2.2-ce20-service-all-plus-mng-Aug-24.conf

vmukhin@eabu-sol-eng-dc-core-01> ftp 172.29.100.44 
Connected to 172.29.100.44.
220-FileZilla Server version 0.9.48 beta
220-written by Tim Kosse (tim.kosse@filezilla-project.org)
220 Please visit http://sourceforge.net/projects/filezilla/
Name (172.29.100.44:vmukhin): mamba
331 Password required for mamba
Password:
230 Logged on
Remote system type is UNIX.
ftp> binary
200 Type set to I
ftp> cd ./ce20-service-all-plus-mng-Aug-24/2013-08-25-v.01
250 CWD successful. "/ce20-service-all-plus-mng-Aug-24/2013-08-25-v.01" is current directory.
ftp> put ag2.2-ce20-service-all-plus-mng-Aug-24.conf ag2.2-ce20-service-all-plus-mng-Aug-24.conf
local: ag2.2-ce20-service-all-plus-mng-Aug-24.conf remote: ag2.2-ce20-service-all-plus-mng-Aug-24.conf
200 Port command successful
150 Opening data channel for file upload to server of "/ce20-service-all-plus-mng-Aug-24/2013-08-25-v.01/ag2.2-ce20-service-all-plus-mng-Aug-24.conf"
100% |**********************************************************************************************************************************************************| 27711       00:00 ETAA
226 Successfully transferred "/ce20-service-all-plus-mng-Aug-24/2013-08-25-v.01/ag2.2-ce20-service-all-plus-mng-Aug-24.conf"
27711 bytes sent in 0.14 seconds (198.47 KB/s)
ftp> quit
221 Goodbye

--- JUNOS 14.1B3 built 2014-04-01 21:49:53 UTC

vmukhin@eabu-sol-eng-dc-core-01> 

vmukhin@eabu-sol-eng-dc-core-01> 

vmukhin@eabu-sol-eng-dc-core-01> file list |match ag2.2-csr1.2-ce20-service-all-plus-ce-protection-new-Aug-27.conf 
ag2.2-csr1.2-ce20-service-all-plus-ce-protection-new-Aug-27.conf

vmukhin@eabu-sol-eng-dc-core-01> ftp 172.29.100.44 
Connected to 172.29.100.44.
220-FileZilla Server version 0.9.48 beta
220-written by Tim Kosse (tim.kosse@filezilla-project.org)
220 Please visit http://sourceforge.net/projects/filezilla/
Name (172.29.100.44:vmukhin): mamba
331 Password required for mamba
Password:
230 Logged on
Remote system type is UNIX.
ftp> binary
200 Type set to I
ftp> cd ./csr1.2-ce20-service-all-plus-ce-protection-new-Aug-27/2013-08-25-v.01
250 CWD successful. "/csr1.2-ce20-service-all-plus-ce-protection-new-Aug-27/2013-08-25-v.01" is current directory.
ftp> put ag2.2-csr1.2-ce20-service-all-plus-ce-protection-new-Aug-27.conf ag2.2-csr1.2-ce20-service-all-plus-ce-protection-new-Aug-27.conf
local: ag2.2-csr1.2-ce20-service-all-plus-ce-protection-new-Aug-27.conf remote: ag2.2-csr1.2-ce20-service-all-plus-ce-protection-new-Aug-27.conf
200 Port command successful
150 Opening data channel for file upload to server of "/csr1.2-ce20-service-all-plus-ce-protection-new-Aug-27/2013-08-25-v.01/ag2.2-csr1.2-ce20-service-all-plus-ce-protection-new-Aug-27.conf"
100% |**********************************************************************************************************************************************************| 27662       00:00 ETAA
226 Successfully transferred "/csr1.2-ce20-service-all-plus-ce-protection-new-Aug-27/2013-08-25-v.01/ag2.2-csr1.2-ce20-service-all-plus-ce-protection-new-Aug-27.conf"
27662 bytes sent in 0.17 seconds (161.10 KB/s)
ftp> quit
221 Goodbye

--- JUNOS 14.1B3 built 2014-04-01 21:49:53 UTC

vmukhin@eabu-sol-eng-dc-core-01> 

vmukhin@eabu-sol-eng-dc-core-01> 

vmukhin@eabu-sol-eng-dc-core-01> file list |match ag2.2-ce20-all-services-pw-protect-profile-Aug-28.conf 

--- JUNOS 14.1B3 built 2014-04-01 21:49:53 UTC

vmukhin@eabu-sol-eng-dc-core-01> 

vmukhin@eabu-sol-eng-dc-core-01> 

vmukhin@eabu-sol-eng-dc-core-01> file list |match ag2.2-mbh2.0-all-services-isis-rsvp-auto-oam-March-25-14.conf 
ag2.2-mbh2.0-all-services-isis-rsvp-auto-oam-March-25-14.conf

vmukhin@eabu-sol-eng-dc-core-01> ftp 172.29.100.44 
Connected to 172.29.100.44.
220-FileZilla Server version 0.9.48 beta
220-written by Tim Kosse (tim.kosse@filezilla-project.org)
220 Please visit http://sourceforge.net/projects/filezilla/
Name (172.29.100.44:vmukhin): mamba
331 Password required for mamba
Password:
230 Logged on
Remote system type is UNIX.
ftp> binary
200 Type set to I
ftp> cd ./mbh2.0-all-services-isis-rsvp-auto-oam-March-25-14/2014-03-25-v.01
250 CWD successful. "/mbh2.0-all-services-isis-rsvp-auto-oam-March-25-14/2014-03-25-v.01" is current directory.
ftp> put ag2.2-mbh2.0-all-services-isis-rsvp-auto-oam-March-25-14.conf ag2.2-mbh2.0-all-services-isis-rsvp-auto-oam-March-25-14.conf
local: ag2.2-mbh2.0-all-services-isis-rsvp-auto-oam-March-25-14.conf remote: ag2.2-mbh2.0-all-services-isis-rsvp-auto-oam-March-25-14.conf
200 Port command successful
150 Opening data channel for file upload to server of "/mbh2.0-all-services-isis-rsvp-auto-oam-March-25-14/2014-03-25-v.01/ag2.2-mbh2.0-all-services-isis-rsvp-auto-oam-March-25-14.conf"
100% |**********************************************************************************************************************************************************| 25191       00:00 ETAA
226 Successfully transferred "/mbh2.0-all-services-isis-rsvp-auto-oam-March-25-14/2014-03-25-v.01/ag2.2-mbh2.0-all-services-isis-rsvp-auto-oam-March-25-14.conf"
25191 bytes sent in 0.16 seconds (154.74 KB/s)
ftp> quit
221 Goodbye

--- JUNOS 14.1B3 built 2014-04-01 21:49:53 UTC

vmukhin@eabu-sol-eng-dc-core-01> 

vmukhin@eabu-sol-eng-dc-core-01> 

vmukhin@eabu-sol-eng-dc-core-01> file list |match ag2.2-mbh2.0-IPSEC-all-services-isis-rsvp-auto-oam-March-25-14.conf 
ag2.2-mbh2.0-IPSEC-all-services-isis-rsvp-auto-oam-March-25-14.conf

vmukhin@eabu-sol-eng-dc-core-01> ftp 172.29.100.44 
Connected to 172.29.100.44.
220-FileZilla Server version 0.9.48 beta
220-written by Tim Kosse (tim.kosse@filezilla-project.org)
220 Please visit http://sourceforge.net/projects/filezilla/
Name (172.29.100.44:vmukhin): mamba
331 Password required for mamba
Password:
230 Logged on
Remote system type is UNIX.
ftp> binary
200 Type set to I
ftp> cd ./mbh2.0-IPSEC-all-services-isis-rsvp-auto-oam-March-25-14/2014-03-25-v.01
250 CWD successful. "/mbh2.0-IPSEC-all-services-isis-rsvp-auto-oam-March-25-14/2014-03-25-v.01" is current directory.
ftp> put ag2.2-mbh2.0-IPSEC-all-services-isis-rsvp-auto-oam-March-25-14.conf ag2.2-mbh2.0-IPSEC-all-services-isis-rsvp-auto-oam-March-25-14.conf
local: ag2.2-mbh2.0-IPSEC-all-services-isis-rsvp-auto-oam-March-25-14.conf remote: ag2.2-mbh2.0-IPSEC-all-services-isis-rsvp-auto-oam-March-25-14.conf
200 Port command successful
150 Opening data channel for file upload to server of "/mbh2.0-IPSEC-all-services-isis-rsvp-auto-oam-March-25-14/2014-03-25-v.01/ag2.2-mbh2.0-IPSEC-all-services-isis-rsvp-auto-oam-March-25-14.conf"
100% |**********************************************************************************************************************************************************| 25191       00:00 ETAA
226 Successfully transferred "/mbh2.0-IPSEC-all-services-isis-rsvp-auto-oam-March-25-14/2014-03-25-v.01/ag2.2-mbh2.0-IPSEC-all-services-isis-rsvp-auto-oam-March-25-14.conf"
25191 bytes sent in 0.16 seconds (155.61 KB/s)
ftp> quit
221 Goodbye

--- JUNOS 14.1B3 built 2014-04-01 21:49:53 UTC

vmukhin@eabu-sol-eng-dc-core-01> 

vmukhin@eabu-sol-eng-dc-core-01> 

vmukhin@eabu-sol-eng-dc-core-01> file list |match ag2.2-mbh2.0-IPSEC-all-services-isis-rsvp-auto-oam-March-31-14.conf 
ag2.2-mbh2.0-IPSEC-all-services-isis-rsvp-auto-oam-March-31-14.conf

vmukhin@eabu-sol-eng-dc-core-01> ftp 172.29.100.44 
Connected to 172.29.100.44.
220-FileZilla Server version 0.9.48 beta
220-written by Tim Kosse (tim.kosse@filezilla-project.org)
220 Please visit http://sourceforge.net/projects/filezilla/
Name (172.29.100.44:vmukhin): mamba
331 Password required for mamba
Password:
230 Logged on
Remote system type is UNIX.
ftp> binary
200 Type set to I
ftp> cd ./mbh2.0-IPSEC-all-services-isis-rsvp-auto-oam-March-31-14/2014-03-29-v.01
250 CWD successful. "/mbh2.0-IPSEC-all-services-isis-rsvp-auto-oam-March-31-14/2014-03-29-v.01" is current directory.
ftp> put ag2.2-mbh2.0-IPSEC-all-services-isis-rsvp-auto-oam-March-31-14.conf ag2.2-mbh2.0-IPSEC-all-services-isis-rsvp-auto-oam-March-31-14.conf
local: ag2.2-mbh2.0-IPSEC-all-services-isis-rsvp-auto-oam-March-31-14.conf remote: ag2.2-mbh2.0-IPSEC-all-services-isis-rsvp-auto-oam-March-31-14.conf
200 Port command successful
150 Opening data channel for file upload to server of "/mbh2.0-IPSEC-all-services-isis-rsvp-auto-oam-March-31-14/2014-03-29-v.01/ag2.2-mbh2.0-IPSEC-all-services-isis-rsvp-auto-oam-March-31-14.conf"
100% |**********************************************************************************************************************************************************| 25191       00:00 ETAA
226 Successfully transferred "/mbh2.0-IPSEC-all-services-isis-rsvp-auto-oam-March-31-14/2014-03-29-v.01/ag2.2-mbh2.0-IPSEC-all-services-isis-rsvp-auto-oam-March-31-14.conf"
25191 bytes sent in 0.15 seconds (158.76 KB/s)
ftp> quit
221 Goodbye

--- JUNOS 14.1B3 built 2014-04-01 21:49:53 UTC

vmukhin@eabu-sol-eng-dc-core-01> 

vmukhin@eabu-sol-eng-dc-core-01> 

vmukhin@eabu-sol-eng-dc-core-01> file list |match ag2.2-nsn-ipsec-jerry-1.0.conf 
ag2.2-nsn-ipsec-jerry-1.0.conf

vmukhin@eabu-sol-eng-dc-core-01> ftp 172.29.100.44 
Connected to 172.29.100.44.
220-FileZilla Server version 0.9.48 beta
220-written by Tim Kosse (tim.kosse@filezilla-project.org)
220 Please visit http://sourceforge.net/projects/filezilla/
Name (172.29.100.44:vmukhin): mamba
331 Password required for mamba
Password:
230 Logged on
Remote system type is UNIX.
ftp> binary
200 Type set to I
ftp> cd ./nsn-ipsec-jerry-1.0/2014-03-29-v.01
250 CWD successful. "/nsn-ipsec-jerry-1.0/2014-03-29-v.01" is current directory.
ftp> put ag2.2-nsn-ipsec-jerry-1.0.conf ag2.2-nsn-ipsec-jerry-1.0.conf
local: ag2.2-nsn-ipsec-jerry-1.0.conf remote: ag2.2-nsn-ipsec-jerry-1.0.conf
200 Port command successful
150 Opening data channel for file upload to server of "/nsn-ipsec-jerry-1.0/2014-03-29-v.01/ag2.2-nsn-ipsec-jerry-1.0.conf"
100% |**********************************************************************************************************************************************************| 25191       00:00 ETAA
226 Successfully transferred "/nsn-ipsec-jerry-1.0/2014-03-29-v.01/ag2.2-nsn-ipsec-jerry-1.0.conf"
25191 bytes sent in 0.12 seconds (212.35 KB/s)
ftp> quit
221 Goodbye

--- JUNOS 14.1B3 built 2014-04-01 21:49:53 UTC

vmukhin@eabu-sol-eng-dc-core-01> 

vmukhin@eabu-sol-eng-dc-core-01> 

vmukhin@eabu-sol-eng-dc-core-01> file list |match ag2.2-MBH2.0-all-services-RLI18053-May-13-2014.conf 

--- JUNOS 14.1B3 built 2014-04-01 21:49:53 UTC

vmukhin@eabu-sol-eng-dc-core-01> 

vmukhin@eabu-sol-eng-dc-core-01> 

vmukhin@eabu-sol-eng-dc-core-01> file list |match ag2.2-PWHT-for-Shokarev-07-July-2014.conf 
ag2.2-PWHT-for-Shokarev-07-July-2014.conf

vmukhin@eabu-sol-eng-dc-core-01> ftp 172.29.100.44 
Connected to 172.29.100.44.
220-FileZilla Server version 0.9.48 beta
220-written by Tim Kosse (tim.kosse@filezilla-project.org)
220 Please visit http://sourceforge.net/projects/filezilla/
Name (172.29.100.44:vmukhin): mamba
331 Password required for mamba
Password:
230 Logged on
Remote system type is UNIX.
ftp> binary
200 Type set to I
ftp> cd ./PWHT-for-Shokarev-07-July-2014/2014-07-10-v.01
250 CWD successful. "/PWHT-for-Shokarev-07-July-2014/2014-07-10-v.01" is current directory.
ftp> put ag2.2-PWHT-for-Shokarev-07-July-2014.conf ag2.2-PWHT-for-Shokarev-07-July-2014.conf
local: ag2.2-PWHT-for-Shokarev-07-July-2014.conf remote: ag2.2-PWHT-for-Shokarev-07-July-2014.conf
200 Port command successful
150 Opening data channel for file upload to server of "/PWHT-for-Shokarev-07-July-2014/2014-07-10-v.01/ag2.2-PWHT-for-Shokarev-07-July-2014.conf"
100% |**********************************************************************************************************************************************************| 25189       00:00 ETAA
226 Successfully transferred "/PWHT-for-Shokarev-07-July-2014/2014-07-10-v.01/ag2.2-PWHT-for-Shokarev-07-July-2014.conf"
25189 bytes sent in 0.13 seconds (194.58 KB/s)
ftp> quit
221 Goodbye

--- JUNOS 14.1B3 built 2014-04-01 21:49:53 UTC

vmukhin@eabu-sol-eng-dc-core-01> 

vmukhin@eabu-sol-eng-dc-core-01> 

vmukhin@eabu-sol-eng-dc-core-01> file list |match ag2.2-PWHT-for-Shokarev-09-July-2014-01.conf 
ag2.2-PWHT-for-Shokarev-09-July-2014-01.conf

vmukhin@eabu-sol-eng-dc-core-01> ftp 172.29.100.44 
Connected to 172.29.100.44.
220-FileZilla Server version 0.9.48 beta
220-written by Tim Kosse (tim.kosse@filezilla-project.org)
220 Please visit http://sourceforge.net/projects/filezilla/
Name (172.29.100.44:vmukhin): mamba
331 Password required for mamba
Password:
230 Logged on
Remote system type is UNIX.
ftp> binary
200 Type set to I
ftp> cd ./PWHT-for-Shokarev-09-July-2014-01/2014-07-10-v.01
250 CWD successful. "/PWHT-for-Shokarev-09-July-2014-01/2014-07-10-v.01" is current directory.
ftp> put ag2.2-PWHT-for-Shokarev-09-July-2014-01.conf ag2.2-PWHT-for-Shokarev-09-July-2014-01.conf
local: ag2.2-PWHT-for-Shokarev-09-July-2014-01.conf remote: ag2.2-PWHT-for-Shokarev-09-July-2014-01.conf
200 Port command successful
150 Opening data channel for file upload to server of "/PWHT-for-Shokarev-09-July-2014-01/2014-07-10-v.01/ag2.2-PWHT-for-Shokarev-09-July-2014-01.conf"
100% |**********************************************************************************************************************************************************| 25189       00:00 ETAA
226 Successfully transferred "/PWHT-for-Shokarev-09-July-2014-01/2014-07-10-v.01/ag2.2-PWHT-for-Shokarev-09-July-2014-01.conf"
25189 bytes sent in 0.15 seconds (159.66 KB/s)
ftp> quit
221 Goodbye

--- JUNOS 14.1B3 built 2014-04-01 21:49:53 UTC

vmukhin@eabu-sol-eng-dc-core-01> 

vmukhin@eabu-sol-eng-dc-core-01> 

vmukhin@eabu-sol-eng-dc-core-01> file list |match ag2.2-Lab-Zero-Config.conf 
ag2.2-Lab-Zero-Config.conf

vmukhin@eabu-sol-eng-dc-core-01> ftp 172.29.100.44 
Connected to 172.29.100.44.
220-FileZilla Server version 0.9.48 beta
220-written by Tim Kosse (tim.kosse@filezilla-project.org)
220 Please visit http://sourceforge.net/projects/filezilla/
Name (172.29.100.44:vmukhin): mamba
331 Password required for mamba
Password:
230 Logged on
Remote system type is UNIX.
ftp> binary
200 Type set to I
ftp> cd ./Lab-Zero-Config/2014-08-03-v.01
250 CWD successful. "/Lab-Zero-Config/2014-08-03-v.01" is current directory.
ftp> put ag2.2-Lab-Zero-Config.conf ag2.2-Lab-Zero-Config.conf
local: ag2.2-Lab-Zero-Config.conf remote: ag2.2-Lab-Zero-Config.conf
200 Port command successful
150 Opening data channel for file upload to server of "/Lab-Zero-Config/2014-08-03-v.01/ag2.2-Lab-Zero-Config.conf"
100% |**********************************************************************************************************************************************************| 10526       00:00 ETAA
226 Successfully transferred "/Lab-Zero-Config/2014-08-03-v.01/ag2.2-Lab-Zero-Config.conf"
10526 bytes sent in 0.13 seconds (82.06 KB/s)
ftp> quit
221 Goodbye

--- JUNOS 14.1B3 built 2014-04-01 21:49:53 UTC

vmukhin@eabu-sol-eng-dc-core-01> 

vmukhin@eabu-sol-eng-dc-core-01> 

vmukhin@eabu-sol-eng-dc-core-01> file list |match ag2.2-Lab-Zero-Config-global.conf 
ag2.2-Lab-Zero-Config-global.conf

vmukhin@eabu-sol-eng-dc-core-01> ftp 172.29.100.44 
Connected to 172.29.100.44.
220-FileZilla Server version 0.9.48 beta
220-written by Tim Kosse (tim.kosse@filezilla-project.org)
220 Please visit http://sourceforge.net/projects/filezilla/
Name (172.29.100.44:vmukhin): mamba
331 Password required for mamba
Password:
230 Logged on
Remote system type is UNIX.
ftp> binary
200 Type set to I
ftp> cd ./Lab-Zero-Config-global/2016-4-4-v.01
250 CWD successful. "/Lab-Zero-Config-global/2016-4-4-v.01" is current directory.
ftp> put ag2.2-Lab-Zero-Config-global.conf ag2.2-Lab-Zero-Config-global.conf
local: ag2.2-Lab-Zero-Config-global.conf remote: ag2.2-Lab-Zero-Config-global.conf
200 Port command successful
150 Opening data channel for file upload to server of "/Lab-Zero-Config-global/2016-4-4-v.01/ag2.2-Lab-Zero-Config-global.conf"
100% |**********************************************************************************************************************************************************|  9796       00:00 ETAA
226 Successfully transferred "/Lab-Zero-Config-global/2016-4-4-v.01/ag2.2-Lab-Zero-Config-global.conf"
9796 bytes sent in 0.10 seconds (91.86 KB/s)
ftp> quit
221 Goodbye

--- JUNOS 14.1B3 built 2014-04-01 21:49:53 UTC

vmukhin@eabu-sol-eng-dc-core-01> 

vmukhin@eabu-sol-eng-dc-core-01> 

vmukhin@eabu-sol-eng-dc-core-01> file list |match ag2.2-Lab-Zero-Config-re0.conf 
ag2.2-Lab-Zero-Config-re0.conf

vmukhin@eabu-sol-eng-dc-core-01> ftp 172.29.100.44 
Connected to 172.29.100.44.
220-FileZilla Server version 0.9.48 beta
220-written by Tim Kosse (tim.kosse@filezilla-project.org)
220 Please visit http://sourceforge.net/projects/filezilla/
Name (172.29.100.44:vmukhin): mamba
331 Password required for mamba
Password:
230 Logged on
Remote system type is UNIX.
ftp> binary
200 Type set to I
ftp> cd ./Lab-Zero-Config-re0/2016-4-4-v.01
250 CWD successful. "/Lab-Zero-Config-re0/2016-4-4-v.01" is current directory.
ftp> put ag2.2-Lab-Zero-Config-re0.conf ag2.2-Lab-Zero-Config-re0.conf
local: ag2.2-Lab-Zero-Config-re0.conf remote: ag2.2-Lab-Zero-Config-re0.conf
200 Port command successful
150 Opening data channel for file upload to server of "/Lab-Zero-Config-re0/2016-4-4-v.01/ag2.2-Lab-Zero-Config-re0.conf"
100% |**********************************************************************************************************************************************************|   288       00:00 ETAA
226 Successfully transferred "/Lab-Zero-Config-re0/2016-4-4-v.01/ag2.2-Lab-Zero-Config-re0.conf"
288 bytes sent in 0.06 seconds (4.93 KB/s)
ftp> quit
221 Goodbye

--- JUNOS 14.1B3 built 2014-04-01 21:49:53 UTC

vmukhin@eabu-sol-eng-dc-core-01> 

vmukhin@eabu-sol-eng-dc-core-01> 

vmukhin@eabu-sol-eng-dc-core-01> file list |match ag2.2-Lab-Zero-Config-re1.conf 
ag2.2-Lab-Zero-Config-re1.conf

vmukhin@eabu-sol-eng-dc-core-01> ftp 172.29.100.44 
Connected to 172.29.100.44.
220-FileZilla Server version 0.9.48 beta
220-written by Tim Kosse (tim.kosse@filezilla-project.org)
220 Please visit http://sourceforge.net/projects/filezilla/
Name (172.29.100.44:vmukhin): mamba
331 Password required for mamba
Password:
230 Logged on
Remote system type is UNIX.
ftp> binary
200 Type set to I
ftp> cd ./Lab-Zero-Config-re1/2016-4-4-v.01
250 CWD successful. "/Lab-Zero-Config-re1/2016-4-4-v.01" is current directory.
ftp> put ag2.2-Lab-Zero-Config-re1.conf ag2.2-Lab-Zero-Config-re1.conf
local: ag2.2-Lab-Zero-Config-re1.conf remote: ag2.2-Lab-Zero-Config-re1.conf
200 Port command successful
150 Opening data channel for file upload to server of "/Lab-Zero-Config-re1/2016-4-4-v.01/ag2.2-Lab-Zero-Config-re1.conf"
100% |**********************************************************************************************************************************************************|   290       00:00 ETAA
226 Successfully transferred "/Lab-Zero-Config-re1/2016-4-4-v.01/ag2.2-Lab-Zero-Config-re1.conf"
290 bytes sent in 0.06 seconds (4.85 KB/s)
ftp> quit
221 Goodbye

--- JUNOS 14.1B3 built 2014-04-01 21:49:53 UTC

vmukhin@eabu-sol-eng-dc-core-01> 

vmukhin@eabu-sol-eng-dc-core-01> 

vmukhin@eabu-sol-eng-dc-core-01> file list |match ag2.2-BlueSky1.0-MBH-Sep-16-2014.conf 
ag2.2-BlueSky1.0-MBH-Sep-16-2014.conf

vmukhin@eabu-sol-eng-dc-core-01> ftp 172.29.100.44 
Connected to 172.29.100.44.
220-FileZilla Server version 0.9.48 beta
220-written by Tim Kosse (tim.kosse@filezilla-project.org)
220 Please visit http://sourceforge.net/projects/filezilla/
Name (172.29.100.44:vmukhin): mamba
331 Password required for mamba
Password:
230 Logged on
Remote system type is UNIX.
ftp> binary
200 Type set to I
ftp> cd ./BlueSky1.0-MBH-Sep-16-2014/2014-08-19-v.01
250 CWD successful. "/BlueSky1.0-MBH-Sep-16-2014/2014-08-19-v.01" is current directory.
ftp> put ag2.2-BlueSky1.0-MBH-Sep-16-2014.conf ag2.2-BlueSky1.0-MBH-Sep-16-2014.conf
local: ag2.2-BlueSky1.0-MBH-Sep-16-2014.conf remote: ag2.2-BlueSky1.0-MBH-Sep-16-2014.conf
200 Port command successful
150 Opening data channel for file upload to server of "/BlueSky1.0-MBH-Sep-16-2014/2014-08-19-v.01/ag2.2-BlueSky1.0-MBH-Sep-16-2014.conf"
100% |**********************************************************************************************************************************************************| 25826       00:00 ETAA
226 Successfully transferred "/BlueSky1.0-MBH-Sep-16-2014/2014-08-19-v.01/ag2.2-BlueSky1.0-MBH-Sep-16-2014.conf"
25826 bytes sent in 0.20 seconds (127.69 KB/s)
ftp> quit
221 Goodbye

--- JUNOS 14.1B3 built 2014-04-01 21:49:53 UTC

vmukhin@eabu-sol-eng-dc-core-01> 

vmukhin@eabu-sol-eng-dc-core-01> 

vmukhin@eabu-sol-eng-dc-core-01> file list |match ag2.2-mbh2.0-Telenor-IPsec.conf 

--- JUNOS 14.1B3 built 2014-04-01 21:49:53 UTC

vmukhin@eabu-sol-eng-dc-core-01> 

vmukhin@eabu-sol-eng-dc-core-01> 

vmukhin@eabu-sol-eng-dc-core-01> file list |match ag2.2-mbh2.0-Telenor-IPsec-Multi-VRF-BFD.conf 
ag2.2-mbh2.0-Telenor-IPsec-Multi-VRF-BFD.conf

vmukhin@eabu-sol-eng-dc-core-01> ftp 172.29.100.44 
Connected to 172.29.100.44.
220-FileZilla Server version 0.9.48 beta
220-written by Tim Kosse (tim.kosse@filezilla-project.org)
220 Please visit http://sourceforge.net/projects/filezilla/
Name (172.29.100.44:vmukhin): mamba
331 Password required for mamba
Password:
230 Logged on
Remote system type is UNIX.
ftp> binary
200 Type set to I
ftp> cd ./mbh2.0-Telenor-IPsec-Multi-VRF-BFD/2014-08-30-v.01
250 CWD successful. "/mbh2.0-Telenor-IPsec-Multi-VRF-BFD/2014-08-30-v.01" is current directory.
ftp> put ag2.2-mbh2.0-Telenor-IPsec-Multi-VRF-BFD.conf ag2.2-mbh2.0-Telenor-IPsec-Multi-VRF-BFD.conf
local: ag2.2-mbh2.0-Telenor-IPsec-Multi-VRF-BFD.conf remote: ag2.2-mbh2.0-Telenor-IPsec-Multi-VRF-BFD.conf
200 Port command successful
150 Opening data channel for file upload to server of "/mbh2.0-Telenor-IPsec-Multi-VRF-BFD/2014-08-30-v.01/ag2.2-mbh2.0-Telenor-IPsec-Multi-VRF-BFD.conf"
100% |**********************************************************************************************************************************************************| 25241       00:00 ETAA
226 Successfully transferred "/mbh2.0-Telenor-IPsec-Multi-VRF-BFD/2014-08-30-v.01/ag2.2-mbh2.0-Telenor-IPsec-Multi-VRF-BFD.conf"
25241 bytes sent in 0.14 seconds (173.67 KB/s)
ftp> quit
221 Goodbye

--- JUNOS 14.1B3 built 2014-04-01 21:49:53 UTC

vmukhin@eabu-sol-eng-dc-core-01> 

vmukhin@eabu-sol-eng-dc-core-01> 

vmukhin@eabu-sol-eng-dc-core-01> file list |match ag2.2-mbh2.0-Telenor-IPsec-Multi-VRF-BFD-RLT.conf 
ag2.2-mbh2.0-Telenor-IPsec-Multi-VRF-BFD-RLT.conf

vmukhin@eabu-sol-eng-dc-core-01> ftp 172.29.100.44 
Connected to 172.29.100.44.
220-FileZilla Server version 0.9.48 beta
220-written by Tim Kosse (tim.kosse@filezilla-project.org)
220 Please visit http://sourceforge.net/projects/filezilla/
Name (172.29.100.44:vmukhin): mamba
331 Password required for mamba
Password:
230 Logged on
Remote system type is UNIX.
ftp> binary
200 Type set to I
ftp> cd ./mbh2.0-Telenor-IPsec-Multi-VRF-BFD-RLT/2014-08-30-v.01
250 CWD successful. "/mbh2.0-Telenor-IPsec-Multi-VRF-BFD-RLT/2014-08-30-v.01" is current directory.
ftp> put ag2.2-mbh2.0-Telenor-IPsec-Multi-VRF-BFD-RLT.conf ag2.2-mbh2.0-Telenor-IPsec-Multi-VRF-BFD-RLT.conf
local: ag2.2-mbh2.0-Telenor-IPsec-Multi-VRF-BFD-RLT.conf remote: ag2.2-mbh2.0-Telenor-IPsec-Multi-VRF-BFD-RLT.conf
200 Port command successful
150 Opening data channel for file upload to server of "/mbh2.0-Telenor-IPsec-Multi-VRF-BFD-RLT/2014-08-30-v.01/ag2.2-mbh2.0-Telenor-IPsec-Multi-VRF-BFD-RLT.conf"
100% |**********************************************************************************************************************************************************| 25241       00:00 ETAA
226 Successfully transferred "/mbh2.0-Telenor-IPsec-Multi-VRF-BFD-RLT/2014-08-30-v.01/ag2.2-mbh2.0-Telenor-IPsec-Multi-VRF-BFD-RLT.conf"
25241 bytes sent in 0.12 seconds (197.88 KB/s)
ftp> quit
221 Goodbye

--- JUNOS 14.1B3 built 2014-04-01 21:49:53 UTC

vmukhin@eabu-sol-eng-dc-core-01> 

vmukhin@eabu-sol-eng-dc-core-01> 

vmukhin@eabu-sol-eng-dc-core-01> file list |match ag2.2-uaa2.0-multicast-p2p-protection-Sep-30-2014.conf 
ag2.2-uaa2.0-multicast-p2p-protection-Sep-30-2014.conf

vmukhin@eabu-sol-eng-dc-core-01> ftp 172.29.100.44 
Connected to 172.29.100.44.
220-FileZilla Server version 0.9.48 beta
220-written by Tim Kosse (tim.kosse@filezilla-project.org)
220 Please visit http://sourceforge.net/projects/filezilla/
Name (172.29.100.44:vmukhin): mamba
331 Password required for mamba
Password:
230 Logged on
Remote system type is UNIX.
ftp> binary
200 Type set to I
ftp> cd ./uaa2.0-multicast-p2p-protection-Sep-30-2014/2014-09-03-v.01
250 CWD successful. "/uaa2.0-multicast-p2p-protection-Sep-30-2014/2014-09-03-v.01" is current directory.
ftp> put ag2.2-uaa2.0-multicast-p2p-protection-Sep-30-2014.conf ag2.2-uaa2.0-multicast-p2p-protection-Sep-30-2014.conf
local: ag2.2-uaa2.0-multicast-p2p-protection-Sep-30-2014.conf remote: ag2.2-uaa2.0-multicast-p2p-protection-Sep-30-2014.conf
200 Port command successful
150 Opening data channel for file upload to server of "/uaa2.0-multicast-p2p-protection-Sep-30-2014/2014-09-03-v.01/ag2.2-uaa2.0-multicast-p2p-protection-Sep-30-2014.conf"
100% |**********************************************************************************************************************************************************| 10526       00:00 ETAA
226 Successfully transferred "/uaa2.0-multicast-p2p-protection-Sep-30-2014/2014-09-03-v.01/ag2.2-uaa2.0-multicast-p2p-protection-Sep-30-2014.conf"
10526 bytes sent in 0.15 seconds (66.41 KB/s)
ftp> quit
221 Goodbye

--- JUNOS 14.1B3 built 2014-04-01 21:49:53 UTC

vmukhin@eabu-sol-eng-dc-core-01> 

vmukhin@eabu-sol-eng-dc-core-01> 

vmukhin@eabu-sol-eng-dc-core-01> file list |match ag2.2-uaa2.0-Multicast-Andreas-03-Oct-2014.conf 

--- JUNOS 14.1B3 built 2014-04-01 21:49:53 UTC

vmukhin@eabu-sol-eng-dc-core-01> 

vmukhin@eabu-sol-eng-dc-core-01> 

vmukhin@eabu-sol-eng-dc-core-01> file list |match ag2.2-uaa2.0-Multicast-Andreas-Oct-03-2014.conf 
ag2.2-uaa2.0-Multicast-Andreas-Oct-03-2014.conf

vmukhin@eabu-sol-eng-dc-core-01> ftp 172.29.100.44 
Connected to 172.29.100.44.
220-FileZilla Server version 0.9.48 beta
220-written by Tim Kosse (tim.kosse@filezilla-project.org)
220 Please visit http://sourceforge.net/projects/filezilla/
Name (172.29.100.44:vmukhin): mamba
331 Password required for mamba
Password:
230 Logged on
Remote system type is UNIX.
ftp> binary
200 Type set to I
ftp> cd ./uaa2.0-Multicast-Andreas-Oct-03-2014/2014-09-10-v.01
250 CWD successful. "/uaa2.0-Multicast-Andreas-Oct-03-2014/2014-09-10-v.01" is current directory.
ftp> put ag2.2-uaa2.0-Multicast-Andreas-Oct-03-2014.conf ag2.2-uaa2.0-Multicast-Andreas-Oct-03-2014.conf
local: ag2.2-uaa2.0-Multicast-Andreas-Oct-03-2014.conf remote: ag2.2-uaa2.0-Multicast-Andreas-Oct-03-2014.conf
200 Port command successful
150 Opening data channel for file upload to server of "/uaa2.0-Multicast-Andreas-Oct-03-2014/2014-09-10-v.01/ag2.2-uaa2.0-Multicast-Andreas-Oct-03-2014.conf"
100% |**********************************************************************************************************************************************************| 26254       00:00 ETAA
226 Successfully transferred "/uaa2.0-Multicast-Andreas-Oct-03-2014/2014-09-10-v.01/ag2.2-uaa2.0-Multicast-Andreas-Oct-03-2014.conf"
26254 bytes sent in 0.15 seconds (167.90 KB/s)
ftp> quit
221 Goodbye

--- JUNOS 14.1B3 built 2014-04-01 21:49:53 UTC

vmukhin@eabu-sol-eng-dc-core-01> 

vmukhin@eabu-sol-eng-dc-core-01> 

vmukhin@eabu-sol-eng-dc-core-01> file list |match ag2.2-mbh2.0-all-services-isis-rsvp-auto-oam-March-19-2015.conf 
ag2.2-mbh2.0-all-services-isis-rsvp-auto-oam-March-19-2015.conf

vmukhin@eabu-sol-eng-dc-core-01> ftp 172.29.100.44 
Connected to 172.29.100.44.
220-FileZilla Server version 0.9.48 beta
220-written by Tim Kosse (tim.kosse@filezilla-project.org)
220 Please visit http://sourceforge.net/projects/filezilla/
Name (172.29.100.44:vmukhin): mamba
331 Password required for mamba
Password:
230 Logged on
Remote system type is UNIX.
ftp> binary
200 Type set to I
ftp> cd ./mbh2.0-all-services-isis-rsvp-auto-oam-March-19-2015/2015-02-24-v.01
250 CWD successful. "/mbh2.0-all-services-isis-rsvp-auto-oam-March-19-2015/2015-02-24-v.01" is current directory.
ftp> put ag2.2-mbh2.0-all-services-isis-rsvp-auto-oam-March-19-2015.conf ag2.2-mbh2.0-all-services-isis-rsvp-auto-oam-March-19-2015.conf
local: ag2.2-mbh2.0-all-services-isis-rsvp-auto-oam-March-19-2015.conf remote: ag2.2-mbh2.0-all-services-isis-rsvp-auto-oam-March-19-2015.conf
200 Port command successful
150 Opening data channel for file upload to server of "/mbh2.0-all-services-isis-rsvp-auto-oam-March-19-2015/2015-02-24-v.01/ag2.2-mbh2.0-all-services-isis-rsvp-auto-oam-March-19-2015.conf"
100% |**********************************************************************************************************************************************************| 25826       00:00 ETAA
226 Successfully transferred "/mbh2.0-all-services-isis-rsvp-auto-oam-March-19-2015/2015-02-24-v.01/ag2.2-mbh2.0-all-services-isis-rsvp-auto-oam-March-19-2015.conf"
25826 bytes sent in 0.14 seconds (177.97 KB/s)
ftp> quit
221 Goodbye

--- JUNOS 14.1B3 built 2014-04-01 21:49:53 UTC

vmukhin@eabu-sol-eng-dc-core-01> 

vmukhin@eabu-sol-eng-dc-core-01> 

vmukhin@eabu-sol-eng-dc-core-01> file list |match ag2.2-MetroE3.0-PSPHT-with-OAM-PW.conf 
ag2.2-MetroE3.0-PSPHT-with-OAM-PW.conf

vmukhin@eabu-sol-eng-dc-core-01> ftp 172.29.100.44 
Connected to 172.29.100.44.
220-FileZilla Server version 0.9.48 beta
220-written by Tim Kosse (tim.kosse@filezilla-project.org)
220 Please visit http://sourceforge.net/projects/filezilla/
Name (172.29.100.44:vmukhin): mamba
331 Password required for mamba
Password:
230 Logged on
Remote system type is UNIX.
ftp> binary
200 Type set to I
ftp> cd ./MetroE3.0-PSPHT-with-OAM-PW/2015-02-28-v.01
250 CWD successful. "/MetroE3.0-PSPHT-with-OAM-PW/2015-02-28-v.01" is current directory.
ftp> put ag2.2-MetroE3.0-PSPHT-with-OAM-PW.conf ag2.2-MetroE3.0-PSPHT-with-OAM-PW.conf
local: ag2.2-MetroE3.0-PSPHT-with-OAM-PW.conf remote: ag2.2-MetroE3.0-PSPHT-with-OAM-PW.conf
200 Port command successful
150 Opening data channel for file upload to server of "/MetroE3.0-PSPHT-with-OAM-PW/2015-02-28-v.01/ag2.2-MetroE3.0-PSPHT-with-OAM-PW.conf"
100% |**********************************************************************************************************************************************************| 25826       00:00 ETAA
226 Successfully transferred "/MetroE3.0-PSPHT-with-OAM-PW/2015-02-28-v.01/ag2.2-MetroE3.0-PSPHT-with-OAM-PW.conf"
25826 bytes sent in 0.14 seconds (175.81 KB/s)
ftp> quit
221 Goodbye

--- JUNOS 14.1B3 built 2014-04-01 21:49:53 UTC

vmukhin@eabu-sol-eng-dc-core-01> 

vmukhin@eabu-sol-eng-dc-core-01> 

vmukhin@eabu-sol-eng-dc-core-01> file list |match ag2.2-T&S-Cronos-test-May-05-2015.conf
                                                         ^
syntax error.

--- JUNOS 14.1B3 built 2014-04-01 21:49:53 UTC

vmukhin@eabu-sol-eng-dc-core-01> 

vmukhin@eabu-sol-eng-dc-core-01> 

vmukhin@eabu-sol-eng-dc-core-01> file list |match ag2.2-Chronos-SFP-test-May-05-2015.conf 
ag2.2-Chronos-SFP-test-May-05-2015.conf

vmukhin@eabu-sol-eng-dc-core-01> ftp 172.29.100.44 
Connected to 172.29.100.44.
220-FileZilla Server version 0.9.48 beta
220-written by Tim Kosse (tim.kosse@filezilla-project.org)
220 Please visit http://sourceforge.net/projects/filezilla/
Name (172.29.100.44:vmukhin): mamba
331 Password required for mamba
Password:
230 Logged on
Remote system type is UNIX.
ftp> binary
200 Type set to I
ftp> cd ./Chronos-SFP-test-May-05-2015/2015-04-20-v.01
250 CWD successful. "/Chronos-SFP-test-May-05-2015/2015-04-20-v.01" is current directory.
ftp> put ag2.2-Chronos-SFP-test-May-05-2015.conf ag2.2-Chronos-SFP-test-May-05-2015.conf
local: ag2.2-Chronos-SFP-test-May-05-2015.conf remote: ag2.2-Chronos-SFP-test-May-05-2015.conf
200 Port command successful
150 Opening data channel for file upload to server of "/Chronos-SFP-test-May-05-2015/2015-04-20-v.01/ag2.2-Chronos-SFP-test-May-05-2015.conf"
100% |**********************************************************************************************************************************************************| 31729       00:00 ETAA
226 Successfully transferred "/Chronos-SFP-test-May-05-2015/2015-04-20-v.01/ag2.2-Chronos-SFP-test-May-05-2015.conf"
31729 bytes sent in 0.20 seconds (151.24 KB/s)
ftp> quit
221 Goodbye

--- JUNOS 14.1B3 built 2014-04-01 21:49:53 UTC

vmukhin@eabu-sol-eng-dc-core-01> 

vmukhin@eabu-sol-eng-dc-core-01> 

vmukhin@eabu-sol-eng-dc-core-01> file list |match ag2.2-Chronos-SFP-test-May-22-2015.conf 
ag2.2-Chronos-SFP-test-May-22-2015.conf

vmukhin@eabu-sol-eng-dc-core-01> ftp 172.29.100.44 
Connected to 172.29.100.44.
220-FileZilla Server version 0.9.48 beta
220-written by Tim Kosse (tim.kosse@filezilla-project.org)
220 Please visit http://sourceforge.net/projects/filezilla/
Name (172.29.100.44:vmukhin): mamba
331 Password required for mamba
Password:
230 Logged on
Remote system type is UNIX.
ftp> binary
200 Type set to I
ftp> cd ./Chronos-SFP-test-May-22-2015/2015-04-20-v.01
250 CWD successful. "/Chronos-SFP-test-May-22-2015/2015-04-20-v.01" is current directory.
ftp> put ag2.2-Chronos-SFP-test-May-22-2015.conf ag2.2-Chronos-SFP-test-May-22-2015.conf
local: ag2.2-Chronos-SFP-test-May-22-2015.conf remote: ag2.2-Chronos-SFP-test-May-22-2015.conf
200 Port command successful
150 Opening data channel for file upload to server of "/Chronos-SFP-test-May-22-2015/2015-04-20-v.01/ag2.2-Chronos-SFP-test-May-22-2015.conf"
100% |**********************************************************************************************************************************************************| 33025       00:00 ETAA
226 Successfully transferred "/Chronos-SFP-test-May-22-2015/2015-04-20-v.01/ag2.2-Chronos-SFP-test-May-22-2015.conf"
33025 bytes sent in 0.17 seconds (189.77 KB/s)
ftp> quit
221 Goodbye

--- JUNOS 14.1B3 built 2014-04-01 21:49:53 UTC

vmukhin@eabu-sol-eng-dc-core-01> 

vmukhin@eabu-sol-eng-dc-core-01> 

vmukhin@eabu-sol-eng-dc-core-01> file list |match ag2.2-uaa2.0-ztd-unnumbered-mpls.conf 

--- JUNOS 14.1B3 built 2014-04-01 21:49:53 UTC

vmukhin@eabu-sol-eng-dc-core-01> 

vmukhin@eabu-sol-eng-dc-core-01> 

vmukhin@eabu-sol-eng-dc-core-01> file list |match ag2.2-uaa2.0-ZTP-unnumbered-mpls-Oct-29-2015.conf 
ag2.2-uaa2.0-ZTP-unnumbered-mpls-Oct-29-2015.conf

vmukhin@eabu-sol-eng-dc-core-01> ftp 172.29.100.44 
Connected to 172.29.100.44.
220-FileZilla Server version 0.9.48 beta
220-written by Tim Kosse (tim.kosse@filezilla-project.org)
220 Please visit http://sourceforge.net/projects/filezilla/
Name (172.29.100.44:vmukhin): mamba
331 Password required for mamba
Password:
230 Logged on
Remote system type is UNIX.
ftp> binary
200 Type set to I
ftp> cd ./uaa2.0-ZTP-unnumbered-mpls-Oct-29-2015/2015-09-23-v.01
250 CWD successful. "/uaa2.0-ZTP-unnumbered-mpls-Oct-29-2015/2015-09-23-v.01" is current directory.
ftp> put ag2.2-uaa2.0-ZTP-unnumbered-mpls-Oct-29-2015.conf ag2.2-uaa2.0-ZTP-unnumbered-mpls-Oct-29-2015.conf
local: ag2.2-uaa2.0-ZTP-unnumbered-mpls-Oct-29-2015.conf remote: ag2.2-uaa2.0-ZTP-unnumbered-mpls-Oct-29-2015.conf
200 Port command successful
150 Opening data channel for file upload to server of "/uaa2.0-ZTP-unnumbered-mpls-Oct-29-2015/2015-09-23-v.01/ag2.2-uaa2.0-ZTP-unnumbered-mpls-Oct-29-2015.conf"
100% |**********************************************************************************************************************************************************| 27562       00:00 ETAA
226 Successfully transferred "/uaa2.0-ZTP-unnumbered-mpls-Oct-29-2015/2015-09-23-v.01/ag2.2-uaa2.0-ZTP-unnumbered-mpls-Oct-29-2015.conf"
27562 bytes sent in 0.15 seconds (182.69 KB/s)
ftp> quit
221 Goodbye

--- JUNOS 14.1B3 built 2014-04-01 21:49:53 UTC

vmukhin@eabu-sol-eng-dc-core-01> 

vmukhin@eabu-sol-eng-dc-core-01> 

vmukhin@eabu-sol-eng-dc-core-01> file list |match ag2.2-ce20-service-all-ACX5K-Nov-13-2015.conf 
ag2.2-ce20-service-all-ACX5K-Nov-13-2015.conf

vmukhin@eabu-sol-eng-dc-core-01> ftp 172.29.100.44 
Connected to 172.29.100.44.
220-FileZilla Server version 0.9.48 beta
220-written by Tim Kosse (tim.kosse@filezilla-project.org)
220 Please visit http://sourceforge.net/projects/filezilla/
Name (172.29.100.44:vmukhin): mamba
331 Password required for mamba
Password:
230 Logged on
Remote system type is UNIX.
ftp> binary
200 Type set to I
ftp> cd ./ce20-service-all-ACX5K-Nov-13-2015/2015-10-20-v.01
250 CWD successful. "/ce20-service-all-ACX5K-Nov-13-2015/2015-10-20-v.01" is current directory.
ftp> put ag2.2-ce20-service-all-ACX5K-Nov-13-2015.conf ag2.2-ce20-service-all-ACX5K-Nov-13-2015.conf
local: ag2.2-ce20-service-all-ACX5K-Nov-13-2015.conf remote: ag2.2-ce20-service-all-ACX5K-Nov-13-2015.conf
200 Port command successful
150 Opening data channel for file upload to server of "/ce20-service-all-ACX5K-Nov-13-2015/2015-10-20-v.01/ag2.2-ce20-service-all-ACX5K-Nov-13-2015.conf"
100% |**********************************************************************************************************************************************************| 27646       00:00 ETAA
226 Successfully transferred "/ce20-service-all-ACX5K-Nov-13-2015/2015-10-20-v.01/ag2.2-ce20-service-all-ACX5K-Nov-13-2015.conf"
27646 bytes sent in 0.12 seconds (218.67 KB/s)
ftp> quit
221 Goodbye

