--- JUNOS 14.1R2.12 built 2014-08-06 10:01:16 UTC

vmukhin@meson> 

vmukhin@meson> 

vmukhin@meson> edit 
Entering configuration mode
Users currently editing the configuration:
  vmukhin terminal p0 (pid 1511) on since 2016-06-06 22:53:31 PDT, idle 00:02:55
      [edit interfaces ps2]

[edit]
vmukhin@meson# save ag1.1-PWHT-VPLS-to-PS-2016.conf 
Wrote 1671 lines of configuration to 'ag1.1-PWHT-VPLS-to-PS-2016.conf'

[edit]
vmukhin@meson# exit 
Exiting configuration mode

vmukhin@meson> ftp 172.29.103.14 
Connected to 172.29.103.14.
220-FileZilla Server version 0.9.48 beta
220-written by Tim Kosse (tim.kosse@filezilla-project.org)
220 Please visit http://sourceforge.net/projects/filezilla/
Name (172.29.103.14:vmukhin): mamba
331 Password required for mamba
Password:
230 Logged on
Remote system type is UNIX.
ftp> binary
200 Type set to I
ftp> cd ./PWHT-VPLS-to-PS-2016/2016-6-7-v.01
250 CWD successful. "/PWHT-VPLS-to-PS-2016/2016-6-7-v.01" is current directory.
ftp> put ag1.1-PWHT-VPLS-to-PS-2016.conf ag1.1-PWHT-VPLS-to-PS-2016.conf
local: ag1.1-PWHT-VPLS-to-PS-2016.conf remote: ag1.1-PWHT-VPLS-to-PS-2016.conf
200 Port command successful
150 Opening data channel for file upload to server of "/PWHT-VPLS-to-PS-2016/2016-6-7-v.01/ag1.1-PWHT-VPLS-to-PS-2016.conf"
100% |**********************************************************************************************************************************************************| 46867       00:00 ETAA
226 Successfully transferred "/PWHT-VPLS-to-PS-2016/2016-6-7-v.01/ag1.1-PWHT-VPLS-to-PS-2016.conf"
46867 bytes sent in 0.14 seconds (322.83 KB/s)
ftp> quit
221 Goodbye

Last login: Tue Jun  7 12:51:19 2016 from 172.29.103.14
--- JUNOS 15.1R4.2 built 2016-06-03 13:17:00 UTC

vmukhin@meson> 

vmukhin@meson> 

vmukhin@meson> edit 
Entering configuration mode
Users currently editing the configuration:
  vmukhin terminal p0 (pid 2677) on since 2016-06-07 12:51:22 PDT, idle 00:01:58
      [edit]

[edit]
vmukhin@meson# save ag1.1-PWHT-VPLS-to-PS-2016.conf 
Wrote 1685 lines of configuration to 'ag1.1-PWHT-VPLS-to-PS-2016.conf'

[edit]
vmukhin@meson# exit 
Exiting configuration mode

vmukhin@meson> ftp 172.29.103.14 
Connected to 172.29.103.14.
220-FileZilla Server version 0.9.48 beta
220-written by Tim Kosse (tim.kosse@filezilla-project.org)
220 Please visit http://sourceforge.net/projects/filezilla/
Name (172.29.103.14:vmukhin): mamba
331 Password required for mamba
Password:
230 Logged on
Remote system type is UNIX.
ftp> binary
200 Type set to I
ftp> cd ./PWHT-VPLS-to-PS-2016/2016-6-7-v.02
250 CWD successful. "/PWHT-VPLS-to-PS-2016/2016-6-7-v.02" is current directory.
ftp> put ag1.1-PWHT-VPLS-to-PS-2016.conf ag1.1-PWHT-VPLS-to-PS-2016.conf
local: ag1.1-PWHT-VPLS-to-PS-2016.conf remote: ag1.1-PWHT-VPLS-to-PS-2016.conf
200 Port command successful
150 Opening data channel for file upload to server of "/PWHT-VPLS-to-PS-2016/2016-6-7-v.02/ag1.1-PWHT-VPLS-to-PS-2016.conf"
100% |**********************************************************************************************************************************************************| 47115       00:00 ETAA
226 Successfully transferred "/PWHT-VPLS-to-PS-2016/2016-6-7-v.02/ag1.1-PWHT-VPLS-to-PS-2016.conf"
47115 bytes sent in 0.17 seconds (268.48 KB/s)
ftp> quit
221 Goodbye

