--- JUNOS 13.3R2.7 built 2014-04-20 20:58:39 UTC

vmukhin@eabu-sol-eng-dc-s7> 

vmukhin@eabu-sol-eng-dc-s7> 

vmukhin@eabu-sol-eng-dc-s7> edit 
Entering configuration mode

[edit]
vmukhin@eabu-sol-eng-dc-s7# save ag3.1-PWHT-VPLS-to-PS-2016.conf 
Wrote 588 lines of configuration to 'ag3.1-PWHT-VPLS-to-PS-2016.conf'

[edit]
vmukhin@eabu-sol-eng-dc-s7# exit 
Exiting configuration mode

vmukhin@eabu-sol-eng-dc-s7> ftp 172.29.103.14 
Connected to 172.29.103.14.
220-FileZilla Server version 0.9.48 beta
220-written by Tim Kosse (tim.kosse@filezilla-project.org)
220 Please visit http://sourceforge.net/projects/filezilla/
Name (172.29.103.14:vmukhin): mamba
331 Password required for mamba
Password:
230 Logged on
Remote system type is UNIX.
ftp> binary
200 Type set to I
ftp> cd ./PWHT-VPLS-to-PS-2016/2016-6-7-v.01
250 CWD successful. "/PWHT-VPLS-to-PS-2016/2016-6-7-v.01" is current directory.
ftp> put ag3.1-PWHT-VPLS-to-PS-2016.conf ag3.1-PWHT-VPLS-to-PS-2016.conf
local: ag3.1-PWHT-VPLS-to-PS-2016.conf remote: ag3.1-PWHT-VPLS-to-PS-2016.conf
200 Port command successful
150 Opening data channel for file upload to server of "/PWHT-VPLS-to-PS-2016/2016-6-7-v.01/ag3.1-PWHT-VPLS-to-PS-2016.conf"
100% |**********************************************************************************************************************************************************| 15981       00:00 ETAA
226 Successfully transferred "/PWHT-VPLS-to-PS-2016/2016-6-7-v.01/ag3.1-PWHT-VPLS-to-PS-2016.conf"
15981 bytes sent in 0.10 seconds (158.26 KB/s)
ftp> quit
221 Goodbye

--- JUNOS 13.3R2.7 built 2014-04-20 20:58:39 UTC

vmukhin@eabu-sol-eng-dc-s7> 

vmukhin@eabu-sol-eng-dc-s7> 

vmukhin@eabu-sol-eng-dc-s7> edit 
Entering configuration mode

[edit]
vmukhin@eabu-sol-eng-dc-s7# save ag3.1-PWHT-VPLS-to-PS-2016.conf 
Wrote 588 lines of configuration to 'ag3.1-PWHT-VPLS-to-PS-2016.conf'

[edit]
vmukhin@eabu-sol-eng-dc-s7# exit 
Exiting configuration mode

vmukhin@eabu-sol-eng-dc-s7> ftp 172.29.103.14 
Connected to 172.29.103.14.
220-FileZilla Server version 0.9.48 beta
220-written by Tim Kosse (tim.kosse@filezilla-project.org)
220 Please visit http://sourceforge.net/projects/filezilla/
Name (172.29.103.14:vmukhin): mamba
331 Password required for mamba
Password:
230 Logged on
Remote system type is UNIX.
ftp> binary
200 Type set to I
ftp> cd ./PWHT-VPLS-to-PS-2016/2016-6-7-v.02
250 CWD successful. "/PWHT-VPLS-to-PS-2016/2016-6-7-v.02" is current directory.
ftp> put ag3.1-PWHT-VPLS-to-PS-2016.conf ag3.1-PWHT-VPLS-to-PS-2016.conf
local: ag3.1-PWHT-VPLS-to-PS-2016.conf remote: ag3.1-PWHT-VPLS-to-PS-2016.conf
200 Port command successful
150 Opening data channel for file upload to server of "/PWHT-VPLS-to-PS-2016/2016-6-7-v.02/ag3.1-PWHT-VPLS-to-PS-2016.conf"
100% |**********************************************************************************************************************************************************| 15981       00:00 ETAA
226 Successfully transferred "/PWHT-VPLS-to-PS-2016/2016-6-7-v.02/ag3.1-PWHT-VPLS-to-PS-2016.conf"
15981 bytes sent in 0.10 seconds (153.81 KB/s)
ftp> quit
221 Goodbye

