--- JUNOS 14.1R2.12 built 2014-08-06 10:01:16 UTC

vmukhin@meson> 

vmukhin@meson> 

vmukhin@meson> edit 
Entering configuration mode
Users currently editing the configuration:
  root terminal u0 (pid 63030) on since 2016-02-21 01:02:17 PST, idle 1w1d 09:50
      [edit groups]

[edit]
vmukhin@meson# save ag1.1-AAA-test-cfg.conf 
Wrote 2065 lines of configuration to 'ag1.1-AAA-test-cfg.conf'

[edit]
vmukhin@meson# exit 
Exiting configuration mode

vmukhin@meson> ftp 172.29.65.79 
Connected to 172.29.65.79.
220-FileZilla Server version 0.9.48 beta
220-written by Tim Kosse (tim.kosse@filezilla-project.org)
220 Please visit http://sourceforge.net/projects/filezilla/
Name (172.29.65.79:vmukhin): mamba
331 Password required for mamba
Password:
230 Logged on
Remote system type is UNIX.
ftp> binary
200 Type set to I
ftp> cd ./AAA-test-cfg/2016-3-9-v.02
250 CWD successful. "/AAA-test-cfg/2016-3-9-v.02" is current directory.
ftp> put ag1.1-AAA-test-cfg.conf ag1.1-AAA-test-cfg.conf
local: ag1.1-AAA-test-cfg.conf remote: ag1.1-AAA-test-cfg.conf
200 Port command successful
150 Opening data channel for file upload to server of "/AAA-test-cfg/2016-3-9-v.02/ag1.1-AAA-test-cfg.conf"
100% |****************************************| 58249       00:00 ETA
226 Successfully transferred "/AAA-test-cfg/2016-3-9-v.02/ag1.1-AAA-test-cfg.conf"
58249 bytes sent in 1.64 seconds (34.75 KB/s)
ftp> quit
221 Goodbye

--- JUNOS 14.1R2.12 built 2014-08-06 10:01:16 UTC

vmukhin@meson> 

vmukhin@meson> 

vmukhin@meson> edit 
Entering configuration mode
Users currently editing the configuration:
  root terminal u0 (pid 63030) on since 2016-02-21 01:02:17 PST, idle 1w1d 09:58
      [edit groups]

[edit]
vmukhin@meson# save ag1.1-AAA-test-cfg.conf 
Wrote 2065 lines of configuration to 'ag1.1-AAA-test-cfg.conf'

[edit]
vmukhin@meson# exit 
Exiting configuration mode

vmukhin@meson> ftp 172.29.65.79 
Connected to 172.29.65.79.
220-FileZilla Server version 0.9.48 beta
220-written by Tim Kosse (tim.kosse@filezilla-project.org)
220 Please visit http://sourceforge.net/projects/filezilla/
Name (172.29.65.79:vmukhin): mamba
331 Password required for mamba
Password:
230 Logged on
Remote system type is UNIX.
ftp> binary
200 Type set to I
ftp> cd ./AAA-test-cfg/2016-3-9-v.03
250 CWD successful. "/AAA-test-cfg/2016-3-9-v.03" is current directory.
ftp> put ag1.1-AAA-test-cfg.conf ag1.1-AAA-test-cfg.conf
local: ag1.1-AAA-test-cfg.conf remote: ag1.1-AAA-test-cfg.conf
200 Port command successful
150 Opening data channel for file upload to server of "/AAA-test-cfg/2016-3-9-v.03/ag1.1-AAA-test-cfg.conf"
100% |****************************************| 58249       00:00 ETA
226 Successfully transferred "/AAA-test-cfg/2016-3-9-v.03/ag1.1-AAA-test-cfg.conf"
58249 bytes sent in 1.64 seconds (34.76 KB/s)
ftp> quit
221 Goodbye

--- JUNOS 14.1R2.12 built 2014-08-06 10:01:16 UTC

vmukhin@meson> 

vmukhin@meson> 

vmukhin@meson> edit 
Entering configuration mode
Users currently editing the configuration:
  root terminal u0 (pid 63030) on since 2016-02-21 01:02:17 PST, idle 1w1d 10:01
      [edit groups]

[edit]
vmukhin@meson# save ag1.1-AAA-test-cfg.conf 
Wrote 2065 lines of configuration to 'ag1.1-AAA-test-cfg.conf'

[edit]
vmukhin@meson# exit 
Exiting configuration mode

vmukhin@meson> ftp 172.29.65.79 
Connected to 172.29.65.79.
220-FileZilla Server version 0.9.48 beta
220-written by Tim Kosse (tim.kosse@filezilla-project.org)
220 Please visit http://sourceforge.net/projects/filezilla/
Name (172.29.65.79:vmukhin): mamba
331 Password required for mamba
Password:
230 Logged on
Remote system type is UNIX.
ftp> binary
200 Type set to I
ftp> cd ./AAA-test-cfg/2016-3-9-v.03
250 CWD successful. "/AAA-test-cfg/2016-3-9-v.03" is current directory.
ftp> put ag1.1-AAA-test-cfg.conf ag1.1-AAA-test-cfg.conf
local: ag1.1-AAA-test-cfg.conf remote: ag1.1-AAA-test-cfg.conf
200 Port command successful
150 Opening data channel for file upload to server of "/AAA-test-cfg/2016-3-9-v.03/ag1.1-AAA-test-cfg.conf"
100% |****************************************| 58249       00:00 ETA
226 Successfully transferred "/AAA-test-cfg/2016-3-9-v.03/ag1.1-AAA-test-cfg.conf"
58249 bytes sent in 1.63 seconds (34.84 KB/s)
ftp> quit
221 Goodbye

--- JUNOS 14.1R2.12 built 2014-08-06 10:01:16 UTC

vmukhin@meson> 

vmukhin@meson> 

vmukhin@meson> edit 
Entering configuration mode
Users currently editing the configuration:
  root terminal u0 (pid 63030) on since 2016-02-21 01:02:17 PST, idle 1w1d 10:04
      [edit groups]

[edit]
vmukhin@meson# save ag1.1-AAA-test-cfg.conf 
Wrote 2065 lines of configuration to 'ag1.1-AAA-test-cfg.conf'

[edit]
vmukhin@meson# exit 
Exiting configuration mode

vmukhin@meson> ftp 172.29.65.79 
Connected to 172.29.65.79.
220-FileZilla Server version 0.9.48 beta
220-written by Tim Kosse (tim.kosse@filezilla-project.org)
220 Please visit http://sourceforge.net/projects/filezilla/
Name (172.29.65.79:vmukhin): mamba
331 Password required for mamba
Password:
230 Logged on
Remote system type is UNIX.
ftp> binary
200 Type set to I
ftp> cd ./AAA-test-cfg/2016-3-9-v.03
250 CWD successful. "/AAA-test-cfg/2016-3-9-v.03" is current directory.
ftp> put ag1.1-AAA-test-cfg.conf ag1.1-AAA-test-cfg.conf
local: ag1.1-AAA-test-cfg.conf remote: ag1.1-AAA-test-cfg.conf
200 Port command successful
150 Opening data channel for file upload to server of "/AAA-test-cfg/2016-3-9-v.03/ag1.1-AAA-test-cfg.conf"
100% |****************************************| 58249       00:00 ETA
226 Successfully transferred "/AAA-test-cfg/2016-3-9-v.03/ag1.1-AAA-test-cfg.conf"
58249 bytes sent in 1.63 seconds (34.88 KB/s)
ftp> quit
221 Goodbye

--- JUNOS 14.1R2.12 built 2014-08-06 10:01:16 UTC

vmukhin@meson> 

vmukhin@meson> 

vmukhin@meson> edit 
Entering configuration mode
Users currently editing the configuration:
  root terminal u0 (pid 63030) on since 2016-02-21 01:02:17 PST, idle 1w1d 10:07
      [edit groups]

[edit]
vmukhin@meson# save ag1.1-AAA-test-cfg.conf 
Wrote 2065 lines of configuration to 'ag1.1-AAA-test-cfg.conf'

[edit]
vmukhin@meson# exit 
Exiting configuration mode

vmukhin@meson> ftp 172.29.65.79 
Connected to 172.29.65.79.
220-FileZilla Server version 0.9.48 beta
220-written by Tim Kosse (tim.kosse@filezilla-project.org)
220 Please visit http://sourceforge.net/projects/filezilla/
Name (172.29.65.79:vmukhin): mamba
331 Password required for mamba
Password:
230 Logged on
Remote system type is UNIX.
ftp> binary
200 Type set to I
ftp> cd ./AAA-test-cfg/2016-3-9-v.04
250 CWD successful. "/AAA-test-cfg/2016-3-9-v.04" is current directory.
ftp> put ag1.1-AAA-test-cfg.conf ag1.1-AAA-test-cfg.conf
local: ag1.1-AAA-test-cfg.conf remote: ag1.1-AAA-test-cfg.conf
200 Port command successful
150 Opening data channel for file upload to server of "/AAA-test-cfg/2016-3-9-v.04/ag1.1-AAA-test-cfg.conf"
100% |****************************************| 58249       00:00 ETA
226 Successfully transferred "/AAA-test-cfg/2016-3-9-v.04/ag1.1-AAA-test-cfg.conf"
58249 bytes sent in 1.63 seconds (34.89 KB/s)
ftp> quit
221 Goodbye

--- JUNOS 14.1R2.12 built 2014-08-06 10:01:16 UTC

vmukhin@meson> 

vmukhin@meson> 

vmukhin@meson> show version 
Hostname: meson
Model: mx80-p
Junos: 14.1R2.12
JUNOS Base OS boot [14.1R2.12]
JUNOS Base OS Software Suite [14.1R2.12]
JUNOS Kernel Software Suite [14.1R2.12]
JUNOS Crypto Software Suite [14.1R2.12]
JUNOS Packet Forwarding Engine Support (MX80) [14.1R2.12]
JUNOS Online Documentation [14.1R2.12]
JUNOS Services Application Level Gateways [14.1R2.12]
JUNOS Services Jflow Container package [14.1R2.12]
JUNOS Services Stateful Firewall [14.1R2.12]
JUNOS Services NAT [14.1R2.12]
JUNOS Services RPM [14.1R2.12]
JUNOS Services Crypto [14.1R2.12]
JUNOS Services SSL [14.1R2.12]
JUNOS Services IPSec [14.1R2.12]
JUNOS Routing Software Suite [14.1R2.12]

vmukhin@meson> 

vmukhin@meson> edit 
Entering configuration mode
Users currently editing the configuration:
  root terminal u0 (pid 63030) on since 2016-02-21 01:02:17 PST, idle 1w1d 10:08
      [edit groups]

[edit]
vmukhin@meson# edit groups global 

[edit groups global]
vmukhin@meson# save grp-global-original.conf 
Wrote 284 lines of configuration to 'grp-global-original.conf'

[edit groups global]
vmukhin@meson# exit 

[edit]
vmukhin@meson# edit groups re0 

[edit groups re0]
vmukhin@meson# show 
system {
    host-name meson;
}
interfaces {
    fxp0 {
        unit 0 {
            family inet {
                address 10.164.1.143/23;
            }
        }
    }
}

[edit groups re0]
vmukhin@meson# save grp-re0.conf 
Wrote 18 lines of configuration to 'grp-re0.conf'

[edit groups re0]
vmukhin@meson# exit 

[edit]
vmukhin@meson# exit 
Exiting configuration mode

vmukhin@meson> ftp 172.29.65.79 
Connected to 172.29.65.79.
220-FileZilla Server version 0.9.48 beta
220-written by Tim Kosse (tim.kosse@filezilla-project.org)
220 Please visit http://sourceforge.net/projects/filezilla/
Name (172.29.65.79:vmukhin): mamba
331 Password required for mamba
Password:
230 Logged on
Remote system type is UNIX.
ftp> binary
200 Type set to I
ftp> get ./AAA-test-cfg/2016-3-9-v.04/ag1.1-AAA-test-cfg.conf ag1.1-AAA-test-cfg.conf
local: ag1.1-AAA-test-cfg.conf remote: ./AAA-test-cfg/2016-3-9-v.04/ag1.1-AAA-test-cfg.conf
200 Port command successful
150 Opening data channel for file download from server of "/AAA-test-cfg/2016-3-9-v.04/ag1.1-AAA-test-cfg.conf"
100% |****************************************| 58249       00:00 ETA
226 Successfully transferred "/AAA-test-cfg/2016-3-9-v.04/ag1.1-AAA-test-cfg.conf"
58249 bytes received in 1.79 seconds (31.79 KB/s)
ftp> quit
221 Goodbye

vmukhin@meson> edit 
Entering configuration mode
Users currently editing the configuration:
  root terminal u0 (pid 63030) on since 2016-02-21 01:02:17 PST, idle 1w1d 10:09
      [edit groups]

[edit]
vmukhin@meson# delete access 
warning: statement not found

[edit]
vmukhin@meson# delete services 
warning: statement not found

[edit]
vmukhin@meson# delete routing-instances 

[edit]
vmukhin@meson# delete protocols 

[edit]
vmukhin@meson# delete interfaces 

[edit]
vmukhin@meson# delete routing-options 

[edit]
vmukhin@meson# commit 
commit complete

[edit]
vmukhin@meson# load update ag1.1-AAA-test-cfg.conf 
edit groups global
load complete

[edit]
vmukhin@meson# edit groups global 

[edit groups global]
vmukhin@meson# load replace grp-global-original.conf 
exit
load complete

[edit groups global]
vmukhin@meson# exit 

[edit]
vmukhin@meson# set apply-groups global 

[edit]
vmukhin@meson# edit groups re0 

[edit groups re0]
vmukhin@meson# load replace grp-re0.conf 
exit
load complete

[edit groups re0]
vmukhin@meson# exit 

[edit]
vmukhin@meson# set apply-groups re0 

[edit]
vmukhin@meson# commit 
commit complete

[edit]
