--- JUNOS 13.3R2.7 built 2014-04-20 20:58:39 UTC

vmukhin@eabu-sol-eng-dc-s7> 

vmukhin@eabu-sol-eng-dc-s7> 

vmukhin@eabu-sol-eng-dc-s7> edit 
Entering configuration mode

[edit]
vmukhin@eabu-sol-eng-dc-s7# ...-configs-2106.conf                  
exit
Wrote 626 lines of configuration to 'ag3.1-Metro-PAXIA-and-CLT-drated-configs-2106.conf'

[edit]
vmukhin@eabu-sol-eng-dc-s7# exit 
Exiting configuration mode

vmukhin@eabu-sol-eng-dc-s7> ftp 172.29.102.242 
Connected to 172.29.102.242.
220-FileZilla Server version 0.9.48 beta
220-written by Tim Kosse (tim.kosse@filezilla-project.org)
220 Please visit http://sourceforge.net/projects/filezilla/
Name (172.29.102.242:vmukhin): mamba
331 Password required for mamba
Password:
230 Logged on
Remote system type is UNIX.
ftp> binary
200 Type set to I
ftp> cd ./Metro-PAXIA-and-CLT-drated-configs-2106/2016-6-14-v.01
250 CWD successful. "/Metro-PAXIA-and-CLT-drated-configs-2106/2016-6-14-v.01" is current directory.
ftp> put ag3.1-Metro-PAXIA-and-CLT-drated-configs-2106.conf ag3.1-Metro-PAXIA-and-CLT-drated-configs-2106.conf
local: ag3.1-Metro-PAXIA-and-CLT-drated-configs-2106.conf remote: ag3.1-Metro-PAXIA-and-CLT-drated-configs-2106.conf
200 Port command successful
150 Opening data channel for file upload to server of "/Metro-PAXIA-and-CLT-drated-configs-2106/2016-6-14-v.01/ag3.1-Metro-PAXIA-and-CLT-drated-configs-2106.conf"
100% |****************************************| 16885       00:00 ETA
226 Successfully transferred "/Metro-PAXIA-and-CLT-drated-configs-2106/2016-6-14-v.01/ag3.1-Metro-PAXIA-and-CLT-drated-configs-2106.conf"
16885 bytes sent in 0.14 seconds (120.83 KB/s)
ftp> quit
221 Goodbye

