--- JUNOS 12.3R6.6 built 2014-03-13 06:58:30 UTC

vmukhin@eabu-sol-eng-dc-s9> 

vmukhin@eabu-sol-eng-dc-s9> 

vmukhin@eabu-sol-eng-dc-s9> edit 
Entering configuration mode

[edit]
vmukhin@eabu-sol-eng-dc-s9# save switch-GVTC-Services-all-ACX5k-hairpinning-2016.conf 
Wrote 311 lines of configuration to 'switch-GVTC-Services-all-ACX5k-hairpinning-2016.conf'

[edit]
vmukhin@eabu-sol-eng-dc-s9# exit 
Exiting configuration mode

vmukhin@eabu-sol-eng-dc-s9> ftp 172.29.101.59 
Connected to 172.29.101.59.
220-FileZilla Server version 0.9.48 beta
220-written by Tim Kosse (tim.kosse@filezilla-project.org)
220 Please visit http://sourceforge.net/projects/filezilla/
Name (172.29.101.59:vmukhin): mamba
331 Password required for mamba
Password:
230 Logged on
Remote system type is UNIX.
ftp> binary
200 Type set to I
ftp> cd ./GVTC-Services-all-ACX5k-hairpinning-2016/2016-4-23-v.01
250 CWD successful. "/GVTC-Services-all-ACX5k-hairpinning-2016/2016-4-23-v.01" is current directory.
ftp> put switch-GVTC-Services-all-ACX5k-hairpinning-2016.conf switch-GVTC-Services-all-ACX5k-hairpinning-2016.conf
local: switch-GVTC-Services-all-ACX5k-hairpinning-2016.conf remote: switch-GVTC-Services-all-ACX5k-hairpinning-2016.conf
200 Port command successful
150 Opening data channel for file upload to server of "/GVTC-Services-all-ACX5k-hairpinning-2016/2016-4-23-v.01/switch-GVTC-Services-all-ACX5k-hairpinning-2016.conf"
100% |**********************************************************************************************************************************************************|  8568       00:00 ETAA
226 Successfully transferred "/GVTC-Services-all-ACX5k-hairpinning-2016/2016-4-23-v.01/switch-GVTC-Services-all-ACX5k-hairpinning-2016.conf"
8568 bytes sent in 0.09 seconds (93.18 KB/s)
ftp> quit
221 Goodbye

