--- JUNOS 12.3X54-D28 built 2016-04-17 17:00:31 UTC

vmukhin@csr1.2-a-quark> 

vmukhin@csr1.2-a-quark> 

vmukhin@csr1.2-a-quark> edit 
Entering configuration mode
The configuration has been changed but not committed

[edit]
vmukhin@csr1.2-a-quark# ...XIA-and-CLT-drated-configs-2106.conf    
exit
Wrote 1070 lines of configuration to 'csr1.2-Metro-PAXIA-and-CLT-drated-configs-2106.conf'

[edit]
vmukhin@csr1.2-a-quark# exit 
The configuration has been changed but not committed
Exit with uncommitted changes? [yes,no] (yes) yes 

Exiting configuration mode

vmukhin@csr1.2-a-quark> ftp 172.29.102.242 
Connected to 172.29.102.242.
220-FileZilla Server version 0.9.48 beta
220-written by Tim Kosse (tim.kosse@filezilla-project.org)
220 Please visit http://sourceforge.net/projects/filezilla/
Name (172.29.102.242:vmukhin): mamba
331 Password required for mamba
Password:
230 Logged on
Remote system type is UNIX.
ftp> binary
200 Type set to I
ftp> cd ./Metro-PAXIA-and-CLT-drated-configs-2106/2016-6-14-v.01
250 CWD successful. "/Metro-PAXIA-and-CLT-drated-configs-2106/2016-6-14-v.01" is current directory.
ftp> put csr1.2-Metro-PAXIA-and-CLT-drated-configs-2106.conf csr1.2-Metro-PAXIA-and-CLT-drated-configs-2106.conf
local: csr1.2-Metro-PAXIA-and-CLT-drated-configs-2106.conf remote: csr1.2-Metro-PAXIA-and-CLT-drated-configs-2106.conf
200 Port command successful
150 Opening data channel for file upload to server of "/Metro-PAXIA-and-CLT-drated-configs-2106/2016-6-14-v.01/csr1.2-Metro-PAXIA-and-CLT-drated-configs-2106.conf"
100% |****************************************| 31161       00:00 ETA
226 Successfully transferred "/Metro-PAXIA-and-CLT-drated-configs-2106/2016-6-14-v.01/csr1.2-Metro-PAXIA-and-CLT-drated-configs-2106.conf"
31161 bytes sent in 0.21 seconds (146.56 KB/s)
ftp> quit
221 Goodbye

