--- JUNOS 12.3-20140528_acx_x54_s4.0 built 2014-05-28 18:14:01 UTC
At least one package installed on this device has limited support.
Run 'file show /etc/notices/unsupported.txt' for details.
vmukhin@csr1.4-b-quark> edit 
Entering configuration mode
Users currently editing the configuration:
  labadmin terminal u0 (pid 4300) on since 2016-01-12 21:32:13 PST, idle 6d 07:06
      [edit]

[edit]
vmukhin@csr1.4-b-quark# save csr1.4-0000-backup.conf  
Wrote 1094 lines of configuration to 'csr1.4-0000-backup.conf'

[edit]
vmukhin@csr1.4-b-quark# show 
## Last changed: 2016-01-12 21:35:06 PST
version 12.3-20140528_acx_x54_s4.0;
groups {
    global {
        system {
            domain-name englab.juniper.net;
            domain-search [ englab.juniper.net epbg.juniper.net juniper.net jnpr.net spglab.juniper.net ];
            time-zone America/Los_Angeles;
            debugger-on-panic;
            debugger-on-break;
            dump-on-panic;
            authentication-order [ password radius ];
            root-authentication {
                encrypted-password "$1$ZUlES4dp$OUwWo1g7cLoV/aMWpHUnC/"; ## SECRET-DATA
            }
            name-server {
                192.168.5.68;
                192.168.60.131;
            }
            radius-server {
                192.168.69.162 secret "$9$5T6AB1hcyeCAu1IEleWLxds2oJU.fQ7-jk.53n"; ## SECRET-DATA
                192.168.60.52 secret "$9$29gGiPfzFn9jiqf5Q/9p0BEylvWXbY41R7db2JZ"; ## SECRET-DATA
                192.168.64.10 secret "$9$vsEM7Vg4ZGDHdVs4oJiHmfT39AuOIrKWQFESrvXx"; ## SECRET-DATA
                192.168.60.55 secret "$9$mPF/u0IRhy6/A0O1SyKM87Vw24JH.fLxGjHmQz"; ## SECRET-DATA
            }
            login {
                class wheel {
                    permissions [ admin clear field floppy interface maintenance network reset routing shell snmp system trace view ];
                }
                class readonly {
                    permissions [ interface network routing system trace view ];
                }
                user regress {
                    uid 928;
                    class superuser;
                    shell csh;
                    authentication {
                        encrypted-password "$1$kPU..$w.4FGRAGanJ8U4Yq6sbj7."; ## SECRET-DATA
                    }
                }
                user fregress {
                    uid 929;
                    class superuser;
                    shell csh;          
                    authentication {
                        encrypted-password "$1$ZUlES4dp$OUwWo1g7cLoV/aMWpHUnC/"; ## SECRET-DATA
                    }
                }
                user remote {
                    uid 9999;
                    class superuser;
                    shell csh;
                }
                user vmukhin {
                    uid 929;
                    class super-user;
                    authentication {
                        encrypted-password "$1$.neRl71A$i3Kvqps7lkXQsQO9uVhHa/"; ## SECRET-DATA
                    }
                }
                user iometrix {
                    uid 2000;
                    class super-user;
                    authentication {
                        encrypted-password "$1$LYJOOY7z$2mZ4usEMzxFGzZL6nRAT7/"; ## SECRET-DATA
                    }
                }
                user labadmin {
                    full-name "Lab Admin";
                    uid 2001;
                    class super-user;
                    authentication {
                        encrypted-password "$5$5WcJMJV/$wFt2EWZYSyi7FNb5sLmgQjNQglkNf.5mbNd/A.7tcWA"; ## SECRET-DATA
                    }
                }
            }
            services {
                finger;
                ftp;
                rlogin;
                rsh;
                ssh;
                telnet;
                xnm-clear-text;
                netconf {
                    ssh;
                }
            }
            syslog {
                host log {
                    kernel info;
                    any notice;         
                    pfe info;
                    interactive-commands any;
                }
                file messages {
                    kernel info;
                    any notice;
                    authorization info;
                    pfe info;
                    archive world-readable;
                }
                file security {
                    interactive-commands any;
                    archive world-readable;
                }
            }
            processes {
                routing enable;
                ntp enable;
                management enable;
                watchdog enable;
                snmp enable;
                inet-process enable;
                mib-process enable;
            }
            ntp {
                boot-server 172.17.28.5;
                server 172.17.28.5;
            }
        }
        chassis {
            dump-on-panic;
        }
        interfaces {
            lo0 {
                unit 0 {
                    family inet {
                        address 127.0.0.1/32;
                    }
                }
            }
        }
        snmp {
            location "Solution lab";
            community public {
                authorization read-only;
            }
            community private {
                authorization read-write;
            }
        }
        routing-options {
            static {                    
                route 172.16.0.0/12 {
                    next-hop 10.164.0.1;
                    retain;
                    no-readvertise;
                }
                route 192.168.0.0/16 {
                    next-hop 10.164.0.1;
                    retain;
                    no-readvertise;
                }
                route 10.9.0.0/16 {
                    next-hop 10.164.0.1;
                    retain;
                    no-readvertise;
                }
                route 10.4.0.0/16 {
                    next-hop 10.164.0.1;
                    retain;
                    no-readvertise;
                }
                route 10.10.0.0/16 {
                    next-hop 10.164.0.1;
                    retain;
                    no-readvertise;
                }
                route 10.13.0.0/16 {
                    next-hop 10.164.0.1;
                    retain;
                    no-readvertise;
                }
                route 10.84.0.0/16 {
                    next-hop 10.164.0.1;
                    retain;
                    no-readvertise;
                }
                route 10.92.0.0/16 {
                    next-hop 10.164.0.1;
                    retain;
                    no-readvertise;
                }
                route 10.5.0.0/16 {
                    next-hop 10.164.0.1;
                    retain;
                    no-readvertise;
                }
                route 10.6.128.0/17 {
                    next-hop 10.164.0.1;
                    retain;
                    no-readvertise;
                }
                route 207.17.136.0/23 {
                    next-hop 10.164.0.1;
                    retain;
                    no-readvertise;
                }
                route 10.102.0.0/16 {
                    next-hop 10.164.0.1;
                    retain;
                    no-readvertise;
                }
                route 10.160.0.0/16 {
                    next-hop 10.164.0.1;
                    retain;
                    no-readvertise;
                }
                route 10.163.0.0/16 {
                    next-hop 10.164.0.1;
                    retain;
                    no-readvertise;
                }
                route 10.209.0.0/16 {
                    next-hop 10.164.0.1;
                    retain;
                    no-readvertise;
                }
                route 10.212.0.0/16 {
                    next-hop 10.164.0.1;
                    retain;
                    no-readvertise;
                }
                route 10.213.0.0/16 {
                    next-hop 10.164.0.1;
                    retain;
                    no-readvertise;
                }
                route 10.214.0.0/16 {
                    next-hop 10.164.0.1;
                    retain;
                    no-readvertise;
                }
                route 10.216.0.0/16 {
                    next-hop 10.164.0.1;
                    retain;
                    no-readvertise;
                }
                route 10.215.0.0/16 {
                    next-hop 10.164.0.1;
                    retain;
                    no-readvertise;
                }
                route 10.99.0.0/16 {
                    next-hop 10.164.0.1;
                    retain;
                    no-readvertise;     
                }
                route 10.227.0.0/16 {
                    next-hop 10.164.0.1;
                    retain;
                    no-readvertise;
                }
                route 10.150.0.0/16 {
                    next-hop 10.164.0.1;
                    retain;
                    no-readvertise;
                }
                route 10.157.0.0/16 {
                    next-hop 10.164.0.1;
                    retain;
                    no-readvertise;
                }
                route 10.204.0.0/16 {
                    next-hop 10.164.0.1;
                    retain;
                    no-readvertise;
                }
                route 10.85.12.0/22 {
                    next-hop 10.164.0.1;
                    retain;
                    no-readvertise;
                }
                route 10.94.0.0/16 {
                    next-hop 10.164.0.1;
                    retain;
                    no-readvertise;
                }
                route 10.205.0.0/16 {
                    next-hop 10.164.0.1;
                    retain;
                    no-readvertise;
                }
                route 10.206.0.0/16 {
                    next-hop 10.164.0.1;
                    retain;
                    no-readvertise;
                }
                route 10.207.0.0/16 {
                    next-hop 10.164.0.1;
                    retain;
                    no-readvertise;
                }
                route 10.155.0.0/16 {
                    next-hop 10.164.0.1;
                    retain;
                    no-readvertise;
                }
                route 10.82.0.0/15 {    
                    next-hop 10.164.0.1;
                    retain;
                    no-readvertise;
                }
                route 10.157.32.0/19 {
                    next-hop 10.157.32.1;
                    retain;
                    no-readvertise;
                }
                route 10.155.64.0/19 {
                    next-hop 10.155.95.254;
                    retain;
                    no-readvertise;
                }
                route 10.218.13.0/24 {
                    next-hop 10.164.0.1;
                    retain;
                    no-readvertise;
                }
                route 10.218.14.0/24 {
                    next-hop 10.164.0.1;
                    retain;
                    no-readvertise;
                }
                route 10.218.16.0/20 {
                    next-hop 10.164.0.1;
                    retain;
                    no-readvertise;
                }
                route 10.92.248.0/23 {
                    next-hop 10.164.0.1;
                    retain;
                    no-readvertise;
                }
                route 10.218.32.0/20 {
                    next-hop 10.164.0.1;
                    retain;
                    no-readvertise;
                }
            }
        }
    }
    re0 {
        system {
            host-name csr1.4-b-quark;
        }
        interfaces {
            fxp0 {
                unit 0 {
                    family inet {
                        address 10.164.1.140/22;
                    }                   
                }
            }
        }
    }
    GR-ISIS {
        protocols {
            isis {
                interface <*> {
                    point-to-point;
                    bfd-liveness-detection {
                        minimum-interval 10;
                        multiplier 3;
                    }
                    level 1 {
                        hello-authentication-key "$9$lVSv8xbs4Di.Ndi.P56/lKM"; ## SECRET-DATA
                        hello-authentication-type md5;
                    }
                }
            }
        }
    }
    GR-CSR-ACCESS-INTF {
        interfaces {
            <*> {
                traps;
                mtu 9192;
            }
            <ge-*> {
                speed 1g;
                link-mode full-duplex;
                gigether-options {
                    auto-negotiation;
                }
                optics-options {
                    alarm low-light-alarm {
                        link-down;
                    }
                    warning low-light-warning {
                        syslog;
                    }
                }
            }
        }
    }
    GR-BGP-L3VPN {
        protocols {
            bgp {
                group <*> {
                    neighbor <*> {
                        family inet-vpn {
                            unicast;    
                        }
                    }
                }
            }
        }
    }
    GR-BGP-LU {
        protocols {
            bgp {
                group <*> {
                    bfd-liveness-detection {
                        minimum-interval 100;
                        multiplier 3;
                        no-adaptation;
                    }
                    neighbor <*> {
                        family inet {
                            labeled-unicast {
                                rib-group inet3-to-inet0;
                                rib {
                                    inet.3;
                                }
                            }
                        }
                    }
                }
            }
        }
    }
    GR-RSVP {
        protocols {
            rsvp {
                interface <*> {
                    authentication-key "$9$OyXSIhyM87s2alK2aZU.mO1R"; ## SECRET-DATA
                    aggregate;
                }
            }
        }
    }
    GR-CSR-CORE-INTF {
        interfaces {
            "<[g|x]e-*>" {
                traps;
                mtu 9178;
                hold-time up 5000 down 0;
                optics-options {
                    alarm low-light-alarm {
                        link-down;
                    }
                    warning low-light-warning {
                        syslog;         
                    }
                }
            }
        }
    }
    GR-OAM-ETH {
        protocols {
            oam {
                ethernet {
                    connectivity-fault-management {
                        performance-monitoring {
                            hardware-assisted-timestamping;
                        }
                        maintenance-domain <*> {
                            maintenance-association <*> {
                                continuity-check {
                                    interval 1s;
                                    interface-status-tlv;
                                }
                                mep <*> {
                                    direction up;
                                    auto-discovery;
                                }
                            }
                        }
                    }
                }
            }
        }
    }
    GR-ACCESS-INTF-VLAN {
        interfaces {
            "<[x|g]e-*>" {
                mtu 9178;
            }
        }
        inactive: protocols {
            layer2-control {
                mac-rewrite {
                    interface <*> {
                        protocol {
                            stp;
                            vtp;
                            cdp;
                            ieee8021x;
                            ieee8023ah;
                            elmi;
                            lacp;
                            lldp;
                            mmrp;
                            mvrp;
                        }               
                    }
                }
            }
        }
    }
    GR-ACCESS-INTF-ETH {
        interfaces {
            "<[x|g]e-*>" {
                mtu 9174;
            }
        }
        inactive: protocols {
            layer2-control {
                mac-rewrite {
                    interface <*> {
                        protocol {
                            stp;
                            vtp;
                            cdp;
                            ieee8021x;
                            ieee8023ah;
                            elmi;
                            lacp;
                            lldp;
                            mmrp;
                            mvrp;
                        }
                    }
                }
            }
        }
    }
    GR-PWHT {
        protocols {
            l2circuit {
                neighbor <*> {
                    interface <*> {
                        no-control-word;
                        pseudowire-status-tlv;
                    }
                    interface "<[x|g]e-*.0>" {
                        ignore-encapsulation-mismatch;
                    }
                }
            }
        }
    }
}
apply-groups [ global re0 ];
system {
    ports {
        console log-out-on-disconnect;  
    }
    login {
        user labadmin {
            full-name "Lab Admin";
            uid 2001;
            class super-user;
            authentication {
                encrypted-password "$1$ZLcfzBSi$LKI6v6Ol0CPfXi0XK5glw/"; ## SECRET-DATA
            }
        }
    }
    services {
        netconf {
            ssh;
        }
    }
}
chassis {
    fpc 0 {
        pic 0 {
            framing e1;
            aggregated-devices {
                ima {
                    device-count 1;
                }
            }
        }
    }
}
interfaces {
    ce1-0/0/0 {
        partition 1 timeslots 1-2 interface-type ds;
    }
    ds-0/0/0:1 {
        encapsulation cesopsn;
        unit 0;
    }
    ce1-0/0/1 {
        no-partition interface-type e1;
    }
    e1-0/0/1 {
        encapsulation satop;
        unit 0;
    }
    ce1-0/0/10 {
        no-partition interface-type e1;
    }
    e1-0/0/10 {
        encapsulation satop;
        unit 0;
    }                                   
    ce1-0/0/15 {
        no-partition interface-type e1;
    }
    e1-0/0/15 {
        ima-link-options group-id 16;
        encapsulation ima;
    }
    at-0/0/16 {
        atm-options {
            vpi 0;
        }
        unit 0 {
            encapsulation atm-ccc-cell-relay;
            vci 0.100;
        }
    }
    ge-1/0/0 {
        apply-groups GR-ACCESS-INTF-VLAN;
        description "UNI Interface 1";
        flexible-vlan-tagging;
        encapsulation flexible-ethernet-services;
        unit 1 {
            description "4G S1 L3 INTF - 4G PROFILE";
            vlan-id 1;
            family inet {
                address 183.101.101.25/29;
            }
        }
        unit 2 {
            description "4G X2 L3 INTF - 4G PROFILE";
            vlan-id 2;
            family inet {
                address 183.102.102.25/29;
            }
        }
        unit 3 {
            description "4G MNGT L3 INTF - 4G PROFILE";
            vlan-id 3;
            family inet {
                address 183.103.103.25/29;
            }
        }
        unit 11 {
            description "4G S1 EVC - 4G/HSPA PROFILE (H-VPLS)";
            encapsulation vlan-ccc;
            vlan-id 11;
        }
        unit 13 {
            description "4G X2 EVC - 4G/HSPA PROFILE (H-VPLS)";
            encapsulation vlan-ccc;
            vlan-id 13;
---(more 60%)---[abort]

[edit]
