--- JUNOS 14.1R2.4 built 2014-07-04 11:15:27 UTC

vmukhin@boson> 

vmukhin@boson> 

vmukhin@boson> file list |match ag1.2-mbh1.1-isis-rsvp-auto-mesh-bgp-lu-june-6.conf 

vmukhin@boson> ftp 172.29.100.44 
Connected to 172.29.100.44.
220-FileZilla Server version 0.9.48 beta
220-written by Tim Kosse (tim.kosse@filezilla-project.org)
220 Please visit http://sourceforge.net/projects/filezilla/
Name (172.29.100.44:vmukhin): mamba
331 Password required for mamba
Password:
230 Logged on
Remote system type is UNIX.
ftp> binary
200 Type set to I
ftp> cd ./mbh1.1-isis-rsvp-auto-mesh-bgp-lu-june-6/2016-3-9-v.04
550 CWD failed. "/mbh1.1-isis-rsvp-auto-mesh-bgp-lu-june-6/2016-3-9-v.04": directory not found.
--- JUNOS 14.1R2.4 built 2014-07-04 11:15:27 UTC

vmukhin@boson> 

vmukhin@boson> 

vmukhin@boson> file list |match ag1.2-mbh1.1-isis-rsvp-auto-mesh-bgp-lu-june-6.conf 

vmukhin@boson> ftp 172.29.100.44 
Connected to 172.29.100.44.
220-FileZilla Server version 0.9.48 beta
220-written by Tim Kosse (tim.kosse@filezilla-project.org)
220 Please visit http://sourceforge.net/projects/filezilla/
Name (172.29.100.44:vmukhin): mamba
331 Password required for mamba
Password:
230 Logged on
Remote system type is UNIX.
ftp> binary
200 Type set to I
ftp> cd ./mbh1.1-isis-rsvp-auto-mesh-bgp-lu-june-6/None-v.01
250 CWD successful. "/mbh1.1-isis-rsvp-auto-mesh-bgp-lu-june-6/None-v.01" is current directory.
ftp> put ag1.2-mbh1.1-isis-rsvp-auto-mesh-bgp-lu-june-6.conf ag1.2-mbh1.1-isis-rsvp-auto-mesh-bgp-lu-june-6.conf
local: ag1.2-mbh1.1-isis-rsvp-auto-mesh-bgp-lu-june-6.conf remote: ag1.2-mbh1.1-isis-rsvp-auto-mesh-bgp-lu-june-6.conf
ftp: local: ag1.2-mbh1.1-isis-rsvp-auto-mesh-bgp-lu-june-6.conf: No such file or directory
--- JUNOS 14.1R2.4 built 2014-07-04 11:15:27 UTC

vmukhin@boson> 

vmukhin@boson> 

vmukhin@boson> file list |match ag1.2-mbh1.1-isis-rsvp-auto-mesh-bgp-lu-june-27.conf 

vmukhin@boson> ftp 172.29.100.44 
Connected to 172.29.100.44.
220-FileZilla Server version 0.9.48 beta
220-written by Tim Kosse (tim.kosse@filezilla-project.org)
220 Please visit http://sourceforge.net/projects/filezilla/
Name (172.29.100.44:vmukhin): mamba
331 Password required for mamba
Password:
230 Logged on
Remote system type is UNIX.
ftp> binary
200 Type set to I
ftp> cd ./mbh1.1-isis-rsvp-auto-mesh-bgp-lu-june-27/None-v.01
250 CWD successful. "/mbh1.1-isis-rsvp-auto-mesh-bgp-lu-june-27/None-v.01" is current directory.
ftp> put ag1.2-mbh1.1-isis-rsvp-auto-mesh-bgp-lu-june-27.conf ag1.2-mbh1.1-isis-rsvp-auto-mesh-bgp-lu-june-27.conf
local: ag1.2-mbh1.1-isis-rsvp-auto-mesh-bgp-lu-june-27.conf remote: ag1.2-mbh1.1-isis-rsvp-auto-mesh-bgp-lu-june-27.conf
ftp: local: ag1.2-mbh1.1-isis-rsvp-auto-mesh-bgp-lu-june-27.conf: No such file or directory
--- JUNOS 14.1R2.4 built 2014-07-04 11:15:27 UTC

vmukhin@boson> 

vmukhin@boson> 

vmukhin@boson> file list |match ag1.2-mbh1.1-isis-rsvp-auto-mesh-bgp-lu-june-6.conf 

--- JUNOS 14.1R2.4 built 2014-07-04 11:15:27 UTC

vmukhin@boson> 

vmukhin@boson> 

vmukhin@boson> file list |match ag1.2-mbh1.1-isis-rsvp-auto-mesh-bgp-lu-june-27.conf 

--- JUNOS 14.1R2.4 built 2014-07-04 11:15:27 UTC

vmukhin@boson> 

vmukhin@boson> 

vmukhin@boson> file list |match ag1.2-mbh1.1-isis-rsvp-auto-mesh-bgp-lu-june-27.conf 

--- JUNOS 14.1R2.4 built 2014-07-04 11:15:27 UTC

vmukhin@boson> 

vmukhin@boson> 

vmukhin@boson> file list |match ag1.2-mbh1.0-isis-areas-full.conf 

--- JUNOS 14.1R2.4 built 2014-07-04 11:15:27 UTC

vmukhin@boson> 

vmukhin@boson> 

vmukhin@boson> file list |match ag1.2-mbh1.0-full.conf 

--- JUNOS 14.1R2.4 built 2014-07-04 11:15:27 UTC

vmukhin@boson> 

vmukhin@boson> 

vmukhin@boson> file list |match ag1.2-mbh1.1-isis-vlans-auto-mesh.conf 

--- JUNOS 14.1R2.4 built 2014-07-04 11:15:27 UTC

vmukhin@boson> 

vmukhin@boson> 

vmukhin@boson> file list |match ag1.2-mbh1.1-isis-rsvp-auto-mesh-bgp-lu-june-6.conf 

--- JUNOS 14.1R2.4 built 2014-07-04 11:15:27 UTC

vmukhin@boson> 

vmukhin@boson> 

vmukhin@boson> file list |match ag1.2-mbh1.1-isis-rsvp-auto-mesh-bgp-lu-june-27.conf 

--- JUNOS 14.1R2.4 built 2014-07-04 11:15:27 UTC

vmukhin@boson> 

vmukhin@boson> 

vmukhin@boson> file list |match ag1.2-mbh1.1-with-mng-in-grt.conf 

--- JUNOS 14.1R2.4 built 2014-07-04 11:15:27 UTC

vmukhin@boson> 

vmukhin@boson> 

vmukhin@boson> file list |match ag1.2-mbh1.1-isis-rsvp-auto-mesh-bgp-lu-july-01.conf 

--- JUNOS 14.1R2.4 built 2014-07-04 11:15:27 UTC

vmukhin@boson> 

vmukhin@boson> 

vmukhin@boson> file list |match ag1.2-mbh1.1-isis-rsvp-auto-mesh-bgp-lu-july-02-01.conf 

--- JUNOS 14.1R2.4 built 2014-07-04 11:15:27 UTC

vmukhin@boson> 

vmukhin@boson> 

vmukhin@boson> file list |match ag1.2-mbh1.1-July-05.conf 

--- JUNOS 14.1R2.4 built 2014-07-04 11:15:27 UTC

vmukhin@boson> 

vmukhin@boson> 

vmukhin@boson> file list |match ag1.2-mbh1.1-July-07.conf 

--- JUNOS 14.1R2.4 built 2014-07-04 11:15:27 UTC

vmukhin@boson> 

vmukhin@boson> 

vmukhin@boson> file list |match ag1.2-mbh1.1-July-08.conf 

--- JUNOS 14.1R2.4 built 2014-07-04 11:15:27 UTC

vmukhin@boson> 

vmukhin@boson> 

vmukhin@boson> file list |match ag1.2-mbh1.1-July-08.1.conf 

--- JUNOS 14.1R2.4 built 2014-07-04 11:15:27 UTC

vmukhin@boson> 

vmukhin@boson> 

vmukhin@boson> file list |match ag1.2-mbh1.1-full-isis-ring-bgp-lu-rsvp-auto-mesh-july08.conf 

--- JUNOS 14.1R2.4 built 2014-07-04 11:15:27 UTC

vmukhin@boson> 

vmukhin@boson> 

vmukhin@boson> file list |match ag1.2-mbh1.1-ospf-zero-July-09-00.conf 

--- JUNOS 14.1R2.4 built 2014-07-04 11:15:27 UTC
vmukhin@boson> 

vmukhin@boson> 

vmukhin@boson> file list |match ag1.2-mbh1.1-hub&spoke-00.01-July-12.conf
                                                ^
syntax error.

--- JUNOS 14.1R2.4 built 2014-07-04 11:15:27 UTC

vmukhin@boson> 

vmukhin@boson> 

vmukhin@boson> file list |match ag1.2-mbh1.1-hub&spoke-00.01-july-12.conf
                                                ^
syntax error.

--- JUNOS 14.1R2.4 built 2014-07-04 11:15:27 UTC

vmukhin@boson> 

vmukhin@boson> 

vmukhin@boson> file list |match ag1.2-mbh1.1-hs-00.01-July-12.conf 

--- JUNOS 14.1R2.4 built 2014-07-04 11:15:27 UTC

vmukhin@boson> 

vmukhin@boson> 

vmukhin@boson> file list |match ag1.2-mbh1.1-full-HS-OSPF-LFA-LDP-bgp-lu-luly-12.conf 

--- JUNOS 14.1R2.4 built 2014-07-04 11:15:27 UTC

vmukhin@boson> 

vmukhin@boson> 

vmukhin@boson> file list |match ag1.2-mbh1.1-full-HS-ospf-lfa-ldp-bgp-lu-july-12.conf 

--- JUNOS 14.1R2.4 built 2014-07-04 11:15:27 UTC

vmukhin@boson> 

vmukhin@boson> 

vmukhin@boson> file list |match ag1.2-mbh1.1-full-isis-rsvp-4G-VPLS-ver01-July-15.conf 

--- JUNOS 14.1R2.4 built 2014-07-04 11:15:27 UTC

vmukhin@boson> 

vmukhin@boson> 

vmukhin@boson> file list |match ag1.2-mbh1.1-full-sis-rsvp-NEW-VPLS-July-15.conf 

--- JUNOS 14.1R2.4 built 2014-07-04 11:15:27 UTC

vmukhin@boson> 

vmukhin@boson> 

vmukhin@boson> file list |match ag1.2-mbh1.1-full-sis-rsvp-BGP-VPLS-July-15.conf 

--- JUNOS 14.1R2.4 built 2014-07-04 11:15:27 UTC

vmukhin@boson> 

vmukhin@boson> 

vmukhin@boson> file list |match ag1.2-mbh1.1-full-isis-rsvp-bgp-lu-VPLS-OAM-July-16.conf 

--- JUNOS 14.1R2.4 built 2014-07-04 11:15:27 UTC

vmukhin@boson> 

vmukhin@boson> 

vmukhin@boson> file list |match ag1.2-mbh0.0-zero-conf-ring.conf 

--- JUNOS 14.1R2.4 built 2014-07-04 11:15:27 UTC

vmukhin@boson> 

vmukhin@boson> 

vmukhin@boson> file list |match ag1.2-test-config.conf 

--- JUNOS 14.1R2.4 built 2014-07-04 11:15:27 UTC

vmukhin@boson> 

vmukhin@boson> 

vmukhin@boson> file list |match ag1.2-A&A0.0-Zero-HaS-topology.conf
                                       ^
syntax error.

--- JUNOS 14.1R2.4 built 2014-07-04 11:15:27 UTC

vmukhin@boson> 

vmukhin@boson> 

vmukhin@boson> file list |match ag1.2-ce2.0-services.conf 

--- JUNOS 14.1R2.4 built 2014-07-04 11:15:27 UTC

vmukhin@boson> 

vmukhin@boson> 

vmukhin@boson> file list |match ag1.2-ce2.0-services-July31.conf 

--- JUNOS 14.1R2.4 built 2014-07-04 11:15:27 UTC

vmukhin@boson> 

vmukhin@boson> 

vmukhin@boson> file list |match ag1.2-mbh1.1-isis-ring-bgp-lu-rsvp-VPLS-BGP-oam-mip-july-31-OAM-good.conf 

--- JUNOS 14.1R2.4 built 2014-07-04 11:15:27 UTC

vmukhin@boson> 

vmukhin@boson> 

vmukhin@boson> file list |match ag1.2-ce20-8032-AG1-protection-drafted-00.01-Aug-01.conf 

--- JUNOS 14.1R2.4 built 2014-07-04 11:15:27 UTC

vmukhin@boson> 

vmukhin@boson> 

vmukhin@boson> file list |match ag1.2-ce20-8032-AG1-and-CSR-protection-drafted-00.01-Aug-01.conf 

--- JUNOS 14.1R2.4 built 2014-07-04 11:15:27 UTC

vmukhin@boson> 

vmukhin@boson> 

vmukhin@boson> file list |match ag1.2-ce20-8032-All-protection-drafted-00.01-Aug-05.conf 

--- JUNOS 14.1R2.4 built 2014-07-04 11:15:27 UTC

vmukhin@boson> 

vmukhin@boson> 

vmukhin@boson> file list |match ag1.2-ce20-8032-All-protection-VPLS-Multihooming-BGP-drafted-00.02-Aug-06.conf 

--- JUNOS 14.1R2.4 built 2014-07-04 11:15:27 UTC

vmukhin@boson> 

vmukhin@boson> 

vmukhin@boson> file list |match ag1.2-ce20-all-services-protection-NO-ELAN-Aug-06.conf 

--- JUNOS 14.1R2.4 built 2014-07-04 11:15:27 UTC

vmukhin@boson> 

vmukhin@boson> 

vmukhin@boson> file list |match ag1.2-ce20-all-services-vpls-bd-ccc-8032-ed01.00-July-07.conf 

--- JUNOS 14.1R2.4 built 2014-07-04 11:15:27 UTC

vmukhin@boson> 

vmukhin@boson> 

vmukhin@boson> file list |match ag1.2-ce20-all-service-protected-8032-MTU-bgp-vpls.conf 

--- JUNOS 14.1R2.4 built 2014-07-04 11:15:27 UTC

vmukhin@boson> 

vmukhin@boson> 

vmukhin@boson> file list |match ag1.2-ce20-service-all-plus-mng-Aug-24.conf 
ag1.2-ce20-service-all-plus-mng-Aug-24.conf

vmukhin@boson> ftp 172.29.100.44 
Connected to 172.29.100.44.
220-FileZilla Server version 0.9.48 beta
220-written by Tim Kosse (tim.kosse@filezilla-project.org)
220 Please visit http://sourceforge.net/projects/filezilla/
Name (172.29.100.44:vmukhin): mamba
331 Password required for mamba
Password:
230 Logged on
Remote system type is UNIX.
ftp> binary
200 Type set to I
ftp> cd ./ce20-service-all-plus-mng-Aug-24/2013-08-25-v.01
250 CWD successful. "/ce20-service-all-plus-mng-Aug-24/2013-08-25-v.01" is current directory.
ftp> put ag1.2-ce20-service-all-plus-mng-Aug-24.conf ag1.2-ce20-service-all-plus-mng-Aug-24.conf
local: ag1.2-ce20-service-all-plus-mng-Aug-24.conf remote: ag1.2-ce20-service-all-plus-mng-Aug-24.conf
200 Port command successful
150 Opening data channel for file upload to server of "/ce20-service-all-plus-mng-Aug-24/2013-08-25-v.01/ag1.2-ce20-service-all-plus-mng-Aug-24.conf"
100% |**********************************************************************************************************************************************************| 52882       00:00 ETAA
226 Successfully transferred "/ce20-service-all-plus-mng-Aug-24/2013-08-25-v.01/ag1.2-ce20-service-all-plus-mng-Aug-24.conf"
52882 bytes sent in 0.17 seconds (298.33 KB/s)
ftp> quit
221 Goodbye

--- JUNOS 14.1R2.4 built 2014-07-04 11:15:27 UTC

vmukhin@boson> 

vmukhin@boson> 

vmukhin@boson> file list |match ag1.2-csr1.2-ce20-service-all-plus-ce-protection-new-Aug-27.conf 
ag1.2-csr1.2-ce20-service-all-plus-ce-protection-new-Aug-27.conf

vmukhin@boson> ftp 172.29.100.44 
Connected to 172.29.100.44.
220-FileZilla Server version 0.9.48 beta
220-written by Tim Kosse (tim.kosse@filezilla-project.org)
220 Please visit http://sourceforge.net/projects/filezilla/
Name (172.29.100.44:vmukhin): mamba
331 Password required for mamba
Password:
230 Logged on
Remote system type is UNIX.
ftp> binary
200 Type set to I
ftp> cd ./csr1.2-ce20-service-all-plus-ce-protection-new-Aug-27/2013-08-25-v.01
250 CWD successful. "/csr1.2-ce20-service-all-plus-ce-protection-new-Aug-27/2013-08-25-v.01" is current directory.
ftp> put ag1.2-csr1.2-ce20-service-all-plus-ce-protection-new-Aug-27.conf ag1.2-csr1.2-ce20-service-all-plus-ce-protection-new-Aug-27.conf
local: ag1.2-csr1.2-ce20-service-all-plus-ce-protection-new-Aug-27.conf remote: ag1.2-csr1.2-ce20-service-all-plus-ce-protection-new-Aug-27.conf
200 Port command successful
150 Opening data channel for file upload to server of "/csr1.2-ce20-service-all-plus-ce-protection-new-Aug-27/2013-08-25-v.01/ag1.2-csr1.2-ce20-service-all-plus-ce-protection-new-Aug-27.conf"
100% |**********************************************************************************************************************************************************| 52970       00:00 ETAA
226 Successfully transferred "/csr1.2-ce20-service-all-plus-ce-protection-new-Aug-27/2013-08-25-v.01/ag1.2-csr1.2-ce20-service-all-plus-ce-protection-new-Aug-27.conf"
52970 bytes sent in 0.19 seconds (266.03 KB/s)
ftp> quit
221 Goodbye

--- JUNOS 14.1R2.4 built 2014-07-04 11:15:27 UTC

vmukhin@boson> 

vmukhin@boson> 

vmukhin@boson> file list |match ag1.2-ce20-all-services-pw-protect-profile-Aug-28.conf 

--- JUNOS 14.1R2.4 built 2014-07-04 11:15:27 UTC

vmukhin@boson> 

vmukhin@boson> 

vmukhin@boson> file list |match ag1.2-mbh2.0-all-services-isis-rsvp-auto-oam-March-25-14.conf 
ag1.2-mbh2.0-all-services-isis-rsvp-auto-oam-March-25-14.conf

vmukhin@boson> ftp 172.29.100.44 
Connected to 172.29.100.44.
220-FileZilla Server version 0.9.48 beta
220-written by Tim Kosse (tim.kosse@filezilla-project.org)
220 Please visit http://sourceforge.net/projects/filezilla/
Name (172.29.100.44:vmukhin): mamba
331 Password required for mamba
Password:
230 Logged on
Remote system type is UNIX.
ftp> binary
200 Type set to I
ftp> cd ./mbh2.0-all-services-isis-rsvp-auto-oam-March-25-14/2014-03-25-v.01
250 CWD successful. "/mbh2.0-all-services-isis-rsvp-auto-oam-March-25-14/2014-03-25-v.01" is current directory.
ftp> put ag1.2-mbh2.0-all-services-isis-rsvp-auto-oam-March-25-14.conf ag1.2-mbh2.0-all-services-isis-rsvp-auto-oam-March-25-14.conf
local: ag1.2-mbh2.0-all-services-isis-rsvp-auto-oam-March-25-14.conf remote: ag1.2-mbh2.0-all-services-isis-rsvp-auto-oam-March-25-14.conf
200 Port command successful
150 Opening data channel for file upload to server of "/mbh2.0-all-services-isis-rsvp-auto-oam-March-25-14/2014-03-25-v.01/ag1.2-mbh2.0-all-services-isis-rsvp-auto-oam-March-25-14.conf"
100% |**********************************************************************************************************************************************************| 36070       00:00 ETAA
226 Successfully transferred "/mbh2.0-all-services-isis-rsvp-auto-oam-March-25-14/2014-03-25-v.01/ag1.2-mbh2.0-all-services-isis-rsvp-auto-oam-March-25-14.conf"
36070 bytes sent in 0.16 seconds (222.29 KB/s)
ftp> quit
221 Goodbye

--- JUNOS 14.1R2.4 built 2014-07-04 11:15:27 UTC

vmukhin@boson> 

vmukhin@boson> 

vmukhin@boson> file list |match ag1.2-mbh2.0-IPSEC-all-services-isis-rsvp-auto-oam-March-25-14.conf 
ag1.2-mbh2.0-IPSEC-all-services-isis-rsvp-auto-oam-March-25-14.conf

vmukhin@boson> ftp 172.29.100.44 
Connected to 172.29.100.44.
220-FileZilla Server version 0.9.48 beta
220-written by Tim Kosse (tim.kosse@filezilla-project.org)
220 Please visit http://sourceforge.net/projects/filezilla/
Name (172.29.100.44:vmukhin): mamba
331 Password required for mamba
Password:
230 Logged on
Remote system type is UNIX.
ftp> binary
200 Type set to I
ftp> cd ./mbh2.0-IPSEC-all-services-isis-rsvp-auto-oam-March-25-14/2014-03-25-v.01
250 CWD successful. "/mbh2.0-IPSEC-all-services-isis-rsvp-auto-oam-March-25-14/2014-03-25-v.01" is current directory.
ftp> put ag1.2-mbh2.0-IPSEC-all-services-isis-rsvp-auto-oam-March-25-14.conf ag1.2-mbh2.0-IPSEC-all-services-isis-rsvp-auto-oam-March-25-14.conf
local: ag1.2-mbh2.0-IPSEC-all-services-isis-rsvp-auto-oam-March-25-14.conf remote: ag1.2-mbh2.0-IPSEC-all-services-isis-rsvp-auto-oam-March-25-14.conf
200 Port command successful
150 Opening data channel for file upload to server of "/mbh2.0-IPSEC-all-services-isis-rsvp-auto-oam-March-25-14/2014-03-25-v.01/ag1.2-mbh2.0-IPSEC-all-services-isis-rsvp-auto-oam-March-25-14.conf"
100% |**********************************************************************************************************************************************************| 36893       00:00 ETAA
226 Successfully transferred "/mbh2.0-IPSEC-all-services-isis-rsvp-auto-oam-March-25-14/2014-03-25-v.01/ag1.2-mbh2.0-IPSEC-all-services-isis-rsvp-auto-oam-March-25-14.conf"
36893 bytes sent in 0.17 seconds (207.17 KB/s)
ftp> quit
221 Goodbye

--- JUNOS 14.1R2.4 built 2014-07-04 11:15:27 UTC

vmukhin@boson> 

vmukhin@boson> 

vmukhin@boson> file list |match ag1.2-mbh2.0-IPSEC-all-services-isis-rsvp-auto-oam-March-31-14.conf 
ag1.2-mbh2.0-IPSEC-all-services-isis-rsvp-auto-oam-March-31-14.conf

vmukhin@boson> ftp 172.29.100.44 
Connected to 172.29.100.44.
220-FileZilla Server version 0.9.48 beta
220-written by Tim Kosse (tim.kosse@filezilla-project.org)
220 Please visit http://sourceforge.net/projects/filezilla/
Name (172.29.100.44:vmukhin): mamba
331 Password required for mamba
Password:
230 Logged on
Remote system type is UNIX.
ftp> binary
200 Type set to I
ftp> cd ./mbh2.0-IPSEC-all-services-isis-rsvp-auto-oam-March-31-14/2014-03-29-v.01
250 CWD successful. "/mbh2.0-IPSEC-all-services-isis-rsvp-auto-oam-March-31-14/2014-03-29-v.01" is current directory.
ftp> put ag1.2-mbh2.0-IPSEC-all-services-isis-rsvp-auto-oam-March-31-14.conf ag1.2-mbh2.0-IPSEC-all-services-isis-rsvp-auto-oam-March-31-14.conf
local: ag1.2-mbh2.0-IPSEC-all-services-isis-rsvp-auto-oam-March-31-14.conf remote: ag1.2-mbh2.0-IPSEC-all-services-isis-rsvp-auto-oam-March-31-14.conf
200 Port command successful
150 Opening data channel for file upload to server of "/mbh2.0-IPSEC-all-services-isis-rsvp-auto-oam-March-31-14/2014-03-29-v.01/ag1.2-mbh2.0-IPSEC-all-services-isis-rsvp-auto-oam-March-31-14.conf"
100% |**********************************************************************************************************************************************************| 40855       00:00 ETAA
226 Successfully transferred "/mbh2.0-IPSEC-all-services-isis-rsvp-auto-oam-March-31-14/2014-03-29-v.01/ag1.2-mbh2.0-IPSEC-all-services-isis-rsvp-auto-oam-March-31-14.conf"
40855 bytes sent in 0.45 seconds (88.38 KB/s)
ftp> quit
221 Goodbye

--- JUNOS 14.1R2.4 built 2014-07-04 11:15:27 UTC

vmukhin@boson> 

vmukhin@boson> 

vmukhin@boson> file list |match ag1.2-nsn-ipsec-jerry-1.0.conf 
ag1.2-nsn-ipsec-jerry-1.0.conf

vmukhin@boson> ftp 172.29.100.44 
Connected to 172.29.100.44.
220-FileZilla Server version 0.9.48 beta
220-written by Tim Kosse (tim.kosse@filezilla-project.org)
220 Please visit http://sourceforge.net/projects/filezilla/
Name (172.29.100.44:vmukhin): mamba
331 Password required for mamba
Password:
230 Logged on
Remote system type is UNIX.
ftp> binary
200 Type set to I
ftp> cd ./nsn-ipsec-jerry-1.0/2014-03-29-v.01
250 CWD successful. "/nsn-ipsec-jerry-1.0/2014-03-29-v.01" is current directory.
ftp> put ag1.2-nsn-ipsec-jerry-1.0.conf ag1.2-nsn-ipsec-jerry-1.0.conf
local: ag1.2-nsn-ipsec-jerry-1.0.conf remote: ag1.2-nsn-ipsec-jerry-1.0.conf
200 Port command successful
150 Opening data channel for file upload to server of "/nsn-ipsec-jerry-1.0/2014-03-29-v.01/ag1.2-nsn-ipsec-jerry-1.0.conf"
100% |**********************************************************************************************************************************************************| 40855       00:00 ETAA
226 Successfully transferred "/nsn-ipsec-jerry-1.0/2014-03-29-v.01/ag1.2-nsn-ipsec-jerry-1.0.conf"
40855 bytes sent in 0.20 seconds (197.64 KB/s)
ftp> quit
221 Goodbye

--- JUNOS 14.1R2.4 built 2014-07-04 11:15:27 UTC

vmukhin@boson> 

vmukhin@boson> 

vmukhin@boson> file list |match ag1.2-MBH2.0-all-services-RLI18053-May-13-2014.conf 

--- JUNOS 14.1R2.4 built 2014-07-04 11:15:27 UTC

vmukhin@boson> 

vmukhin@boson> 

vmukhin@boson> file list |match ag1.2-PWHT-for-Shokarev-07-July-2014.conf 
ag1.2-PWHT-for-Shokarev-07-July-2014.conf

vmukhin@boson> ftp 172.29.100.44 
Connected to 172.29.100.44.
220-FileZilla Server version 0.9.48 beta
220-written by Tim Kosse (tim.kosse@filezilla-project.org)
220 Please visit http://sourceforge.net/projects/filezilla/
Name (172.29.100.44:vmukhin): mamba
331 Password required for mamba
Password:
230 Logged on
Remote system type is UNIX.
ftp> binary
200 Type set to I
ftp> cd ./PWHT-for-Shokarev-07-July-2014/2014-07-10-v.01
250 CWD successful. "/PWHT-for-Shokarev-07-July-2014/2014-07-10-v.01" is current directory.
ftp> put ag1.2-PWHT-for-Shokarev-07-July-2014.conf ag1.2-PWHT-for-Shokarev-07-July-2014.conf
local: ag1.2-PWHT-for-Shokarev-07-July-2014.conf remote: ag1.2-PWHT-for-Shokarev-07-July-2014.conf
200 Port command successful
150 Opening data channel for file upload to server of "/PWHT-for-Shokarev-07-July-2014/2014-07-10-v.01/ag1.2-PWHT-for-Shokarev-07-July-2014.conf"
100% |**********************************************************************************************************************************************************| 46760       00:00 ETAA
226 Successfully transferred "/PWHT-for-Shokarev-07-July-2014/2014-07-10-v.01/ag1.2-PWHT-for-Shokarev-07-July-2014.conf"
46760 bytes sent in 0.21 seconds (217.48 KB/s)
ftp> quit
221 Goodbye

--- JUNOS 14.1R2.4 built 2014-07-04 11:15:27 UTC

vmukhin@boson> 

vmukhin@boson> 

vmukhin@boson> file list |match ag1.2-PWHT-for-Shokarev-09-July-2014-01.conf 
ag1.2-PWHT-for-Shokarev-09-July-2014-01.conf

vmukhin@boson> ftp 172.29.100.44 
Connected to 172.29.100.44.
220-FileZilla Server version 0.9.48 beta
220-written by Tim Kosse (tim.kosse@filezilla-project.org)
220 Please visit http://sourceforge.net/projects/filezilla/
Name (172.29.100.44:vmukhin): mamba
331 Password required for mamba
Password:
230 Logged on
Remote system type is UNIX.
ftp> binary
200 Type set to I
ftp> cd ./PWHT-for-Shokarev-09-July-2014-01/2014-07-10-v.01
250 CWD successful. "/PWHT-for-Shokarev-09-July-2014-01/2014-07-10-v.01" is current directory.
ftp> put ag1.2-PWHT-for-Shokarev-09-July-2014-01.conf ag1.2-PWHT-for-Shokarev-09-July-2014-01.conf
local: ag1.2-PWHT-for-Shokarev-09-July-2014-01.conf remote: ag1.2-PWHT-for-Shokarev-09-July-2014-01.conf
200 Port command successful
150 Opening data channel for file upload to server of "/PWHT-for-Shokarev-09-July-2014-01/2014-07-10-v.01/ag1.2-PWHT-for-Shokarev-09-July-2014-01.conf"
100% |**********************************************************************************************************************************************************| 46760       00:00 ETAA
226 Successfully transferred "/PWHT-for-Shokarev-09-July-2014-01/2014-07-10-v.01/ag1.2-PWHT-for-Shokarev-09-July-2014-01.conf"
46760 bytes sent in 0.19 seconds (242.12 KB/s)
ftp> quit
221 Goodbye

--- JUNOS 14.1R2.4 built 2014-07-04 11:15:27 UTC

vmukhin@boson> 

vmukhin@boson> 

vmukhin@boson> file list |match ag1.2-Lab-Zero-Config.conf 
ag1.2-Lab-Zero-Config.conf

vmukhin@boson> ftp 172.29.100.44 
Connected to 172.29.100.44.
220-FileZilla Server version 0.9.48 beta
220-written by Tim Kosse (tim.kosse@filezilla-project.org)
220 Please visit http://sourceforge.net/projects/filezilla/
Name (172.29.100.44:vmukhin): mamba
331 Password required for mamba
Password:
230 Logged on
Remote system type is UNIX.
ftp> binary
200 Type set to I
ftp> cd ./Lab-Zero-Config/2014-08-03-v.01
250 CWD successful. "/Lab-Zero-Config/2014-08-03-v.01" is current directory.
ftp> put ag1.2-Lab-Zero-Config.conf ag1.2-Lab-Zero-Config.conf
local: ag1.2-Lab-Zero-Config.conf remote: ag1.2-Lab-Zero-Config.conf
200 Port command successful
150 Opening data channel for file upload to server of "/Lab-Zero-Config/2014-08-03-v.01/ag1.2-Lab-Zero-Config.conf"
100% |**********************************************************************************************************************************************************| 10434       00:00 ETAA
226 Successfully transferred "/Lab-Zero-Config/2014-08-03-v.01/ag1.2-Lab-Zero-Config.conf"
10434 bytes sent in 0.11 seconds (92.13 KB/s)
ftp> quit
221 Goodbye

--- JUNOS 14.1R2.4 built 2014-07-04 11:15:27 UTC

vmukhin@boson> 

vmukhin@boson> 

vmukhin@boson> file list |match ag1.2-Lab-Zero-Config-global.conf 
ag1.2-Lab-Zero-Config-global.conf

vmukhin@boson> ftp 172.29.100.44 
Connected to 172.29.100.44.
220-FileZilla Server version 0.9.48 beta
220-written by Tim Kosse (tim.kosse@filezilla-project.org)
220 Please visit http://sourceforge.net/projects/filezilla/
Name (172.29.100.44:vmukhin): mamba
331 Password required for mamba
Password:
230 Logged on
Remote system type is UNIX.
ftp> binary
200 Type set to I
ftp> cd ./Lab-Zero-Config-global/2016-4-4-v.01
250 CWD successful. "/Lab-Zero-Config-global/2016-4-4-v.01" is current directory.
ftp> put ag1.2-Lab-Zero-Config-global.conf ag1.2-Lab-Zero-Config-global.conf
local: ag1.2-Lab-Zero-Config-global.conf remote: ag1.2-Lab-Zero-Config-global.conf
200 Port command successful
150 Opening data channel for file upload to server of "/Lab-Zero-Config-global/2016-4-4-v.01/ag1.2-Lab-Zero-Config-global.conf"
100% |**********************************************************************************************************************************************************|  9702       00:00 ETAA
226 Successfully transferred "/Lab-Zero-Config-global/2016-4-4-v.01/ag1.2-Lab-Zero-Config-global.conf"
9702 bytes sent in 0.09 seconds (102.04 KB/s)
ftp> quit
221 Goodbye

--- JUNOS 14.1R2.4 built 2014-07-04 11:15:27 UTC

vmukhin@boson> 

vmukhin@boson> 

vmukhin@boson> file list |match ag1.2-Lab-Zero-Config-re0.conf 
ag1.2-Lab-Zero-Config-re0.conf

vmukhin@boson> ftp 172.29.100.44 
Connected to 172.29.100.44.
220-FileZilla Server version 0.9.48 beta
220-written by Tim Kosse (tim.kosse@filezilla-project.org)
220 Please visit http://sourceforge.net/projects/filezilla/
Name (172.29.100.44:vmukhin): mamba
331 Password required for mamba
Password:
230 Logged on
Remote system type is UNIX.
ftp> binary
200 Type set to I
ftp> cd ./Lab-Zero-Config-re0/2016-4-4-v.01
250 CWD successful. "/Lab-Zero-Config-re0/2016-4-4-v.01" is current directory.
ftp> put ag1.2-Lab-Zero-Config-re0.conf ag1.2-Lab-Zero-Config-re0.conf
local: ag1.2-Lab-Zero-Config-re0.conf remote: ag1.2-Lab-Zero-Config-re0.conf
200 Port command successful
150 Opening data channel for file upload to server of "/Lab-Zero-Config-re0/2016-4-4-v.01/ag1.2-Lab-Zero-Config-re0.conf"
100% |**********************************************************************************************************************************************************|   288       00:00 ETAA
226 Successfully transferred "/Lab-Zero-Config-re0/2016-4-4-v.01/ag1.2-Lab-Zero-Config-re0.conf"
288 bytes sent in 0.05 seconds (5.16 KB/s)
ftp> quit
221 Goodbye

--- JUNOS 14.1R2.4 built 2014-07-04 11:15:27 UTC

vmukhin@boson> 

vmukhin@boson> 

vmukhin@boson> file list |match ag1.2-Lab-Zero-Config-re1.conf 
ag1.2-Lab-Zero-Config-re1.conf

vmukhin@boson> ftp 172.29.100.44 
Connected to 172.29.100.44.
220-FileZilla Server version 0.9.48 beta
220-written by Tim Kosse (tim.kosse@filezilla-project.org)
220 Please visit http://sourceforge.net/projects/filezilla/
Name (172.29.100.44:vmukhin): mamba
331 Password required for mamba
Password:
230 Logged on
Remote system type is UNIX.
ftp> binary
200 Type set to I
ftp> cd ./Lab-Zero-Config-re1/2016-4-4-v.01
250 CWD successful. "/Lab-Zero-Config-re1/2016-4-4-v.01" is current directory.
ftp> put ag1.2-Lab-Zero-Config-re1.conf ag1.2-Lab-Zero-Config-re1.conf
local: ag1.2-Lab-Zero-Config-re1.conf remote: ag1.2-Lab-Zero-Config-re1.conf
200 Port command successful
150 Opening data channel for file upload to server of "/Lab-Zero-Config-re1/2016-4-4-v.01/ag1.2-Lab-Zero-Config-re1.conf"
100% |**********************************************************************************************************************************************************|   290       00:00 ETAA
226 Successfully transferred "/Lab-Zero-Config-re1/2016-4-4-v.01/ag1.2-Lab-Zero-Config-re1.conf"
290 bytes sent in 0.06 seconds (5.14 KB/s)
ftp> quit
221 Goodbye

--- JUNOS 14.1R2.4 built 2014-07-04 11:15:27 UTC

vmukhin@boson> 

vmukhin@boson> 

vmukhin@boson> file list |match ag1.2-BlueSky1.0-MBH-Sep-16-2014.conf 
ag1.2-BlueSky1.0-MBH-Sep-16-2014.conf

vmukhin@boson> ftp 172.29.100.44 
Connected to 172.29.100.44.
220-FileZilla Server version 0.9.48 beta
220-written by Tim Kosse (tim.kosse@filezilla-project.org)
220 Please visit http://sourceforge.net/projects/filezilla/
Name (172.29.100.44:vmukhin): mamba
331 Password required for mamba
Password:
230 Logged on
Remote system type is UNIX.
ftp> binary
200 Type set to I
ftp> cd ./BlueSky1.0-MBH-Sep-16-2014/2014-08-19-v.01
250 CWD successful. "/BlueSky1.0-MBH-Sep-16-2014/2014-08-19-v.01" is current directory.
ftp> put ag1.2-BlueSky1.0-MBH-Sep-16-2014.conf ag1.2-BlueSky1.0-MBH-Sep-16-2014.conf
local: ag1.2-BlueSky1.0-MBH-Sep-16-2014.conf remote: ag1.2-BlueSky1.0-MBH-Sep-16-2014.conf
200 Port command successful
150 Opening data channel for file upload to server of "/BlueSky1.0-MBH-Sep-16-2014/2014-08-19-v.01/ag1.2-BlueSky1.0-MBH-Sep-16-2014.conf"
100% |**********************************************************************************************************************************************************| 36578       00:00 ETAA
226 Successfully transferred "/BlueSky1.0-MBH-Sep-16-2014/2014-08-19-v.01/ag1.2-BlueSky1.0-MBH-Sep-16-2014.conf"
36578 bytes sent in 0.16 seconds (222.05 KB/s)
ftp> quit
221 Goodbye

--- JUNOS 14.1R2.4 built 2014-07-04 11:15:27 UTC

vmukhin@boson> 

vmukhin@boson> 

vmukhin@boson> file list |match ag1.2-mbh2.0-Telenor-IPsec.conf 

--- JUNOS 14.1R2.4 built 2014-07-04 11:15:27 UTC

vmukhin@boson> 

vmukhin@boson> 

vmukhin@boson> file list |match ag1.2-mbh2.0-Telenor-IPsec-Multi-VRF-BFD.conf 
ag1.2-mbh2.0-Telenor-IPsec-Multi-VRF-BFD.conf

vmukhin@boson> ftp 172.29.100.44 
Connected to 172.29.100.44.
220-FileZilla Server version 0.9.48 beta
220-written by Tim Kosse (tim.kosse@filezilla-project.org)
220 Please visit http://sourceforge.net/projects/filezilla/
Name (172.29.100.44:vmukhin): mamba
331 Password required for mamba
Password:
230 Logged on
Remote system type is UNIX.
ftp> binary
200 Type set to I
ftp> cd ./mbh2.0-Telenor-IPsec-Multi-VRF-BFD/2014-08-30-v.01
250 CWD successful. "/mbh2.0-Telenor-IPsec-Multi-VRF-BFD/2014-08-30-v.01" is current directory.
ftp> put ag1.2-mbh2.0-Telenor-IPsec-Multi-VRF-BFD.conf ag1.2-mbh2.0-Telenor-IPsec-Multi-VRF-BFD.conf
local: ag1.2-mbh2.0-Telenor-IPsec-Multi-VRF-BFD.conf remote: ag1.2-mbh2.0-Telenor-IPsec-Multi-VRF-BFD.conf
200 Port command successful
150 Opening data channel for file upload to server of "/mbh2.0-Telenor-IPsec-Multi-VRF-BFD/2014-08-30-v.01/ag1.2-mbh2.0-Telenor-IPsec-Multi-VRF-BFD.conf"
100% |**********************************************************************************************************************************************************| 49350       00:00 ETAA
226 Successfully transferred "/mbh2.0-Telenor-IPsec-Multi-VRF-BFD/2014-08-30-v.01/ag1.2-mbh2.0-Telenor-IPsec-Multi-VRF-BFD.conf"
49350 bytes sent in 0.16 seconds (292.44 KB/s)
ftp> quit
221 Goodbye

--- JUNOS 14.1R2.4 built 2014-07-04 11:15:27 UTC

vmukhin@boson> 

vmukhin@boson> 

vmukhin@boson> file list |match ag1.2-mbh2.0-Telenor-IPsec-Multi-VRF-BFD-RLT.conf 
ag1.2-mbh2.0-Telenor-IPsec-Multi-VRF-BFD-RLT.conf

vmukhin@boson> ftp 172.29.100.44 
Connected to 172.29.100.44.
220-FileZilla Server version 0.9.48 beta
220-written by Tim Kosse (tim.kosse@filezilla-project.org)
220 Please visit http://sourceforge.net/projects/filezilla/
Name (172.29.100.44:vmukhin): mamba
331 Password required for mamba
Password:
230 Logged on
Remote system type is UNIX.
ftp> binary
200 Type set to I
ftp> cd ./mbh2.0-Telenor-IPsec-Multi-VRF-BFD-RLT/2014-08-30-v.01
250 CWD successful. "/mbh2.0-Telenor-IPsec-Multi-VRF-BFD-RLT/2014-08-30-v.01" is current directory.
ftp> put ag1.2-mbh2.0-Telenor-IPsec-Multi-VRF-BFD-RLT.conf ag1.2-mbh2.0-Telenor-IPsec-Multi-VRF-BFD-RLT.conf
local: ag1.2-mbh2.0-Telenor-IPsec-Multi-VRF-BFD-RLT.conf remote: ag1.2-mbh2.0-Telenor-IPsec-Multi-VRF-BFD-RLT.conf
200 Port command successful
150 Opening data channel for file upload to server of "/mbh2.0-Telenor-IPsec-Multi-VRF-BFD-RLT/2014-08-30-v.01/ag1.2-mbh2.0-Telenor-IPsec-Multi-VRF-BFD-RLT.conf"
100% |**********************************************************************************************************************************************************| 49747       00:00 ETAA
226 Successfully transferred "/mbh2.0-Telenor-IPsec-Multi-VRF-BFD-RLT/2014-08-30-v.01/ag1.2-mbh2.0-Telenor-IPsec-Multi-VRF-BFD-RLT.conf"
49747 bytes sent in 0.22 seconds (223.22 KB/s)
ftp> quit
221 Goodbye

--- JUNOS 14.1R2.4 built 2014-07-04 11:15:27 UTC

vmukhin@boson> 

vmukhin@boson> 

vmukhin@boson> file list |match ag1.2-uaa2.0-multicast-p2p-protection-Sep-30-2014.conf 
ag1.2-uaa2.0-multicast-p2p-protection-Sep-30-2014.conf

vmukhin@boson> ftp 172.29.100.44 
Connected to 172.29.100.44.
220-FileZilla Server version 0.9.48 beta
220-written by Tim Kosse (tim.kosse@filezilla-project.org)
220 Please visit http://sourceforge.net/projects/filezilla/
Name (172.29.100.44:vmukhin): mamba
331 Password required for mamba
Password:
230 Logged on
Remote system type is UNIX.
ftp> binary
200 Type set to I
ftp> cd ./uaa2.0-multicast-p2p-protection-Sep-30-2014/2014-09-03-v.01
250 CWD successful. "/uaa2.0-multicast-p2p-protection-Sep-30-2014/2014-09-03-v.01" is current directory.
ftp> put ag1.2-uaa2.0-multicast-p2p-protection-Sep-30-2014.conf ag1.2-uaa2.0-multicast-p2p-protection-Sep-30-2014.conf
local: ag1.2-uaa2.0-multicast-p2p-protection-Sep-30-2014.conf remote: ag1.2-uaa2.0-multicast-p2p-protection-Sep-30-2014.conf
200 Port command successful
150 Opening data channel for file upload to server of "/uaa2.0-multicast-p2p-protection-Sep-30-2014/2014-09-03-v.01/ag1.2-uaa2.0-multicast-p2p-protection-Sep-30-2014.conf"
100% |**********************************************************************************************************************************************************| 43830       00:00 ETAA
226 Successfully transferred "/uaa2.0-multicast-p2p-protection-Sep-30-2014/2014-09-03-v.01/ag1.2-uaa2.0-multicast-p2p-protection-Sep-30-2014.conf"
43830 bytes sent in 0.28 seconds (150.73 KB/s)
ftp> quit
221 Goodbye

--- JUNOS 14.1R2.4 built 2014-07-04 11:15:27 UTC

vmukhin@boson> 

vmukhin@boson> 

vmukhin@boson> file list |match ag1.2-uaa2.0-Multicast-Andreas-03-Oct-2014.conf 

--- JUNOS 14.1R2.4 built 2014-07-04 11:15:27 UTC

vmukhin@boson> 

vmukhin@boson> 

vmukhin@boson> file list |match ag1.2-uaa2.0-Multicast-Andreas-Oct-03-2014.conf 
ag1.2-uaa2.0-Multicast-Andreas-Oct-03-2014.conf

vmukhin@boson> ftp 172.29.100.44 
Connected to 172.29.100.44.
220-FileZilla Server version 0.9.48 beta
220-written by Tim Kosse (tim.kosse@filezilla-project.org)
220 Please visit http://sourceforge.net/projects/filezilla/
Name (172.29.100.44:vmukhin): mamba
331 Password required for mamba
Password:
230 Logged on
Remote system type is UNIX.
ftp> binary
200 Type set to I
ftp> cd ./uaa2.0-Multicast-Andreas-Oct-03-2014/2014-09-10-v.01
250 CWD successful. "/uaa2.0-Multicast-Andreas-Oct-03-2014/2014-09-10-v.01" is current directory.
ftp> put ag1.2-uaa2.0-Multicast-Andreas-Oct-03-2014.conf ag1.2-uaa2.0-Multicast-Andreas-Oct-03-2014.conf
local: ag1.2-uaa2.0-Multicast-Andreas-Oct-03-2014.conf remote: ag1.2-uaa2.0-Multicast-Andreas-Oct-03-2014.conf
200 Port command successful
150 Opening data channel for file upload to server of "/uaa2.0-Multicast-Andreas-Oct-03-2014/2014-09-10-v.01/ag1.2-uaa2.0-Multicast-Andreas-Oct-03-2014.conf"
100% |**********************************************************************************************************************************************************| 44630       00:00 ETAA
226 Successfully transferred "/uaa2.0-Multicast-Andreas-Oct-03-2014/2014-09-10-v.01/ag1.2-uaa2.0-Multicast-Andreas-Oct-03-2014.conf"
44630 bytes sent in 0.22 seconds (200.60 KB/s)
ftp> quit
221 Goodbye

--- JUNOS 14.1R2.4 built 2014-07-04 11:15:27 UTC

vmukhin@boson> 

vmukhin@boson> 

vmukhin@boson> file list |match ag1.2-mbh2.0-all-services-isis-rsvp-auto-oam-March-19-2015.conf 
ag1.2-mbh2.0-all-services-isis-rsvp-auto-oam-March-19-2015.conf

vmukhin@boson> ftp 172.29.100.44 
Connected to 172.29.100.44.
220-FileZilla Server version 0.9.48 beta
220-written by Tim Kosse (tim.kosse@filezilla-project.org)
220 Please visit http://sourceforge.net/projects/filezilla/
Name (172.29.100.44:vmukhin): mamba
331 Password required for mamba
Password:
230 Logged on
Remote system type is UNIX.
ftp> binary
200 Type set to I
ftp> cd ./mbh2.0-all-services-isis-rsvp-auto-oam-March-19-2015/2015-02-24-v.01
250 CWD successful. "/mbh2.0-all-services-isis-rsvp-auto-oam-March-19-2015/2015-02-24-v.01" is current directory.
ftp> put ag1.2-mbh2.0-all-services-isis-rsvp-auto-oam-March-19-2015.conf ag1.2-mbh2.0-all-services-isis-rsvp-auto-oam-March-19-2015.conf
local: ag1.2-mbh2.0-all-services-isis-rsvp-auto-oam-March-19-2015.conf remote: ag1.2-mbh2.0-all-services-isis-rsvp-auto-oam-March-19-2015.conf
200 Port command successful
150 Opening data channel for file upload to server of "/mbh2.0-all-services-isis-rsvp-auto-oam-March-19-2015/2015-02-24-v.01/ag1.2-mbh2.0-all-services-isis-rsvp-auto-oam-March-19-2015.conf"
100% |**********************************************************************************************************************************************************| 37358       00:00 ETAA
226 Successfully transferred "/mbh2.0-all-services-isis-rsvp-auto-oam-March-19-2015/2015-02-24-v.01/ag1.2-mbh2.0-all-services-isis-rsvp-auto-oam-March-19-2015.conf"
37358 bytes sent in 0.20 seconds (179.39 KB/s)
ftp> quit
221 Goodbye

--- JUNOS 14.1R2.4 built 2014-07-04 11:15:27 UTC

vmukhin@boson> 

vmukhin@boson> 

vmukhin@boson> file list |match ag1.2-MetroE3.0-PSPHT-with-OAM-PW.conf 
ag1.2-MetroE3.0-PSPHT-with-OAM-PW.conf

vmukhin@boson> ftp 172.29.100.44 
Connected to 172.29.100.44.
220-FileZilla Server version 0.9.48 beta
220-written by Tim Kosse (tim.kosse@filezilla-project.org)
220 Please visit http://sourceforge.net/projects/filezilla/
Name (172.29.100.44:vmukhin): mamba
331 Password required for mamba
Password:
230 Logged on
Remote system type is UNIX.
ftp> binary
200 Type set to I
ftp> cd ./MetroE3.0-PSPHT-with-OAM-PW/2015-02-28-v.01
250 CWD successful. "/MetroE3.0-PSPHT-with-OAM-PW/2015-02-28-v.01" is current directory.
ftp> put ag1.2-MetroE3.0-PSPHT-with-OAM-PW.conf ag1.2-MetroE3.0-PSPHT-with-OAM-PW.conf
local: ag1.2-MetroE3.0-PSPHT-with-OAM-PW.conf remote: ag1.2-MetroE3.0-PSPHT-with-OAM-PW.conf
200 Port command successful
150 Opening data channel for file upload to server of "/MetroE3.0-PSPHT-with-OAM-PW/2015-02-28-v.01/ag1.2-MetroE3.0-PSPHT-with-OAM-PW.conf"
100% |**********************************************************************************************************************************************************| 40500       00:00 ETAA
226 Successfully transferred "/MetroE3.0-PSPHT-with-OAM-PW/2015-02-28-v.01/ag1.2-MetroE3.0-PSPHT-with-OAM-PW.conf"
40500 bytes sent in 0.22 seconds (176.48 KB/s)
ftp> quit
221 Goodbye

--- JUNOS 14.1R2.4 built 2014-07-04 11:15:27 UTC

vmukhin@boson> 

vmukhin@boson> 

vmukhin@boson> file list |match ag1.2-T&S-Cronos-test-May-05-2015.conf
                                       ^
syntax error.

--- JUNOS 14.1R2.4 built 2014-07-04 11:15:27 UTC

vmukhin@boson> 

vmukhin@boson> 

vmukhin@boson> file list |match ag1.2-Chronos-SFP-test-May-05-2015.conf 
ag1.2-Chronos-SFP-test-May-05-2015.conf

vmukhin@boson> ftp 172.29.100.44 
Connected to 172.29.100.44.
220-FileZilla Server version 0.9.48 beta
220-written by Tim Kosse (tim.kosse@filezilla-project.org)
220 Please visit http://sourceforge.net/projects/filezilla/
Name (172.29.100.44:vmukhin): mamba
331 Password required for mamba
Password:
230 Logged on
Remote system type is UNIX.
ftp> binary
200 Type set to I
ftp> cd ./Chronos-SFP-test-May-05-2015/2015-04-20-v.01
250 CWD successful. "/Chronos-SFP-test-May-05-2015/2015-04-20-v.01" is current directory.
ftp> put ag1.2-Chronos-SFP-test-May-05-2015.conf ag1.2-Chronos-SFP-test-May-05-2015.conf
local: ag1.2-Chronos-SFP-test-May-05-2015.conf remote: ag1.2-Chronos-SFP-test-May-05-2015.conf
200 Port command successful
150 Opening data channel for file upload to server of "/Chronos-SFP-test-May-05-2015/2015-04-20-v.01/ag1.2-Chronos-SFP-test-May-05-2015.conf"
100% |**********************************************************************************************************************************************************| 53150       00:00 ETAA
226 Successfully transferred "/Chronos-SFP-test-May-05-2015/2015-04-20-v.01/ag1.2-Chronos-SFP-test-May-05-2015.conf"
53150 bytes sent in 0.25 seconds (208.85 KB/s)
ftp> quit
221 Goodbye

--- JUNOS 14.1R2.4 built 2014-07-04 11:15:27 UTC

vmukhin@boson> 

vmukhin@boson> 

vmukhin@boson> file list |match ag1.2-Chronos-SFP-test-May-22-2015.conf 
ag1.2-Chronos-SFP-test-May-22-2015.conf

vmukhin@boson> ftp 172.29.100.44 
Connected to 172.29.100.44.
220-FileZilla Server version 0.9.48 beta
220-written by Tim Kosse (tim.kosse@filezilla-project.org)
220 Please visit http://sourceforge.net/projects/filezilla/
Name (172.29.100.44:vmukhin): mamba
331 Password required for mamba
Password:
230 Logged on
Remote system type is UNIX.
ftp> binary
200 Type set to I
ftp> cd ./Chronos-SFP-test-May-22-2015/2015-04-20-v.01
250 CWD successful. "/Chronos-SFP-test-May-22-2015/2015-04-20-v.01" is current directory.
ftp> put ag1.2-Chronos-SFP-test-May-22-2015.conf ag1.2-Chronos-SFP-test-May-22-2015.conf
local: ag1.2-Chronos-SFP-test-May-22-2015.conf remote: ag1.2-Chronos-SFP-test-May-22-2015.conf
200 Port command successful
150 Opening data channel for file upload to server of "/Chronos-SFP-test-May-22-2015/2015-04-20-v.01/ag1.2-Chronos-SFP-test-May-22-2015.conf"
100% |**********************************************************************************************************************************************************| 54043       00:00 ETAA
226 Successfully transferred "/Chronos-SFP-test-May-22-2015/2015-04-20-v.01/ag1.2-Chronos-SFP-test-May-22-2015.conf"
54043 bytes sent in 0.22 seconds (242.13 KB/s)
ftp> quit
221 Goodbye

--- JUNOS 14.1R2.4 built 2014-07-04 11:15:27 UTC

vmukhin@boson> 

vmukhin@boson> 

vmukhin@boson> file list |match ag1.2-uaa2.0-ztd-unnumbered-mpls.conf 

--- JUNOS 14.1R2.4 built 2014-07-04 11:15:27 UTC

vmukhin@boson> 

vmukhin@boson> 

vmukhin@boson> file list |match ag1.2-uaa2.0-ZTP-unnumbered-mpls-Oct-29-2015.conf 
ag1.2-uaa2.0-ZTP-unnumbered-mpls-Oct-29-2015.conf

vmukhin@boson> ftp 172.29.100.44 
Connected to 172.29.100.44.
220-FileZilla Server version 0.9.48 beta
220-written by Tim Kosse (tim.kosse@filezilla-project.org)
220 Please visit http://sourceforge.net/projects/filezilla/
Name (172.29.100.44:vmukhin): mamba
331 Password required for mamba
Password:
230 Logged on
Remote system type is UNIX.
ftp> binary
200 Type set to I
ftp> cd ./uaa2.0-ZTP-unnumbered-mpls-Oct-29-2015/2015-09-23-v.01
250 CWD successful. "/uaa2.0-ZTP-unnumbered-mpls-Oct-29-2015/2015-09-23-v.01" is current directory.
ftp> put ag1.2-uaa2.0-ZTP-unnumbered-mpls-Oct-29-2015.conf ag1.2-uaa2.0-ZTP-unnumbered-mpls-Oct-29-2015.conf
local: ag1.2-uaa2.0-ZTP-unnumbered-mpls-Oct-29-2015.conf remote: ag1.2-uaa2.0-ZTP-unnumbered-mpls-Oct-29-2015.conf
200 Port command successful
150 Opening data channel for file upload to server of "/uaa2.0-ZTP-unnumbered-mpls-Oct-29-2015/2015-09-23-v.01/ag1.2-uaa2.0-ZTP-unnumbered-mpls-Oct-29-2015.conf"
100% |**********************************************************************************************************************************************************| 47903       00:00 ETAA
226 Successfully transferred "/uaa2.0-ZTP-unnumbered-mpls-Oct-29-2015/2015-09-23-v.01/ag1.2-uaa2.0-ZTP-unnumbered-mpls-Oct-29-2015.conf"
47903 bytes sent in 0.26 seconds (178.16 KB/s)
ftp> quit
221 Goodbye

--- JUNOS 14.1R2.4 built 2014-07-04 11:15:27 UTC

vmukhin@boson> 

vmukhin@boson> 

vmukhin@boson> file list |match ag1.2-ce20-service-all-ACX5K-Nov-13-2015.conf 
ag1.2-ce20-service-all-ACX5K-Nov-13-2015.conf

vmukhin@boson> ftp 172.29.100.44 
Connected to 172.29.100.44.
220-FileZilla Server version 0.9.48 beta
220-written by Tim Kosse (tim.kosse@filezilla-project.org)
220 Please visit http://sourceforge.net/projects/filezilla/
Name (172.29.100.44:vmukhin): mamba
331 Password required for mamba
Password:
230 Logged on
Remote system type is UNIX.
ftp> binary
200 Type set to I
ftp> cd ./ce20-service-all-ACX5K-Nov-13-2015/2015-10-20-v.01
250 CWD successful. "/ce20-service-all-ACX5K-Nov-13-2015/2015-10-20-v.01" is current directory.
ftp> put ag1.2-ce20-service-all-ACX5K-Nov-13-2015.conf ag1.2-ce20-service-all-ACX5K-Nov-13-2015.conf
local: ag1.2-ce20-service-all-ACX5K-Nov-13-2015.conf remote: ag1.2-ce20-service-all-ACX5K-Nov-13-2015.conf
200 Port command successful
150 Opening data channel for file upload to server of "/ce20-service-all-ACX5K-Nov-13-2015/2015-10-20-v.01/ag1.2-ce20-service-all-ACX5K-Nov-13-2015.conf"
100% |**********************************************************************************************************************************************************| 52974       00:00 ETAA
226 Successfully transferred "/ce20-service-all-ACX5K-Nov-13-2015/2015-10-20-v.01/ag1.2-ce20-service-all-ACX5K-Nov-13-2015.conf"
52974 bytes sent in 0.18 seconds (289.71 KB/s)
ftp> quit
221 Goodbye

