--- JUNOS 14.1R2.12 built 2014-08-06 10:01:16 UTC

vmukhin@meson> 

vmukhin@meson> 

vmukhin@meson> edit 
Entering configuration mode

[edit]
vmukhin@meson# save ag1.1-GVTC-Services-All-Hairpinning-ACX5k-206.conf 
Wrote 1950 lines of configuration to 'ag1.1-GVTC-Services-All-Hairpinning-ACX5k-206.conf'

[edit]
vmukhin@meson# exit 
Exiting configuration mode

vmukhin@meson> ftp 172.29.101.60 
Connected to 172.29.101.60.
220-FileZilla Server version 0.9.48 beta
220-written by Tim Kosse (tim.kosse@filezilla-project.org)
220 Please visit http://sourceforge.net/projects/filezilla/
Name (172.29.101.60:vmukhin): mamba
331 Password required for mamba
Password:
230 Logged on
Remote system type is UNIX.
ftp> binary
200 Type set to I
ftp> cd ./GVTC-Services-All-Hairpinning-ACX5k-206/2016-4-25-v.01
250 CWD successful. "/GVTC-Services-All-Hairpinning-ACX5k-206/2016-4-25-v.01" is current directory.
ftp> put ag1.1-GVTC-Services-All-Hairpinning-ACX5k-206.conf ag1.1-GVTC-Services-All-Hairpinning-ACX5k-206.conf
local: ag1.1-GVTC-Services-All-Hairpinning-ACX5k-206.conf remote: ag1.1-GVTC-Services-All-Hairpinning-ACX5k-206.conf
200 Port command successful
150 Opening data channel for file upload to server of "/GVTC-Services-All-Hairpinning-ACX5k-206/2016-4-25-v.01/ag1.1-GVTC-Services-All-Hairpinning-ACX5k-206.conf"
100% |**********************************************************************************************************************************************************| 55542       00:00 ETAA
226 Successfully transferred "/GVTC-Services-All-Hairpinning-ACX5k-206/2016-4-25-v.01/ag1.1-GVTC-Services-All-Hairpinning-ACX5k-206.conf"
55542 bytes sent in 0.15 seconds (352.87 KB/s)
ftp> quit
221 Goodbye

--- JUNOS 14.1R2.12 built 2014-08-06 10:01:16 UTC

vmukhin@meson> 

vmukhin@meson> 

vmukhin@meson> edit 
Entering configuration mode

[edit]
vmukhin@meson# save ag1.1-GVTC-Services-All-Hairpinning-ACX5k-2016.conf 
Wrote 1950 lines of configuration to 'ag1.1-GVTC-Services-All-Hairpinning-ACX5k-2016.conf'

[edit]
vmukhin@meson# exit 
Exiting configuration mode

vmukhin@meson> ftp 172.29.101.60 
Connected to 172.29.101.60.
220-FileZilla Server version 0.9.48 beta
220-written by Tim Kosse (tim.kosse@filezilla-project.org)
220 Please visit http://sourceforge.net/projects/filezilla/
Name (172.29.101.60:vmukhin): mamba
331 Password required for mamba
Password:
230 Logged on
Remote system type is UNIX.
ftp> binary
200 Type set to I
ftp> cd ./GVTC-Services-All-Hairpinning-ACX5k-2016/2016-4-25-v.01
250 CWD successful. "/GVTC-Services-All-Hairpinning-ACX5k-2016/2016-4-25-v.01" is current directory.
ftp> put ag1.1-GVTC-Services-All-Hairpinning-ACX5k-2016.conf ag1.1-GVTC-Services-All-Hairpinning-ACX5k-2016.conf
local: ag1.1-GVTC-Services-All-Hairpinning-ACX5k-2016.conf remote: ag1.1-GVTC-Services-All-Hairpinning-ACX5k-2016.conf
200 Port command successful
150 Opening data channel for file upload to server of "/GVTC-Services-All-Hairpinning-ACX5k-2016/2016-4-25-v.01/ag1.1-GVTC-Services-All-Hairpinning-ACX5k-2016.conf"
100% |**********************************************************************************************************************************************************| 55542       00:00 ETAA
226 Successfully transferred "/GVTC-Services-All-Hairpinning-ACX5k-2016/2016-4-25-v.01/ag1.1-GVTC-Services-All-Hairpinning-ACX5k-2016.conf"
55542 bytes sent in 0.15 seconds (367.55 KB/s)
ftp> quit
221 Goodbye

