
--- JUNOS 12.3R6.6 built 2014-03-13 06:58:30 UTC
vmukhin@eabu-sol-eng-dc-s8> 

vmukhin@eabu-sol-eng-dc-s8> 

vmukhin@eabu-sol-eng-dc-s8> file list |match ag2.1-mbh1.1-isis-rsvp-auto-mesh-bgp-lu-june-27.conf 
ag2.1-mbh1.1-isis-rsvp-auto-mesh-bgp-lu-june-27.conf

vmukhin@eabu-sol-eng-dc-s8> ftp 172.29.100.44 
Connected to 172.29.100.44.
220-FileZilla Server version 0.9.48 beta
220-written by Tim Kosse (tim.kosse@filezilla-project.org)
220 Please visit http://sourceforge.net/projects/filezilla/
Name (172.29.100.44:vmukhin): mamba
331 Password required for mamba
Password:
230 Logged on
Remote system type is UNIX.
ftp> binary
200 Type set to I
ftp> cd ./mbh1.1-isis-rsvp-auto-mesh-bgp-lu-june-27/2013-06-27-v.02
250 CWD successful. "/mbh1.1-isis-rsvp-auto-mesh-bgp-lu-june-27/2013-06-27-v.02" is current directory.
ftp> put ag2.1-mbh1.1-isis-rsvp-auto-mesh-bgp-lu-june-27.conf ag2.1-mbh1.1-isis-rsvp-auto-mesh-bgp-lu-june-27.conf
local: ag2.1-mbh1.1-isis-rsvp-auto-mesh-bgp-lu-june-27.conf remote: ag2.1-mbh1.1-isis-rsvp-auto-mesh-bgp-lu-june-27.conf
200 Port command successful
150 Opening data channel for file upload to server of "/mbh1.1-isis-rsvp-auto-mesh-bgp-lu-june-27/2013-06-27-v.02/ag2.1-mbh1.1-isis-rsvp-auto-mesh-bgp-lu-june-27.conf"
100% |**********************************************************************************************************************************************************| 10305       00:00 ETAA
226 Successfully transferred "/mbh1.1-isis-rsvp-auto-mesh-bgp-lu-june-27/2013-06-27-v.02/ag2.1-mbh1.1-isis-rsvp-auto-mesh-bgp-lu-june-27.conf"
10305 bytes sent in 0.12 seconds (81.68 KB/s)
ftp> quit
221 Goodbye

--- JUNOS 12.3R6.6 built 2014-03-13 06:58:30 UTC

vmukhin@eabu-sol-eng-dc-s8> 

vmukhin@eabu-sol-eng-dc-s8> 

vmukhin@eabu-sol-eng-dc-s8> file list |match ag2.1-mbh1.0-isis-areas-full.conf 
ag2.1-mbh1.0-isis-areas-full.conf

vmukhin@eabu-sol-eng-dc-s8> ftp 172.29.100.44 
Connected to 172.29.100.44.
220-FileZilla Server version 0.9.48 beta
220-written by Tim Kosse (tim.kosse@filezilla-project.org)
220 Please visit http://sourceforge.net/projects/filezilla/
Name (172.29.100.44:vmukhin): mamba
331 Password required for mamba
Password:
230 Logged on
Remote system type is UNIX.
ftp> binary
200 Type set to I
ftp> cd ./mbh1.0-isis-areas-full/2013-06-06-v.01
250 CWD successful. "/mbh1.0-isis-areas-full/2013-06-06-v.01" is current directory.
ftp> put ag2.1-mbh1.0-isis-areas-full.conf ag2.1-mbh1.0-isis-areas-full.conf
local: ag2.1-mbh1.0-isis-areas-full.conf remote: ag2.1-mbh1.0-isis-areas-full.conf
200 Port command successful
150 Opening data channel for file upload to server of "/mbh1.0-isis-areas-full/2013-06-06-v.01/ag2.1-mbh1.0-isis-areas-full.conf"
100% |**********************************************************************************************************************************************************|  9136       00:00 ETAA
226 Successfully transferred "/mbh1.0-isis-areas-full/2013-06-06-v.01/ag2.1-mbh1.0-isis-areas-full.conf"
9136 bytes sent in 0.11 seconds (81.42 KB/s)
ftp> quit
221 Goodbye

--- JUNOS 12.3R6.6 built 2014-03-13 06:58:30 UTC

vmukhin@eabu-sol-eng-dc-s8> 

vmukhin@eabu-sol-eng-dc-s8> 

vmukhin@eabu-sol-eng-dc-s8> file list |match ag2.1-mbh1.0-full.conf 
ag2.1-mbh1.0-full.conf

vmukhin@eabu-sol-eng-dc-s8> ftp 172.29.100.44 
Connected to 172.29.100.44.
220-FileZilla Server version 0.9.48 beta
220-written by Tim Kosse (tim.kosse@filezilla-project.org)
220 Please visit http://sourceforge.net/projects/filezilla/
Name (172.29.100.44:vmukhin): mamba
331 Password required for mamba
Password:
230 Logged on
Remote system type is UNIX.
ftp> binary
200 Type set to I
ftp> cd ./mbh1.0-full/2013-06-06-v.01
250 CWD successful. "/mbh1.0-full/2013-06-06-v.01" is current directory.
ftp> put ag2.1-mbh1.0-full.conf ag2.1-mbh1.0-full.conf
local: ag2.1-mbh1.0-full.conf remote: ag2.1-mbh1.0-full.conf
200 Port command successful
150 Opening data channel for file upload to server of "/mbh1.0-full/2013-06-06-v.01/ag2.1-mbh1.0-full.conf"
100% |**********************************************************************************************************************************************************|  8956       00:00 ETAA
226 Successfully transferred "/mbh1.0-full/2013-06-06-v.01/ag2.1-mbh1.0-full.conf"
8956 bytes sent in 0.14 seconds (62.57 KB/s)
ftp> quit
221 Goodbye

--- JUNOS 12.3R6.6 built 2014-03-13 06:58:30 UTC

vmukhin@eabu-sol-eng-dc-s8> 

vmukhin@eabu-sol-eng-dc-s8> 

vmukhin@eabu-sol-eng-dc-s8> file list |match ag2.1-mbh1.1-isis-vlans-auto-mesh.conf 
ag2.1-mbh1.1-isis-vlans-auto-mesh.conf

vmukhin@eabu-sol-eng-dc-s8> ftp 172.29.100.44 
Connected to 172.29.100.44.
220-FileZilla Server version 0.9.48 beta
220-written by Tim Kosse (tim.kosse@filezilla-project.org)
220 Please visit http://sourceforge.net/projects/filezilla/
Name (172.29.100.44:vmukhin): mamba
331 Password required for mamba
Password:
230 Logged on
Remote system type is UNIX.
ftp> binary
200 Type set to I
ftp> cd ./mbh1.1-isis-vlans-auto-mesh/2013-06-10-v.01
250 CWD successful. "/mbh1.1-isis-vlans-auto-mesh/2013-06-10-v.01" is current directory.
ftp> put ag2.1-mbh1.1-isis-vlans-auto-mesh.conf ag2.1-mbh1.1-isis-vlans-auto-mesh.conf
local: ag2.1-mbh1.1-isis-vlans-auto-mesh.conf remote: ag2.1-mbh1.1-isis-vlans-auto-mesh.conf
200 Port command successful
150 Opening data channel for file upload to server of "/mbh1.1-isis-vlans-auto-mesh/2013-06-10-v.01/ag2.1-mbh1.1-isis-vlans-auto-mesh.conf"
100% |**********************************************************************************************************************************************************| 10492       00:00 ETAA
226 Successfully transferred "/mbh1.1-isis-vlans-auto-mesh/2013-06-10-v.01/ag2.1-mbh1.1-isis-vlans-auto-mesh.conf"
10492 bytes sent in 0.13 seconds (81.49 KB/s)
ftp> quit
221 Goodbye

--- JUNOS 12.3R6.6 built 2014-03-13 06:58:30 UTC

vmukhin@eabu-sol-eng-dc-s8> 

vmukhin@eabu-sol-eng-dc-s8> 

vmukhin@eabu-sol-eng-dc-s8> file list |match ag2.1-mbh1.1-isis-rsvp-auto-mesh-bgp-lu-june-6.conf 
ag2.1-mbh1.1-isis-rsvp-auto-mesh-bgp-lu-june-6.conf

vmukhin@eabu-sol-eng-dc-s8> ftp 172.29.100.44 
Connected to 172.29.100.44.
220-FileZilla Server version 0.9.48 beta
220-written by Tim Kosse (tim.kosse@filezilla-project.org)
220 Please visit http://sourceforge.net/projects/filezilla/
Name (172.29.100.44:vmukhin): mamba
331 Password required for mamba
Password:
230 Logged on
Remote system type is UNIX.
ftp> binary
200 Type set to I
ftp> cd ./mbh1.1-isis-rsvp-auto-mesh-bgp-lu-june-6/2013-06-12-v.01
250 CWD successful. "/mbh1.1-isis-rsvp-auto-mesh-bgp-lu-june-6/2013-06-12-v.01" is current directory.
ftp> put ag2.1-mbh1.1-isis-rsvp-auto-mesh-bgp-lu-june-6.conf ag2.1-mbh1.1-isis-rsvp-auto-mesh-bgp-lu-june-6.conf
local: ag2.1-mbh1.1-isis-rsvp-auto-mesh-bgp-lu-june-6.conf remote: ag2.1-mbh1.1-isis-rsvp-auto-mesh-bgp-lu-june-6.conf
200 Port command successful
150 Opening data channel for file upload to server of "/mbh1.1-isis-rsvp-auto-mesh-bgp-lu-june-6/2013-06-12-v.01/ag2.1-mbh1.1-isis-rsvp-auto-mesh-bgp-lu-june-6.conf"
100% |**********************************************************************************************************************************************************| 10427       00:00 ETAA
226 Successfully transferred "/mbh1.1-isis-rsvp-auto-mesh-bgp-lu-june-6/2013-06-12-v.01/ag2.1-mbh1.1-isis-rsvp-auto-mesh-bgp-lu-june-6.conf"
10427 bytes sent in 0.12 seconds (84.53 KB/s)
ftp> quit
221 Goodbye

--- JUNOS 12.3R6.6 built 2014-03-13 06:58:30 UTC

vmukhin@eabu-sol-eng-dc-s8> 

vmukhin@eabu-sol-eng-dc-s8> 

vmukhin@eabu-sol-eng-dc-s8> file list |match ag2.1-mbh1.1-isis-rsvp-auto-mesh-bgp-lu-june-27.conf 
ag2.1-mbh1.1-isis-rsvp-auto-mesh-bgp-lu-june-27.conf

vmukhin@eabu-sol-eng-dc-s8> ftp 172.29.100.44 
Connected to 172.29.100.44.
220-FileZilla Server version 0.9.48 beta
220-written by Tim Kosse (tim.kosse@filezilla-project.org)
220 Please visit http://sourceforge.net/projects/filezilla/
Name (172.29.100.44:vmukhin): mamba
331 Password required for mamba
Password:
230 Logged on
Remote system type is UNIX.
ftp> binary
200 Type set to I
ftp> cd ./mbh1.1-isis-rsvp-auto-mesh-bgp-lu-june-27/2013-06-27-v.01
250 CWD successful. "/mbh1.1-isis-rsvp-auto-mesh-bgp-lu-june-27/2013-06-27-v.01" is current directory.
ftp> put ag2.1-mbh1.1-isis-rsvp-auto-mesh-bgp-lu-june-27.conf ag2.1-mbh1.1-isis-rsvp-auto-mesh-bgp-lu-june-27.conf
local: ag2.1-mbh1.1-isis-rsvp-auto-mesh-bgp-lu-june-27.conf remote: ag2.1-mbh1.1-isis-rsvp-auto-mesh-bgp-lu-june-27.conf
200 Port command successful
150 Opening data channel for file upload to server of "/mbh1.1-isis-rsvp-auto-mesh-bgp-lu-june-27/2013-06-27-v.01/ag2.1-mbh1.1-isis-rsvp-auto-mesh-bgp-lu-june-27.conf"
100% |**********************************************************************************************************************************************************| 10305       00:00 ETAA
226 Successfully transferred "/mbh1.1-isis-rsvp-auto-mesh-bgp-lu-june-27/2013-06-27-v.01/ag2.1-mbh1.1-isis-rsvp-auto-mesh-bgp-lu-june-27.conf"
10305 bytes sent in 0.13 seconds (80.23 KB/s)
ftp> quit
221 Goodbye

--- JUNOS 12.3R6.6 built 2014-03-13 06:58:30 UTC

vmukhin@eabu-sol-eng-dc-s8> 

vmukhin@eabu-sol-eng-dc-s8> 

vmukhin@eabu-sol-eng-dc-s8> file list |match ag2.1-mbh1.1-with-mng-in-grt.conf 
ag2.1-mbh1.1-with-mng-in-grt.conf

vmukhin@eabu-sol-eng-dc-s8> ftp 172.29.100.44 
Connected to 172.29.100.44.
220-FileZilla Server version 0.9.48 beta
220-written by Tim Kosse (tim.kosse@filezilla-project.org)
220 Please visit http://sourceforge.net/projects/filezilla/
Name (172.29.100.44:vmukhin): mamba
331 Password required for mamba
Password:
230 Logged on
Remote system type is UNIX.
ftp> binary
200 Type set to I
ftp> cd ./mbh1.1-with-mng-in-grt/2013-06-29-v.01
250 CWD successful. "/mbh1.1-with-mng-in-grt/2013-06-29-v.01" is current directory.
ftp> put ag2.1-mbh1.1-with-mng-in-grt.conf ag2.1-mbh1.1-with-mng-in-grt.conf
local: ag2.1-mbh1.1-with-mng-in-grt.conf remote: ag2.1-mbh1.1-with-mng-in-grt.conf
200 Port command successful
150 Opening data channel for file upload to server of "/mbh1.1-with-mng-in-grt/2013-06-29-v.01/ag2.1-mbh1.1-with-mng-in-grt.conf"
100% |**********************************************************************************************************************************************************| 11049       00:00 ETAA
226 Successfully transferred "/mbh1.1-with-mng-in-grt/2013-06-29-v.01/ag2.1-mbh1.1-with-mng-in-grt.conf"
11049 bytes sent in 0.13 seconds (84.41 KB/s)
ftp> quit
221 Goodbye

--- JUNOS 12.3R6.6 built 2014-03-13 06:58:30 UTC

vmukhin@eabu-sol-eng-dc-s8> 

vmukhin@eabu-sol-eng-dc-s8> 

vmukhin@eabu-sol-eng-dc-s8> file list |match ag2.1-mbh1.1-isis-rsvp-auto-mesh-bgp-lu-july-01.conf 
ag2.1-mbh1.1-isis-rsvp-auto-mesh-bgp-lu-july-01.conf

vmukhin@eabu-sol-eng-dc-s8> ftp 172.29.100.44 
Connected to 172.29.100.44.
220-FileZilla Server version 0.9.48 beta
220-written by Tim Kosse (tim.kosse@filezilla-project.org)
220 Please visit http://sourceforge.net/projects/filezilla/
Name (172.29.100.44:vmukhin): mamba
331 Password required for mamba
Password:
230 Logged on
Remote system type is UNIX.
ftp> binary
200 Type set to I
ftp> cd ./mbh1.1-isis-rsvp-auto-mesh-bgp-lu-july-01/2013-07-01-v.01
250 CWD successful. "/mbh1.1-isis-rsvp-auto-mesh-bgp-lu-july-01/2013-07-01-v.01" is current directory.
ftp> put ag2.1-mbh1.1-isis-rsvp-auto-mesh-bgp-lu-july-01.conf ag2.1-mbh1.1-isis-rsvp-auto-mesh-bgp-lu-july-01.conf
local: ag2.1-mbh1.1-isis-rsvp-auto-mesh-bgp-lu-july-01.conf remote: ag2.1-mbh1.1-isis-rsvp-auto-mesh-bgp-lu-july-01.conf
200 Port command successful
150 Opening data channel for file upload to server of "/mbh1.1-isis-rsvp-auto-mesh-bgp-lu-july-01/2013-07-01-v.01/ag2.1-mbh1.1-isis-rsvp-auto-mesh-bgp-lu-july-01.conf"
100% |**********************************************************************************************************************************************************| 10896       00:00 ETAA
226 Successfully transferred "/mbh1.1-isis-rsvp-auto-mesh-bgp-lu-july-01/2013-07-01-v.01/ag2.1-mbh1.1-isis-rsvp-auto-mesh-bgp-lu-july-01.conf"
10896 bytes sent in 0.10 seconds (105.54 KB/s)
ftp> quit
221 Goodbye

--- JUNOS 12.3R6.6 built 2014-03-13 06:58:30 UTC

vmukhin@eabu-sol-eng-dc-s8> 

vmukhin@eabu-sol-eng-dc-s8> 

vmukhin@eabu-sol-eng-dc-s8> file list |match ag2.1-mbh1.1-isis-rsvp-auto-mesh-bgp-lu-july-02-01.conf 
ag2.1-mbh1.1-isis-rsvp-auto-mesh-bgp-lu-july-02-01.conf

vmukhin@eabu-sol-eng-dc-s8> ftp 172.29.100.44 
Connected to 172.29.100.44.
220-FileZilla Server version 0.9.48 beta
220-written by Tim Kosse (tim.kosse@filezilla-project.org)
220 Please visit http://sourceforge.net/projects/filezilla/
Name (172.29.100.44:vmukhin): mamba
331 Password required for mamba
Password:
230 Logged on
Remote system type is UNIX.
ftp> binary
200 Type set to I
ftp> cd ./mbh1.1-isis-rsvp-auto-mesh-bgp-lu-july-02-01/2013-07-02-v.01
250 CWD successful. "/mbh1.1-isis-rsvp-auto-mesh-bgp-lu-july-02-01/2013-07-02-v.01" is current directory.
ftp> put ag2.1-mbh1.1-isis-rsvp-auto-mesh-bgp-lu-july-02-01.conf ag2.1-mbh1.1-isis-rsvp-auto-mesh-bgp-lu-july-02-01.conf
local: ag2.1-mbh1.1-isis-rsvp-auto-mesh-bgp-lu-july-02-01.conf remote: ag2.1-mbh1.1-isis-rsvp-auto-mesh-bgp-lu-july-02-01.conf
200 Port command successful
150 Opening data channel for file upload to server of "/mbh1.1-isis-rsvp-auto-mesh-bgp-lu-july-02-01/2013-07-02-v.01/ag2.1-mbh1.1-isis-rsvp-auto-mesh-bgp-lu-july-02-01.conf"
100% |**********************************************************************************************************************************************************| 10896       00:00 ETAA
226 Successfully transferred "/mbh1.1-isis-rsvp-auto-mesh-bgp-lu-july-02-01/2013-07-02-v.01/ag2.1-mbh1.1-isis-rsvp-auto-mesh-bgp-lu-july-02-01.conf"
10896 bytes sent in 0.10 seconds (108.89 KB/s)
ftp> quit
221 Goodbye

--- JUNOS 12.3R6.6 built 2014-03-13 06:58:30 UTC

vmukhin@eabu-sol-eng-dc-s8> 

vmukhin@eabu-sol-eng-dc-s8> 

vmukhin@eabu-sol-eng-dc-s8> file list |match ag2.1-mbh1.1-July-05.conf 
ag2.1-mbh1.1-July-05.conf

vmukhin@eabu-sol-eng-dc-s8> ftp 172.29.100.44 
Connected to 172.29.100.44.
220-FileZilla Server version 0.9.48 beta
220-written by Tim Kosse (tim.kosse@filezilla-project.org)
220 Please visit http://sourceforge.net/projects/filezilla/
Name (172.29.100.44:vmukhin): mamba
331 Password required for mamba
Password:
230 Logged on
Remote system type is UNIX.
ftp> binary
200 Type set to I
ftp> cd ./mbh1.1-July-05/2013-07-03-v.01
250 CWD successful. "/mbh1.1-July-05/2013-07-03-v.01" is current directory.
ftp> put ag2.1-mbh1.1-July-05.conf ag2.1-mbh1.1-July-05.conf
local: ag2.1-mbh1.1-July-05.conf remote: ag2.1-mbh1.1-July-05.conf
200 Port command successful
150 Opening data channel for file upload to server of "/mbh1.1-July-05/2013-07-03-v.01/ag2.1-mbh1.1-July-05.conf"
100% |**********************************************************************************************************************************************************| 10896       00:00 ETAA
226 Successfully transferred "/mbh1.1-July-05/2013-07-03-v.01/ag2.1-mbh1.1-July-05.conf"
10896 bytes sent in 0.10 seconds (106.40 KB/s)
ftp> quit
221 Goodbye

--- JUNOS 12.3R6.6 built 2014-03-13 06:58:30 UTC

vmukhin@eabu-sol-eng-dc-s8> 

vmukhin@eabu-sol-eng-dc-s8> 

vmukhin@eabu-sol-eng-dc-s8> file list |match ag2.1-mbh1.1-July-07.conf 
ag2.1-mbh1.1-July-07.conf

vmukhin@eabu-sol-eng-dc-s8> ftp 172.29.100.44 
Connected to 172.29.100.44.
220-FileZilla Server version 0.9.48 beta
220-written by Tim Kosse (tim.kosse@filezilla-project.org)
220 Please visit http://sourceforge.net/projects/filezilla/
Name (172.29.100.44:vmukhin): mamba
331 Password required for mamba
Password:
230 Logged on
Remote system type is UNIX.
ftp> binary
200 Type set to I
ftp> cd ./mbh1.1-July-07/2013-07-07-v.01
250 CWD successful. "/mbh1.1-July-07/2013-07-07-v.01" is current directory.
ftp> put ag2.1-mbh1.1-July-07.conf ag2.1-mbh1.1-July-07.conf
local: ag2.1-mbh1.1-July-07.conf remote: ag2.1-mbh1.1-July-07.conf
200 Port command successful
150 Opening data channel for file upload to server of "/mbh1.1-July-07/2013-07-07-v.01/ag2.1-mbh1.1-July-07.conf"
100% |**********************************************************************************************************************************************************| 10896       00:00 ETAA
226 Successfully transferred "/mbh1.1-July-07/2013-07-07-v.01/ag2.1-mbh1.1-July-07.conf"
10896 bytes sent in 0.11 seconds (98.69 KB/s)
ftp> quit
221 Goodbye

--- JUNOS 12.3R6.6 built 2014-03-13 06:58:30 UTC

vmukhin@eabu-sol-eng-dc-s8> 

vmukhin@eabu-sol-eng-dc-s8> 

vmukhin@eabu-sol-eng-dc-s8> file list |match ag2.1-mbh1.1-July-08.conf 
ag2.1-mbh1.1-July-08.conf

vmukhin@eabu-sol-eng-dc-s8> ftp 172.29.100.44 
Connected to 172.29.100.44.
220-FileZilla Server version 0.9.48 beta
220-written by Tim Kosse (tim.kosse@filezilla-project.org)
220 Please visit http://sourceforge.net/projects/filezilla/
Name (172.29.100.44:vmukhin): mamba
331 Password required for mamba
Password:
230 Logged on
Remote system type is UNIX.
ftp> binary
200 Type set to I
ftp> cd ./mbh1.1-July-08/2013-07-07-v.01
250 CWD successful. "/mbh1.1-July-08/2013-07-07-v.01" is current directory.
ftp> put ag2.1-mbh1.1-July-08.conf ag2.1-mbh1.1-July-08.conf
local: ag2.1-mbh1.1-July-08.conf remote: ag2.1-mbh1.1-July-08.conf
200 Port command successful
150 Opening data channel for file upload to server of "/mbh1.1-July-08/2013-07-07-v.01/ag2.1-mbh1.1-July-08.conf"
100% |**********************************************************************************************************************************************************| 11204       00:00 ETAA
226 Successfully transferred "/mbh1.1-July-08/2013-07-07-v.01/ag2.1-mbh1.1-July-08.conf"
11204 bytes sent in 0.24 seconds (45.90 KB/s)
ftp> quit
221 Goodbye

--- JUNOS 12.3R6.6 built 2014-03-13 06:58:30 UTC

vmukhin@eabu-sol-eng-dc-s8> 

vmukhin@eabu-sol-eng-dc-s8> 

vmukhin@eabu-sol-eng-dc-s8> file list |match ag2.1-mbh1.1-July-08.1.conf 
ag2.1-mbh1.1-July-08.1.conf

vmukhin@eabu-sol-eng-dc-s8> ftp 172.29.100.44 
Connected to 172.29.100.44.
220-FileZilla Server version 0.9.48 beta
220-written by Tim Kosse (tim.kosse@filezilla-project.org)
220 Please visit http://sourceforge.net/projects/filezilla/
Name (172.29.100.44:vmukhin): mamba
331 Password required for mamba
Password:
230 Logged on
Remote system type is UNIX.
ftp> binary
200 Type set to I
ftp> cd ./mbh1.1-July-08.1/2013-07-09-v.01
250 CWD successful. "/mbh1.1-July-08.1/2013-07-09-v.01" is current directory.
ftp> put ag2.1-mbh1.1-July-08.1.conf ag2.1-mbh1.1-July-08.1.conf
local: ag2.1-mbh1.1-July-08.1.conf remote: ag2.1-mbh1.1-July-08.1.conf
200 Port command successful
150 Opening data channel for file upload to server of "/mbh1.1-July-08.1/2013-07-09-v.01/ag2.1-mbh1.1-July-08.1.conf"
100% |**********************************************************************************************************************************************************| 11204       00:00 ETAA
226 Successfully transferred "/mbh1.1-July-08.1/2013-07-09-v.01/ag2.1-mbh1.1-July-08.1.conf"
11204 bytes sent in 0.12 seconds (93.42 KB/s)
ftp> quit
221 Goodbye

--- JUNOS 12.3R6.6 built 2014-03-13 06:58:30 UTC

vmukhin@eabu-sol-eng-dc-s8> 

vmukhin@eabu-sol-eng-dc-s8> 

vmukhin@eabu-sol-eng-dc-s8> file list |match ag2.1-mbh1.1-full-isis-ring-bgp-lu-rsvp-auto-mesh-july08.conf 
ag2.1-mbh1.1-full-isis-ring-bgp-lu-rsvp-auto-mesh-july08.conf

vmukhin@eabu-sol-eng-dc-s8> ftp 172.29.100.44 
Connected to 172.29.100.44.
220-FileZilla Server version 0.9.48 beta
220-written by Tim Kosse (tim.kosse@filezilla-project.org)
220 Please visit http://sourceforge.net/projects/filezilla/
Name (172.29.100.44:vmukhin): mamba
331 Password required for mamba
Password:
230 Logged on
Remote system type is UNIX.
ftp> binary
200 Type set to I
ftp> cd ./mbh1.1-full-isis-ring-bgp-lu-rsvp-auto-mesh-july08/2013-07-13-v.01
250 CWD successful. "/mbh1.1-full-isis-ring-bgp-lu-rsvp-auto-mesh-july08/2013-07-13-v.01" is current directory.
ftp> put ag2.1-mbh1.1-full-isis-ring-bgp-lu-rsvp-auto-mesh-july08.conf ag2.1-mbh1.1-full-isis-ring-bgp-lu-rsvp-auto-mesh-july08.conf
local: ag2.1-mbh1.1-full-isis-ring-bgp-lu-rsvp-auto-mesh-july08.conf remote: ag2.1-mbh1.1-full-isis-ring-bgp-lu-rsvp-auto-mesh-july08.conf
200 Port command successful
150 Opening data channel for file upload to server of "/mbh1.1-full-isis-ring-bgp-lu-rsvp-auto-mesh-july08/2013-07-13-v.01/ag2.1-mbh1.1-full-isis-ring-bgp-lu-rsvp-auto-mesh-july08.conf"
100% |**********************************************************************************************************************************************************| 11204       00:00 ETAA
226 Successfully transferred "/mbh1.1-full-isis-ring-bgp-lu-rsvp-auto-mesh-july08/2013-07-13-v.01/ag2.1-mbh1.1-full-isis-ring-bgp-lu-rsvp-auto-mesh-july08.conf"
11204 bytes sent in 0.11 seconds (99.60 KB/s)
ftp> quit
221 Goodbye

--- JUNOS 12.3R6.6 built 2014-03-13 06:58:30 UTC

vmukhin@eabu-sol-eng-dc-s8> 

vmukhin@eabu-sol-eng-dc-s8> 

vmukhin@eabu-sol-eng-dc-s8> file list |match ag2.1-mbh1.1-ospf-zero-July-09-00.conf 
ag2.1-mbh1.1-ospf-zero-July-09-00.conf

vmukhin@eabu-sol-eng-dc-s8> ftp 172.29.100.44 
Connected to 172.29.100.44.
220-FileZilla Server version 0.9.48 beta
220-written by Tim Kosse (tim.kosse@filezilla-project.org)
220 Please visit http://sourceforge.net/projects/filezilla/
Name (172.29.100.44:vmukhin): mamba
331 Password required for mamba
Password:
230 Logged on
Remote system type is UNIX.
ftp> binary
200 Type set to I
ftp> cd ./mbh1.1-ospf-zero-July-09-00/2013-07-09-v.01
250 CWD successful. "/mbh1.1-ospf-zero-July-09-00/2013-07-09-v.01" is current directory.
ftp> put ag2.1-mbh1.1-ospf-zero-July-09-00.conf ag2.1-mbh1.1-ospf-zero-July-09-00.conf
local: ag2.1-mbh1.1-ospf-zero-July-09-00.conf remote: ag2.1-mbh1.1-ospf-zero-July-09-00.conf
200 Port command successful
150 Opening data channel for file upload to server of "/mbh1.1-ospf-zero-July-09-00/2013-07-09-v.01/ag2.1-mbh1.1-ospf-zero-July-09-00.conf"
100% |**********************************************************************************************************************************************************| 11204       00:00 ETAA
226 Successfully transferred "/mbh1.1-ospf-zero-July-09-00/2013-07-09-v.01/ag2.1-mbh1.1-ospf-zero-July-09-00.conf"
11204 bytes sent in 0.13 seconds (87.39 KB/s)
ftp> quit
221 Goodbye

--- JUNOS 12.3R6.6 built 2014-03-13 06:58:30 UTC

vmukhin@eabu-sol-eng-dc-s8> 

vmukhin@eabu-sol-eng-dc-s8> 

vmukhin@eabu-sol-eng-dc-s8> file list |match ag2.1-mbh1.1-hub&spoke-00.01-July-12.conf
                                                             ^
syntax error.

--- JUNOS 12.3R6.6 built 2014-03-13 06:58:30 UTC

vmukhin@eabu-sol-eng-dc-s8> 

vmukhin@eabu-sol-eng-dc-s8> 

vmukhin@eabu-sol-eng-dc-s8> file list |match ag2.1-mbh1.1-hub&spoke-00.01-july-12.conf
                                                             ^
syntax error.

--- JUNOS 12.3R6.6 built 2014-03-13 06:58:30 UTC

vmukhin@eabu-sol-eng-dc-s8> 

vmukhin@eabu-sol-eng-dc-s8> 

vmukhin@eabu-sol-eng-dc-s8> file list |match ag2.1-mbh1.1-hs-00.01-July-12.conf 
ag2.1-mbh1.1-hs-00.01-July-12.conf

vmukhin@eabu-sol-eng-dc-s8> ftp 172.29.100.44 
Connected to 172.29.100.44.
220-FileZilla Server version 0.9.48 beta
220-written by Tim Kosse (tim.kosse@filezilla-project.org)
220 Please visit http://sourceforge.net/projects/filezilla/
Name (172.29.100.44:vmukhin): mamba
331 Password required for mamba
Password:
230 Logged on
Remote system type is UNIX.
ftp> binary
200 Type set to I
ftp> cd ./mbh1.1-hs-00.01-July-12/2013-07-12-v.01
250 CWD successful. "/mbh1.1-hs-00.01-July-12/2013-07-12-v.01" is current directory.
ftp> put ag2.1-mbh1.1-hs-00.01-July-12.conf ag2.1-mbh1.1-hs-00.01-July-12.conf
local: ag2.1-mbh1.1-hs-00.01-July-12.conf remote: ag2.1-mbh1.1-hs-00.01-July-12.conf
200 Port command successful
150 Opening data channel for file upload to server of "/mbh1.1-hs-00.01-July-12/2013-07-12-v.01/ag2.1-mbh1.1-hs-00.01-July-12.conf"
100% |**********************************************************************************************************************************************************| 12033       00:00 ETAA
226 Successfully transferred "/mbh1.1-hs-00.01-July-12/2013-07-12-v.01/ag2.1-mbh1.1-hs-00.01-July-12.conf"
12033 bytes sent in 0.11 seconds (104.63 KB/s)
ftp> quit
221 Goodbye

--- JUNOS 12.3R6.6 built 2014-03-13 06:58:30 UTC

vmukhin@eabu-sol-eng-dc-s8> 

vmukhin@eabu-sol-eng-dc-s8> 

vmukhin@eabu-sol-eng-dc-s8> file list |match ag2.1-mbh1.1-full-HS-OSPF-LFA-LDP-bgp-lu-luly-12.conf 
ag2.1-mbh1.1-full-HS-OSPF-LFA-LDP-bgp-lu-luly-12.conf

vmukhin@eabu-sol-eng-dc-s8> ftp 172.29.100.44 
Connected to 172.29.100.44.
220-FileZilla Server version 0.9.48 beta
220-written by Tim Kosse (tim.kosse@filezilla-project.org)
220 Please visit http://sourceforge.net/projects/filezilla/
Name (172.29.100.44:vmukhin): mamba
331 Password required for mamba
Password:
230 Logged on
Remote system type is UNIX.
ftp> binary
200 Type set to I
ftp> cd ./mbh1.1-full-HS-OSPF-LFA-LDP-bgp-lu-luly-12/2013-07-12-v.01
250 CWD successful. "/mbh1.1-full-HS-OSPF-LFA-LDP-bgp-lu-luly-12/2013-07-12-v.01" is current directory.
ftp> put ag2.1-mbh1.1-full-HS-OSPF-LFA-LDP-bgp-lu-luly-12.conf ag2.1-mbh1.1-full-HS-OSPF-LFA-LDP-bgp-lu-luly-12.conf
local: ag2.1-mbh1.1-full-HS-OSPF-LFA-LDP-bgp-lu-luly-12.conf remote: ag2.1-mbh1.1-full-HS-OSPF-LFA-LDP-bgp-lu-luly-12.conf
200 Port command successful
150 Opening data channel for file upload to server of "/mbh1.1-full-HS-OSPF-LFA-LDP-bgp-lu-luly-12/2013-07-12-v.01/ag2.1-mbh1.1-full-HS-OSPF-LFA-LDP-bgp-lu-luly-12.conf"
100% |**********************************************************************************************************************************************************| 12298       00:00 ETAA
226 Successfully transferred "/mbh1.1-full-HS-OSPF-LFA-LDP-bgp-lu-luly-12/2013-07-12-v.01/ag2.1-mbh1.1-full-HS-OSPF-LFA-LDP-bgp-lu-luly-12.conf"
12298 bytes sent in 0.18 seconds (65.70 KB/s)
ftp> quit
221 Goodbye

--- JUNOS 12.3R6.6 built 2014-03-13 06:58:30 UTC

vmukhin@eabu-sol-eng-dc-s8> 

vmukhin@eabu-sol-eng-dc-s8> 

vmukhin@eabu-sol-eng-dc-s8> file list |match ag2.1-mbh1.1-full-HS-ospf-lfa-ldp-bgp-lu-july-12.conf 
ag2.1-mbh1.1-full-HS-ospf-lfa-ldp-bgp-lu-july-12.conf

vmukhin@eabu-sol-eng-dc-s8> ftp 172.29.100.44 
Connected to 172.29.100.44.
220-FileZilla Server version 0.9.48 beta
220-written by Tim Kosse (tim.kosse@filezilla-project.org)
220 Please visit http://sourceforge.net/projects/filezilla/
Name (172.29.100.44:vmukhin): mamba
331 Password required for mamba
Password:
230 Logged on
Remote system type is UNIX.
ftp> binary
200 Type set to I
ftp> cd ./mbh1.1-full-HS-ospf-lfa-ldp-bgp-lu-july-12/2013-07-12-v.01
250 CWD successful. "/mbh1.1-full-HS-ospf-lfa-ldp-bgp-lu-july-12/2013-07-12-v.01" is current directory.
ftp> put ag2.1-mbh1.1-full-HS-ospf-lfa-ldp-bgp-lu-july-12.conf ag2.1-mbh1.1-full-HS-ospf-lfa-ldp-bgp-lu-july-12.conf
local: ag2.1-mbh1.1-full-HS-ospf-lfa-ldp-bgp-lu-july-12.conf remote: ag2.1-mbh1.1-full-HS-ospf-lfa-ldp-bgp-lu-july-12.conf
200 Port command successful
150 Opening data channel for file upload to server of "/mbh1.1-full-HS-ospf-lfa-ldp-bgp-lu-july-12/2013-07-12-v.01/ag2.1-mbh1.1-full-HS-ospf-lfa-ldp-bgp-lu-july-12.conf"
100% |**********************************************************************************************************************************************************| 12298       00:00 ETAA
226 Successfully transferred "/mbh1.1-full-HS-ospf-lfa-ldp-bgp-lu-july-12/2013-07-12-v.01/ag2.1-mbh1.1-full-HS-ospf-lfa-ldp-bgp-lu-july-12.conf"
12298 bytes sent in 0.10 seconds (117.57 KB/s)
ftp> quit
221 Goodbye

--- JUNOS 12.3R6.6 built 2014-03-13 06:58:30 UTC

vmukhin@eabu-sol-eng-dc-s8> 

vmukhin@eabu-sol-eng-dc-s8> 

vmukhin@eabu-sol-eng-dc-s8> file list |match ag2.1-mbh1.1-full-isis-rsvp-4G-VPLS-ver01-July-15.conf 
ag2.1-mbh1.1-full-isis-rsvp-4G-VPLS-ver01-July-15.conf

vmukhin@eabu-sol-eng-dc-s8> ftp 172.29.100.44 
Connected to 172.29.100.44.
220-FileZilla Server version 0.9.48 beta
220-written by Tim Kosse (tim.kosse@filezilla-project.org)
220 Please visit http://sourceforge.net/projects/filezilla/
Name (172.29.100.44:vmukhin): mamba
331 Password required for mamba
Password:
230 Logged on
Remote system type is UNIX.
ftp> binary
200 Type set to I
ftp> cd ./mbh1.1-full-isis-rsvp-4G-VPLS-ver01-July-15/2013-07-13-v.01
250 CWD successful. "/mbh1.1-full-isis-rsvp-4G-VPLS-ver01-July-15/2013-07-13-v.01" is current directory.
ftp> put ag2.1-mbh1.1-full-isis-rsvp-4G-VPLS-ver01-July-15.conf ag2.1-mbh1.1-full-isis-rsvp-4G-VPLS-ver01-July-15.conf
local: ag2.1-mbh1.1-full-isis-rsvp-4G-VPLS-ver01-July-15.conf remote: ag2.1-mbh1.1-full-isis-rsvp-4G-VPLS-ver01-July-15.conf
200 Port command successful
150 Opening data channel for file upload to server of "/mbh1.1-full-isis-rsvp-4G-VPLS-ver01-July-15/2013-07-13-v.01/ag2.1-mbh1.1-full-isis-rsvp-4G-VPLS-ver01-July-15.conf"
100% |**********************************************************************************************************************************************************| 11204       00:00 ETAA
226 Successfully transferred "/mbh1.1-full-isis-rsvp-4G-VPLS-ver01-July-15/2013-07-13-v.01/ag2.1-mbh1.1-full-isis-rsvp-4G-VPLS-ver01-July-15.conf"
11204 bytes sent in 0.09 seconds (117.54 KB/s)
ftp> quit
221 Goodbye

--- JUNOS 12.3R6.6 built 2014-03-13 06:58:30 UTC

vmukhin@eabu-sol-eng-dc-s8> 

vmukhin@eabu-sol-eng-dc-s8> 

vmukhin@eabu-sol-eng-dc-s8> file list |match ag2.1-mbh1.1-full-sis-rsvp-NEW-VPLS-July-15.conf 
ag2.1-mbh1.1-full-sis-rsvp-NEW-VPLS-July-15.conf

vmukhin@eabu-sol-eng-dc-s8> ftp 172.29.100.44 
Connected to 172.29.100.44.
220-FileZilla Server version 0.9.48 beta
220-written by Tim Kosse (tim.kosse@filezilla-project.org)
220 Please visit http://sourceforge.net/projects/filezilla/
Name (172.29.100.44:vmukhin): mamba
331 Password required for mamba
Password:
230 Logged on
Remote system type is UNIX.
ftp> binary
200 Type set to I
ftp> cd ./mbh1.1-full-sis-rsvp-NEW-VPLS-July-15/2013-07-16-v.01
250 CWD successful. "/mbh1.1-full-sis-rsvp-NEW-VPLS-July-15/2013-07-16-v.01" is current directory.
ftp> put ag2.1-mbh1.1-full-sis-rsvp-NEW-VPLS-July-15.conf ag2.1-mbh1.1-full-sis-rsvp-NEW-VPLS-July-15.conf
local: ag2.1-mbh1.1-full-sis-rsvp-NEW-VPLS-July-15.conf remote: ag2.1-mbh1.1-full-sis-rsvp-NEW-VPLS-July-15.conf
200 Port command successful
150 Opening data channel for file upload to server of "/mbh1.1-full-sis-rsvp-NEW-VPLS-July-15/2013-07-16-v.01/ag2.1-mbh1.1-full-sis-rsvp-NEW-VPLS-July-15.conf"
100% |**********************************************************************************************************************************************************| 11204       00:00 ETAA
226 Successfully transferred "/mbh1.1-full-sis-rsvp-NEW-VPLS-July-15/2013-07-16-v.01/ag2.1-mbh1.1-full-sis-rsvp-NEW-VPLS-July-15.conf"
11204 bytes sent in 0.10 seconds (104.32 KB/s)
ftp> quit
221 Goodbye

--- JUNOS 12.3R6.6 built 2014-03-13 06:58:30 UTC

vmukhin@eabu-sol-eng-dc-s8> 

vmukhin@eabu-sol-eng-dc-s8> 

vmukhin@eabu-sol-eng-dc-s8> file list |match ag2.1-mbh1.1-full-sis-rsvp-BGP-VPLS-July-15.conf 
ag2.1-mbh1.1-full-sis-rsvp-BGP-VPLS-July-15.conf

vmukhin@eabu-sol-eng-dc-s8> ftp 172.29.100.44 
Connected to 172.29.100.44.
220-FileZilla Server version 0.9.48 beta
220-written by Tim Kosse (tim.kosse@filezilla-project.org)
220 Please visit http://sourceforge.net/projects/filezilla/
Name (172.29.100.44:vmukhin): mamba
331 Password required for mamba
Password:
230 Logged on
Remote system type is UNIX.
ftp> binary
200 Type set to I
ftp> cd ./mbh1.1-full-sis-rsvp-BGP-VPLS-July-15/2013-07-16-v.01
250 CWD successful. "/mbh1.1-full-sis-rsvp-BGP-VPLS-July-15/2013-07-16-v.01" is current directory.
ftp> put ag2.1-mbh1.1-full-sis-rsvp-BGP-VPLS-July-15.conf ag2.1-mbh1.1-full-sis-rsvp-BGP-VPLS-July-15.conf
local: ag2.1-mbh1.1-full-sis-rsvp-BGP-VPLS-July-15.conf remote: ag2.1-mbh1.1-full-sis-rsvp-BGP-VPLS-July-15.conf
200 Port command successful
150 Opening data channel for file upload to server of "/mbh1.1-full-sis-rsvp-BGP-VPLS-July-15/2013-07-16-v.01/ag2.1-mbh1.1-full-sis-rsvp-BGP-VPLS-July-15.conf"
100% |**********************************************************************************************************************************************************| 11511       00:00 ETAA
226 Successfully transferred "/mbh1.1-full-sis-rsvp-BGP-VPLS-July-15/2013-07-16-v.01/ag2.1-mbh1.1-full-sis-rsvp-BGP-VPLS-July-15.conf"
11511 bytes sent in 0.14 seconds (82.51 KB/s)
ftp> quit
221 Goodbye

--- JUNOS 12.3R6.6 built 2014-03-13 06:58:30 UTC

vmukhin@eabu-sol-eng-dc-s8> 

vmukhin@eabu-sol-eng-dc-s8> 

vmukhin@eabu-sol-eng-dc-s8> file list |match ag2.1-mbh1.1-full-isis-rsvp-bgp-lu-VPLS-OAM-July-16.conf 
ag2.1-mbh1.1-full-isis-rsvp-bgp-lu-VPLS-OAM-July-16.conf

vmukhin@eabu-sol-eng-dc-s8> ftp 172.29.100.44 
Connected to 172.29.100.44.
220-FileZilla Server version 0.9.48 beta
220-written by Tim Kosse (tim.kosse@filezilla-project.org)
220 Please visit http://sourceforge.net/projects/filezilla/
Name (172.29.100.44:vmukhin): mamba
331 Password required for mamba
Password:
230 Logged on
Remote system type is UNIX.
ftp> binary
200 Type set to I
ftp> cd ./mbh1.1-full-isis-rsvp-bgp-lu-VPLS-OAM-July-16/2013-07-17-v.01
250 CWD successful. "/mbh1.1-full-isis-rsvp-bgp-lu-VPLS-OAM-July-16/2013-07-17-v.01" is current directory.
ftp> put ag2.1-mbh1.1-full-isis-rsvp-bgp-lu-VPLS-OAM-July-16.conf ag2.1-mbh1.1-full-isis-rsvp-bgp-lu-VPLS-OAM-July-16.conf
local: ag2.1-mbh1.1-full-isis-rsvp-bgp-lu-VPLS-OAM-July-16.conf remote: ag2.1-mbh1.1-full-isis-rsvp-bgp-lu-VPLS-OAM-July-16.conf
200 Port command successful
150 Opening data channel for file upload to server of "/mbh1.1-full-isis-rsvp-bgp-lu-VPLS-OAM-July-16/2013-07-17-v.01/ag2.1-mbh1.1-full-isis-rsvp-bgp-lu-VPLS-OAM-July-16.conf"
100% |**********************************************************************************************************************************************************| 11511       00:00 ETAA
226 Successfully transferred "/mbh1.1-full-isis-rsvp-bgp-lu-VPLS-OAM-July-16/2013-07-17-v.01/ag2.1-mbh1.1-full-isis-rsvp-bgp-lu-VPLS-OAM-July-16.conf"
11511 bytes sent in 0.11 seconds (100.99 KB/s)
ftp> quit
221 Goodbye

--- JUNOS 12.3R6.6 built 2014-03-13 06:58:30 UTC

vmukhin@eabu-sol-eng-dc-s8> 

vmukhin@eabu-sol-eng-dc-s8> 

vmukhin@eabu-sol-eng-dc-s8> file list |match ag2.1-mbh0.0-zero-conf-ring.conf 
ag2.1-mbh0.0-zero-conf-ring.conf

vmukhin@eabu-sol-eng-dc-s8> ftp 172.29.100.44 
Connected to 172.29.100.44.
220-FileZilla Server version 0.9.48 beta
220-written by Tim Kosse (tim.kosse@filezilla-project.org)
220 Please visit http://sourceforge.net/projects/filezilla/
Name (172.29.100.44:vmukhin): mamba
331 Password required for mamba
Password:
230 Logged on
Remote system type is UNIX.
ftp> binary
200 Type set to I
ftp> cd ./mbh0.0-zero-conf-ring/2013-07-30-v.01
250 CWD successful. "/mbh0.0-zero-conf-ring/2013-07-30-v.01" is current directory.
ftp> put ag2.1-mbh0.0-zero-conf-ring.conf ag2.1-mbh0.0-zero-conf-ring.conf
local: ag2.1-mbh0.0-zero-conf-ring.conf remote: ag2.1-mbh0.0-zero-conf-ring.conf
200 Port command successful
150 Opening data channel for file upload to server of "/mbh0.0-zero-conf-ring/2013-07-30-v.01/ag2.1-mbh0.0-zero-conf-ring.conf"
100% |**********************************************************************************************************************************************************|  4872       00:00 ETAA
226 Successfully transferred "/mbh0.0-zero-conf-ring/2013-07-30-v.01/ag2.1-mbh0.0-zero-conf-ring.conf"
4872 bytes sent in 0.08 seconds (57.01 KB/s)
ftp> quit
221 Goodbye

--- JUNOS 12.3R6.6 built 2014-03-13 06:58:30 UTC

vmukhin@eabu-sol-eng-dc-s8> 

vmukhin@eabu-sol-eng-dc-s8> 

vmukhin@eabu-sol-eng-dc-s8> file list |match ag2.1-test-config.conf 
ag2.1-test-config.conf

vmukhin@eabu-sol-eng-dc-s8> ftp 172.29.100.44 
Connected to 172.29.100.44.
220-FileZilla Server version 0.9.48 beta
220-written by Tim Kosse (tim.kosse@filezilla-project.org)
220 Please visit http://sourceforge.net/projects/filezilla/
Name (172.29.100.44:vmukhin): mamba
331 Password required for mamba
Password:
230 Logged on
Remote system type is UNIX.
ftp> binary
200 Type set to I
ftp> cd ./test-config/2013-07-30-v.01
250 CWD successful. "/test-config/2013-07-30-v.01" is current directory.
ftp> put ag2.1-test-config.conf ag2.1-test-config.conf
local: ag2.1-test-config.conf remote: ag2.1-test-config.conf
200 Port command successful
150 Opening data channel for file upload to server of "/test-config/2013-07-30-v.01/ag2.1-test-config.conf"
100% |**********************************************************************************************************************************************************|  4872       00:00 ETAA
226 Successfully transferred "/test-config/2013-07-30-v.01/ag2.1-test-config.conf"
4872 bytes sent in 0.07 seconds (63.88 KB/s)
ftp> quit
221 Goodbye

--- JUNOS 12.3R6.6 built 2014-03-13 06:58:30 UTC

vmukhin@eabu-sol-eng-dc-s8> 

vmukhin@eabu-sol-eng-dc-s8> 

vmukhin@eabu-sol-eng-dc-s8> file list |match ag2.1-A&A0.0-Zero-HaS-topology.conf
                                                    ^
syntax error.

--- JUNOS 12.3R6.6 built 2014-03-13 06:58:30 UTC

vmukhin@eabu-sol-eng-dc-s8> 

vmukhin@eabu-sol-eng-dc-s8> 

vmukhin@eabu-sol-eng-dc-s8> file list |match ag2.1-ce2.0-services.conf 

--- JUNOS 12.3R6.6 built 2014-03-13 06:58:30 UTC

vmukhin@eabu-sol-eng-dc-s8> 

vmukhin@eabu-sol-eng-dc-s8> 

vmukhin@eabu-sol-eng-dc-s8> file list |match ag2.1-ce2.0-services-July31.conf 
ag2.1-ce2.0-services-July31.conf

vmukhin@eabu-sol-eng-dc-s8> ftp 172.29.100.44 
Connected to 172.29.100.44.
220-FileZilla Server version 0.9.48 beta
220-written by Tim Kosse (tim.kosse@filezilla-project.org)
220 Please visit http://sourceforge.net/projects/filezilla/
Name (172.29.100.44:vmukhin): mamba
331 Password required for mamba
Password:
230 Logged on
Remote system type is UNIX.
ftp> binary
200 Type set to I
ftp> cd ./ce2.0-services-July31/2013-07-31-v.01
250 CWD successful. "/ce2.0-services-July31/2013-07-31-v.01" is current directory.
ftp> put ag2.1-ce2.0-services-July31.conf ag2.1-ce2.0-services-July31.conf
local: ag2.1-ce2.0-services-July31.conf remote: ag2.1-ce2.0-services-July31.conf
200 Port command successful
150 Opening data channel for file upload to server of "/ce2.0-services-July31/2013-07-31-v.01/ag2.1-ce2.0-services-July31.conf"
100% |**********************************************************************************************************************************************************| 13704       00:00 ETAA
226 Successfully transferred "/ce2.0-services-July31/2013-07-31-v.01/ag2.1-ce2.0-services-July31.conf"
13704 bytes sent in 0.13 seconds (102.99 KB/s)
ftp> quit
221 Goodbye

--- JUNOS 12.3R6.6 built 2014-03-13 06:58:30 UTC

vmukhin@eabu-sol-eng-dc-s8> 

vmukhin@eabu-sol-eng-dc-s8> 

vmukhin@eabu-sol-eng-dc-s8> file list |match ag2.1-mbh1.1-isis-ring-bgp-lu-rsvp-VPLS-BGP-oam-mip-july-31-OAM-good.conf 
ag2.1-mbh1.1-isis-ring-bgp-lu-rsvp-VPLS-BGP-oam-mip-july-31-OAM-good.conf

vmukhin@eabu-sol-eng-dc-s8> ftp 172.29.100.44 
Connected to 172.29.100.44.
220-FileZilla Server version 0.9.48 beta
220-written by Tim Kosse (tim.kosse@filezilla-project.org)
220 Please visit http://sourceforge.net/projects/filezilla/
Name (172.29.100.44:vmukhin): mamba
331 Password required for mamba
Password:
230 Logged on
Remote system type is UNIX.
ftp> binary
200 Type set to I
ftp> cd ./mbh1.1-isis-ring-bgp-lu-rsvp-VPLS-BGP-oam-mip-july-31-OAM-good/2013-08-01-v.01
250 CWD successful. "/mbh1.1-isis-ring-bgp-lu-rsvp-VPLS-BGP-oam-mip-july-31-OAM-good/2013-08-01-v.01" is current directory.
ftp> put ag2.1-mbh1.1-isis-ring-bgp-lu-rsvp-VPLS-BGP-oam-mip-july-31-OAM-good.conf ag2.1-mbh1.1-isis-ring-bgp-lu-rsvp-VPLS-BGP-oam-mip-july-31-OAM-good.conf
local: ag2.1-mbh1.1-isis-ring-bgp-lu-rsvp-VPLS-BGP-oam-mip-july-31-OAM-good.conf remote: ag2.1-mbh1.1-isis-ring-bgp-lu-rsvp-VPLS-BGP-oam-mip-july-31-OAM-good.conf
200 Port command successful
150 Opening data channel for file upload to server of "/mbh1.1-isis-ring-bgp-lu-rsvp-VPLS-BGP-oam-mip-july-31-OAM-good/2013-08-01-v.01/ag2.1-mbh1.1-isis-ring-bgp-lu-rsvp-VPLS-BGP-oam-mip-july-31-OAM-good.conf"
100% |**********************************************************************************************************************************************************| 14315       00:00 ETAA
226 Successfully transferred "/mbh1.1-isis-ring-bgp-lu-rsvp-VPLS-BGP-oam-mip-july-31-OAM-good/2013-08-01-v.01/ag2.1-mbh1.1-isis-ring-bgp-lu-rsvp-VPLS-BGP-oam-mip-july-31-OAM-good.conf"
14315 bytes sent in 0.13 seconds (111.46 KB/s)
ftp> quit
221 Goodbye

--- JUNOS 12.3R6.6 built 2014-03-13 06:58:30 UTC

vmukhin@eabu-sol-eng-dc-s8> 

vmukhin@eabu-sol-eng-dc-s8> 

vmukhin@eabu-sol-eng-dc-s8> file list |match ag2.1-ce20-8032-AG1-protection-drafted-00.01-Aug-01.conf 
ag2.1-ce20-8032-AG1-protection-drafted-00.01-Aug-01.conf

vmukhin@eabu-sol-eng-dc-s8> ftp 172.29.100.44 
Connected to 172.29.100.44.
220-FileZilla Server version 0.9.48 beta
220-written by Tim Kosse (tim.kosse@filezilla-project.org)
220 Please visit http://sourceforge.net/projects/filezilla/
Name (172.29.100.44:vmukhin): mamba
331 Password required for mamba
Password:
230 Logged on
Remote system type is UNIX.
ftp> binary
200 Type set to I
ftp> cd ./ce20-8032-AG1-protection-drafted-00.01-Aug-01/2013-08-02-v.01
250 CWD successful. "/ce20-8032-AG1-protection-drafted-00.01-Aug-01/2013-08-02-v.01" is current directory.
ftp> put ag2.1-ce20-8032-AG1-protection-drafted-00.01-Aug-01.conf ag2.1-ce20-8032-AG1-protection-drafted-00.01-Aug-01.conf
local: ag2.1-ce20-8032-AG1-protection-drafted-00.01-Aug-01.conf remote: ag2.1-ce20-8032-AG1-protection-drafted-00.01-Aug-01.conf
200 Port command successful
150 Opening data channel for file upload to server of "/ce20-8032-AG1-protection-drafted-00.01-Aug-01/2013-08-02-v.01/ag2.1-ce20-8032-AG1-protection-drafted-00.01-Aug-01.conf"
100% |**********************************************************************************************************************************************************| 14315       00:00 ETAA
226 Successfully transferred "/ce20-8032-AG1-protection-drafted-00.01-Aug-01/2013-08-02-v.01/ag2.1-ce20-8032-AG1-protection-drafted-00.01-Aug-01.conf"
14315 bytes sent in 0.13 seconds (109.74 KB/s)
ftp> quit
221 Goodbye

--- JUNOS 12.3R6.6 built 2014-03-13 06:58:30 UTC

vmukhin@eabu-sol-eng-dc-s8> 

vmukhin@eabu-sol-eng-dc-s8> 

vmukhin@eabu-sol-eng-dc-s8> file list |match ag2.1-ce20-8032-AG1-and-CSR-protection-drafted-00.01-Aug-01.conf 
ag2.1-ce20-8032-AG1-and-CSR-protection-drafted-00.01-Aug-01.conf

vmukhin@eabu-sol-eng-dc-s8> ftp 172.29.100.44 
Connected to 172.29.100.44.
220-FileZilla Server version 0.9.48 beta
220-written by Tim Kosse (tim.kosse@filezilla-project.org)
220 Please visit http://sourceforge.net/projects/filezilla/
Name (172.29.100.44:vmukhin): mamba
331 Password required for mamba
Password:
230 Logged on
Remote system type is UNIX.
ftp> binary
200 Type set to I
ftp> cd ./ce20-8032-AG1-and-CSR-protection-drafted-00.01-Aug-01/2013-08-02-v.01
250 CWD successful. "/ce20-8032-AG1-and-CSR-protection-drafted-00.01-Aug-01/2013-08-02-v.01" is current directory.
ftp> put ag2.1-ce20-8032-AG1-and-CSR-protection-drafted-00.01-Aug-01.conf ag2.1-ce20-8032-AG1-and-CSR-protection-drafted-00.01-Aug-01.conf
local: ag2.1-ce20-8032-AG1-and-CSR-protection-drafted-00.01-Aug-01.conf remote: ag2.1-ce20-8032-AG1-and-CSR-protection-drafted-00.01-Aug-01.conf
200 Port command successful
150 Opening data channel for file upload to server of "/ce20-8032-AG1-and-CSR-protection-drafted-00.01-Aug-01/2013-08-02-v.01/ag2.1-ce20-8032-AG1-and-CSR-protection-drafted-00.01-Aug-01.conf"
100% |**********************************************************************************************************************************************************| 14315       00:00 ETAA
226 Successfully transferred "/ce20-8032-AG1-and-CSR-protection-drafted-00.01-Aug-01/2013-08-02-v.01/ag2.1-ce20-8032-AG1-and-CSR-protection-drafted-00.01-Aug-01.conf"
14315 bytes sent in 0.12 seconds (117.83 KB/s)
ftp> quit
221 Goodbye

--- JUNOS 12.3R6.6 built 2014-03-13 06:58:30 UTC

vmukhin@eabu-sol-eng-dc-s8> 

vmukhin@eabu-sol-eng-dc-s8> 

vmukhin@eabu-sol-eng-dc-s8> file list |match ag2.1-ce20-8032-All-protection-drafted-00.01-Aug-05.conf 
ag2.1-ce20-8032-All-protection-drafted-00.01-Aug-05.conf

vmukhin@eabu-sol-eng-dc-s8> ftp 172.29.100.44 
Connected to 172.29.100.44.
220-FileZilla Server version 0.9.48 beta
220-written by Tim Kosse (tim.kosse@filezilla-project.org)
220 Please visit http://sourceforge.net/projects/filezilla/
Name (172.29.100.44:vmukhin): mamba
331 Password required for mamba
Password:
230 Logged on
Remote system type is UNIX.
ftp> binary
200 Type set to I
ftp> cd ./ce20-8032-All-protection-drafted-00.01-Aug-05/2013-08-06-v.01
250 CWD successful. "/ce20-8032-All-protection-drafted-00.01-Aug-05/2013-08-06-v.01" is current directory.
ftp> put ag2.1-ce20-8032-All-protection-drafted-00.01-Aug-05.conf ag2.1-ce20-8032-All-protection-drafted-00.01-Aug-05.conf
local: ag2.1-ce20-8032-All-protection-drafted-00.01-Aug-05.conf remote: ag2.1-ce20-8032-All-protection-drafted-00.01-Aug-05.conf
200 Port command successful
150 Opening data channel for file upload to server of "/ce20-8032-All-protection-drafted-00.01-Aug-05/2013-08-06-v.01/ag2.1-ce20-8032-All-protection-drafted-00.01-Aug-05.conf"
100% |**********************************************************************************************************************************************************| 15913       00:00 ETAA
226 Successfully transferred "/ce20-8032-All-protection-drafted-00.01-Aug-05/2013-08-06-v.01/ag2.1-ce20-8032-All-protection-drafted-00.01-Aug-05.conf"
15913 bytes sent in 0.20 seconds (76.92 KB/s)
ftp> quit
221 Goodbye

--- JUNOS 12.3R6.6 built 2014-03-13 06:58:30 UTC

vmukhin@eabu-sol-eng-dc-s8> 

vmukhin@eabu-sol-eng-dc-s8> 

vmukhin@eabu-sol-eng-dc-s8> file list |match ag2.1-ce20-8032-All-protection-VPLS-Multihooming-BGP-drafted-00.02-Aug-06.conf 
ag2.1-ce20-8032-All-protection-VPLS-Multihooming-BGP-drafted-00.02-Aug-06.conf

vmukhin@eabu-sol-eng-dc-s8> ftp 172.29.100.44 
Connected to 172.29.100.44.
220-FileZilla Server version 0.9.48 beta
220-written by Tim Kosse (tim.kosse@filezilla-project.org)
220 Please visit http://sourceforge.net/projects/filezilla/
Name (172.29.100.44:vmukhin): mamba
331 Password required for mamba
Password:
230 Logged on
Remote system type is UNIX.
ftp> binary
200 Type set to I
ftp> cd ./ce20-8032-All-protection-VPLS-Multihooming-BGP-drafted-00.02-Aug-06/2013-08-06-v.01
250 CWD successful. "/ce20-8032-All-protection-VPLS-Multihooming-BGP-drafted-00.02-Aug-06/2013-08-06-v.01" is current directory.
ftp> put ag2.1-ce20-8032-All-protection-VPLS-Multihooming-BGP-drafted-00.02-Aug-06.conf ag2.1-ce20-8032-All-protection-VPLS-Multihooming-BGP-drafted-00.02-Aug-06.conf
local: ag2.1-ce20-8032-All-protection-VPLS-Multihooming-BGP-drafted-00.02-Aug-06.conf remote: ag2.1-ce20-8032-All-protection-VPLS-Multihooming-BGP-drafted-00.02-Aug-06.conf
200 Port command successful
150 Opening data channel for file upload to server of "/ce20-8032-All-protection-VPLS-Multihooming-BGP-drafted-00.02-Aug-06/2013-08-06-v.01/ag2.1-ce20-8032-All-protection-VPLS-Multihooming-BGP-drafted-00.02-Aug-06.conf"
100% |**********************************************************************************************************************************************************| 15913       00:00 ETAA
226 Successfully transferred "/ce20-8032-All-protection-VPLS-Multihooming-BGP-drafted-00.02-Aug-06/2013-08-06-v.01/ag2.1-ce20-8032-All-protection-VPLS-Multihooming-BGP-drafted-00.02-Aug-06.conf"
15913 bytes sent in 0.15 seconds (102.30 KB/s)
ftp> quit
221 Goodbye

--- JUNOS 12.3R6.6 built 2014-03-13 06:58:30 UTC

vmukhin@eabu-sol-eng-dc-s8> 

vmukhin@eabu-sol-eng-dc-s8> 

vmukhin@eabu-sol-eng-dc-s8> file list |match ag2.1-ce20-all-services-protection-NO-ELAN-Aug-06.conf 
ag2.1-ce20-all-services-protection-NO-ELAN-Aug-06.conf

vmukhin@eabu-sol-eng-dc-s8> ftp 172.29.100.44 
Connected to 172.29.100.44.
220-FileZilla Server version 0.9.48 beta
220-written by Tim Kosse (tim.kosse@filezilla-project.org)
220 Please visit http://sourceforge.net/projects/filezilla/
Name (172.29.100.44:vmukhin): mamba
331 Password required for mamba
Password:
230 Logged on
Remote system type is UNIX.
ftp> binary
200 Type set to I
ftp> cd ./ce20-all-services-protection-NO-ELAN-Aug-06/2013-08-07-v.01
250 CWD successful. "/ce20-all-services-protection-NO-ELAN-Aug-06/2013-08-07-v.01" is current directory.
ftp> put ag2.1-ce20-all-services-protection-NO-ELAN-Aug-06.conf ag2.1-ce20-all-services-protection-NO-ELAN-Aug-06.conf
local: ag2.1-ce20-all-services-protection-NO-ELAN-Aug-06.conf remote: ag2.1-ce20-all-services-protection-NO-ELAN-Aug-06.conf
200 Port command successful
150 Opening data channel for file upload to server of "/ce20-all-services-protection-NO-ELAN-Aug-06/2013-08-07-v.01/ag2.1-ce20-all-services-protection-NO-ELAN-Aug-06.conf"
100% |**********************************************************************************************************************************************************| 14283       00:00 ETAA
226 Successfully transferred "/ce20-all-services-protection-NO-ELAN-Aug-06/2013-08-07-v.01/ag2.1-ce20-all-services-protection-NO-ELAN-Aug-06.conf"
14283 bytes sent in 0.11 seconds (123.66 KB/s)
ftp> quit
221 Goodbye

--- JUNOS 12.3R6.6 built 2014-03-13 06:58:30 UTC

vmukhin@eabu-sol-eng-dc-s8> 

vmukhin@eabu-sol-eng-dc-s8> 

vmukhin@eabu-sol-eng-dc-s8> file list |match ag2.1-ce20-all-services-vpls-bd-ccc-8032-ed01.00-July-07.conf 
ag2.1-ce20-all-services-vpls-bd-ccc-8032-ed01.00-July-07.conf

vmukhin@eabu-sol-eng-dc-s8> ftp 172.29.100.44 
Connected to 172.29.100.44.
220-FileZilla Server version 0.9.48 beta
220-written by Tim Kosse (tim.kosse@filezilla-project.org)
220 Please visit http://sourceforge.net/projects/filezilla/
Name (172.29.100.44:vmukhin): mamba
331 Password required for mamba
Password:
230 Logged on
Remote system type is UNIX.
ftp> binary
200 Type set to I
ftp> cd ./ce20-all-services-vpls-bd-ccc-8032-ed01.00-July-07/2013-08-08-v.01
250 CWD successful. "/ce20-all-services-vpls-bd-ccc-8032-ed01.00-July-07/2013-08-08-v.01" is current directory.
ftp> put ag2.1-ce20-all-services-vpls-bd-ccc-8032-ed01.00-July-07.conf ag2.1-ce20-all-services-vpls-bd-ccc-8032-ed01.00-July-07.conf
local: ag2.1-ce20-all-services-vpls-bd-ccc-8032-ed01.00-July-07.conf remote: ag2.1-ce20-all-services-vpls-bd-ccc-8032-ed01.00-July-07.conf
200 Port command successful
150 Opening data channel for file upload to server of "/ce20-all-services-vpls-bd-ccc-8032-ed01.00-July-07/2013-08-08-v.01/ag2.1-ce20-all-services-vpls-bd-ccc-8032-ed01.00-July-07.conf"
100% |**********************************************************************************************************************************************************| 14283       00:00 ETAA
226 Successfully transferred "/ce20-all-services-vpls-bd-ccc-8032-ed01.00-July-07/2013-08-08-v.01/ag2.1-ce20-all-services-vpls-bd-ccc-8032-ed01.00-July-07.conf"
14283 bytes sent in 0.11 seconds (124.35 KB/s)
ftp> quit
221 Goodbye

--- JUNOS 12.3R6.6 built 2014-03-13 06:58:30 UTC

vmukhin@eabu-sol-eng-dc-s8> 

vmukhin@eabu-sol-eng-dc-s8> 

vmukhin@eabu-sol-eng-dc-s8> file list |match ag2.1-ce20-all-service-protected-8032-MTU-bgp-vpls.conf 
ag2.1-ce20-all-service-protected-8032-MTU-bgp-vpls.conf

vmukhin@eabu-sol-eng-dc-s8> ftp 172.29.100.44 
Connected to 172.29.100.44.
220-FileZilla Server version 0.9.48 beta
220-written by Tim Kosse (tim.kosse@filezilla-project.org)
220 Please visit http://sourceforge.net/projects/filezilla/
Name (172.29.100.44:vmukhin): mamba
331 Password required for mamba
Password:
230 Logged on
Remote system type is UNIX.
ftp> binary
200 Type set to I
ftp> cd ./ce20-all-service-protected-8032-MTU-bgp-vpls/2013-08-08-v.01
250 CWD successful. "/ce20-all-service-protected-8032-MTU-bgp-vpls/2013-08-08-v.01" is current directory.
ftp> put ag2.1-ce20-all-service-protected-8032-MTU-bgp-vpls.conf ag2.1-ce20-all-service-protected-8032-MTU-bgp-vpls.conf
local: ag2.1-ce20-all-service-protected-8032-MTU-bgp-vpls.conf remote: ag2.1-ce20-all-service-protected-8032-MTU-bgp-vpls.conf
200 Port command successful
150 Opening data channel for file upload to server of "/ce20-all-service-protected-8032-MTU-bgp-vpls/2013-08-08-v.01/ag2.1-ce20-all-service-protected-8032-MTU-bgp-vpls.conf"
100% |**********************************************************************************************************************************************************| 14283       00:00 ETAA
226 Successfully transferred "/ce20-all-service-protected-8032-MTU-bgp-vpls/2013-08-08-v.01/ag2.1-ce20-all-service-protected-8032-MTU-bgp-vpls.conf"
14283 bytes sent in 0.15 seconds (94.93 KB/s)
ftp> quit
221 Goodbye

--- JUNOS 12.3R6.6 built 2014-03-13 06:58:30 UTC

vmukhin@eabu-sol-eng-dc-s8> 

vmukhin@eabu-sol-eng-dc-s8> 

vmukhin@eabu-sol-eng-dc-s8> file list |match ag2.1-ce20-service-all-plus-mng-Aug-24.conf 
ag2.1-ce20-service-all-plus-mng-Aug-24.conf

vmukhin@eabu-sol-eng-dc-s8> ftp 172.29.100.44 
Connected to 172.29.100.44.
220-FileZilla Server version 0.9.48 beta
220-written by Tim Kosse (tim.kosse@filezilla-project.org)
220 Please visit http://sourceforge.net/projects/filezilla/
Name (172.29.100.44:vmukhin): mamba
331 Password required for mamba
Password:
230 Logged on
Remote system type is UNIX.
ftp> binary
200 Type set to I
ftp> cd ./ce20-service-all-plus-mng-Aug-24/2013-08-25-v.01
250 CWD successful. "/ce20-service-all-plus-mng-Aug-24/2013-08-25-v.01" is current directory.
ftp> put ag2.1-ce20-service-all-plus-mng-Aug-24.conf ag2.1-ce20-service-all-plus-mng-Aug-24.conf
local: ag2.1-ce20-service-all-plus-mng-Aug-24.conf remote: ag2.1-ce20-service-all-plus-mng-Aug-24.conf
200 Port command successful
150 Opening data channel for file upload to server of "/ce20-service-all-plus-mng-Aug-24/2013-08-25-v.01/ag2.1-ce20-service-all-plus-mng-Aug-24.conf"
100% |**********************************************************************************************************************************************************| 14001       00:00 ETAA
226 Successfully transferred "/ce20-service-all-plus-mng-Aug-24/2013-08-25-v.01/ag2.1-ce20-service-all-plus-mng-Aug-24.conf"
14001 bytes sent in 0.12 seconds (112.11 KB/s)
ftp> quit
221 Goodbye

--- JUNOS 12.3R6.6 built 2014-03-13 06:58:30 UTC

vmukhin@eabu-sol-eng-dc-s8> 

vmukhin@eabu-sol-eng-dc-s8> 

vmukhin@eabu-sol-eng-dc-s8> file list |match ag2.1-csr1.2-ce20-service-all-plus-ce-protection-new-Aug-27.conf 
ag2.1-csr1.2-ce20-service-all-plus-ce-protection-new-Aug-27.conf

vmukhin@eabu-sol-eng-dc-s8> ftp 172.29.100.44 
Connected to 172.29.100.44.
220-FileZilla Server version 0.9.48 beta
220-written by Tim Kosse (tim.kosse@filezilla-project.org)
220 Please visit http://sourceforge.net/projects/filezilla/
Name (172.29.100.44:vmukhin): mamba
331 Password required for mamba
Password:
230 Logged on
Remote system type is UNIX.
ftp> binary
200 Type set to I
ftp> cd ./csr1.2-ce20-service-all-plus-ce-protection-new-Aug-27/2013-08-25-v.01
250 CWD successful. "/csr1.2-ce20-service-all-plus-ce-protection-new-Aug-27/2013-08-25-v.01" is current directory.
ftp> put ag2.1-csr1.2-ce20-service-all-plus-ce-protection-new-Aug-27.conf ag2.1-csr1.2-ce20-service-all-plus-ce-protection-new-Aug-27.conf
local: ag2.1-csr1.2-ce20-service-all-plus-ce-protection-new-Aug-27.conf remote: ag2.1-csr1.2-ce20-service-all-plus-ce-protection-new-Aug-27.conf
200 Port command successful
150 Opening data channel for file upload to server of "/csr1.2-ce20-service-all-plus-ce-protection-new-Aug-27/2013-08-25-v.01/ag2.1-csr1.2-ce20-service-all-plus-ce-protection-new-Aug-27.conf"
100% |**********************************************************************************************************************************************************| 13912       00:00 ETAA
226 Successfully transferred "/csr1.2-ce20-service-all-plus-ce-protection-new-Aug-27/2013-08-25-v.01/ag2.1-csr1.2-ce20-service-all-plus-ce-protection-new-Aug-27.conf"
13912 bytes sent in 0.11 seconds (125.75 KB/s)
ftp> quit
221 Goodbye

--- JUNOS 12.3R6.6 built 2014-03-13 06:58:30 UTC

vmukhin@eabu-sol-eng-dc-s8> 

vmukhin@eabu-sol-eng-dc-s8> 

vmukhin@eabu-sol-eng-dc-s8> file list |match ag2.1-ce20-all-services-pw-protect-profile-Aug-28.conf 

--- JUNOS 12.3R6.6 built 2014-03-13 06:58:30 UTC

vmukhin@eabu-sol-eng-dc-s8> 

vmukhin@eabu-sol-eng-dc-s8> 

vmukhin@eabu-sol-eng-dc-s8> file list |match ag2.1-mbh2.0-all-services-isis-rsvp-auto-oam-March-25-14.conf 
ag2.1-mbh2.0-all-services-isis-rsvp-auto-oam-March-25-14.conf

vmukhin@eabu-sol-eng-dc-s8> ftp 172.29.100.44 
Connected to 172.29.100.44.
220-FileZilla Server version 0.9.48 beta
220-written by Tim Kosse (tim.kosse@filezilla-project.org)
220 Please visit http://sourceforge.net/projects/filezilla/
Name (172.29.100.44:vmukhin): mamba
331 Password required for mamba
Password:
230 Logged on
Remote system type is UNIX.
ftp> binary
200 Type set to I
ftp> cd ./mbh2.0-all-services-isis-rsvp-auto-oam-March-25-14/2014-03-25-v.01
250 CWD successful. "/mbh2.0-all-services-isis-rsvp-auto-oam-March-25-14/2014-03-25-v.01" is current directory.
ftp> put ag2.1-mbh2.0-all-services-isis-rsvp-auto-oam-March-25-14.conf ag2.1-mbh2.0-all-services-isis-rsvp-auto-oam-March-25-14.conf
local: ag2.1-mbh2.0-all-services-isis-rsvp-auto-oam-March-25-14.conf remote: ag2.1-mbh2.0-all-services-isis-rsvp-auto-oam-March-25-14.conf
200 Port command successful
150 Opening data channel for file upload to server of "/mbh2.0-all-services-isis-rsvp-auto-oam-March-25-14/2014-03-25-v.01/ag2.1-mbh2.0-all-services-isis-rsvp-auto-oam-March-25-14.conf"
100% |**********************************************************************************************************************************************************| 11414       00:00 ETAA
226 Successfully transferred "/mbh2.0-all-services-isis-rsvp-auto-oam-March-25-14/2014-03-25-v.01/ag2.1-mbh2.0-all-services-isis-rsvp-auto-oam-March-25-14.conf"
11414 bytes sent in 0.11 seconds (104.04 KB/s)
ftp> quit
221 Goodbye

--- JUNOS 12.3R6.6 built 2014-03-13 06:58:30 UTC

vmukhin@eabu-sol-eng-dc-s8> 

vmukhin@eabu-sol-eng-dc-s8> 

vmukhin@eabu-sol-eng-dc-s8> file list |match ag2.1-mbh2.0-IPSEC-all-services-isis-rsvp-auto-oam-March-25-14.conf 
ag2.1-mbh2.0-IPSEC-all-services-isis-rsvp-auto-oam-March-25-14.conf

vmukhin@eabu-sol-eng-dc-s8> ftp 172.29.100.44 
Connected to 172.29.100.44.
220-FileZilla Server version 0.9.48 beta
220-written by Tim Kosse (tim.kosse@filezilla-project.org)
220 Please visit http://sourceforge.net/projects/filezilla/
Name (172.29.100.44:vmukhin): mamba
331 Password required for mamba
Password:
230 Logged on
Remote system type is UNIX.
ftp> binary
200 Type set to I
ftp> cd ./mbh2.0-IPSEC-all-services-isis-rsvp-auto-oam-March-25-14/2014-03-25-v.01
250 CWD successful. "/mbh2.0-IPSEC-all-services-isis-rsvp-auto-oam-March-25-14/2014-03-25-v.01" is current directory.
ftp> put ag2.1-mbh2.0-IPSEC-all-services-isis-rsvp-auto-oam-March-25-14.conf ag2.1-mbh2.0-IPSEC-all-services-isis-rsvp-auto-oam-March-25-14.conf
local: ag2.1-mbh2.0-IPSEC-all-services-isis-rsvp-auto-oam-March-25-14.conf remote: ag2.1-mbh2.0-IPSEC-all-services-isis-rsvp-auto-oam-March-25-14.conf
200 Port command successful
150 Opening data channel for file upload to server of "/mbh2.0-IPSEC-all-services-isis-rsvp-auto-oam-March-25-14/2014-03-25-v.01/ag2.1-mbh2.0-IPSEC-all-services-isis-rsvp-auto-oam-March-25-14.conf"
100% |**********************************************************************************************************************************************************| 11414       00:00 ETAA
226 Successfully transferred "/mbh2.0-IPSEC-all-services-isis-rsvp-auto-oam-March-25-14/2014-03-25-v.01/ag2.1-mbh2.0-IPSEC-all-services-isis-rsvp-auto-oam-March-25-14.conf"
11414 bytes sent in 0.15 seconds (74.46 KB/s)
ftp> quit
221 Goodbye

--- JUNOS 12.3R6.6 built 2014-03-13 06:58:30 UTC

vmukhin@eabu-sol-eng-dc-s8> 

vmukhin@eabu-sol-eng-dc-s8> 

vmukhin@eabu-sol-eng-dc-s8> file list |match ag2.1-mbh2.0-IPSEC-all-services-isis-rsvp-auto-oam-March-31-14.conf 
ag2.1-mbh2.0-IPSEC-all-services-isis-rsvp-auto-oam-March-31-14.conf

vmukhin@eabu-sol-eng-dc-s8> ftp 172.29.100.44 
Connected to 172.29.100.44.
220-FileZilla Server version 0.9.48 beta
220-written by Tim Kosse (tim.kosse@filezilla-project.org)
220 Please visit http://sourceforge.net/projects/filezilla/
Name (172.29.100.44:vmukhin): mamba
331 Password required for mamba
Password:
230 Logged on
Remote system type is UNIX.
ftp> binary
200 Type set to I
ftp> cd ./mbh2.0-IPSEC-all-services-isis-rsvp-auto-oam-March-31-14/2014-03-29-v.01
250 CWD successful. "/mbh2.0-IPSEC-all-services-isis-rsvp-auto-oam-March-31-14/2014-03-29-v.01" is current directory.
ftp> put ag2.1-mbh2.0-IPSEC-all-services-isis-rsvp-auto-oam-March-31-14.conf ag2.1-mbh2.0-IPSEC-all-services-isis-rsvp-auto-oam-March-31-14.conf
local: ag2.1-mbh2.0-IPSEC-all-services-isis-rsvp-auto-oam-March-31-14.conf remote: ag2.1-mbh2.0-IPSEC-all-services-isis-rsvp-auto-oam-March-31-14.conf
200 Port command successful
150 Opening data channel for file upload to server of "/mbh2.0-IPSEC-all-services-isis-rsvp-auto-oam-March-31-14/2014-03-29-v.01/ag2.1-mbh2.0-IPSEC-all-services-isis-rsvp-auto-oam-March-31-14.conf"
100% |**********************************************************************************************************************************************************| 11414       00:00 ETAA
226 Successfully transferred "/mbh2.0-IPSEC-all-services-isis-rsvp-auto-oam-March-31-14/2014-03-29-v.01/ag2.1-mbh2.0-IPSEC-all-services-isis-rsvp-auto-oam-March-31-14.conf"
11414 bytes sent in 0.14 seconds (80.83 KB/s)
ftp> quit
221 Goodbye

--- JUNOS 12.3R6.6 built 2014-03-13 06:58:30 UTC

vmukhin@eabu-sol-eng-dc-s8> 

vmukhin@eabu-sol-eng-dc-s8> 

vmukhin@eabu-sol-eng-dc-s8> file list |match ag2.1-nsn-ipsec-jerry-1.0.conf 
ag2.1-nsn-ipsec-jerry-1.0.conf

vmukhin@eabu-sol-eng-dc-s8> ftp 172.29.100.44 
Connected to 172.29.100.44.
220-FileZilla Server version 0.9.48 beta
220-written by Tim Kosse (tim.kosse@filezilla-project.org)
220 Please visit http://sourceforge.net/projects/filezilla/
Name (172.29.100.44:vmukhin): mamba
331 Password required for mamba
Password:
230 Logged on
Remote system type is UNIX.
ftp> binary
200 Type set to I
ftp> cd ./nsn-ipsec-jerry-1.0/2014-03-29-v.01
250 CWD successful. "/nsn-ipsec-jerry-1.0/2014-03-29-v.01" is current directory.
ftp> put ag2.1-nsn-ipsec-jerry-1.0.conf ag2.1-nsn-ipsec-jerry-1.0.conf
local: ag2.1-nsn-ipsec-jerry-1.0.conf remote: ag2.1-nsn-ipsec-jerry-1.0.conf
200 Port command successful
150 Opening data channel for file upload to server of "/nsn-ipsec-jerry-1.0/2014-03-29-v.01/ag2.1-nsn-ipsec-jerry-1.0.conf"
100% |**********************************************************************************************************************************************************| 11414       00:00 ETAA
226 Successfully transferred "/nsn-ipsec-jerry-1.0/2014-03-29-v.01/ag2.1-nsn-ipsec-jerry-1.0.conf"
11414 bytes sent in 0.10 seconds (107.49 KB/s)
ftp> quit
221 Goodbye

--- JUNOS 12.3R6.6 built 2014-03-13 06:58:30 UTC

vmukhin@eabu-sol-eng-dc-s8> 

vmukhin@eabu-sol-eng-dc-s8> 

vmukhin@eabu-sol-eng-dc-s8> file list |match ag2.1-MBH2.0-all-services-RLI18053-May-13-2014.conf 

--- JUNOS 12.3R6.6 built 2014-03-13 06:58:30 UTC

vmukhin@eabu-sol-eng-dc-s8> 

vmukhin@eabu-sol-eng-dc-s8> 

vmukhin@eabu-sol-eng-dc-s8> file list |match ag2.1-PWHT-for-Shokarev-07-July-2014.conf 
ag2.1-PWHT-for-Shokarev-07-July-2014.conf

vmukhin@eabu-sol-eng-dc-s8> ftp 172.29.100.44 
Connected to 172.29.100.44.
220-FileZilla Server version 0.9.48 beta
220-written by Tim Kosse (tim.kosse@filezilla-project.org)
220 Please visit http://sourceforge.net/projects/filezilla/
Name (172.29.100.44:vmukhin): mamba
331 Password required for mamba
Password:
230 Logged on
Remote system type is UNIX.
ftp> binary
200 Type set to I
ftp> cd ./PWHT-for-Shokarev-07-July-2014/2014-07-10-v.01
250 CWD successful. "/PWHT-for-Shokarev-07-July-2014/2014-07-10-v.01" is current directory.
ftp> put ag2.1-PWHT-for-Shokarev-07-July-2014.conf ag2.1-PWHT-for-Shokarev-07-July-2014.conf
local: ag2.1-PWHT-for-Shokarev-07-July-2014.conf remote: ag2.1-PWHT-for-Shokarev-07-July-2014.conf
200 Port command successful
150 Opening data channel for file upload to server of "/PWHT-for-Shokarev-07-July-2014/2014-07-10-v.01/ag2.1-PWHT-for-Shokarev-07-July-2014.conf"
100% |**********************************************************************************************************************************************************| 11414       00:00 ETAA
226 Successfully transferred "/PWHT-for-Shokarev-07-July-2014/2014-07-10-v.01/ag2.1-PWHT-for-Shokarev-07-July-2014.conf"
11414 bytes sent in 0.10 seconds (108.65 KB/s)
ftp> quit
221 Goodbye

--- JUNOS 12.3R6.6 built 2014-03-13 06:58:30 UTC

vmukhin@eabu-sol-eng-dc-s8> 

vmukhin@eabu-sol-eng-dc-s8> 

vmukhin@eabu-sol-eng-dc-s8> file list |match ag2.1-PWHT-for-Shokarev-09-July-2014-01.conf 
ag2.1-PWHT-for-Shokarev-09-July-2014-01.conf

vmukhin@eabu-sol-eng-dc-s8> ftp 172.29.100.44 
Connected to 172.29.100.44.
220-FileZilla Server version 0.9.48 beta
220-written by Tim Kosse (tim.kosse@filezilla-project.org)
220 Please visit http://sourceforge.net/projects/filezilla/
Name (172.29.100.44:vmukhin): mamba
331 Password required for mamba
Password:
230 Logged on
Remote system type is UNIX.
ftp> binary
200 Type set to I
ftp> cd ./PWHT-for-Shokarev-09-July-2014-01/2014-07-10-v.01
250 CWD successful. "/PWHT-for-Shokarev-09-July-2014-01/2014-07-10-v.01" is current directory.
ftp> put ag2.1-PWHT-for-Shokarev-09-July-2014-01.conf ag2.1-PWHT-for-Shokarev-09-July-2014-01.conf
local: ag2.1-PWHT-for-Shokarev-09-July-2014-01.conf remote: ag2.1-PWHT-for-Shokarev-09-July-2014-01.conf
200 Port command successful
150 Opening data channel for file upload to server of "/PWHT-for-Shokarev-09-July-2014-01/2014-07-10-v.01/ag2.1-PWHT-for-Shokarev-09-July-2014-01.conf"
100% |**********************************************************************************************************************************************************| 11414       00:00 ETAA
226 Successfully transferred "/PWHT-for-Shokarev-09-July-2014-01/2014-07-10-v.01/ag2.1-PWHT-for-Shokarev-09-July-2014-01.conf"
11414 bytes sent in 0.13 seconds (88.29 KB/s)
ftp> quit
221 Goodbye

--- JUNOS 12.3R6.6 built 2014-03-13 06:58:30 UTC

vmukhin@eabu-sol-eng-dc-s8> 

vmukhin@eabu-sol-eng-dc-s8> 

vmukhin@eabu-sol-eng-dc-s8> file list |match ag2.1-Lab-Zero-Config.conf 
ag2.1-Lab-Zero-Config.conf

vmukhin@eabu-sol-eng-dc-s8> ftp 172.29.100.44 
Connected to 172.29.100.44.
220-FileZilla Server version 0.9.48 beta
220-written by Tim Kosse (tim.kosse@filezilla-project.org)
220 Please visit http://sourceforge.net/projects/filezilla/
Name (172.29.100.44:vmukhin): mamba
331 Password required for mamba
Password:
230 Logged on
Remote system type is UNIX.
ftp> binary
200 Type set to I
ftp> cd ./Lab-Zero-Config/2014-08-03-v.01
250 CWD successful. "/Lab-Zero-Config/2014-08-03-v.01" is current directory.
ftp> put ag2.1-Lab-Zero-Config.conf ag2.1-Lab-Zero-Config.conf
local: ag2.1-Lab-Zero-Config.conf remote: ag2.1-Lab-Zero-Config.conf
200 Port command successful
150 Opening data channel for file upload to server of "/Lab-Zero-Config/2014-08-03-v.01/ag2.1-Lab-Zero-Config.conf"
100% |**********************************************************************************************************************************************************|  3418       00:00 ETAA
226 Successfully transferred "/Lab-Zero-Config/2014-08-03-v.01/ag2.1-Lab-Zero-Config.conf"
3418 bytes sent in 0.06 seconds (53.69 KB/s)
ftp> quit
221 Goodbye

--- JUNOS 12.3R6.6 built 2014-03-13 06:58:30 UTC

vmukhin@eabu-sol-eng-dc-s8> 

vmukhin@eabu-sol-eng-dc-s8> 

vmukhin@eabu-sol-eng-dc-s8> file list |match ag2.1-Lab-Zero-Config-global.conf 
ag2.1-Lab-Zero-Config-global.conf

vmukhin@eabu-sol-eng-dc-s8> ftp 172.29.100.44 
Connected to 172.29.100.44.
220-FileZilla Server version 0.9.48 beta
220-written by Tim Kosse (tim.kosse@filezilla-project.org)
220 Please visit http://sourceforge.net/projects/filezilla/
Name (172.29.100.44:vmukhin): mamba
331 Password required for mamba
Password:
230 Logged on
Remote system type is UNIX.
ftp> binary
200 Type set to I
ftp> cd ./Lab-Zero-Config-global/2016-4-4-v.01
250 CWD successful. "/Lab-Zero-Config-global/2016-4-4-v.01" is current directory.
ftp> put ag2.1-Lab-Zero-Config-global.conf ag2.1-Lab-Zero-Config-global.conf
local: ag2.1-Lab-Zero-Config-global.conf remote: ag2.1-Lab-Zero-Config-global.conf
200 Port command successful
150 Opening data channel for file upload to server of "/Lab-Zero-Config-global/2016-4-4-v.01/ag2.1-Lab-Zero-Config-global.conf"
100% |**********************************************************************************************************************************************************|  2746       00:00 ETAA
226 Successfully transferred "/Lab-Zero-Config-global/2016-4-4-v.01/ag2.1-Lab-Zero-Config-global.conf"
2746 bytes sent in 0.06 seconds (46.02 KB/s)
ftp> quit
221 Goodbye

--- JUNOS 12.3R6.6 built 2014-03-13 06:58:30 UTC

vmukhin@eabu-sol-eng-dc-s8> 

vmukhin@eabu-sol-eng-dc-s8> 

vmukhin@eabu-sol-eng-dc-s8> file list |match ag2.1-Lab-Zero-Config-re0.conf 
ag2.1-Lab-Zero-Config-re0.conf

vmukhin@eabu-sol-eng-dc-s8> ftp 172.29.100.44 
Connected to 172.29.100.44.
220-FileZilla Server version 0.9.48 beta
220-written by Tim Kosse (tim.kosse@filezilla-project.org)
220 Please visit http://sourceforge.net/projects/filezilla/
Name (172.29.100.44:vmukhin): mamba
331 Password required for mamba
Password:
230 Logged on
Remote system type is UNIX.
ftp> binary
200 Type set to I
ftp> cd ./Lab-Zero-Config-re0/2016-4-4-v.01
250 CWD successful. "/Lab-Zero-Config-re0/2016-4-4-v.01" is current directory.
ftp> put ag2.1-Lab-Zero-Config-re0.conf ag2.1-Lab-Zero-Config-re0.conf
local: ag2.1-Lab-Zero-Config-re0.conf remote: ag2.1-Lab-Zero-Config-re0.conf
200 Port command successful
150 Opening data channel for file upload to server of "/Lab-Zero-Config-re0/2016-4-4-v.01/ag2.1-Lab-Zero-Config-re0.conf"
100% |**********************************************************************************************************************************************************|   519       00:00 ETAA
226 Successfully transferred "/Lab-Zero-Config-re0/2016-4-4-v.01/ag2.1-Lab-Zero-Config-re0.conf"
519 bytes sent in 0.06 seconds (8.05 KB/s)
ftp> quit
221 Goodbye

--- JUNOS 12.3R6.6 built 2014-03-13 06:58:30 UTC

vmukhin@eabu-sol-eng-dc-s8> 

vmukhin@eabu-sol-eng-dc-s8> 

vmukhin@eabu-sol-eng-dc-s8> file list |match ag2.1-Lab-Zero-Config-re1.conf 
ag2.1-Lab-Zero-Config-re1.conf

vmukhin@eabu-sol-eng-dc-s8> ftp 172.29.100.44 
Connected to 172.29.100.44.
220-FileZilla Server version 0.9.48 beta
220-written by Tim Kosse (tim.kosse@filezilla-project.org)
220 Please visit http://sourceforge.net/projects/filezilla/
Name (172.29.100.44:vmukhin): mamba
331 Password required for mamba
Password:
230 Logged on
Remote system type is UNIX.
ftp> binary
200 Type set to I
ftp> cd ./Lab-Zero-Config-re1/2016-4-4-v.01
250 CWD successful. "/Lab-Zero-Config-re1/2016-4-4-v.01" is current directory.
ftp> put ag2.1-Lab-Zero-Config-re1.conf ag2.1-Lab-Zero-Config-re1.conf
local: ag2.1-Lab-Zero-Config-re1.conf remote: ag2.1-Lab-Zero-Config-re1.conf
200 Port command successful
150 Opening data channel for file upload to server of "/Lab-Zero-Config-re1/2016-4-4-v.01/ag2.1-Lab-Zero-Config-re1.conf"
226 Successfully transferred "/Lab-Zero-Config-re1/2016-4-4-v.01/ag2.1-Lab-Zero-Config-re1.conf"
ftp> quit
221 Goodbye

--- JUNOS 12.3R6.6 built 2014-03-13 06:58:30 UTC

vmukhin@eabu-sol-eng-dc-s8> 

vmukhin@eabu-sol-eng-dc-s8> 

vmukhin@eabu-sol-eng-dc-s8> file list |match ag2.1-BlueSky1.0-MBH-Sep-16-2014.conf 
ag2.1-BlueSky1.0-MBH-Sep-16-2014.conf

vmukhin@eabu-sol-eng-dc-s8> ftp 172.29.100.44 
Connected to 172.29.100.44.
220-FileZilla Server version 0.9.48 beta
220-written by Tim Kosse (tim.kosse@filezilla-project.org)
220 Please visit http://sourceforge.net/projects/filezilla/
Name (172.29.100.44:vmukhin): mamba
331 Password required for mamba
Password:
230 Logged on
Remote system type is UNIX.
ftp> binary
200 Type set to I
ftp> cd ./BlueSky1.0-MBH-Sep-16-2014/2014-08-19-v.01
250 CWD successful. "/BlueSky1.0-MBH-Sep-16-2014/2014-08-19-v.01" is current directory.
ftp> put ag2.1-BlueSky1.0-MBH-Sep-16-2014.conf ag2.1-BlueSky1.0-MBH-Sep-16-2014.conf
local: ag2.1-BlueSky1.0-MBH-Sep-16-2014.conf remote: ag2.1-BlueSky1.0-MBH-Sep-16-2014.conf
200 Port command successful
150 Opening data channel for file upload to server of "/BlueSky1.0-MBH-Sep-16-2014/2014-08-19-v.01/ag2.1-BlueSky1.0-MBH-Sep-16-2014.conf"
100% |**********************************************************************************************************************************************************| 12126       00:00 ETAA
226 Successfully transferred "/BlueSky1.0-MBH-Sep-16-2014/2014-08-19-v.01/ag2.1-BlueSky1.0-MBH-Sep-16-2014.conf"
12126 bytes sent in 0.11 seconds (110.94 KB/s)
ftp> quit
221 Goodbye

--- JUNOS 12.3R6.6 built 2014-03-13 06:58:30 UTC

vmukhin@eabu-sol-eng-dc-s8> 

vmukhin@eabu-sol-eng-dc-s8> 

vmukhin@eabu-sol-eng-dc-s8> file list |match ag2.1-mbh2.0-Telenor-IPsec.conf 

--- JUNOS 12.3R6.6 built 2014-03-13 06:58:30 UTC

vmukhin@eabu-sol-eng-dc-s8> 

vmukhin@eabu-sol-eng-dc-s8> 

vmukhin@eabu-sol-eng-dc-s8> file list |match ag2.1-mbh2.0-Telenor-IPsec-Multi-VRF-BFD.conf 
ag2.1-mbh2.0-Telenor-IPsec-Multi-VRF-BFD.conf

vmukhin@eabu-sol-eng-dc-s8> ftp 172.29.100.44 
Connected to 172.29.100.44.
220-FileZilla Server version 0.9.48 beta
220-written by Tim Kosse (tim.kosse@filezilla-project.org)
220 Please visit http://sourceforge.net/projects/filezilla/
Name (172.29.100.44:vmukhin): mamba
331 Password required for mamba
Password:
230 Logged on
Remote system type is UNIX.
ftp> binary
200 Type set to I
ftp> cd ./mbh2.0-Telenor-IPsec-Multi-VRF-BFD/2014-08-30-v.01
250 CWD successful. "/mbh2.0-Telenor-IPsec-Multi-VRF-BFD/2014-08-30-v.01" is current directory.
ftp> put ag2.1-mbh2.0-Telenor-IPsec-Multi-VRF-BFD.conf ag2.1-mbh2.0-Telenor-IPsec-Multi-VRF-BFD.conf
local: ag2.1-mbh2.0-Telenor-IPsec-Multi-VRF-BFD.conf remote: ag2.1-mbh2.0-Telenor-IPsec-Multi-VRF-BFD.conf
200 Port command successful
150 Opening data channel for file upload to server of "/mbh2.0-Telenor-IPsec-Multi-VRF-BFD/2014-08-30-v.01/ag2.1-mbh2.0-Telenor-IPsec-Multi-VRF-BFD.conf"
100% |**********************************************************************************************************************************************************| 11541       00:00 ETAA
226 Successfully transferred "/mbh2.0-Telenor-IPsec-Multi-VRF-BFD/2014-08-30-v.01/ag2.1-mbh2.0-Telenor-IPsec-Multi-VRF-BFD.conf"
11541 bytes sent in 0.10 seconds (109.84 KB/s)
ftp> quit
221 Goodbye

--- JUNOS 12.3R6.6 built 2014-03-13 06:58:30 UTC

vmukhin@eabu-sol-eng-dc-s8> 

vmukhin@eabu-sol-eng-dc-s8> 

vmukhin@eabu-sol-eng-dc-s8> file list |match ag2.1-mbh2.0-Telenor-IPsec-Multi-VRF-BFD-RLT.conf 
ag2.1-mbh2.0-Telenor-IPsec-Multi-VRF-BFD-RLT.conf

vmukhin@eabu-sol-eng-dc-s8> ftp 172.29.100.44 
Connected to 172.29.100.44.
220-FileZilla Server version 0.9.48 beta
220-written by Tim Kosse (tim.kosse@filezilla-project.org)
220 Please visit http://sourceforge.net/projects/filezilla/
Name (172.29.100.44:vmukhin): mamba
331 Password required for mamba
Password:
230 Logged on
Remote system type is UNIX.
ftp> binary
200 Type set to I
ftp> cd ./mbh2.0-Telenor-IPsec-Multi-VRF-BFD-RLT/2014-08-30-v.01
250 CWD successful. "/mbh2.0-Telenor-IPsec-Multi-VRF-BFD-RLT/2014-08-30-v.01" is current directory.
ftp> put ag2.1-mbh2.0-Telenor-IPsec-Multi-VRF-BFD-RLT.conf ag2.1-mbh2.0-Telenor-IPsec-Multi-VRF-BFD-RLT.conf
local: ag2.1-mbh2.0-Telenor-IPsec-Multi-VRF-BFD-RLT.conf remote: ag2.1-mbh2.0-Telenor-IPsec-Multi-VRF-BFD-RLT.conf
200 Port command successful
150 Opening data channel for file upload to server of "/mbh2.0-Telenor-IPsec-Multi-VRF-BFD-RLT/2014-08-30-v.01/ag2.1-mbh2.0-Telenor-IPsec-Multi-VRF-BFD-RLT.conf"
100% |**********************************************************************************************************************************************************| 11541       00:00 ETAA
226 Successfully transferred "/mbh2.0-Telenor-IPsec-Multi-VRF-BFD-RLT/2014-08-30-v.01/ag2.1-mbh2.0-Telenor-IPsec-Multi-VRF-BFD-RLT.conf"
11541 bytes sent in 0.12 seconds (97.86 KB/s)
ftp> quit
221 Goodbye

--- JUNOS 12.3R6.6 built 2014-03-13 06:58:30 UTC

vmukhin@eabu-sol-eng-dc-s8> 

vmukhin@eabu-sol-eng-dc-s8> 

vmukhin@eabu-sol-eng-dc-s8> file list |match ag2.1-uaa2.0-multicast-p2p-protection-Sep-30-2014.conf 
ag2.1-uaa2.0-multicast-p2p-protection-Sep-30-2014.conf

vmukhin@eabu-sol-eng-dc-s8> ftp 172.29.100.44 
Connected to 172.29.100.44.
220-FileZilla Server version 0.9.48 beta
220-written by Tim Kosse (tim.kosse@filezilla-project.org)
220 Please visit http://sourceforge.net/projects/filezilla/
Name (172.29.100.44:vmukhin): mamba
331 Password required for mamba
Password:
230 Logged on
Remote system type is UNIX.
ftp> binary
200 Type set to I
ftp> cd ./uaa2.0-multicast-p2p-protection-Sep-30-2014/2014-09-03-v.01
250 CWD successful. "/uaa2.0-multicast-p2p-protection-Sep-30-2014/2014-09-03-v.01" is current directory.
ftp> put ag2.1-uaa2.0-multicast-p2p-protection-Sep-30-2014.conf ag2.1-uaa2.0-multicast-p2p-protection-Sep-30-2014.conf
local: ag2.1-uaa2.0-multicast-p2p-protection-Sep-30-2014.conf remote: ag2.1-uaa2.0-multicast-p2p-protection-Sep-30-2014.conf
200 Port command successful
150 Opening data channel for file upload to server of "/uaa2.0-multicast-p2p-protection-Sep-30-2014/2014-09-03-v.01/ag2.1-uaa2.0-multicast-p2p-protection-Sep-30-2014.conf"
100% |**********************************************************************************************************************************************************| 11909       00:00 ETAA
226 Successfully transferred "/uaa2.0-multicast-p2p-protection-Sep-30-2014/2014-09-03-v.01/ag2.1-uaa2.0-multicast-p2p-protection-Sep-30-2014.conf"
11909 bytes sent in 0.18 seconds (64.72 KB/s)
ftp> quit
221 Goodbye

--- JUNOS 12.3R6.6 built 2014-03-13 06:58:30 UTC

vmukhin@eabu-sol-eng-dc-s8> 

vmukhin@eabu-sol-eng-dc-s8> 

vmukhin@eabu-sol-eng-dc-s8> file list |match ag2.1-uaa2.0-Multicast-Andreas-03-Oct-2014.conf 

--- JUNOS 12.3R6.6 built 2014-03-13 06:58:30 UTC

vmukhin@eabu-sol-eng-dc-s8> 

vmukhin@eabu-sol-eng-dc-s8> 

vmukhin@eabu-sol-eng-dc-s8> file list |match ag2.1-uaa2.0-Multicast-Andreas-Oct-03-2014.conf 
ag2.1-uaa2.0-Multicast-Andreas-Oct-03-2014.conf

vmukhin@eabu-sol-eng-dc-s8> ftp 172.29.100.44 
Connected to 172.29.100.44.
220-FileZilla Server version 0.9.48 beta
220-written by Tim Kosse (tim.kosse@filezilla-project.org)
220 Please visit http://sourceforge.net/projects/filezilla/
Name (172.29.100.44:vmukhin): mamba
331 Password required for mamba
Password:
230 Logged on
Remote system type is UNIX.
ftp> binary
200 Type set to I
ftp> cd ./uaa2.0-Multicast-Andreas-Oct-03-2014/2014-09-10-v.01
250 CWD successful. "/uaa2.0-Multicast-Andreas-Oct-03-2014/2014-09-10-v.01" is current directory.
ftp> put ag2.1-uaa2.0-Multicast-Andreas-Oct-03-2014.conf ag2.1-uaa2.0-Multicast-Andreas-Oct-03-2014.conf
local: ag2.1-uaa2.0-Multicast-Andreas-Oct-03-2014.conf remote: ag2.1-uaa2.0-Multicast-Andreas-Oct-03-2014.conf
200 Port command successful
150 Opening data channel for file upload to server of "/uaa2.0-Multicast-Andreas-Oct-03-2014/2014-09-10-v.01/ag2.1-uaa2.0-Multicast-Andreas-Oct-03-2014.conf"
100% |**********************************************************************************************************************************************************| 12242       00:00 ETAA
226 Successfully transferred "/uaa2.0-Multicast-Andreas-Oct-03-2014/2014-09-10-v.01/ag2.1-uaa2.0-Multicast-Andreas-Oct-03-2014.conf"
12242 bytes sent in 0.10 seconds (123.36 KB/s)
ftp> quit
221 Goodbye

--- JUNOS 12.3R6.6 built 2014-03-13 06:58:30 UTC

vmukhin@eabu-sol-eng-dc-s8> 

vmukhin@eabu-sol-eng-dc-s8> 

vmukhin@eabu-sol-eng-dc-s8> file list |match ag2.1-mbh2.0-all-services-isis-rsvp-auto-oam-March-19-2015.conf 
ag2.1-mbh2.0-all-services-isis-rsvp-auto-oam-March-19-2015.conf

vmukhin@eabu-sol-eng-dc-s8> ftp 172.29.100.44 
Connected to 172.29.100.44.
220-FileZilla Server version 0.9.48 beta
220-written by Tim Kosse (tim.kosse@filezilla-project.org)
220 Please visit http://sourceforge.net/projects/filezilla/
Name (172.29.100.44:vmukhin): mamba
331 Password required for mamba
Password:
230 Logged on
Remote system type is UNIX.
ftp> binary
200 Type set to I
ftp> cd ./mbh2.0-all-services-isis-rsvp-auto-oam-March-19-2015/2015-02-24-v.01
250 CWD successful. "/mbh2.0-all-services-isis-rsvp-auto-oam-March-19-2015/2015-02-24-v.01" is current directory.
ftp> put ag2.1-mbh2.0-all-services-isis-rsvp-auto-oam-March-19-2015.conf ag2.1-mbh2.0-all-services-isis-rsvp-auto-oam-March-19-2015.conf
local: ag2.1-mbh2.0-all-services-isis-rsvp-auto-oam-March-19-2015.conf remote: ag2.1-mbh2.0-all-services-isis-rsvp-auto-oam-March-19-2015.conf
200 Port command successful
150 Opening data channel for file upload to server of "/mbh2.0-all-services-isis-rsvp-auto-oam-March-19-2015/2015-02-24-v.01/ag2.1-mbh2.0-all-services-isis-rsvp-auto-oam-March-19-2015.conf"
100% |**********************************************************************************************************************************************************| 12126       00:00 ETAA
226 Successfully transferred "/mbh2.0-all-services-isis-rsvp-auto-oam-March-19-2015/2015-02-24-v.01/ag2.1-mbh2.0-all-services-isis-rsvp-auto-oam-March-19-2015.conf"
12126 bytes sent in 0.10 seconds (123.59 KB/s)
ftp> quit
221 Goodbye

--- JUNOS 12.3R6.6 built 2014-03-13 06:58:30 UTC

vmukhin@eabu-sol-eng-dc-s8> 

vmukhin@eabu-sol-eng-dc-s8> 

vmukhin@eabu-sol-eng-dc-s8> file list |match ag2.1-MetroE3.0-PSPHT-with-OAM-PW.conf 
ag2.1-MetroE3.0-PSPHT-with-OAM-PW.conf

vmukhin@eabu-sol-eng-dc-s8> ftp 172.29.100.44 
Connected to 172.29.100.44.
220-FileZilla Server version 0.9.48 beta
220-written by Tim Kosse (tim.kosse@filezilla-project.org)
220 Please visit http://sourceforge.net/projects/filezilla/
Name (172.29.100.44:vmukhin): mamba
331 Password required for mamba
Password:
230 Logged on
Remote system type is UNIX.
ftp> binary
200 Type set to I
ftp> cd ./MetroE3.0-PSPHT-with-OAM-PW/2015-02-28-v.01
250 CWD successful. "/MetroE3.0-PSPHT-with-OAM-PW/2015-02-28-v.01" is current directory.
ftp> put ag2.1-MetroE3.0-PSPHT-with-OAM-PW.conf ag2.1-MetroE3.0-PSPHT-with-OAM-PW.conf
local: ag2.1-MetroE3.0-PSPHT-with-OAM-PW.conf remote: ag2.1-MetroE3.0-PSPHT-with-OAM-PW.conf
200 Port command successful
150 Opening data channel for file upload to server of "/MetroE3.0-PSPHT-with-OAM-PW/2015-02-28-v.01/ag2.1-MetroE3.0-PSPHT-with-OAM-PW.conf"
100% |**********************************************************************************************************************************************************| 12126       00:00 ETAA
226 Successfully transferred "/MetroE3.0-PSPHT-with-OAM-PW/2015-02-28-v.01/ag2.1-MetroE3.0-PSPHT-with-OAM-PW.conf"
12126 bytes sent in 0.10 seconds (120.49 KB/s)
ftp> quit
221 Goodbye

--- JUNOS 12.3R6.6 built 2014-03-13 06:58:30 UTC

vmukhin@eabu-sol-eng-dc-s8> 

vmukhin@eabu-sol-eng-dc-s8> 

vmukhin@eabu-sol-eng-dc-s8> file list |match ag2.1-T&S-Cronos-test-May-05-2015.conf
                                                    ^
syntax error.

--- JUNOS 12.3R6.6 built 2014-03-13 06:58:30 UTC

vmukhin@eabu-sol-eng-dc-s8> 

vmukhin@eabu-sol-eng-dc-s8> 

vmukhin@eabu-sol-eng-dc-s8> file list |match ag2.1-Chronos-SFP-test-May-05-2015.conf 
ag2.1-Chronos-SFP-test-May-05-2015.conf

vmukhin@eabu-sol-eng-dc-s8> ftp 172.29.100.44 
Connected to 172.29.100.44.
220-FileZilla Server version 0.9.48 beta
220-written by Tim Kosse (tim.kosse@filezilla-project.org)
220 Please visit http://sourceforge.net/projects/filezilla/
Name (172.29.100.44:vmukhin): mamba
331 Password required for mamba
Password:
230 Logged on
Remote system type is UNIX.
ftp> binary
200 Type set to I
ftp> cd ./Chronos-SFP-test-May-05-2015/2015-04-20-v.01
250 CWD successful. "/Chronos-SFP-test-May-05-2015/2015-04-20-v.01" is current directory.
ftp> put ag2.1-Chronos-SFP-test-May-05-2015.conf ag2.1-Chronos-SFP-test-May-05-2015.conf
local: ag2.1-Chronos-SFP-test-May-05-2015.conf remote: ag2.1-Chronos-SFP-test-May-05-2015.conf
200 Port command successful
150 Opening data channel for file upload to server of "/Chronos-SFP-test-May-05-2015/2015-04-20-v.01/ag2.1-Chronos-SFP-test-May-05-2015.conf"
100% |**********************************************************************************************************************************************************| 14128       00:00 ETAA
226 Successfully transferred "/Chronos-SFP-test-May-05-2015/2015-04-20-v.01/ag2.1-Chronos-SFP-test-May-05-2015.conf"
14128 bytes sent in 0.16 seconds (88.52 KB/s)
ftp> quit
221 Goodbye

--- JUNOS 12.3R6.6 built 2014-03-13 06:58:30 UTC

vmukhin@eabu-sol-eng-dc-s8> 

vmukhin@eabu-sol-eng-dc-s8> 

vmukhin@eabu-sol-eng-dc-s8> file list |match ag2.1-Chronos-SFP-test-May-22-2015.conf 
ag2.1-Chronos-SFP-test-May-22-2015.conf

vmukhin@eabu-sol-eng-dc-s8> ftp 172.29.100.44 
Connected to 172.29.100.44.
220-FileZilla Server version 0.9.48 beta
220-written by Tim Kosse (tim.kosse@filezilla-project.org)
220 Please visit http://sourceforge.net/projects/filezilla/
Name (172.29.100.44:vmukhin): mamba
331 Password required for mamba
Password:
230 Logged on
Remote system type is UNIX.
ftp> binary
200 Type set to I
ftp> cd ./Chronos-SFP-test-May-22-2015/2015-04-20-v.01
250 CWD successful. "/Chronos-SFP-test-May-22-2015/2015-04-20-v.01" is current directory.
ftp> put ag2.1-Chronos-SFP-test-May-22-2015.conf ag2.1-Chronos-SFP-test-May-22-2015.conf
local: ag2.1-Chronos-SFP-test-May-22-2015.conf remote: ag2.1-Chronos-SFP-test-May-22-2015.conf
200 Port command successful
150 Opening data channel for file upload to server of "/Chronos-SFP-test-May-22-2015/2015-04-20-v.01/ag2.1-Chronos-SFP-test-May-22-2015.conf"
100% |**********************************************************************************************************************************************************| 14128       00:00 ETAA
226 Successfully transferred "/Chronos-SFP-test-May-22-2015/2015-04-20-v.01/ag2.1-Chronos-SFP-test-May-22-2015.conf"
14128 bytes sent in 0.10 seconds (132.69 KB/s)
ftp> quit
221 Goodbye

--- JUNOS 12.3R6.6 built 2014-03-13 06:58:30 UTC

vmukhin@eabu-sol-eng-dc-s8> 

vmukhin@eabu-sol-eng-dc-s8> 

vmukhin@eabu-sol-eng-dc-s8> file list |match ag2.1-uaa2.0-ztd-unnumbered-mpls.conf 

--- JUNOS 12.3R6.6 built 2014-03-13 06:58:30 UTC

vmukhin@eabu-sol-eng-dc-s8> 

vmukhin@eabu-sol-eng-dc-s8> 

vmukhin@eabu-sol-eng-dc-s8> file list |match ag2.1-uaa2.0-ZTP-unnumbered-mpls-Oct-29-2015.conf 
ag2.1-uaa2.0-ZTP-unnumbered-mpls-Oct-29-2015.conf

vmukhin@eabu-sol-eng-dc-s8> ftp 172.29.100.44 
Connected to 172.29.100.44.
220-FileZilla Server version 0.9.48 beta
220-written by Tim Kosse (tim.kosse@filezilla-project.org)
220 Please visit http://sourceforge.net/projects/filezilla/
Name (172.29.100.44:vmukhin): mamba
331 Password required for mamba
Password:
230 Logged on
Remote system type is UNIX.
ftp> binary
200 Type set to I
ftp> cd ./uaa2.0-ZTP-unnumbered-mpls-Oct-29-2015/2015-09-23-v.01
250 CWD successful. "/uaa2.0-ZTP-unnumbered-mpls-Oct-29-2015/2015-09-23-v.01" is current directory.
ftp> put ag2.1-uaa2.0-ZTP-unnumbered-mpls-Oct-29-2015.conf ag2.1-uaa2.0-ZTP-unnumbered-mpls-Oct-29-2015.conf
local: ag2.1-uaa2.0-ZTP-unnumbered-mpls-Oct-29-2015.conf remote: ag2.1-uaa2.0-ZTP-unnumbered-mpls-Oct-29-2015.conf
200 Port command successful
150 Opening data channel for file upload to server of "/uaa2.0-ZTP-unnumbered-mpls-Oct-29-2015/2015-09-23-v.01/ag2.1-uaa2.0-ZTP-unnumbered-mpls-Oct-29-2015.conf"
100% |**********************************************************************************************************************************************************| 14613       00:00 ETAA
226 Successfully transferred "/uaa2.0-ZTP-unnumbered-mpls-Oct-29-2015/2015-09-23-v.01/ag2.1-uaa2.0-ZTP-unnumbered-mpls-Oct-29-2015.conf"
14613 bytes sent in 0.11 seconds (135.03 KB/s)
ftp> quit
221 Goodbye

--- JUNOS 12.3R6.6 built 2014-03-13 06:58:30 UTC

vmukhin@eabu-sol-eng-dc-s8> 

vmukhin@eabu-sol-eng-dc-s8> 

vmukhin@eabu-sol-eng-dc-s8> file list |match ag2.1-ce20-service-all-ACX5K-Nov-13-2015.conf 
ag2.1-ce20-service-all-ACX5K-Nov-13-2015.conf

vmukhin@eabu-sol-eng-dc-s8> ftp 172.29.100.44 
Connected to 172.29.100.44.
220-FileZilla Server version 0.9.48 beta
220-written by Tim Kosse (tim.kosse@filezilla-project.org)
220 Please visit http://sourceforge.net/projects/filezilla/
Name (172.29.100.44:vmukhin): mamba
331 Password required for mamba
Password:
230 Logged on
Remote system type is UNIX.
ftp> binary
200 Type set to I
ftp> cd ./ce20-service-all-ACX5K-Nov-13-2015/2015-10-20-v.01
250 CWD successful. "/ce20-service-all-ACX5K-Nov-13-2015/2015-10-20-v.01" is current directory.
ftp> put ag2.1-ce20-service-all-ACX5K-Nov-13-2015.conf ag2.1-ce20-service-all-ACX5K-Nov-13-2015.conf
local: ag2.1-ce20-service-all-ACX5K-Nov-13-2015.conf remote: ag2.1-ce20-service-all-ACX5K-Nov-13-2015.conf
200 Port command successful
150 Opening data channel for file upload to server of "/ce20-service-all-ACX5K-Nov-13-2015/2015-10-20-v.01/ag2.1-ce20-service-all-ACX5K-Nov-13-2015.conf"
100% |**********************************************************************************************************************************************************| 13907       00:00 ETAA
226 Successfully transferred "/ce20-service-all-ACX5K-Nov-13-2015/2015-10-20-v.01/ag2.1-ce20-service-all-ACX5K-Nov-13-2015.conf"
13907 bytes sent in 0.10 seconds (131.50 KB/s)
ftp> quit
221 Goodbye

