--- JUNOS 14.1R2.12 built 2014-08-06 10:01:16 UTC
---
--- NOTICE: System is running on alternate media device      (/dev/da1s1a).
---

vmukhin@meson> 

vmukhin@meson> 

vmukhin@meson> show version 
Hostname: meson
Model: mx80-p
Junos: 14.1R2.12
JUNOS Base OS boot [14.1R2.12]
JUNOS Base OS Software Suite [14.1R2.12]
JUNOS Kernel Software Suite [14.1R2.12]
JUNOS Crypto Software Suite [14.1R2.12]
JUNOS Packet Forwarding Engine Support (MX80) [14.1R2.12]
JUNOS Online Documentation [14.1R2.12]
JUNOS Services Application Level Gateways [14.1R2.12]
JUNOS Services Jflow Container package [14.1R2.12]
JUNOS Services Stateful Firewall [14.1R2.12]
JUNOS Services NAT [14.1R2.12]
JUNOS Services RPM [14.1R2.12]
JUNOS Services Crypto [14.1R2.12]
JUNOS Services SSL [14.1R2.12]
JUNOS Services IPSec [14.1R2.12]
JUNOS Routing Software Suite [14.1R2.12]

vmukhin@meson> 

vmukhin@meson> edit 
Entering configuration mode

[edit]
vmukhin@meson# edit groups global 

[edit groups global]
vmukhin@meson# save grp-global-original.conf 
Wrote 308 lines of configuration to 'grp-global-original.conf'

[edit groups global]
vmukhin@meson# exit 

[edit]
vmukhin@meson# edit groups re0 

[edit groups re0]
vmukhin@meson# show 
system {
    host-name meson;
}
interfaces {
    fxp0 {
        unit 0 {
            family inet {
                address 10.164.1.143/23;
            }
        }
    }
}

[edit groups re0]
vmukhin@meson# save grp-re0.conf 
Wrote 18 lines of configuration to 'grp-re0.conf'

[edit groups re0]
vmukhin@meson# exit 

[edit]
vmukhin@meson# exit 
Exiting configuration mode

vmukhin@meson> ftp 172.29.101.59 
Connected to 172.29.101.59.
220-FileZilla Server version 0.9.48 beta
220-written by Tim Kosse (tim.kosse@filezilla-project.org)
220 Please visit http://sourceforge.net/projects/filezilla/
Name (172.29.101.59:vmukhin): mamba
331 Password required for mamba
Password:
230 Logged on
Remote system type is UNIX.
ftp> binary
200 Type set to I
ftp> get ./gvtc-service-all-ACX5K-Nov-13-2015/2015-11-13-v.01/ag1.1-gvtc-service-all-ACX5K-Nov-13-2015.conf ag1.1-gvtc-service-all-ACX5K-Nov-13-2015.conf
local: ag1.1-gvtc-service-all-ACX5K-Nov-13-2015.conf remote: ./gvtc-service-all-ACX5K-Nov-13-2015/2015-11-13-v.01/ag1.1-gvtc-service-all-ACX5K-Nov-13-2015.conf
200 Port command successful
150 Opening data channel for file download from server of "/gvtc-service-all-ACX5K-Nov-13-2015/2015-11-13-v.01/ag1.1-gvtc-service-all-ACX5K-Nov-13-2015.conf"
100% |****************************************| 55322       00:00 ETA
226 Successfully transferred "/gvtc-service-all-ACX5K-Nov-13-2015/2015-11-13-v.01/ag1.1-gvtc-service-all-ACX5K-Nov-13-2015.conf"
55322 bytes received in 0.12 seconds (439.19 KB/s)
ftp> quit
221 Goodbye

vmukhin@meson> edit 
Entering configuration mode

[edit]
vmukhin@meson# delete access 
warning: statement not found

[edit]
vmukhin@meson# delete services 
warning: statement not found

[edit]
vmukhin@meson# delete routing-instances 
warning: statement not found

[edit]
vmukhin@meson# delete protocols 
warning: statement not found

[edit]
vmukhin@meson# delete interfaces 

[edit]
vmukhin@meson# delete routing-options 
warning: statement not found

[edit]
vmukhin@meson# commit 
commit complete

[edit]
vmukhin@meson# ...tc-service-all-ACX5K-Nov-13-2015.conf            
edit groups global
load replace grp-global-original.conf
load complete

[edit]
vmukhin@meson# edit groups global 

[edit groups global]
vmukhin@meson# load replace grp-global-original.conf 
exit
set apply-groups global
load complete

[edit groups global]
vmukhin@meson# exit 

[edit]
vmukhin@meson# set apply-groups global 
edit groups re0

[edit]
vmukhin@meson# edit groups re0 

[edit groups re0]
vmukhin@meson# load replace grp-re0.conf 
set apply-groups re0
load complete

[edit groups re0]
vmukhin@meson# exit 

[edit]
vmukhin@meson# set apply-groups re0 

[edit]
vmukhin@meson# commit 
commit complete

[edit]
