--- JUNOS 13.3R2.7 built 2014-04-20 20:58:39 UTC

vmukhin@eabu-sol-eng-dc-s7> 

vmukhin@eabu-sol-eng-dc-s7> 

vmukhin@eabu-sol-eng-dc-s7> show version 
Hostname: eabu-sol-eng-dc-s7
Model: mx80-48t
Junos: 13.3R2.7
JUNOS Base OS boot [13.3R2.7]
JUNOS Base OS Software Suite [13.3R2.7]
JUNOS Kernel Software Suite [13.3R2.7]
JUNOS Crypto Software Suite [13.3R2.7]
JUNOS Packet Forwarding Engine Support (MX80) [13.3R2.7]
JUNOS Online Documentation [13.3R2.7]
JUNOS Services Application Level Gateways [13.3R2.7]
JUNOS Services Jflow Container package [13.3R2.7]
JUNOS Services Stateful Firewall [13.3R2.7]
JUNOS Services NAT [13.3R2.7]
JUNOS Services RPM [13.3R2.7]
JUNOS Services Crypto [13.3R2.7]
JUNOS Services SSL [13.3R2.7]
JUNOS Services IPSec [13.3R2.7]
JUNOS Routing Software Suite [13.3R2.7]

vmukhin@eabu-sol-eng-dc-s7> 

vmukhin@eabu-sol-eng-dc-s7> edit 
Entering configuration mode

[edit]
vmukhin@eabu-sol-eng-dc-s7# edit groups global 

[edit groups global]
vmukhin@eabu-sol-eng-dc-s7# save grp-global-original.conf 
Wrote 100 lines of configuration to 'grp-global-original.conf'

[edit groups global]
vmukhin@eabu-sol-eng-dc-s7# exit 

[edit]
vmukhin@eabu-sol-eng-dc-s7# edit groups re0 

[edit groups re0]
vmukhin@eabu-sol-eng-dc-s7# show 
interfaces {
    fxp0 {
        unit 0 {
            family inet {
                address 10.164.1.134/23;
            }
        }
    }
}

[edit groups re0]
vmukhin@eabu-sol-eng-dc-s7# save grp-re0.conf 
Wrote 15 lines of configuration to 'grp-re0.conf'

[edit groups re0]
vmukhin@eabu-sol-eng-dc-s7# exit 

[edit]
vmukhin@eabu-sol-eng-dc-s7# exit 
Exiting configuration mode

vmukhin@eabu-sol-eng-dc-s7> ftp 172.29.101.59 
Connected to 172.29.101.59.
220-FileZilla Server version 0.9.48 beta
220-written by Tim Kosse (tim.kosse@filezilla-project.org)
220 Please visit http://sourceforge.net/projects/filezilla/
Name (172.29.101.59:vmukhin): mamba
331 Password required for mamba
Password:
230 Logged on
Remote system type is UNIX.
ftp> binary
200 Type set to I
ftp> get ./gvtc-service-all-ACX5K-Nov-13-2015/2015-11-13-v.01/ag3.1-gvtc-service-all-ACX5K-Nov-13-2015.conf ag3.1-gvtc-service-all-ACX5K-Nov-13-2015.conf
local: ag3.1-gvtc-service-all-ACX5K-Nov-13-2015.conf remote: ./gvtc-service-all-ACX5K-Nov-13-2015/2015-11-13-v.01/ag3.1-gvtc-service-all-ACX5K-Nov-13-2015.conf
200 Port command successful
150 Opening data channel for file download from server of "/gvtc-service-all-ACX5K-Nov-13-2015/2015-11-13-v.01/ag3.1-gvtc-service-all-ACX5K-Nov-13-2015.conf"
100% |****************************************| 24211       00:00 ETA
226 Successfully transferred "/gvtc-service-all-ACX5K-Nov-13-2015/2015-11-13-v.01/ag3.1-gvtc-service-all-ACX5K-Nov-13-2015.conf"
24211 bytes received in 0.12 seconds (203.26 KB/s)
ftp> quit
221 Goodbye

vmukhin@eabu-sol-eng-dc-s7> edit 
Entering configuration mode

[edit]
vmukhin@eabu-sol-eng-dc-s7# delete access 
warning: statement not found

[edit]
vmukhin@eabu-sol-eng-dc-s7# delete services 
warning: statement not found

[edit]
vmukhin@eabu-sol-eng-dc-s7# delete routing-instances 

[edit]
vmukhin@eabu-sol-eng-dc-s7# delete protocols 

[edit]
vmukhin@eabu-sol-eng-dc-s7# delete interfaces 

[edit]
vmukhin@eabu-sol-eng-dc-s7# delete routing-options 

[edit]
vmukhin@eabu-sol-eng-dc-s7# commit 
commit complete

[edit]
vmukhin@eabu-sol-eng-dc-s7# ...X5K-Nov-13-2015.conf                
edit groups global
load replace grp-global-original.conf
exit
load complete

[edit]
vmukhin@eabu-sol-eng-dc-s7# edit groups global 

[edit groups global]
vmukhin@eabu-sol-eng-dc-s7# ...bal-original.conf                   
set apply-groups global
edit groups re0
load replace grp-re0.conf
load complete

[edit groups global]
vmukhin@eabu-sol-eng-dc-s7# exit 

[edit]
vmukhin@eabu-sol-eng-dc-s7# set apply-groups global 

[edit]
vmukhin@eabu-sol-eng-dc-s7# edit groups re0 

[edit groups re0]
vmukhin@eabu-sol-eng-dc-s7# load replace grp-re0.conf 
exit
set apply-groups re0
commit
load complete

[edit groups re0]
vmukhin@eabu-sol-eng-dc-s7# exit 

[edit]
vmukhin@eabu-sol-eng-dc-s7# set apply-groups re0 

[edit]
vmukhin@eabu-sol-eng-dc-s7# commit 
commit complete

[edit]
