--- JUNOS 12.3R6.6 built 2014-03-13 06:58:30 UTC

vmukhin@eabu-sol-eng-dc-s9> 

vmukhin@eabu-sol-eng-dc-s9> 

vmukhin@eabu-sol-eng-dc-s9> edit 
Entering configuration mode

[edit]
vmukhin@eabu-sol-eng-dc-s9# save switch-mbh1.1-July-07.conf 
Wrote 127 lines of configuration to 'switch-mbh1.1-July-07.conf'

[edit]
vmukhin@eabu-sol-eng-dc-s9# exit 
Exiting configuration mode

vmukhin@eabu-sol-eng-dc-s9> ftp 172.29.100.44 
Connected to 172.29.100.44.
220-FileZilla Server version 0.9.48 beta
220-written by Tim Kosse (tim.kosse@filezilla-project.org)
220 Please visit http://sourceforge.net/projects/filezilla/
Name (172.29.100.44:vmukhin): mamba
331 Password required for mamba
Password:
230 Logged on
Remote system type is UNIX.
ftp> binary
200 Type set to I
ftp> cd ./mbh1.1-July-07/2016-4-5-v.02
250 CWD successful. "/mbh1.1-July-07/2016-4-5-v.02" is current directory.
ftp> put switch-mbh1.1-July-07.conf switch-mbh1.1-July-07.conf
local: switch-mbh1.1-July-07.conf remote: switch-mbh1.1-July-07.conf
200 Port command successful
150 Opening data channel for file upload to server of "/mbh1.1-July-07/2016-4-5-v.02/switch-mbh1.1-July-07.conf"
100% |**********************************************************************************************************************************************************|  3700       00:00 ETAA
226 Successfully transferred "/mbh1.1-July-07/2016-4-5-v.02/switch-mbh1.1-July-07.conf"
3700 bytes sent in 0.06 seconds (60.90 KB/s)
ftp> quit
221 Goodbye

--- JUNOS 12.3R6.6 built 2014-03-13 06:58:30 UTC

vmukhin@eabu-sol-eng-dc-s9> 

vmukhin@eabu-sol-eng-dc-s9> 

vmukhin@eabu-sol-eng-dc-s9> edit 
Entering configuration mode

[edit]
vmukhin@eabu-sol-eng-dc-s9# save switch-mbh1.1-July-07.conf 
Wrote 127 lines of configuration to 'switch-mbh1.1-July-07.conf'

[edit]
vmukhin@eabu-sol-eng-dc-s9# exit 
Exiting configuration mode

vmukhin@eabu-sol-eng-dc-s9> ftp 172.29.100.44 
Connected to 172.29.100.44.
220-FileZilla Server version 0.9.48 beta
220-written by Tim Kosse (tim.kosse@filezilla-project.org)
220 Please visit http://sourceforge.net/projects/filezilla/
Name (172.29.100.44:vmukhin): mamba
331 Password required for mamba
Password:
230 Logged on
Remote system type is UNIX.
ftp> binary
200 Type set to I
ftp> cd ./mbh1.1-July-07/2016-4-5-v.02
250 CWD successful. "/mbh1.1-July-07/2016-4-5-v.02" is current directory.
ftp> put switch-mbh1.1-July-07.conf switch-mbh1.1-July-07.conf
local: switch-mbh1.1-July-07.conf remote: switch-mbh1.1-July-07.conf
200 Port command successful
150 Opening data channel for file upload to server of "/mbh1.1-July-07/2016-4-5-v.02/switch-mbh1.1-July-07.conf"
100% |**********************************************************************************************************************************************************|  3700       00:00 ETAA
226 Successfully transferred "/mbh1.1-July-07/2016-4-5-v.02/switch-mbh1.1-July-07.conf"
3700 bytes sent in 0.05 seconds (66.25 KB/s)
ftp> quit
221 Goodbye

--- JUNOS 12.3R6.6 built 2014-03-13 06:58:30 UTC

vmukhin@eabu-sol-eng-dc-s9> 

vmukhin@eabu-sol-eng-dc-s9> 

vmukhin@eabu-sol-eng-dc-s9> edit 
Entering configuration mode

[edit]
vmukhin@eabu-sol-eng-dc-s9# save switch-mbh1.1-July-07.conf 
Wrote 127 lines of configuration to 'switch-mbh1.1-July-07.conf'

[edit]
vmukhin@eabu-sol-eng-dc-s9# exit 
Exiting configuration mode

vmukhin@eabu-sol-eng-dc-s9> ftp 172.29.100.44 
Connected to 172.29.100.44.
220-FileZilla Server version 0.9.48 beta
220-written by Tim Kosse (tim.kosse@filezilla-project.org)
220 Please visit http://sourceforge.net/projects/filezilla/
Name (172.29.100.44:vmukhin): mamba
331 Password required for mamba
Password:
230 Logged on
Remote system type is UNIX.
ftp> binary
200 Type set to I
ftp> cd ./mbh1.1-July-07/2016-4-5-v.02
250 CWD successful. "/mbh1.1-July-07/2016-4-5-v.02" is current directory.
ftp> put switch-mbh1.1-July-07.conf switch-mbh1.1-July-07.conf
local: switch-mbh1.1-July-07.conf remote: switch-mbh1.1-July-07.conf
200 Port command successful
150 Opening data channel for file upload to server of "/mbh1.1-July-07/2016-4-5-v.02/switch-mbh1.1-July-07.conf"
100% |**********************************************************************************************************************************************************|  3700       00:00 ETAA
226 Successfully transferred "/mbh1.1-July-07/2016-4-5-v.02/switch-mbh1.1-July-07.conf"
3700 bytes sent in 0.07 seconds (53.73 KB/s)
ftp> quit
221 Goodbye

--- JUNOS 12.3R6.6 built 2014-03-13 06:58:30 UTC

vmukhin@eabu-sol-eng-dc-s9> 

vmukhin@eabu-sol-eng-dc-s9> 

vmukhin@eabu-sol-eng-dc-s9> edit 
Entering configuration mode

[edit]
vmukhin@eabu-sol-eng-dc-s9# save switch-mbh1.1-July-07.conf 
Wrote 127 lines of configuration to 'switch-mbh1.1-July-07.conf'

[edit]
vmukhin@eabu-sol-eng-dc-s9# exit 
Exiting configuration mode

vmukhin@eabu-sol-eng-dc-s9> ftp 172.29.100.44 
Connected to 172.29.100.44.
220-FileZilla Server version 0.9.48 beta
220-written by Tim Kosse (tim.kosse@filezilla-project.org)
220 Please visit http://sourceforge.net/projects/filezilla/
Name (172.29.100.44:vmukhin): mamba
331 Password required for mamba
Password:
230 Logged on
Remote system type is UNIX.
ftp> binary
200 Type set to I
ftp> cd ./mbh1.1-July-07/2016-4-5-v.02
250 CWD successful. "/mbh1.1-July-07/2016-4-5-v.02" is current directory.
ftp> put switch-mbh1.1-July-07.conf switch-mbh1.1-July-07.conf
local: switch-mbh1.1-July-07.conf remote: switch-mbh1.1-July-07.conf
200 Port command successful
150 Opening data channel for file upload to server of "/mbh1.1-July-07/2016-4-5-v.02/switch-mbh1.1-July-07.conf"
100% |**********************************************************************************************************************************************************|  3700       00:00 ETAA
226 Successfully transferred "/mbh1.1-July-07/2016-4-5-v.02/switch-mbh1.1-July-07.conf"
3700 bytes sent in 0.06 seconds (58.74 KB/s)
ftp> quit
221 Goodbye

