--- JUNOS 12.3-20150930_acx_x54_s4.0 built 2015-09-30 18:38:44 UTC
At least one package installed on this device has limited support.
Run 'file show /etc/notices/unsupported.txt' for details.

vmukhin@csr1.3-c-quark> 

vmukhin@csr1.3-c-quark> 

vmukhin@csr1.3-c-quark> edit 
Entering configuration mode

[edit]
vmukhin@csr1.3-c-quark# ...XIA-and-CLT-drated-configs-2106.conf    
exit
Wrote 860 lines of configuration to 'csr1.3-Metro-PAXIA-and-CLT-drated-configs-2106.conf'

[edit]
vmukhin@csr1.3-c-quark# exit 
Exiting configuration mode

vmukhin@csr1.3-c-quark> ftp 172.29.102.242 
Connected to 172.29.102.242.
220-FileZilla Server version 0.9.48 beta
220-written by Tim Kosse (tim.kosse@filezilla-project.org)
220 Please visit http://sourceforge.net/projects/filezilla/
Name (172.29.102.242:vmukhin): mamba
331 Password required for mamba
Password:
230 Logged on
Remote system type is UNIX.
ftp> binary
200 Type set to I
ftp> cd ./Metro-PAXIA-and-CLT-drated-configs-2106/2016-6-14-v.01
250 CWD successful. "/Metro-PAXIA-and-CLT-drated-configs-2106/2016-6-14-v.01" is current directory.
ftp> put csr1.3-Metro-PAXIA-and-CLT-drated-configs-2106.conf csr1.3-Metro-PAXIA-and-CLT-drated-configs-2106.conf
local: csr1.3-Metro-PAXIA-and-CLT-drated-configs-2106.conf remote: csr1.3-Metro-PAXIA-and-CLT-drated-configs-2106.conf
200 Port command successful
150 Opening data channel for file upload to server of "/Metro-PAXIA-and-CLT-drated-configs-2106/2016-6-14-v.01/csr1.3-Metro-PAXIA-and-CLT-drated-configs-2106.conf"
100% |****************************************| 24997       00:00 ETA
226 Successfully transferred "/Metro-PAXIA-and-CLT-drated-configs-2106/2016-6-14-v.01/csr1.3-Metro-PAXIA-and-CLT-drated-configs-2106.conf"
24997 bytes sent in 0.13 seconds (194.80 KB/s)
ftp> quit
221 Goodbye

