--- JUNOS 14.1R2.12 built 2014-08-06 10:01:16 UTC

vmukhin@meson> 

vmukhin@meson> 

vmukhin@meson> show version 
Hostname: meson
Model: mx80-p
Junos: 14.1R2.12
JUNOS Base OS boot [14.1R2.12]
JUNOS Base OS Software Suite [14.1R2.12]
JUNOS Kernel Software Suite [14.1R2.12]
JUNOS Crypto Software Suite [14.1R2.12]
JUNOS Packet Forwarding Engine Support (MX80) [14.1R2.12]
JUNOS Online Documentation [14.1R2.12]
JUNOS Services Application Level Gateways [14.1R2.12]
JUNOS Services Jflow Container package [14.1R2.12]
JUNOS Services Stateful Firewall [14.1R2.12]
JUNOS Services NAT [14.1R2.12]
JUNOS Services RPM [14.1R2.12]
JUNOS Services Crypto [14.1R2.12]
JUNOS Services SSL [14.1R2.12]
JUNOS Services IPSec [14.1R2.12]
JUNOS Routing Software Suite [14.1R2.12]

vmukhin@meson> 

vmukhin@meson> edit 
Entering configuration mode

[edit]
vmukhin@meson# edit groups global 

[edit groups global]
vmukhin@meson# save grp-global-original.conf 
Wrote 308 lines of configuration to 'grp-global-original.conf'

[edit groups global]
vmukhin@meson# exit 

[edit]
vmukhin@meson# edit groups re0 

[edit groups re0]
vmukhin@meson# show 
system {
    host-name meson;
}
interfaces {
    fxp0 {
        unit 0 {
            family inet {
                address 10.164.1.143/23;
            }
        }
    }
}

[edit groups re0]
vmukhin@meson# save grp-re0.conf 
Wrote 18 lines of configuration to 'grp-re0.conf'

[edit groups re0]
vmukhin@meson# exit 

[edit]
vmukhin@meson# exit 
Exiting configuration mode

vmukhin@meson> ftp 172.29.102.181 
Connected to 172.29.102.181.
220-FileZilla Server version 0.9.48 beta
220-written by Tim Kosse (tim.kosse@filezilla-project.org)
220 Please visit http://sourceforge.net/projects/filezilla/
Name (172.29.102.181:vmukhin): mamba
331 Password required for mamba
Password:
230 Logged on
Remote system type is UNIX.
ftp> binary
200 Type set to I
ftp> get ./MetroE3.0-PSPHT-with-OAM-PW/2015-02-28-v.01/ag1.1-MetroE3.0-PSPHT-with-OAM-PW.conf ag1.1-MetroE3.0-PSPHT-with-OAM-PW.conf
local: ag1.1-MetroE3.0-PSPHT-with-OAM-PW.conf remote: ./MetroE3.0-PSPHT-with-OAM-PW/2015-02-28-v.01/ag1.1-MetroE3.0-PSPHT-with-OAM-PW.conf
200 Port command successful
150 Opening data channel for file download from server of "/MetroE3.0-PSPHT-with-OAM-PW/2015-02-28-v.01/ag1.1-MetroE3.0-PSPHT-with-OAM-PW.conf"
100% |**********************************************************************************************************************************************************| 44856       00:00 ETAA
226 Successfully transferred "/MetroE3.0-PSPHT-with-OAM-PW/2015-02-28-v.01/ag1.1-MetroE3.0-PSPHT-with-OAM-PW.conf"
44856 bytes received in 0.12 seconds (358.21 KB/s)
ftp> quit
221 Goodbye

vmukhin@meson> edit 
Entering configuration mode

[edit]
vmukhin@meson# delete access 
warning: statement not found

[edit]
vmukhin@meson# delete services 
warning: statement not found

[edit]
vmukhin@meson# delete routing-instances 

[edit]
vmukhin@meson# delete protocols 

[edit]
vmukhin@meson# delete interfaces 

[edit]
vmukhin@meson# delete routing-options 

[edit]
vmukhin@meson# commit 
commit complete

[edit]
vmukhin@meson# load update ag1.1-MetroE3.0-PSPHT-with-OAM-PW.conf 
edit groups global
load complete

[edit]
vmukhin@meson# edit groups global 

[edit groups global]
vmukhin@meson# load replace grp-global-original.conf 
exit
load complete

[edit groups global]
vmukhin@meson# exit 

[edit]
vmukhin@meson# set apply-groups global 

[edit]
vmukhin@meson# edit groups re0 

[edit groups re0]
vmukhin@meson# load replace grp-re0.conf 
exit
load complete

[edit groups re0]
vmukhin@meson# exit 

[edit]
vmukhin@meson# set apply-groups re0 

[edit]
vmukhin@meson# commit 
commit complete

[edit]
