--- JUNOS 15.1X54-D50.10 built 2016-04-18 12:20:17 UTC

{master:0}
vmukhin@t-quark> 

{master:0}
vmukhin@t-quark> 

{master:0}
vmukhin@t-quark> edit 
Entering configuration mode
Users currently editing the configuration:
  vmukhin terminal p0 (pid 56934) on since 2016-06-06 22:37:13 PDT, idle 00:03:44
      {master:0}[edit]

{master:0}[edit]
vmukhin@t-quark# save csr1.6-PWHT-VPLS-to-PS-2016.conf 
Wrote 1193 lines of configuration to 'csr1.6-PWHT-VPLS-to-PS-2016.conf'

{master:0}[edit]
vmukhin@t-quark# exit 
Exiting configuration mode

{master:0}
vmukhin@t-quark> ftp 172.29.103.14 
Connected to 172.29.103.14.
220-FileZilla Server version 0.9.48 beta
220-written by Tim Kosse (tim.kosse@filezilla-project.org)
220 Please visit http://sourceforge.net/projects/filezilla/
Name (172.29.103.14:vmukhin): mamba
331 Password required for mamba
Password:
230 Logged on
Remote system type is UNIX.
ftp> binary
200 Type set to I
ftp> cd ./PWHT-VPLS-to-PS-2016/2016-6-7-v.01
250 CWD successful. "/PWHT-VPLS-to-PS-2016/2016-6-7-v.01" is current directory.
ftp> put csr1.6-PWHT-VPLS-to-PS-2016.conf csr1.6-PWHT-VPLS-to-PS-2016.conf
local: csr1.6-PWHT-VPLS-to-PS-2016.conf remote: csr1.6-PWHT-VPLS-to-PS-2016.conf
200 Port command successful
150 Opening data channel for file upload to server of "/PWHT-VPLS-to-PS-2016/2016-6-7-v.01/csr1.6-PWHT-VPLS-to-PS-2016.conf"
100% |**********************************************************************************************************************************************************| 33596       00:00 ETAA
226 Successfully transferred "/PWHT-VPLS-to-PS-2016/2016-6-7-v.01/csr1.6-PWHT-VPLS-to-PS-2016.conf"
33596 bytes sent in 0.13 seconds (251.43 KB/s)
ftp> quit
221 Goodbye

{master:0}
--- JUNOS 15.1X54-D50.10 built 2016-04-18 12:20:17 UTC

{master:0}
vmukhin@t-quark> 

{master:0}
vmukhin@t-quark> 

{master:0}
vmukhin@t-quark> edit 
Entering configuration mode
Users currently editing the configuration:
  vmukhin terminal p0 (pid 59215) on since 2016-06-07 13:20:12 PDT, idle 00:02:31
      {master:0}[edit protocols l2circuit]

{master:0}[edit]
vmukhin@t-quark# save csr1.6-PWHT-VPLS-to-PS-2016.conf 
Wrote 1212 lines of configuration to 'csr1.6-PWHT-VPLS-to-PS-2016.conf'

{master:0}[edit]
vmukhin@t-quark# exit 
Exiting configuration mode

{master:0}
vmukhin@t-quark> ftp 172.29.103.14 
Connected to 172.29.103.14.
220-FileZilla Server version 0.9.48 beta
220-written by Tim Kosse (tim.kosse@filezilla-project.org)
220 Please visit http://sourceforge.net/projects/filezilla/
Name (172.29.103.14:vmukhin): mamba
331 Password required for mamba
Password:
230 Logged on
Remote system type is UNIX.
ftp> binary
200 Type set to I
ftp> cd ./PWHT-VPLS-to-PS-2016/2016-6-7-v.02
250 CWD successful. "/PWHT-VPLS-to-PS-2016/2016-6-7-v.02" is current directory.
ftp> put csr1.6-PWHT-VPLS-to-PS-2016.conf csr1.6-PWHT-VPLS-to-PS-2016.conf
local: csr1.6-PWHT-VPLS-to-PS-2016.conf remote: csr1.6-PWHT-VPLS-to-PS-2016.conf
200 Port command successful
150 Opening data channel for file upload to server of "/PWHT-VPLS-to-PS-2016/2016-6-7-v.02/csr1.6-PWHT-VPLS-to-PS-2016.conf"
100% |**********************************************************************************************************************************************************| 34212       00:00 ETAA
226 Successfully transferred "/PWHT-VPLS-to-PS-2016/2016-6-7-v.02/csr1.6-PWHT-VPLS-to-PS-2016.conf"
34212 bytes sent in 0.13 seconds (248.02 KB/s)
ftp> quit
221 Goodbye

{master:0}
