--- JUNOS 15.1X54-D20.7 built 2015-07-28 17:59:55 UTC

root@:RE:0% 
root@:RE:0% cli
{master:0}
root> show version |no-more 
fpc0:
--------------------------------------------------------------------------
Model: acx5096
Junos: 15.1X54-D20.7
JUNOS Base OS boot [15.1X54-D20.7]
JUNOS Base OS Software Suite [15.1X54-D20.7]
JUNOS Crypto Software Suite [15.1X54-D20.7]
JUNOS Online Documentation [15.1X54-D20.7]
JUNOS Kernel Software Suite [15.1X54-D20.7]
JUNOS Packet Forwarding Engine Support (acx5k) [15.1X54-D20.7]
JUNOS Routing Software Suite [15.1X54-D20.7]
JUNOS Enterprise Software Suite [15.1X54-D20.7]
JUNOS py-base-i386 [15.1X54-D20.7]
JUNOS Host Software [13.2I20150406_2016_rbu-builder]

{master:0}
root> ...-15.1X54-D25.14-domestic-signed.tgz /user/jinstall-acx5k-15.1X54-D25.14-domestic-signed.tgz                                      
The authenticity of host 'svl-jtac-tool01 (172.17.31.80)' can't be established.
DSA key fingerprint is d1:dc:63:f7:17:6b:98:59:2b:4b:ae:e5:91:29:ed:56.
Are you sure you want to continue connecting (yes/no)? yes
Warning: Permanently added 'svl-jtac-tool01,172.17.31.80' (DSA) to the list of known hosts.
Password:
jinstall-acx5k-15.1X54-D25.14-domestic-signed.tgz                                                          100%  499MB   8.9MB/s   00:56    

{master:0}
root> ...-15.1X54-D25.14-domestic-signed.tgz.md5 /var/tmp/jinstall-acx5k-15.1X54-D25.14-domestic-signed.tgz.md5                           
Password:
jinstall-acx5k-15.1X54-D25.14-domestic-signed.tgz.md5                                                      100%   33     0.0KB/s   00:00    

{master:0}
root> file checksum md5 /user/jinstall-acx5k-15.1X54-D25.14-domestic-signed.tgz 
MD5 (/user/jinstall-acx5k-15.1X54-D25.14-domestic-signed.tgz) = 84c85641dd75cc75e15e4f7678d6a71b

{master:0}
root> file show /var/tmp/jinstall-acx5k-15.1X54-D25.14-domestic-signed.tgz.md5 
84c85641dd75cc75e15e4f7678d6a71b

{master:0}
