--- JUNOS 12.3R6.6 built 2014-03-13 06:58:30 UTC

vmukhin@eabu-sol-eng-dc-s8> 

vmukhin@eabu-sol-eng-dc-s8> 

vmukhin@eabu-sol-eng-dc-s8> edit 
Entering configuration mode

[edit]
vmukhin@eabu-sol-eng-dc-s8# save ag2.1-New-Lab-test.conf 
Wrote 534 lines of configuration to 'ag2.1-New-Lab-test.conf'

[edit]
vmukhin@eabu-sol-eng-dc-s8# exit 
Exiting configuration mode

vmukhin@eabu-sol-eng-dc-s8> ftp 172.29.100.19 
Connected to 172.29.100.19.
220-FileZilla Server version 0.9.48 beta
220-written by Tim Kosse (tim.kosse@filezilla-project.org)
220 Please visit http://sourceforge.net/projects/filezilla/
Name (172.29.100.19:vmukhin): mamba
331 Password required for mamba
Password:
230 Logged on
Remote system type is UNIX.
ftp> binary
200 Type set to I
ftp> cd ./New-Lab-test/2016-4-2-v.01
250 CWD successful. "/New-Lab-test/2016-4-2-v.01" is current directory.
ftp> put ag2.1-New-Lab-test.conf ag2.1-New-Lab-test.conf
local: ag2.1-New-Lab-test.conf remote: ag2.1-New-Lab-test.conf
200 Port command successful
150 Opening data channel for file upload to server of "/New-Lab-test/2016-4-2-v.01/ag2.1-New-Lab-test.conf"
100% |**********************************************************************************************************************************************************| 14313       00:00 ETAA
226 Successfully transferred "/New-Lab-test/2016-4-2-v.01/ag2.1-New-Lab-test.conf"
14313 bytes sent in 0.13 seconds (107.96 KB/s)
ftp> quit
221 Goodbye

