--- JUNOS 13.3R2.7 built 2014-04-20 20:58:39 UTC
vmukhin@eabu-sol-eng-dc-s7> 

vmukhin@eabu-sol-eng-dc-s7> 

vmukhin@eabu-sol-eng-dc-s7> 

vmukhin@eabu-sol-eng-dc-s7> 

vmukhin@eabu-sol-eng-dc-s7> 

--- JUNOS 13.3R2.7 built 2014-04-20 20:58:39 UTC
vmukhin@eabu-sol-eng-dc-s7> edit 
Entering configuration mode

[edit]
vmukhin@eabu-sol-eng-dc-s7# 

[edit]
vmukhin@eabu-sol-eng-dc-s7# 

[edit]
vmukhin@eabu-sol-eng-dc-s7# 

[edit]
vmukhin@eabu-sol-eng-dc-s7# 

[edit]
vmukhin@eabu-sol-eng-dc-s7# show 
## Last changed: 2016-03-08 00:43:50 UTC
version 13.3R2.7;
groups {
    global {
        system {
            host-name eabu-sol-eng-dc-s7;
            domain-name juniper.net;
            domain-search [ englab.juniper.net spglab.juniper.net dcbg.juniper.net juniper.net jnpr.net ];
            backup-router 10.164.0.1 destination 0.0.0.0/0;
            root-authentication {
                encrypted-password 0Mg.HAHE/ri2o; ## SECRET-DATA
            }
            name-server {
                192.168.5.68;
                192.168.60.131;
            }
            login {
                user regress {
                    uid 928;
                    class superuser;
                    shell csh;
                    authentication {
                        encrypted-password "$1$kPU..$w.4FGRAGanJ8U4Yq6sbj7."; ## SECRET-DATA
                    }
                }
                user vmukhin {
                    uid 929;
                    class super-user;
                    authentication {
                        encrypted-password "$1$.neRl71A$i3Kvqps7lkXQsQO9uVhHa/"; ## SECRET-DATA
                    }
                }
                user mwazna {
                    uid 930;
                    class super-user;
                    authentication {
                        encrypted-password "$1$1QXc7mI.$Gvj6bH2g1l8cvLd9CTotp1"; ## SECRET-DATA
                    }
                }
                user labadmin {
                    full-name "Lab Admin";
                    uid 2001;
                    class super-user;
                    authentication {
                        encrypted-password "$5$5WcJMJV/$wFt2EWZYSyi7FNb5sLmgQjNQglkNf.5mbNd/A.7tcWA"; ## SECRET-DATA
                    }
                }
---(more)---[abort]

[edit]
vmukhin@eabu-sol-eng-dc-s7# save ag3.1-0000-backup.conf 
Wrote 891 lines of configuration to 'ag3.1-0000-backup.conf'

[edit]
vmukhin@eabu-sol-eng-dc-s7# run file list 

/var/home/vmukhin/:
.ssh/
ag3.1-00.conf
ag3.1-0000-backup.conf
ag3.1-AA0.0-Zero-HaS-topology.conf
ag3.1-AA0.0-Zero-Ring-topology.conf
ag3.1-BlueSky1.0-MBH-Sep-16-2014.conf
ag3.1-Chronos-SFP-test-May-05-2015.conf
ag3.1-Chronos-SFP-test-May-22-2015.conf
ag3.1-Lab-Zero-Config-global.conf
ag3.1-Lab-Zero-Config-re0.conf
ag3.1-Lab-Zero-Config-re1.conf
ag3.1-Lab-Zero-Config.conf
ag3.1-MBH2.0-all-services-rli18053-13-May-2014.conf
ag3.1-MetroE3.0-PSPHT-with-OAM-PW.conf
ag3.1-PWHT-for-Shokarev-07-July-2014.conf
ag3.1-PWHT-for-Shokarev-09-July-2014-01.conf
ag3.1-ce2.0-services-July31.conf
ag3.1-ce20-8032-AG1-and-CSR-protection-drafted-00.01-Aug-01.conf
ag3.1-ce20-8032-AG1-protection-drafted-00.01-Aug-01.conf
ag3.1-ce20-8032-All-protection-VPLS-Multihooming-BGP-drafted-00.02-Aug-06.conf
ag3.1-ce20-8032-All-protection-drafted-00.01-Aug-05.conf
ag3.1-ce20-all-service-protected-8032-MTU-bgp-vpls-Aug-07.conf
ag3.1-ce20-all-service-protected-8032-MTU-bgp-vpls.conf
ag3.1-ce20-all-services-Aug-16.conf
ag3.1-ce20-all-services-protection-NO-ELAN-Aug-06.conf
ag3.1-ce20-all-services-pw-protect-profile.conf
ag3.1-ce20-all-services-vpls-bd-ccc-8032-ed01.00-July-07.conf
ag3.1-ce20-service-all-ACX5K-Nov-13-2015.conf
ag3.1-ce20-service-all-backup-from-Dec-13.conf
ag3.1-ce20-service-all-plus-ce-and-mbh-mng-good-Aug-24.conf
ag3.1-ce20-service-all-plus-mng-Aug-24.conf
ag3.1-ce20-vstp-protection-drafted-00.01-Aug-01.conf
ag3.1-csr1.2-ce20-service-all-plus-ce-protection-new-Aug-27.conf
ag3.1-gvtc-service-all-ACX5K-Nov-13-2015.conf
ag3.1-mbh0.0-zero-conf-ring.conf
ag3.1-mbh1.0-full.conf
ag3.1-mbh1.0-isis-areas-full.conf
ag3.1-mbh1.0-rsvp-MAN-LDP-DOD-july-29.conf
ag3.1-mbh1.1-HS-ospf-lfa-ldp-vpls-ldp-bgp-lu-july-25-restored.conf
ag3.1-mbh1.1-July-05.conf
ag3.1-mbh1.1-July-07.conf
ag3.1-mbh1.1-July-08.1.conf
ag3.1-mbh1.1-July-08.conf
ag3.1-mbh1.1-full-HS-OSPF-LFA-LDP-bgp-lu-luly-12.conf
ag3.1-mbh1.1-full-HS-ospf-lfa-ldp-bgp-lu-july-12.conf
ag3.1-mbh1.1-full-isis-ring-bgp-lu-rsvp-auto-mesh-july08.conf
ag3.1-mbh1.1-full-isis-rsvp-4G-VPLS-ver01-July-15.conf
ag3.1-mbh1.1-full-isis-rsvp-bgp-lu-VPLS-OAM-July-16-restored.conf
ag3.1-mbh1.1-full-isis-rsvp-bgp-lu-VPLS-OAM-July-16.conf
ag3.1-mbh1.1-full-ospf-ring-bgp-lu-rsvp-auto-mesh-july-09.conf
ag3.1-mbh1.1-full-sis-rsvp-BGP-VPLS-July-15.conf
ag3.1-mbh1.1-full-sis-rsvp-NEW-VPLS-July-15.conf
ag3.1-mbh1.1-hs-00.01-July-12.conf
ag3.1-mbh1.1-isis-ring-bgp-lu-rsvp-VPLS-BGP-oam-mip-july-31-OAM-good.conf
ag3.1-mbh1.1-isis-ring-bgp-lu-rsvp-vpls-bgp-oam-mip-july-29-L3VPN-good.conf
ag3.1-mbh1.1-isis-rsvp-auto-mesh-bgp-lu-july-01.conf
ag3.1-mbh1.1-isis-rsvp-auto-mesh-bgp-lu-july-02-01.conf
ag3.1-mbh1.1-isis-rsvp-auto-mesh-bgp-lu-june-27.conf
ag3.1-mbh1.1-isis-rsvp-auto-mesh-bgp-lu-june-6.conf
ag3.1-mbh1.1-isis-vlans-auto-mesh.conf
ag3.1-mbh1.1-ospf-ring-bgp-lu-rsvp-vpls-ldp-oam-mip-july-25-restored.conf
ag3.1-mbh1.1-ospf-zero-July-09-00.conf
ag3.1-mbh1.1-with-mng-in-grt.conf
ag3.1-mbh2.0-IPSEC-all-services-May-06-14.conf
ag3.1-mbh2.0-IPSEC-all-services-isis-rsvp-auto-oam-March-25-14.conf
ag3.1-mbh2.0-IPSEC-all-services-isis-rsvp-auto-oam-March-31-14.conf
ag3.1-mbh2.0-Telenor-IPsec-Multi-VRF-BFD-DPD.conf
ag3.1-mbh2.0-Telenor-IPsec-Multi-VRF-BFD-RLT-DPD.conf
ag3.1-mbh2.0-Telenor-IPsec-Multi-VRF-BFD-RLT.conf
ag3.1-mbh2.0-Telenor-IPsec-Multi-VRF-BFD.conf
ag3.1-mbh2.0-Telenor-IPsec-Multi-VRF.conf
ag3.1-mbh2.0-all-services-OSPF-rsvp-auto-oam-ZTP-Sep-11-15.conf
ag3.1-mbh2.0-all-services-isis-rsvp-auto-oam-Jan-31-2.conf
ag3.1-mbh2.0-all-services-isis-rsvp-auto-oam-Jan-31.conf
ag3.1-mbh2.0-all-services-isis-rsvp-auto-oam-June-10-14.conf
ag3.1-mbh2.0-all-services-isis-rsvp-auto-oam-March-19-2015.conf
ag3.1-mbh2.0-all-services-isis-rsvp-auto-oam-March-25-14.conf
ag3.1-mbh2.0-all-services-isis-rsvp-auto-oam-May-09-14.conf
ag3.1-nsn-ipsec-jerry-1.0.conf
ag3.1-test-config.conf
ag3.1-tmplt-ospf-ring-001.conf
ag3.1-uaa2.0-Multicast-Andreas-Oct-03-2014.conf
ag3.1-uaa2.0-Multicast-LMP-Andreas-Oct-08-2014.conf
ag3.1-uaa2.0-multicast-p2p-protection-Sep-30-2014.conf
grp-global-original.conf
grp-re0.conf
jinstall-ppc-12.3R6.6-domestic-signed.tgz
jinstall-ppc-13.3R2.7-domestic-signed.tgz

[edit]
vmukhin@eabu-sol-eng-dc-s7# 

[edit]
vmukhin@eabu-sol-eng-dc-s7# 

[edit]
vmukhin@eabu-sol-eng-dc-s7# 

[edit]
