--- JUNOS 12.3-20140528_acx_x54_s4.0 built 2014-05-28 18:14:01 UTC
At least one package installed on this device has limited support.
Run 'file show /etc/notices/unsupported.txt' for details.

vmukhin@csr1.4-b-quark> 

vmukhin@csr1.4-b-quark> 

vmukhin@csr1.4-b-quark> edit 
Entering configuration mode
Users currently editing the configuration:
  vmukhin terminal p0 (pid 56933) on since 2016-04-18 23:57:00 PDT, idle 03:48:29
      [edit]

[edit]
vmukhin@csr1.4-b-quark# save csr1.4-PWHT-VPLS-to-PS-2016.conf 
Wrote 976 lines of configuration to 'csr1.4-PWHT-VPLS-to-PS-2016.conf'

[edit]
vmukhin@csr1.4-b-quark# exit 
Exiting configuration mode

vmukhin@csr1.4-b-quark> ftp 172.29.103.14 
Connected to 172.29.103.14.
220-FileZilla Server version 0.9.48 beta
220-written by Tim Kosse (tim.kosse@filezilla-project.org)
220 Please visit http://sourceforge.net/projects/filezilla/
Name (172.29.103.14:vmukhin): mamba
331 Password required for mamba
Password:
230 Logged on
Remote system type is UNIX.
ftp> binary
200 Type set to I
ftp> cd ./PWHT-VPLS-to-PS-2016/2016-6-7-v.01
250 CWD successful. "/PWHT-VPLS-to-PS-2016/2016-6-7-v.01" is current directory.
ftp> put csr1.4-PWHT-VPLS-to-PS-2016.conf csr1.4-PWHT-VPLS-to-PS-2016.conf
local: csr1.4-PWHT-VPLS-to-PS-2016.conf remote: csr1.4-PWHT-VPLS-to-PS-2016.conf
200 Port command successful
150 Opening data channel for file upload to server of "/PWHT-VPLS-to-PS-2016/2016-6-7-v.01/csr1.4-PWHT-VPLS-to-PS-2016.conf"
100% |**********************************************************************************************************************************************************| 27842       00:00 ETAA
226 Successfully transferred "/PWHT-VPLS-to-PS-2016/2016-6-7-v.01/csr1.4-PWHT-VPLS-to-PS-2016.conf"
27842 bytes sent in 0.12 seconds (223.78 KB/s)
ftp> quit
221 Goodbye

--- JUNOS 12.3-20140528_acx_x54_s4.0 built 2014-05-28 18:14:01 UTC
At least one package installed on this device has limited support.
Run 'file show /etc/notices/unsupported.txt' for details.

vmukhin@csr1.4-b-quark> 

vmukhin@csr1.4-b-quark> 

vmukhin@csr1.4-b-quark> edit 
Entering configuration mode

[edit]
vmukhin@csr1.4-b-quark# save csr1.4-PWHT-VPLS-to-PS-2016.conf 
Wrote 976 lines of configuration to 'csr1.4-PWHT-VPLS-to-PS-2016.conf'

[edit]
vmukhin@csr1.4-b-quark# exit 
Exiting configuration mode

vmukhin@csr1.4-b-quark> ftp 172.29.103.14 
Connected to 172.29.103.14.
220-FileZilla Server version 0.9.48 beta
220-written by Tim Kosse (tim.kosse@filezilla-project.org)
220 Please visit http://sourceforge.net/projects/filezilla/
Name (172.29.103.14:vmukhin): mamba
331 Password required for mamba
Password:
230 Logged on
Remote system type is UNIX.
ftp> binary
200 Type set to I
ftp> cd ./PWHT-VPLS-to-PS-2016/2016-6-7-v.02
250 CWD successful. "/PWHT-VPLS-to-PS-2016/2016-6-7-v.02" is current directory.
ftp> put csr1.4-PWHT-VPLS-to-PS-2016.conf csr1.4-PWHT-VPLS-to-PS-2016.conf
local: csr1.4-PWHT-VPLS-to-PS-2016.conf remote: csr1.4-PWHT-VPLS-to-PS-2016.conf
200 Port command successful
150 Opening data channel for file upload to server of "/PWHT-VPLS-to-PS-2016/2016-6-7-v.02/csr1.4-PWHT-VPLS-to-PS-2016.conf"
100% |**********************************************************************************************************************************************************| 27842       00:00 ETAA
226 Successfully transferred "/PWHT-VPLS-to-PS-2016/2016-6-7-v.02/csr1.4-PWHT-VPLS-to-PS-2016.conf"
27842 bytes sent in 0.15 seconds (183.79 KB/s)
ftp> quit
221 Goodbye

