--- JUNOS 12.3-20140528_acx_x54_s4.0 built 2014-05-28 18:14:01 UTC
At least one package installed on this device has limited support.
Run 'file show /etc/notices/unsupported.txt' for details.

vmukhin@csr1.4-b-quark> 

vmukhin@csr1.4-b-quark> 

vmukhin@csr1.4-b-quark> show version 
Hostname: csr1.4-b-quark
Model: acx2100
JUNOS Crypto Software Suite [12.3-20140528_acx_x54_s4.0]
JUNOS Base OS Software Suite [12.3-20140528_acx_x54_s4.0]
JUNOS Kernel Software Suite [12.3-20140528_acx_x54_s4.0]
JUNOS Base OS boot [12.3-20140528_acx_x54_s4.0]
JUNOS Packet Forwarding Engine Support (ACX) [12.3-20140528_acx_x54_s4.0]
JUNOS Online Documentation [12.3-20140528_acx_x54_s4.0]
JUNOS Routing Software Suite [12.3-20140528_acx_x54_s4.0]

vmukhin@csr1.4-b-quark> 

vmukhin@csr1.4-b-quark> edit 
Entering configuration mode

[edit]
vmukhin@csr1.4-b-quark# edit groups global 

[edit groups global]
vmukhin@csr1.4-b-quark# save grp-global-original.conf 
Wrote 343 lines of configuration to 'grp-global-original.conf'

[edit groups global]
vmukhin@csr1.4-b-quark# exit 

[edit]
vmukhin@csr1.4-b-quark# edit groups re0 

[edit groups re0]
vmukhin@csr1.4-b-quark# show 
system {
    host-name csr1.4-b-quark;
}
interfaces {
    fxp0 {
        unit 0 {
            family inet {
                address 10.164.1.140/22;
            }
        }
    }
}

[edit groups re0]
vmukhin@csr1.4-b-quark# save grp-re0.conf 
Wrote 18 lines of configuration to 'grp-re0.conf'

[edit groups re0]
vmukhin@csr1.4-b-quark# exit 

[edit]
vmukhin@csr1.4-b-quark# exit 
Exiting configuration mode

vmukhin@csr1.4-b-quark> ftp 172.29.101.59 
Connected to 172.29.101.59.
220-FileZilla Server version 0.9.48 beta
220-written by Tim Kosse (tim.kosse@filezilla-project.org)
220 Please visit http://sourceforge.net/projects/filezilla/
Name (172.29.101.59:vmukhin): mamba
331 Password required for mamba
Password:
230 Logged on
Remote system type is UNIX.
ftp> binary
200 Type set to I
ftp> get ./gvtc-service-all-ACX5K-Nov-13-2015/2015-11-13-v.01/csr1.4-gvtc-service-all-ACX5K-Nov-13-2015.conf csr1.4-gvtc-service-all-ACX5K-Nov-13-2015.conf
local: csr1.4-gvtc-service-all-ACX5K-Nov-13-2015.conf remote: ./gvtc-service-all-ACX5K-Nov-13-2015/2015-11-13-v.01/csr1.4-gvtc-service-all-ACX5K-Nov-13-2015.conf
200 Port command successful
150 Opening data channel for file download from server of "/gvtc-service-all-ACX5K-Nov-13-2015/2015-11-13-v.01/csr1.4-gvtc-service-all-ACX5K-Nov-13-2015.conf"
100% |****************************************| 31219       00:00 ETA
226 Successfully transferred "/gvtc-service-all-ACX5K-Nov-13-2015/2015-11-13-v.01/csr1.4-gvtc-service-all-ACX5K-Nov-13-2015.conf"
31219 bytes received in 0.14 seconds (211.51 KB/s)
ftp> quit
221 Goodbye

vmukhin@csr1.4-b-quark> edit 
Entering configuration mode

[edit]
vmukhin@csr1.4-b-quark# delete access 
warning: statement not found

[edit]
vmukhin@csr1.4-b-quark# delete services 
warning: statement not found

[edit]
vmukhin@csr1.4-b-quark# delete routing-instances 

[edit]
vmukhin@csr1.4-b-quark# delete protocols 

[edit]
vmukhin@csr1.4-b-quark# delete interfaces 

[edit]
vmukhin@csr1.4-b-quark# delete routing-options 

[edit]
vmukhin@csr1.4-b-quark# commit 
commit complete

[edit]
vmukhin@csr1.4-b-quark# ...CX5K-Nov-13-2015.conf                   
edit groups global
load replace grp-global-original.conf
exit
load complete

[edit]
vmukhin@csr1.4-b-quark# edit groups global 

[edit groups global]
vmukhin@csr1.4-b-quark# load replace grp-global-original.conf 
set apply-groups global
edit groups re0
load complete

[edit groups global]
vmukhin@csr1.4-b-quark# exit 

[edit]
vmukhin@csr1.4-b-quark# set apply-groups global 

[edit]
vmukhin@csr1.4-b-quark# edit groups re0 

[edit groups re0]
vmukhin@csr1.4-b-quark# load replace grp-re0.conf 
commit
load complete

[edit groups re0]
vmukhin@csr1.4-b-quark# exit 

[edit]
vmukhin@csr1.4-b-quark# set apply-groups re0 

[edit]
vmukhin@csr1.4-b-quark# commit 
commit complete

[edit]
--- JUNOS 12.3-20140528_acx_x54_s4.0 built 2014-05-28 18:14:01 UTC
At least one package installed on this device has limited support.
Run 'file show /etc/notices/unsupported.txt' for details.
