--- JUNOS 15.1-20150501_misha_rel1_p1.0 built 2015-05-01 06:06:24 UTC

{master:0}
vmukhin@s-quark> 

{master:0}
vmukhin@s-quark> 

{master:0}
vmukhin@s-quark> edit 
Entering configuration mode

{master:0}[edit]
vmukhin@s-quark# ...XIA-and-CLT-drated-configs-2106.conf           
exit
Wrote 440 lines of configuration to 'csr1.1-Metro-PAXIA-and-CLT-drated-configs-2106.conf'

{master:0}[edit]
vmukhin@s-quark# exit 
Exiting configuration mode

{master:0}
vmukhin@s-quark> ftp 172.29.103.14 
--- JUNOS 15.1-20150501_misha_rel1_p1.0 built 2015-05-01 06:06:24 UTC

{master:0}
vmukhin@s-quark> 

{master:0}
vmukhin@s-quark> 

{master:0}
vmukhin@s-quark> edit 
Entering configuration mode

{master:0}[edit]
vmukhin@s-quark# ...XIA-and-CLT-drated-configs-2106.conf           
exit
Wrote 440 lines of configuration to 'csr1.1-Metro-PAXIA-and-CLT-drated-configs-2106.conf'

{master:0}[edit]
vmukhin@s-quark# exit 
Exiting configuration mode

{master:0}
vmukhin@s-quark> ftp 172.29.102.242 
Connected to 172.29.102.242.
220-FileZilla Server version 0.9.48 beta
220-written by Tim Kosse (tim.kosse@filezilla-project.org)
220 Please visit http://sourceforge.net/projects/filezilla/
Name (172.29.102.242:vmukhin): mamba
331 Password required for mamba
Password:
230 Logged on
Remote system type is UNIX.
ftp> binary
200 Type set to I
ftp> cd ./Metro-PAXIA-and-CLT-drated-configs-2106/2016-6-14-v.01
250 CWD successful. "/Metro-PAXIA-and-CLT-drated-configs-2106/2016-6-14-v.01" is current directory.
ftp> put csr1.1-Metro-PAXIA-and-CLT-drated-configs-2106.conf csr1.1-Metro-PAXIA-and-CLT-drated-configs-2106.conf
local: csr1.1-Metro-PAXIA-and-CLT-drated-configs-2106.conf remote: csr1.1-Metro-PAXIA-and-CLT-drated-configs-2106.conf
200 Port command successful
150 Opening data channel for file upload to server of "/Metro-PAXIA-and-CLT-drated-configs-2106/2016-6-14-v.01/csr1.1-Metro-PAXIA-and-CLT-drated-configs-2106.conf"
100% |****************************************| 12988       00:00 ETA
226 Successfully transferred "/Metro-PAXIA-and-CLT-drated-configs-2106/2016-6-14-v.01/csr1.1-Metro-PAXIA-and-CLT-drated-configs-2106.conf"
12988 bytes sent in 0.19 seconds (66.28 KB/s)
ftp> quit
221 Goodbye

{master:0}
