--- JUNOS 12.3-20150930_acx_x54_s4.0 built 2015-09-30 18:38:44 UTC
At least one package installed on this device has limited support.
Run 'file show /etc/notices/unsupported.txt' for details.

vmukhin@csr1.3-c-quark> 

vmukhin@csr1.3-c-quark> 

vmukhin@csr1.3-c-quark> show version 
Hostname: csr1.3-c-quark
Model: acx4000
JUNOS Crypto Software Suite [12.3-20150930_acx_x54_s4.0]
JUNOS Base OS Software Suite [12.3-20150930_acx_x54_s4.0]
JUNOS Kernel Software Suite [12.3-20150930_acx_x54_s4.0]
JUNOS Base OS boot [12.3-20150930_acx_x54_s4.0]
JUNOS Packet Forwarding Engine Support (ACX) [12.3-20150930_acx_x54_s4.0]
JUNOS Online Documentation [12.3-20150930_acx_x54_s4.0]
JUNOS Routing Software Suite [12.3-20150930_acx_x54_s4.0]

vmukhin@csr1.3-c-quark> 

vmukhin@csr1.3-c-quark> edit 
Entering configuration mode
Users currently editing the configuration:
  vmukhin terminal p0 (pid 26274) on since 2016-04-05 23:05:53 PDT
      [edit]

[edit]
vmukhin@csr1.3-c-quark# edit groups global 

[edit groups global]
vmukhin@csr1.3-c-quark# save grp-global-original.conf 
Wrote 336 lines of configuration to 'grp-global-original.conf'

[edit groups global]
vmukhin@csr1.3-c-quark# exit 

[edit]
vmukhin@csr1.3-c-quark# edit groups re0 

[edit groups re0]
vmukhin@csr1.3-c-quark# show 
system {
    host-name csr1.3-c-quark;
}
interfaces {
    fxp0 {
        unit 0 {
            family inet {
                address 10.164.1.137/23;
            }
        }
    }
}

[edit groups re0]
vmukhin@csr1.3-c-quark# save grp-re0.conf 
Wrote 18 lines of configuration to 'grp-re0.conf'

[edit groups re0]
vmukhin@csr1.3-c-quark# exit 

[edit]
vmukhin@csr1.3-c-quark# exit 
Exiting configuration mode

vmukhin@csr1.3-c-quark> ftp 172.29.102.49 
Connected to 172.29.102.49.
220-FileZilla Server version 0.9.48 beta
220-written by Tim Kosse (tim.kosse@filezilla-project.org)
220 Please visit http://sourceforge.net/projects/filezilla/
Name (172.29.102.49:vmukhin): mamba
331 Password required for mamba
Password:
230 Logged on
Remote system type is UNIX.
ftp> binary
200 Type set to I
ftp> get ./ce20-service-all-plus-ce-and-mbh-mng-good-Aug-24/2013-08-25-v.01/csr1.3-ce20-service-all-plus-ce-and-mbh-mng-good-Aug-24.conf csr1.3-ce20-service-all-plus-ce-and-mbh-mng-good-Aug-24.conf
local: csr1.3-ce20-service-all-plus-ce-and-mbh-mng-good-Aug-24.conf remote: ./ce20-service-all-plus-ce-and-mbh-mng-good-Aug-24/2013-08-25-v.01/csr1.3-ce20-service-all-plus-ce-and-mbh-mng-good-Aug-24.conf
200 Port command successful
150 Opening data channel for file download from server of "/ce20-service-all-plus-ce-and-mbh-mng-good-Aug-24/2013-08-25-v.01/csr1.3-ce20-service-all-plus-ce-and-mbh-mng-good-Aug-24.conf"
100% |**********************************************************************************************************************************************************| 21227       00:00 ETAA
226 Successfully transferred "/ce20-service-all-plus-ce-and-mbh-mng-good-Aug-24/2013-08-25-v.01/csr1.3-ce20-service-all-plus-ce-and-mbh-mng-good-Aug-24.conf"
21227 bytes received in 0.10 seconds (210.18 KB/s)
ftp> quit
221 Goodbye

vmukhin@csr1.3-c-quark> edit 
Entering configuration mode
Users currently editing the configuration:
  vmukhin terminal p0 (pid 26274) on since 2016-04-05 23:05:53 PDT
      [edit]

[edit]
vmukhin@csr1.3-c-quark# delete access 
warning: statement not found

[edit]
vmukhin@csr1.3-c-quark# delete services 
warning: statement not found

[edit]
vmukhin@csr1.3-c-quark# delete routing-instances 

[edit]
vmukhin@csr1.3-c-quark# delete protocols 

[edit]
vmukhin@csr1.3-c-quark# delete interfaces 

[edit]
vmukhin@csr1.3-c-quark# delete routing-options 

[edit]
vmukhin@csr1.3-c-quark# commit 
commit complete

[edit]
vmukhin@csr1.3-c-quark# load update csr1.3-ce20-service-all-plus-ce-and-mbh-mng-good-Aug-24.conf 
load complete

[edit]
vmukhin@csr1.3-c-quark# edit groups global 

[edit groups global]
vmukhin@csr1.3-c-quark# load replace grp-global-original.conf 
exit
load complete

[edit groups global]
vmukhin@csr1.3-c-quark# exit 

[edit]
vmukhin@csr1.3-c-quark# set apply-groups global 

[edit]
vmukhin@csr1.3-c-quark# edit groups re0 

[edit groups re0]
vmukhin@csr1.3-c-quark# load replace grp-re0.conf 
exit
load complete

[edit groups re0]
vmukhin@csr1.3-c-quark# exit 

[edit]
vmukhin@csr1.3-c-quark# set apply-groups re0 

[edit]
vmukhin@csr1.3-c-quark# commit 
commit complete

[edit]
