--- JUNOS 12.3-20150325_acx_x54_s4.0 built 2015-03-25 18:37:00 UTC
At least one package installed on this device has limited support.
Run 'file show /etc/notices/unsupported.txt' for details.

vmukhin@csr1.2-a-quark> 

vmukhin@csr1.2-a-quark> 

vmukhin@csr1.2-a-quark> edit 
Entering configuration mode
Users currently editing the configuration:
  vmukhin terminal p0 (pid 34409) on since 2016-02-12 20:06:19 PST, idle 01:25:21
      [edit]
  vmukhin terminal p1 (pid 34489) on since 2016-02-12 20:49:01 PST, idle 00:40:11
      [edit]

[edit]
vmukhin@csr1.2-a-quark# save csr1.2-GVTC-Services-All-Hairpinning-ACX5k-206.conf 
Wrote 1232 lines of configuration to 'csr1.2-GVTC-Services-All-Hairpinning-ACX5k-206.conf'

[edit]
vmukhin@csr1.2-a-quark# exit 
Exiting configuration mode

vmukhin@csr1.2-a-quark> ftp 172.29.101.59 
--- JUNOS 12.3-20150325_acx_x54_s4.0 built 2015-03-25 18:37:00 UTC
At least one package installed on this device has limited support.
Run 'file show /etc/notices/unsupported.txt' for details.

vmukhin@csr1.2-a-quark> 

vmukhin@csr1.2-a-quark> 

vmukhin@csr1.2-a-quark> edit 
Entering configuration mode
Users currently editing the configuration:
  vmukhin terminal p0 (pid 34409) on since 2016-02-12 20:06:19 PST, idle 01:26:25
      [edit]
  vmukhin terminal p1 (pid 34489) on since 2016-02-12 20:49:01 PST, idle 00:41:15
      [edit]

[edit]
vmukhin@csr1.2-a-quark# save csr1.2-GVTC-Services-All-Hairpinning-ACX5k-206.conf 
Wrote 1232 lines of configuration to 'csr1.2-GVTC-Services-All-Hairpinning-ACX5k-206.conf'

[edit]
vmukhin@csr1.2-a-quark# exit 
Exiting configuration mode

vmukhin@csr1.2-a-quark> ftp 172.29.101.60 
Connected to 172.29.101.60.
220-FileZilla Server version 0.9.48 beta
220-written by Tim Kosse (tim.kosse@filezilla-project.org)
220 Please visit http://sourceforge.net/projects/filezilla/
Name (172.29.101.60:vmukhin): mamba
331 Password required for mamba
Password:
230 Logged on
Remote system type is UNIX.
ftp> binary
200 Type set to I
ftp> cd ./GVTC-Services-All-Hairpinning-ACX5k-206/2016-4-25-v.01
250 CWD successful. "/GVTC-Services-All-Hairpinning-ACX5k-206/2016-4-25-v.01" is current directory.
ftp> put csr1.2-GVTC-Services-All-Hairpinning-ACX5k-206.conf csr1.2-GVTC-Services-All-Hairpinning-ACX5k-206.conf
local: csr1.2-GVTC-Services-All-Hairpinning-ACX5k-206.conf remote: csr1.2-GVTC-Services-All-Hairpinning-ACX5k-206.conf
200 Port command successful
150 Opening data channel for file upload to server of "/GVTC-Services-All-Hairpinning-ACX5k-206/2016-4-25-v.01/csr1.2-GVTC-Services-All-Hairpinning-ACX5k-206.conf"
100% |**********************************************************************************************************************************************************| 35357       00:00 ETAA
226 Successfully transferred "/GVTC-Services-All-Hairpinning-ACX5k-206/2016-4-25-v.01/csr1.2-GVTC-Services-All-Hairpinning-ACX5k-206.conf"
35357 bytes sent in 0.15 seconds (228.00 KB/s)
ftp> quit
221 Goodbye

--- JUNOS 12.3-20150325_acx_x54_s4.0 built 2015-03-25 18:37:00 UTC
At least one package installed on this device has limited support.
Run 'file show /etc/notices/unsupported.txt' for details.

vmukhin@csr1.2-a-quark> 

vmukhin@csr1.2-a-quark> 

vmukhin@csr1.2-a-quark> edit 
Entering configuration mode
Users currently editing the configuration:
  vmukhin terminal p0 (pid 34409) on since 2016-02-12 20:06:19 PST, idle 01:28:39
      [edit]
  vmukhin terminal p1 (pid 34489) on since 2016-02-12 20:49:01 PST, idle 00:43:29
      [edit]

[edit]
vmukhin@csr1.2-a-quark# save csr1.2-GVTC-Services-All-Hairpinning-ACX5k-2016.conf 
Wrote 1232 lines of configuration to 'csr1.2-GVTC-Services-All-Hairpinning-ACX5k-2016.conf'

[edit]
vmukhin@csr1.2-a-quark# exit 
Exiting configuration mode

vmukhin@csr1.2-a-quark> ftp 172.29.101.60 
Connected to 172.29.101.60.
220-FileZilla Server version 0.9.48 beta
220-written by Tim Kosse (tim.kosse@filezilla-project.org)
220 Please visit http://sourceforge.net/projects/filezilla/
Name (172.29.101.60:vmukhin): mamba
331 Password required for mamba
Password:
230 Logged on
Remote system type is UNIX.
ftp> binary
200 Type set to I
ftp> cd ./GVTC-Services-All-Hairpinning-ACX5k-2016/2016-4-25-v.01
250 CWD successful. "/GVTC-Services-All-Hairpinning-ACX5k-2016/2016-4-25-v.01" is current directory.
ftp> put csr1.2-GVTC-Services-All-Hairpinning-ACX5k-2016.conf csr1.2-GVTC-Services-All-Hairpinning-ACX5k-2016.conf
local: csr1.2-GVTC-Services-All-Hairpinning-ACX5k-2016.conf remote: csr1.2-GVTC-Services-All-Hairpinning-ACX5k-2016.conf
200 Port command successful
150 Opening data channel for file upload to server of "/GVTC-Services-All-Hairpinning-ACX5k-2016/2016-4-25-v.01/csr1.2-GVTC-Services-All-Hairpinning-ACX5k-2016.conf"
100% |**********************************************************************************************************************************************************| 35357       00:00 ETAA
226 Successfully transferred "/GVTC-Services-All-Hairpinning-ACX5k-2016/2016-4-25-v.01/csr1.2-GVTC-Services-All-Hairpinning-ACX5k-2016.conf"
35357 bytes sent in 0.16 seconds (210.53 KB/s)
ftp> quit
221 Goodbye

