--- JUNOS 12.3-20150325_acx_x54_s4.0 built 2015-03-25 18:37:00 UTC
At least one package installed on this device has limited support.
Run 'file show /etc/notices/unsupported.txt' for details.

vmukhin@csr1.2-a-quark> 

vmukhin@csr1.2-a-quark> 

vmukhin@csr1.2-a-quark> edit 
Entering configuration mode

[edit]
vmukhin@csr1.2-a-quark# save csr1.2-mbh1.1-July-07.conf 
Wrote 1255 lines of configuration to 'csr1.2-mbh1.1-July-07.conf'

[edit]
vmukhin@csr1.2-a-quark# exit 
Exiting configuration mode

vmukhin@csr1.2-a-quark> ftp 172.29.100.44 
Connected to 172.29.100.44.
220-FileZilla Server version 0.9.48 beta
220-written by Tim Kosse (tim.kosse@filezilla-project.org)
220 Please visit http://sourceforge.net/projects/filezilla/
Name (172.29.100.44:vmukhin): mamba
331 Password required for mamba
Password:
230 Logged on
Remote system type is UNIX.
ftp> binary
200 Type set to I
ftp> cd ./mbh1.1-July-07/2016-4-5-v.02
250 CWD successful. "/mbh1.1-July-07/2016-4-5-v.02" is current directory.
ftp> put csr1.2-mbh1.1-July-07.conf csr1.2-mbh1.1-July-07.conf
local: csr1.2-mbh1.1-July-07.conf remote: csr1.2-mbh1.1-July-07.conf
200 Port command successful
150 Opening data channel for file upload to server of "/mbh1.1-July-07/2016-4-5-v.02/csr1.2-mbh1.1-July-07.conf"
100% |**********************************************************************************************************************************************************| 35883       00:00 ETAA
226 Successfully transferred "/mbh1.1-July-07/2016-4-5-v.02/csr1.2-mbh1.1-July-07.conf"
35883 bytes sent in 0.14 seconds (251.45 KB/s)
ftp> quit
221 Goodbye

--- JUNOS 12.3-20150325_acx_x54_s4.0 built 2015-03-25 18:37:00 UTC
At least one package installed on this device has limited support.
Run 'file show /etc/notices/unsupported.txt' for details.

vmukhin@csr1.2-a-quark> 

vmukhin@csr1.2-a-quark> 

vmukhin@csr1.2-a-quark> edit 
Entering configuration mode

[edit]
vmukhin@csr1.2-a-quark# save csr1.2-mbh1.1-July-07.conf 
Wrote 1255 lines of configuration to 'csr1.2-mbh1.1-July-07.conf'

[edit]
vmukhin@csr1.2-a-quark# exit 
Exiting configuration mode

vmukhin@csr1.2-a-quark> ftp 172.29.100.44 
Connected to 172.29.100.44.
220-FileZilla Server version 0.9.48 beta
220-written by Tim Kosse (tim.kosse@filezilla-project.org)
220 Please visit http://sourceforge.net/projects/filezilla/
Name (172.29.100.44:vmukhin): mamba
331 Password required for mamba
Password:
230 Logged on
Remote system type is UNIX.
ftp> binary
200 Type set to I
ftp> cd ./mbh1.1-July-07/2016-4-5-v.02
250 CWD successful. "/mbh1.1-July-07/2016-4-5-v.02" is current directory.
ftp> put csr1.2-mbh1.1-July-07.conf csr1.2-mbh1.1-July-07.conf
local: csr1.2-mbh1.1-July-07.conf remote: csr1.2-mbh1.1-July-07.conf
200 Port command successful
150 Opening data channel for file upload to server of "/mbh1.1-July-07/2016-4-5-v.02/csr1.2-mbh1.1-July-07.conf"
100% |**********************************************************************************************************************************************************| 35883       00:00 ETAA
226 Successfully transferred "/mbh1.1-July-07/2016-4-5-v.02/csr1.2-mbh1.1-July-07.conf"
35883 bytes sent in 0.21 seconds (164.01 KB/s)
ftp> quit
221 Goodbye

--- JUNOS 12.3-20150325_acx_x54_s4.0 built 2015-03-25 18:37:00 UTC
At least one package installed on this device has limited support.
Run 'file show /etc/notices/unsupported.txt' for details.

vmukhin@csr1.2-a-quark> 

vmukhin@csr1.2-a-quark> 

vmukhin@csr1.2-a-quark> edit 
Entering configuration mode

[edit]
vmukhin@csr1.2-a-quark# save csr1.2-mbh1.1-July-07.conf 
Wrote 1255 lines of configuration to 'csr1.2-mbh1.1-July-07.conf'

[edit]
vmukhin@csr1.2-a-quark# exit 
Exiting configuration mode

vmukhin@csr1.2-a-quark> ftp 172.29.100.44 
Connected to 172.29.100.44.
220-FileZilla Server version 0.9.48 beta
220-written by Tim Kosse (tim.kosse@filezilla-project.org)
220 Please visit http://sourceforge.net/projects/filezilla/
Name (172.29.100.44:vmukhin): mamba
331 Password required for mamba
Password:
230 Logged on
Remote system type is UNIX.
ftp> binary
200 Type set to I
ftp> cd ./mbh1.1-July-07/2016-4-5-v.02
250 CWD successful. "/mbh1.1-July-07/2016-4-5-v.02" is current directory.
ftp> put csr1.2-mbh1.1-July-07.conf csr1.2-mbh1.1-July-07.conf
local: csr1.2-mbh1.1-July-07.conf remote: csr1.2-mbh1.1-July-07.conf
200 Port command successful
150 Opening data channel for file upload to server of "/mbh1.1-July-07/2016-4-5-v.02/csr1.2-mbh1.1-July-07.conf"
100% |**********************************************************************************************************************************************************| 35883       00:00 ETAA
226 Successfully transferred "/mbh1.1-July-07/2016-4-5-v.02/csr1.2-mbh1.1-July-07.conf"
35883 bytes sent in 0.12 seconds (281.76 KB/s)
ftp> quit
221 Goodbye

--- JUNOS 12.3-20150325_acx_x54_s4.0 built 2015-03-25 18:37:00 UTC
At least one package installed on this device has limited support.
Run 'file show /etc/notices/unsupported.txt' for details.

vmukhin@csr1.2-a-quark> 

vmukhin@csr1.2-a-quark> 

vmukhin@csr1.2-a-quark> edit 
Entering configuration mode

[edit]
vmukhin@csr1.2-a-quark# save csr1.2-mbh1.1-July-07.conf 
Wrote 1255 lines of configuration to 'csr1.2-mbh1.1-July-07.conf'

[edit]
vmukhin@csr1.2-a-quark# exit 
Exiting configuration mode

vmukhin@csr1.2-a-quark> ftp 172.29.100.44 
Connected to 172.29.100.44.
220-FileZilla Server version 0.9.48 beta
220-written by Tim Kosse (tim.kosse@filezilla-project.org)
220 Please visit http://sourceforge.net/projects/filezilla/
Name (172.29.100.44:vmukhin): mamba
331 Password required for mamba
Password:
230 Logged on
Remote system type is UNIX.
ftp> binary
200 Type set to I
ftp> cd ./mbh1.1-July-07/2016-4-5-v.02
250 CWD successful. "/mbh1.1-July-07/2016-4-5-v.02" is current directory.
ftp> put csr1.2-mbh1.1-July-07.conf csr1.2-mbh1.1-July-07.conf
local: csr1.2-mbh1.1-July-07.conf remote: csr1.2-mbh1.1-July-07.conf
200 Port command successful
150 Opening data channel for file upload to server of "/mbh1.1-July-07/2016-4-5-v.02/csr1.2-mbh1.1-July-07.conf"
100% |**********************************************************************************************************************************************************| 35883       00:00 ETAA
226 Successfully transferred "/mbh1.1-July-07/2016-4-5-v.02/csr1.2-mbh1.1-July-07.conf"
35883 bytes sent in 0.13 seconds (273.96 KB/s)
ftp> quit
221 Goodbye

