--- JUNOS 14.1B3 built 2014-04-01 21:49:53 UTC

vmukhin@eabu-sol-eng-dc-core-01> 

vmukhin@eabu-sol-eng-dc-core-01> 

vmukhin@eabu-sol-eng-dc-core-01> edit 
Entering configuration mode

[edit]
vmukhin@eabu-sol-eng-dc-core-01# ...-configs-2106.conf             
exit
Wrote 916 lines of configuration to 'ag2.2-Metro-PAXIA-and-CLT-drated-configs-2106.conf'

[edit]
vmukhin@eabu-sol-eng-dc-core-01# exit 
Exiting configuration mode

vmukhin@eabu-sol-eng-dc-core-01> ftp 172.29.102.242 
Connected to 172.29.102.242.
220-FileZilla Server version 0.9.48 beta
220-written by Tim Kosse (tim.kosse@filezilla-project.org)
220 Please visit http://sourceforge.net/projects/filezilla/
Name (172.29.102.242:vmukhin): mamba
331 Password required for mamba
Password:
230 Logged on
Remote system type is UNIX.
ftp> binary
200 Type set to I
ftp> cd ./Metro-PAXIA-and-CLT-drated-configs-2106/2016-6-14-v.01
250 CWD successful. "/Metro-PAXIA-and-CLT-drated-configs-2106/2016-6-14-v.01" is current directory.
ftp> put ag2.2-Metro-PAXIA-and-CLT-drated-configs-2106.conf ag2.2-Metro-PAXIA-and-CLT-drated-configs-2106.conf
local: ag2.2-Metro-PAXIA-and-CLT-drated-configs-2106.conf remote: ag2.2-Metro-PAXIA-and-CLT-drated-configs-2106.conf
200 Port command successful
150 Opening data channel for file upload to server of "/Metro-PAXIA-and-CLT-drated-configs-2106/2016-6-14-v.01/ag2.2-Metro-PAXIA-and-CLT-drated-configs-2106.conf"
100% |****************************************| 26024       00:00 ETA
226 Successfully transferred "/Metro-PAXIA-and-CLT-drated-configs-2106/2016-6-14-v.01/ag2.2-Metro-PAXIA-and-CLT-drated-configs-2106.conf"
26024 bytes sent in 0.12 seconds (205.88 KB/s)
ftp> quit
221 Goodbye

