--- JUNOS 12.3R6.6 built 2014-03-13 06:58:30 UTC

vmukhin@eabu-sol-eng-dc-s8> 

vmukhin@eabu-sol-eng-dc-s8> 

vmukhin@eabu-sol-eng-dc-s8> edit 
Entering configuration mode

[edit]
vmukhin@eabu-sol-eng-dc-s8# save ag2.1-PWHT-VPLS-to-PS-2016.conf 
Wrote 457 lines of configuration to 'ag2.1-PWHT-VPLS-to-PS-2016.conf'

[edit]
vmukhin@eabu-sol-eng-dc-s8# exit 
Exiting configuration mode

vmukhin@eabu-sol-eng-dc-s8> ftp 172.29.103.14 
Connected to 172.29.103.14.
220-FileZilla Server version 0.9.48 beta
220-written by Tim Kosse (tim.kosse@filezilla-project.org)
220 Please visit http://sourceforge.net/projects/filezilla/
Name (172.29.103.14:vmukhin): mamba
331 Password required for mamba
Password:
230 Logged on
Remote system type is UNIX.
ftp> binary
200 Type set to I
ftp> cd ./PWHT-VPLS-to-PS-2016/2016-6-7-v.01
250 CWD successful. "/PWHT-VPLS-to-PS-2016/2016-6-7-v.01" is current directory.
ftp> put ag2.1-PWHT-VPLS-to-PS-2016.conf ag2.1-PWHT-VPLS-to-PS-2016.conf
local: ag2.1-PWHT-VPLS-to-PS-2016.conf remote: ag2.1-PWHT-VPLS-to-PS-2016.conf
200 Port command successful
150 Opening data channel for file upload to server of "/PWHT-VPLS-to-PS-2016/2016-6-7-v.01/ag2.1-PWHT-VPLS-to-PS-2016.conf"
100% |**********************************************************************************************************************************************************| 12185       00:00 ETAA
226 Successfully transferred "/PWHT-VPLS-to-PS-2016/2016-6-7-v.01/ag2.1-PWHT-VPLS-to-PS-2016.conf"
12185 bytes sent in 0.09 seconds (131.27 KB/s)
ftp> quit
221 Goodbye

--- JUNOS 12.3R6.6 built 2014-03-13 06:58:30 UTC

vmukhin@eabu-sol-eng-dc-s8> 

vmukhin@eabu-sol-eng-dc-s8> 

vmukhin@eabu-sol-eng-dc-s8> edit 
Entering configuration mode

[edit]
vmukhin@eabu-sol-eng-dc-s8# save ag2.1-PWHT-VPLS-to-PS-2016.conf 
Wrote 457 lines of configuration to 'ag2.1-PWHT-VPLS-to-PS-2016.conf'

[edit]
vmukhin@eabu-sol-eng-dc-s8# exit 
Exiting configuration mode

vmukhin@eabu-sol-eng-dc-s8> ftp 172.29.103.14 
Connected to 172.29.103.14.
220-FileZilla Server version 0.9.48 beta
220-written by Tim Kosse (tim.kosse@filezilla-project.org)
220 Please visit http://sourceforge.net/projects/filezilla/
Name (172.29.103.14:vmukhin): mamba
331 Password required for mamba
Password:
230 Logged on
Remote system type is UNIX.
ftp> binary
200 Type set to I
ftp> cd ./PWHT-VPLS-to-PS-2016/2016-6-7-v.02
250 CWD successful. "/PWHT-VPLS-to-PS-2016/2016-6-7-v.02" is current directory.
ftp> put ag2.1-PWHT-VPLS-to-PS-2016.conf ag2.1-PWHT-VPLS-to-PS-2016.conf
local: ag2.1-PWHT-VPLS-to-PS-2016.conf remote: ag2.1-PWHT-VPLS-to-PS-2016.conf
200 Port command successful
150 Opening data channel for file upload to server of "/PWHT-VPLS-to-PS-2016/2016-6-7-v.02/ag2.1-PWHT-VPLS-to-PS-2016.conf"
100% |**********************************************************************************************************************************************************| 12185       00:00 ETAA
226 Successfully transferred "/PWHT-VPLS-to-PS-2016/2016-6-7-v.02/ag2.1-PWHT-VPLS-to-PS-2016.conf"
12185 bytes sent in 0.10 seconds (123.00 KB/s)
ftp> quit
221 Goodbye

