--- JUNOS 14.1R2.12 built 2014-08-06 10:01:16 UTC

vmukhin@meson> 

vmukhin@meson> 

vmukhin@meson> edit 
Entering configuration mode
Users currently editing the configuration:
  vmukhin terminal p0 (pid 1507) on since 2016-04-23 00:13:41 PDT, idle 00:03:48
      [edit]

[edit]
vmukhin@meson# save ag1.1-GVTC-Services-all-ACX5k-hairpinning-2016.conf 
Wrote 1950 lines of configuration to 'ag1.1-GVTC-Services-all-ACX5k-hairpinning-2016.conf'

[edit]
vmukhin@meson# exit 
Exiting configuration mode

vmukhin@meson> ftp 172.29.101.59 
Connected to 172.29.101.59.
220-FileZilla Server version 0.9.48 beta
220-written by Tim Kosse (tim.kosse@filezilla-project.org)
220 Please visit http://sourceforge.net/projects/filezilla/
Name (172.29.101.59:vmukhin): mamba
331 Password required for mamba
Password:
230 Logged on
Remote system type is UNIX.
ftp> binary
200 Type set to I
ftp> cd ./GVTC-Services-all-ACX5k-hairpinning-2016/2016-4-23-v.01
250 CWD successful. "/GVTC-Services-all-ACX5k-hairpinning-2016/2016-4-23-v.01" is current directory.
ftp> put ag1.1-GVTC-Services-all-ACX5k-hairpinning-2016.conf ag1.1-GVTC-Services-all-ACX5k-hairpinning-2016.conf
local: ag1.1-GVTC-Services-all-ACX5k-hairpinning-2016.conf remote: ag1.1-GVTC-Services-all-ACX5k-hairpinning-2016.conf
200 Port command successful
150 Opening data channel for file upload to server of "/GVTC-Services-all-ACX5k-hairpinning-2016/2016-4-23-v.01/ag1.1-GVTC-Services-all-ACX5k-hairpinning-2016.conf"
100% |**********************************************************************************************************************************************************| 55542       00:00 ETAA
226 Successfully transferred "/GVTC-Services-all-ACX5k-hairpinning-2016/2016-4-23-v.01/ag1.1-GVTC-Services-all-ACX5k-hairpinning-2016.conf"
55542 bytes sent in 0.19 seconds (284.24 KB/s)
ftp> quit
221 Goodbye

