--- JUNOS 14.1B3 built 2014-04-01 21:49:53 UTC

vmukhin@eabu-sol-eng-dc-core-01> 

vmukhin@eabu-sol-eng-dc-core-01> 

vmukhin@eabu-sol-eng-dc-core-01> edit 
Entering configuration mode

[edit]
vmukhin@eabu-sol-eng-dc-core-01# save ag2.2-GVTC-Services-all-ACX5k-hairpinning-2016.conf 
Wrote 978 lines of configuration to 'ag2.2-GVTC-Services-all-ACX5k-hairpinning-2016.conf'

[edit]
vmukhin@eabu-sol-eng-dc-core-01# exit 
Exiting configuration mode

vmukhin@eabu-sol-eng-dc-core-01> ftp 172.29.101.59 
Connected to 172.29.101.59.
220-FileZilla Server version 0.9.48 beta
220-written by Tim Kosse (tim.kosse@filezilla-project.org)
220 Please visit http://sourceforge.net/projects/filezilla/
Name (172.29.101.59:vmukhin): mamba
331 Password required for mamba
Password:
230 Logged on
Remote system type is UNIX.
ftp> binary
200 Type set to I
ftp> cd ./GVTC-Services-all-ACX5k-hairpinning-2016/2016-4-23-v.01
250 CWD successful. "/GVTC-Services-all-ACX5k-hairpinning-2016/2016-4-23-v.01" is current directory.
ftp> put ag2.2-GVTC-Services-all-ACX5k-hairpinning-2016.conf ag2.2-GVTC-Services-all-ACX5k-hairpinning-2016.conf
local: ag2.2-GVTC-Services-all-ACX5k-hairpinning-2016.conf remote: ag2.2-GVTC-Services-all-ACX5k-hairpinning-2016.conf
200 Port command successful
150 Opening data channel for file upload to server of "/GVTC-Services-all-ACX5k-hairpinning-2016/2016-4-23-v.01/ag2.2-GVTC-Services-all-ACX5k-hairpinning-2016.conf"
100% |**********************************************************************************************************************************************************| 27844       00:00 ETAA
226 Successfully transferred "/GVTC-Services-all-ACX5k-hairpinning-2016/2016-4-23-v.01/ag2.2-GVTC-Services-all-ACX5k-hairpinning-2016.conf"
27844 bytes sent in 0.12 seconds (232.23 KB/s)
ftp> quit
221 Goodbye

