--- JUNOS 14.1B3 built 2014-04-01 21:49:53 UTC

vmukhin@eabu-sol-eng-dc-core-01> 

vmukhin@eabu-sol-eng-dc-core-01> 

vmukhin@eabu-sol-eng-dc-core-01> edit 
Entering configuration mode

[edit]
vmukhin@eabu-sol-eng-dc-core-01# save ag2.2-mbh1.1-July-07.conf 
Wrote 981 lines of configuration to 'ag2.2-mbh1.1-July-07.conf'

[edit]
vmukhin@eabu-sol-eng-dc-core-01# exit 
Exiting configuration mode

vmukhin@eabu-sol-eng-dc-core-01> ftp 172.29.100.44 
Connected to 172.29.100.44.
220-FileZilla Server version 0.9.48 beta
220-written by Tim Kosse (tim.kosse@filezilla-project.org)
220 Please visit http://sourceforge.net/projects/filezilla/
Name (172.29.100.44:vmukhin): mamba
331 Password required for mamba
Password:
230 Logged on
Remote system type is UNIX.
ftp> binary
200 Type set to I
ftp> cd ./mbh1.1-July-07/2016-4-5-v.02
250 CWD successful. "/mbh1.1-July-07/2016-4-5-v.02" is current directory.
ftp> put ag2.2-mbh1.1-July-07.conf ag2.2-mbh1.1-July-07.conf
local: ag2.2-mbh1.1-July-07.conf remote: ag2.2-mbh1.1-July-07.conf
200 Port command successful
150 Opening data channel for file upload to server of "/mbh1.1-July-07/2016-4-5-v.02/ag2.2-mbh1.1-July-07.conf"
100% |**********************************************************************************************************************************************************| 27889       00:00 ETAA
226 Successfully transferred "/mbh1.1-July-07/2016-4-5-v.02/ag2.2-mbh1.1-July-07.conf"
27889 bytes sent in 0.14 seconds (198.48 KB/s)
ftp> quit
221 Goodbye

--- JUNOS 14.1B3 built 2014-04-01 21:49:53 UTC

vmukhin@eabu-sol-eng-dc-core-01> 

vmukhin@eabu-sol-eng-dc-core-01> 

vmukhin@eabu-sol-eng-dc-core-01> edit 
Entering configuration mode

[edit]
vmukhin@eabu-sol-eng-dc-core-01# save ag2.2-mbh1.1-July-07.conf 
Wrote 981 lines of configuration to 'ag2.2-mbh1.1-July-07.conf'

[edit]
vmukhin@eabu-sol-eng-dc-core-01# exit 
Exiting configuration mode

vmukhin@eabu-sol-eng-dc-core-01> ftp 172.29.100.44 
Connected to 172.29.100.44.
220-FileZilla Server version 0.9.48 beta
220-written by Tim Kosse (tim.kosse@filezilla-project.org)
220 Please visit http://sourceforge.net/projects/filezilla/
Name (172.29.100.44:vmukhin): mamba
331 Password required for mamba
Password:
230 Logged on
Remote system type is UNIX.
ftp> binary
200 Type set to I
ftp> cd ./mbh1.1-July-07/2016-4-5-v.02
250 CWD successful. "/mbh1.1-July-07/2016-4-5-v.02" is current directory.
ftp> put ag2.2-mbh1.1-July-07.conf ag2.2-mbh1.1-July-07.conf
local: ag2.2-mbh1.1-July-07.conf remote: ag2.2-mbh1.1-July-07.conf
200 Port command successful
150 Opening data channel for file upload to server of "/mbh1.1-July-07/2016-4-5-v.02/ag2.2-mbh1.1-July-07.conf"
100% |**********************************************************************************************************************************************************| 27889       00:00 ETAA
226 Successfully transferred "/mbh1.1-July-07/2016-4-5-v.02/ag2.2-mbh1.1-July-07.conf"
27889 bytes sent in 0.14 seconds (197.23 KB/s)
ftp> quit
221 Goodbye

--- JUNOS 14.1B3 built 2014-04-01 21:49:53 UTC

vmukhin@eabu-sol-eng-dc-core-01> 

vmukhin@eabu-sol-eng-dc-core-01> 

vmukhin@eabu-sol-eng-dc-core-01> edit 
Entering configuration mode

[edit]
vmukhin@eabu-sol-eng-dc-core-01# save ag2.2-mbh1.1-July-07.conf 
Wrote 981 lines of configuration to 'ag2.2-mbh1.1-July-07.conf'

[edit]
vmukhin@eabu-sol-eng-dc-core-01# exit 
Exiting configuration mode

vmukhin@eabu-sol-eng-dc-core-01> ftp 172.29.100.44 
Connected to 172.29.100.44.
220-FileZilla Server version 0.9.48 beta
220-written by Tim Kosse (tim.kosse@filezilla-project.org)
220 Please visit http://sourceforge.net/projects/filezilla/
Name (172.29.100.44:vmukhin): mamba
331 Password required for mamba
Password:
230 Logged on
Remote system type is UNIX.
ftp> binary
200 Type set to I
ftp> cd ./mbh1.1-July-07/2016-4-5-v.02
250 CWD successful. "/mbh1.1-July-07/2016-4-5-v.02" is current directory.
ftp> put ag2.2-mbh1.1-July-07.conf ag2.2-mbh1.1-July-07.conf
local: ag2.2-mbh1.1-July-07.conf remote: ag2.2-mbh1.1-July-07.conf
200 Port command successful
150 Opening data channel for file upload to server of "/mbh1.1-July-07/2016-4-5-v.02/ag2.2-mbh1.1-July-07.conf"
100% |**********************************************************************************************************************************************************| 27889       00:00 ETAA
226 Successfully transferred "/mbh1.1-July-07/2016-4-5-v.02/ag2.2-mbh1.1-July-07.conf"
27889 bytes sent in 0.12 seconds (219.00 KB/s)
ftp> quit
221 Goodbye

--- JUNOS 14.1B3 built 2014-04-01 21:49:53 UTC

vmukhin@eabu-sol-eng-dc-core-01> 

vmukhin@eabu-sol-eng-dc-core-01> 

vmukhin@eabu-sol-eng-dc-core-01> edit 
Entering configuration mode

[edit]
vmukhin@eabu-sol-eng-dc-core-01# save ag2.2-mbh1.1-July-07.conf 
Wrote 981 lines of configuration to 'ag2.2-mbh1.1-July-07.conf'

[edit]
vmukhin@eabu-sol-eng-dc-core-01# exit 
Exiting configuration mode

vmukhin@eabu-sol-eng-dc-core-01> ftp 172.29.100.44 
Connected to 172.29.100.44.
220-FileZilla Server version 0.9.48 beta
220-written by Tim Kosse (tim.kosse@filezilla-project.org)
220 Please visit http://sourceforge.net/projects/filezilla/
Name (172.29.100.44:vmukhin): mamba
331 Password required for mamba
Password:
230 Logged on
Remote system type is UNIX.
ftp> binary
200 Type set to I
ftp> cd ./mbh1.1-July-07/2016-4-5-v.02
250 CWD successful. "/mbh1.1-July-07/2016-4-5-v.02" is current directory.
ftp> put ag2.2-mbh1.1-July-07.conf ag2.2-mbh1.1-July-07.conf
local: ag2.2-mbh1.1-July-07.conf remote: ag2.2-mbh1.1-July-07.conf
200 Port command successful
150 Opening data channel for file upload to server of "/mbh1.1-July-07/2016-4-5-v.02/ag2.2-mbh1.1-July-07.conf"
100% |**********************************************************************************************************************************************************| 27889       00:00 ETAA
226 Successfully transferred "/mbh1.1-July-07/2016-4-5-v.02/ag2.2-mbh1.1-July-07.conf"
27889 bytes sent in 0.12 seconds (221.03 KB/s)
ftp> quit
221 Goodbye

