--- JUNOS 12.3-20150930_acx_x54_s4.0 built 2015-09-30 18:38:44 UTC
At least one package installed on this device has limited support.
Run 'file show /etc/notices/unsupported.txt' for details.

vmukhin@csr1.3-c-quark> 

vmukhin@csr1.3-c-quark> 

vmukhin@csr1.3-c-quark> file list |match csr1.3-mbh1.0-isis-areas-full.conf 
csr1.3-mbh1.0-isis-areas-full.conf

vmukhin@csr1.3-c-quark> ftp 172.29.100.44 
Connected to 172.29.100.44.
220-FileZilla Server version 0.9.48 beta
220-written by Tim Kosse (tim.kosse@filezilla-project.org)
220 Please visit http://sourceforge.net/projects/filezilla/
Name (172.29.100.44:vmukhin): mamba
331 Password required for mamba
Password:
230 Logged on
Remote system type is UNIX.
ftp> binary
200 Type set to I
ftp> cd ./mbh1.0-isis-areas-full/2013-06-06-v.01
250 CWD successful. "/mbh1.0-isis-areas-full/2013-06-06-v.01" is current directory.
ftp> put csr1.3-mbh1.0-isis-areas-full.conf csr1.3-mbh1.0-isis-areas-full.conf
local: csr1.3-mbh1.0-isis-areas-full.conf remote: csr1.3-mbh1.0-isis-areas-full.conf
200 Port command successful
150 Opening data channel for file upload to server of "/mbh1.0-isis-areas-full/2013-06-06-v.01/csr1.3-mbh1.0-isis-areas-full.conf"
100% |**********************************************************************************************************************************************************|  9831       00:00 ETAA
226 Successfully transferred "/mbh1.0-isis-areas-full/2013-06-06-v.01/csr1.3-mbh1.0-isis-areas-full.conf"
9831 bytes sent in 0.13 seconds (71.73 KB/s)
ftp> quit
221 Goodbye

--- JUNOS 12.3-20150930_acx_x54_s4.0 built 2015-09-30 18:38:44 UTC
At least one package installed on this device has limited support.
Run 'file show /etc/notices/unsupported.txt' for details.

vmukhin@csr1.3-c-quark> 

vmukhin@csr1.3-c-quark> 

vmukhin@csr1.3-c-quark> file list |match csr1.3-mbh1.0-full.conf 
csr1.3-mbh1.0-full.conf

vmukhin@csr1.3-c-quark> ftp 172.29.100.44 
Connected to 172.29.100.44.
220-FileZilla Server version 0.9.48 beta
220-written by Tim Kosse (tim.kosse@filezilla-project.org)
220 Please visit http://sourceforge.net/projects/filezilla/
Name (172.29.100.44:vmukhin): mamba
331 Password required for mamba
Password:
230 Logged on
Remote system type is UNIX.
ftp> binary
200 Type set to I
ftp> cd ./mbh1.0-full/2013-06-06-v.01
250 CWD successful. "/mbh1.0-full/2013-06-06-v.01" is current directory.
ftp> put csr1.3-mbh1.0-full.conf csr1.3-mbh1.0-full.conf
local: csr1.3-mbh1.0-full.conf remote: csr1.3-mbh1.0-full.conf
200 Port command successful
150 Opening data channel for file upload to server of "/mbh1.0-full/2013-06-06-v.01/csr1.3-mbh1.0-full.conf"
100% |**********************************************************************************************************************************************************|  9588       00:00 ETAA
226 Successfully transferred "/mbh1.0-full/2013-06-06-v.01/csr1.3-mbh1.0-full.conf"
9588 bytes sent in 0.10 seconds (92.43 KB/s)
ftp> quit
221 Goodbye

--- JUNOS 12.3-20150930_acx_x54_s4.0 built 2015-09-30 18:38:44 UTC
At least one package installed on this device has limited support.
Run 'file show /etc/notices/unsupported.txt' for details.

vmukhin@csr1.3-c-quark> 

vmukhin@csr1.3-c-quark> 

vmukhin@csr1.3-c-quark> file list |match csr1.3-mbh1.1-isis-vlans-auto-mesh.conf 
csr1.3-mbh1.1-isis-vlans-auto-mesh.conf

vmukhin@csr1.3-c-quark> ftp 172.29.100.44 
Connected to 172.29.100.44.
220-FileZilla Server version 0.9.48 beta
220-written by Tim Kosse (tim.kosse@filezilla-project.org)
220 Please visit http://sourceforge.net/projects/filezilla/
Name (172.29.100.44:vmukhin): mamba
331 Password required for mamba
Password:
230 Logged on
Remote system type is UNIX.
ftp> binary
200 Type set to I
ftp> cd ./mbh1.1-isis-vlans-auto-mesh/2013-06-10-v.01
250 CWD successful. "/mbh1.1-isis-vlans-auto-mesh/2013-06-10-v.01" is current directory.
ftp> put csr1.3-mbh1.1-isis-vlans-auto-mesh.conf csr1.3-mbh1.1-isis-vlans-auto-mesh.conf
local: csr1.3-mbh1.1-isis-vlans-auto-mesh.conf remote: csr1.3-mbh1.1-isis-vlans-auto-mesh.conf
200 Port command successful
150 Opening data channel for file upload to server of "/mbh1.1-isis-vlans-auto-mesh/2013-06-10-v.01/csr1.3-mbh1.1-isis-vlans-auto-mesh.conf"
100% |**********************************************************************************************************************************************************| 12378       00:00 ETAA
226 Successfully transferred "/mbh1.1-isis-vlans-auto-mesh/2013-06-10-v.01/csr1.3-mbh1.1-isis-vlans-auto-mesh.conf"
12378 bytes sent in 0.20 seconds (61.68 KB/s)
ftp> quit
221 Goodbye

--- JUNOS 12.3-20150930_acx_x54_s4.0 built 2015-09-30 18:38:44 UTC
At least one package installed on this device has limited support.
Run 'file show /etc/notices/unsupported.txt' for details.

vmukhin@csr1.3-c-quark> 

vmukhin@csr1.3-c-quark> 

vmukhin@csr1.3-c-quark> file list |match csr1.3-mbh1.1-isis-rsvp-auto-mesh-bgp-lu-june-6.conf 
csr1.3-mbh1.1-isis-rsvp-auto-mesh-bgp-lu-june-6.conf

vmukhin@csr1.3-c-quark> ftp 172.29.100.44 
Connected to 172.29.100.44.
220-FileZilla Server version 0.9.48 beta
220-written by Tim Kosse (tim.kosse@filezilla-project.org)
220 Please visit http://sourceforge.net/projects/filezilla/
Name (172.29.100.44:vmukhin): mamba
331 Password required for mamba
Password:
230 Logged on
Remote system type is UNIX.
ftp> binary
200 Type set to I
ftp> cd ./mbh1.1-isis-rsvp-auto-mesh-bgp-lu-june-6/2013-06-12-v.01
250 CWD successful. "/mbh1.1-isis-rsvp-auto-mesh-bgp-lu-june-6/2013-06-12-v.01" is current directory.
ftp> put csr1.3-mbh1.1-isis-rsvp-auto-mesh-bgp-lu-june-6.conf csr1.3-mbh1.1-isis-rsvp-auto-mesh-bgp-lu-june-6.conf
local: csr1.3-mbh1.1-isis-rsvp-auto-mesh-bgp-lu-june-6.conf remote: csr1.3-mbh1.1-isis-rsvp-auto-mesh-bgp-lu-june-6.conf
200 Port command successful
150 Opening data channel for file upload to server of "/mbh1.1-isis-rsvp-auto-mesh-bgp-lu-june-6/2013-06-12-v.01/csr1.3-mbh1.1-isis-rsvp-auto-mesh-bgp-lu-june-6.conf"
100% |**********************************************************************************************************************************************************| 12821       00:00 ETAA
226 Successfully transferred "/mbh1.1-isis-rsvp-auto-mesh-bgp-lu-june-6/2013-06-12-v.01/csr1.3-mbh1.1-isis-rsvp-auto-mesh-bgp-lu-june-6.conf"
12821 bytes sent in 0.12 seconds (101.50 KB/s)
ftp> quit
221 Goodbye

--- JUNOS 12.3-20150930_acx_x54_s4.0 built 2015-09-30 18:38:44 UTC
At least one package installed on this device has limited support.
Run 'file show /etc/notices/unsupported.txt' for details.

vmukhin@csr1.3-c-quark> 

vmukhin@csr1.3-c-quark> 

vmukhin@csr1.3-c-quark> file list |match csr1.3-mbh1.1-isis-rsvp-auto-mesh-bgp-lu-june-27.conf 
csr1.3-mbh1.1-isis-rsvp-auto-mesh-bgp-lu-june-27.conf

vmukhin@csr1.3-c-quark> ftp 172.29.100.44 
Connected to 172.29.100.44.
220-FileZilla Server version 0.9.48 beta
220-written by Tim Kosse (tim.kosse@filezilla-project.org)
220 Please visit http://sourceforge.net/projects/filezilla/
Name (172.29.100.44:vmukhin): mamba
331 Password required for mamba
Password:
230 Logged on
Remote system type is UNIX.
ftp> binary
200 Type set to I
ftp> cd ./mbh1.1-isis-rsvp-auto-mesh-bgp-lu-june-27/2013-06-27-v.01
250 CWD successful. "/mbh1.1-isis-rsvp-auto-mesh-bgp-lu-june-27/2013-06-27-v.01" is current directory.
ftp> put csr1.3-mbh1.1-isis-rsvp-auto-mesh-bgp-lu-june-27.conf csr1.3-mbh1.1-isis-rsvp-auto-mesh-bgp-lu-june-27.conf
local: csr1.3-mbh1.1-isis-rsvp-auto-mesh-bgp-lu-june-27.conf remote: csr1.3-mbh1.1-isis-rsvp-auto-mesh-bgp-lu-june-27.conf
200 Port command successful
150 Opening data channel for file upload to server of "/mbh1.1-isis-rsvp-auto-mesh-bgp-lu-june-27/2013-06-27-v.01/csr1.3-mbh1.1-isis-rsvp-auto-mesh-bgp-lu-june-27.conf"
100% |**********************************************************************************************************************************************************| 12772       00:00 ETAA
226 Successfully transferred "/mbh1.1-isis-rsvp-auto-mesh-bgp-lu-june-27/2013-06-27-v.01/csr1.3-mbh1.1-isis-rsvp-auto-mesh-bgp-lu-june-27.conf"
12772 bytes sent in 0.13 seconds (99.74 KB/s)
ftp> quit
221 Goodbye

--- JUNOS 12.3-20150930_acx_x54_s4.0 built 2015-09-30 18:38:44 UTC
At least one package installed on this device has limited support.
Run 'file show /etc/notices/unsupported.txt' for details.

vmukhin@csr1.3-c-quark> 

vmukhin@csr1.3-c-quark> 

vmukhin@csr1.3-c-quark> file list |match csr1.3-mbh1.1-with-mng-in-grt.conf 
csr1.3-mbh1.1-with-mng-in-grt.conf

vmukhin@csr1.3-c-quark> ftp 172.29.100.44 
Connected to 172.29.100.44.
220-FileZilla Server version 0.9.48 beta
220-written by Tim Kosse (tim.kosse@filezilla-project.org)
220 Please visit http://sourceforge.net/projects/filezilla/
Name (172.29.100.44:vmukhin): mamba
331 Password required for mamba
Password:
230 Logged on
Remote system type is UNIX.
ftp> binary
200 Type set to I
ftp> cd ./mbh1.1-with-mng-in-grt/2013-06-29-v.01
250 CWD successful. "/mbh1.1-with-mng-in-grt/2013-06-29-v.01" is current directory.
ftp> put csr1.3-mbh1.1-with-mng-in-grt.conf csr1.3-mbh1.1-with-mng-in-grt.conf
local: csr1.3-mbh1.1-with-mng-in-grt.conf remote: csr1.3-mbh1.1-with-mng-in-grt.conf
200 Port command successful
150 Opening data channel for file upload to server of "/mbh1.1-with-mng-in-grt/2013-06-29-v.01/csr1.3-mbh1.1-with-mng-in-grt.conf"
100% |**********************************************************************************************************************************************************| 12885       00:00 ETAA
226 Successfully transferred "/mbh1.1-with-mng-in-grt/2013-06-29-v.01/csr1.3-mbh1.1-with-mng-in-grt.conf"
12885 bytes sent in 0.10 seconds (120.30 KB/s)
ftp> quit
221 Goodbye

--- JUNOS 12.3-20150930_acx_x54_s4.0 built 2015-09-30 18:38:44 UTC
At least one package installed on this device has limited support.
Run 'file show /etc/notices/unsupported.txt' for details.

vmukhin@csr1.3-c-quark> 

vmukhin@csr1.3-c-quark> 

vmukhin@csr1.3-c-quark> file list |match csr1.3-mbh1.1-isis-rsvp-auto-mesh-bgp-lu-july-01.conf 
csr1.3-mbh1.1-isis-rsvp-auto-mesh-bgp-lu-july-01.conf

vmukhin@csr1.3-c-quark> ftp 172.29.100.44 
Connected to 172.29.100.44.
220-FileZilla Server version 0.9.48 beta
220-written by Tim Kosse (tim.kosse@filezilla-project.org)
220 Please visit http://sourceforge.net/projects/filezilla/
Name (172.29.100.44:vmukhin): mamba
331 Password required for mamba
Password:
230 Logged on
Remote system type is UNIX.
ftp> binary
200 Type set to I
ftp> cd ./mbh1.1-isis-rsvp-auto-mesh-bgp-lu-july-01/2013-07-01-v.01
250 CWD successful. "/mbh1.1-isis-rsvp-auto-mesh-bgp-lu-july-01/2013-07-01-v.01" is current directory.
ftp> put csr1.3-mbh1.1-isis-rsvp-auto-mesh-bgp-lu-july-01.conf csr1.3-mbh1.1-isis-rsvp-auto-mesh-bgp-lu-july-01.conf
local: csr1.3-mbh1.1-isis-rsvp-auto-mesh-bgp-lu-july-01.conf remote: csr1.3-mbh1.1-isis-rsvp-auto-mesh-bgp-lu-july-01.conf
200 Port command successful
150 Opening data channel for file upload to server of "/mbh1.1-isis-rsvp-auto-mesh-bgp-lu-july-01/2013-07-01-v.01/csr1.3-mbh1.1-isis-rsvp-auto-mesh-bgp-lu-july-01.conf"
100% |**********************************************************************************************************************************************************| 12703       00:00 ETAA
226 Successfully transferred "/mbh1.1-isis-rsvp-auto-mesh-bgp-lu-july-01/2013-07-01-v.01/csr1.3-mbh1.1-isis-rsvp-auto-mesh-bgp-lu-july-01.conf"
12703 bytes sent in 0.13 seconds (94.14 KB/s)
ftp> quit
221 Goodbye

--- JUNOS 12.3-20150930_acx_x54_s4.0 built 2015-09-30 18:38:44 UTC
At least one package installed on this device has limited support.
Run 'file show /etc/notices/unsupported.txt' for details.

vmukhin@csr1.3-c-quark> 

vmukhin@csr1.3-c-quark> 

vmukhin@csr1.3-c-quark> file list |match csr1.3-mbh1.1-isis-rsvp-auto-mesh-bgp-lu-july-02-01.conf 
csr1.3-mbh1.1-isis-rsvp-auto-mesh-bgp-lu-july-02-01.conf

vmukhin@csr1.3-c-quark> ftp 172.29.100.44 
Connected to 172.29.100.44.
220-FileZilla Server version 0.9.48 beta
220-written by Tim Kosse (tim.kosse@filezilla-project.org)
220 Please visit http://sourceforge.net/projects/filezilla/
Name (172.29.100.44:vmukhin): mamba
331 Password required for mamba
Password:
230 Logged on
Remote system type is UNIX.
ftp> binary
200 Type set to I
ftp> cd ./mbh1.1-isis-rsvp-auto-mesh-bgp-lu-july-02-01/2013-07-02-v.01
250 CWD successful. "/mbh1.1-isis-rsvp-auto-mesh-bgp-lu-july-02-01/2013-07-02-v.01" is current directory.
ftp> put csr1.3-mbh1.1-isis-rsvp-auto-mesh-bgp-lu-july-02-01.conf csr1.3-mbh1.1-isis-rsvp-auto-mesh-bgp-lu-july-02-01.conf
local: csr1.3-mbh1.1-isis-rsvp-auto-mesh-bgp-lu-july-02-01.conf remote: csr1.3-mbh1.1-isis-rsvp-auto-mesh-bgp-lu-july-02-01.conf
200 Port command successful
150 Opening data channel for file upload to server of "/mbh1.1-isis-rsvp-auto-mesh-bgp-lu-july-02-01/2013-07-02-v.01/csr1.3-mbh1.1-isis-rsvp-auto-mesh-bgp-lu-july-02-01.conf"
100% |**********************************************************************************************************************************************************| 13708       00:00 ETAA
226 Successfully transferred "/mbh1.1-isis-rsvp-auto-mesh-bgp-lu-july-02-01/2013-07-02-v.01/csr1.3-mbh1.1-isis-rsvp-auto-mesh-bgp-lu-july-02-01.conf"
13708 bytes sent in 0.12 seconds (108.79 KB/s)
ftp> quit
221 Goodbye

--- JUNOS 12.3-20150930_acx_x54_s4.0 built 2015-09-30 18:38:44 UTC
At least one package installed on this device has limited support.
Run 'file show /etc/notices/unsupported.txt' for details.

vmukhin@csr1.3-c-quark> 

vmukhin@csr1.3-c-quark> 

vmukhin@csr1.3-c-quark> file list |match csr1.3-mbh1.1-July-05.conf 
csr1.3-mbh1.1-July-05.conf

vmukhin@csr1.3-c-quark> ftp 172.29.100.44 
Connected to 172.29.100.44.
220-FileZilla Server version 0.9.48 beta
220-written by Tim Kosse (tim.kosse@filezilla-project.org)
220 Please visit http://sourceforge.net/projects/filezilla/
Name (172.29.100.44:vmukhin): mamba
331 Password required for mamba
Password:
230 Logged on
Remote system type is UNIX.
ftp> binary
200 Type set to I
ftp> cd ./mbh1.1-July-05/2013-07-03-v.01
250 CWD successful. "/mbh1.1-July-05/2013-07-03-v.01" is current directory.
ftp> put csr1.3-mbh1.1-July-05.conf csr1.3-mbh1.1-July-05.conf
local: csr1.3-mbh1.1-July-05.conf remote: csr1.3-mbh1.1-July-05.conf
200 Port command successful
150 Opening data channel for file upload to server of "/mbh1.1-July-05/2013-07-03-v.01/csr1.3-mbh1.1-July-05.conf"
100% |**********************************************************************************************************************************************************| 13713       00:00 ETAA
226 Successfully transferred "/mbh1.1-July-05/2013-07-03-v.01/csr1.3-mbh1.1-July-05.conf"
13713 bytes sent in 0.14 seconds (96.04 KB/s)
ftp> quit
221 Goodbye

--- JUNOS 12.3-20150930_acx_x54_s4.0 built 2015-09-30 18:38:44 UTC
At least one package installed on this device has limited support.
Run 'file show /etc/notices/unsupported.txt' for details.

vmukhin@csr1.3-c-quark> 

vmukhin@csr1.3-c-quark> 

vmukhin@csr1.3-c-quark> file list |match csr1.3-mbh1.1-July-07.conf 
csr1.3-mbh1.1-July-07.conf

vmukhin@csr1.3-c-quark> ftp 172.29.100.44 
Connected to 172.29.100.44.
220-FileZilla Server version 0.9.48 beta
220-written by Tim Kosse (tim.kosse@filezilla-project.org)
220 Please visit http://sourceforge.net/projects/filezilla/
Name (172.29.100.44:vmukhin): mamba
331 Password required for mamba
Password:
230 Logged on
Remote system type is UNIX.
ftp> binary
200 Type set to I
ftp> cd ./mbh1.1-July-07/2013-07-07-v.01
250 CWD successful. "/mbh1.1-July-07/2013-07-07-v.01" is current directory.
ftp> put csr1.3-mbh1.1-July-07.conf csr1.3-mbh1.1-July-07.conf
local: csr1.3-mbh1.1-July-07.conf remote: csr1.3-mbh1.1-July-07.conf
200 Port command successful
150 Opening data channel for file upload to server of "/mbh1.1-July-07/2013-07-07-v.01/csr1.3-mbh1.1-July-07.conf"
100% |**********************************************************************************************************************************************************| 13713       00:00 ETAA
226 Successfully transferred "/mbh1.1-July-07/2013-07-07-v.01/csr1.3-mbh1.1-July-07.conf"
13713 bytes sent in 0.21 seconds (64.93 KB/s)
ftp> quit
221 Goodbye

--- JUNOS 12.3-20150930_acx_x54_s4.0 built 2015-09-30 18:38:44 UTC
At least one package installed on this device has limited support.
Run 'file show /etc/notices/unsupported.txt' for details.

vmukhin@csr1.3-c-quark> 

vmukhin@csr1.3-c-quark> 

vmukhin@csr1.3-c-quark> file list |match csr1.3-mbh1.1-July-08.conf 
csr1.3-mbh1.1-July-08.conf

vmukhin@csr1.3-c-quark> ftp 172.29.100.44 
Connected to 172.29.100.44.
220-FileZilla Server version 0.9.48 beta
220-written by Tim Kosse (tim.kosse@filezilla-project.org)
220 Please visit http://sourceforge.net/projects/filezilla/
Name (172.29.100.44:vmukhin): mamba
331 Password required for mamba
Password:
230 Logged on
Remote system type is UNIX.
ftp> binary
200 Type set to I
ftp> cd ./mbh1.1-July-08/2013-07-07-v.01
250 CWD successful. "/mbh1.1-July-08/2013-07-07-v.01" is current directory.
ftp> put csr1.3-mbh1.1-July-08.conf csr1.3-mbh1.1-July-08.conf
local: csr1.3-mbh1.1-July-08.conf remote: csr1.3-mbh1.1-July-08.conf
200 Port command successful
150 Opening data channel for file upload to server of "/mbh1.1-July-08/2013-07-07-v.01/csr1.3-mbh1.1-July-08.conf"
100% |**********************************************************************************************************************************************************| 13846       00:00 ETAA
226 Successfully transferred "/mbh1.1-July-08/2013-07-07-v.01/csr1.3-mbh1.1-July-08.conf"
13846 bytes sent in 0.14 seconds (98.96 KB/s)
ftp> quit
221 Goodbye

--- JUNOS 12.3-20150930_acx_x54_s4.0 built 2015-09-30 18:38:44 UTC
At least one package installed on this device has limited support.
Run 'file show /etc/notices/unsupported.txt' for details.

vmukhin@csr1.3-c-quark> 

vmukhin@csr1.3-c-quark> 

vmukhin@csr1.3-c-quark> file list |match csr1.3-mbh1.1-July-08.1.conf 
csr1.3-mbh1.1-July-08.1.conf

vmukhin@csr1.3-c-quark> ftp 172.29.100.44 
Connected to 172.29.100.44.
220-FileZilla Server version 0.9.48 beta
220-written by Tim Kosse (tim.kosse@filezilla-project.org)
220 Please visit http://sourceforge.net/projects/filezilla/
Name (172.29.100.44:vmukhin): mamba
331 Password required for mamba
Password:
230 Logged on
Remote system type is UNIX.
ftp> binary
200 Type set to I
ftp> cd ./mbh1.1-July-08.1/2013-07-09-v.01
250 CWD successful. "/mbh1.1-July-08.1/2013-07-09-v.01" is current directory.
ftp> put csr1.3-mbh1.1-July-08.1.conf csr1.3-mbh1.1-July-08.1.conf
local: csr1.3-mbh1.1-July-08.1.conf remote: csr1.3-mbh1.1-July-08.1.conf
200 Port command successful
150 Opening data channel for file upload to server of "/mbh1.1-July-08.1/2013-07-09-v.01/csr1.3-mbh1.1-July-08.1.conf"
100% |**********************************************************************************************************************************************************| 14330       00:00 ETAA
226 Successfully transferred "/mbh1.1-July-08.1/2013-07-09-v.01/csr1.3-mbh1.1-July-08.1.conf"
14330 bytes sent in 0.12 seconds (119.63 KB/s)
ftp> quit
221 Goodbye

--- JUNOS 12.3-20150930_acx_x54_s4.0 built 2015-09-30 18:38:44 UTC
At least one package installed on this device has limited support.
Run 'file show /etc/notices/unsupported.txt' for details.

vmukhin@csr1.3-c-quark> 

vmukhin@csr1.3-c-quark> 

vmukhin@csr1.3-c-quark> file list |match csr1.3-mbh1.1-full-isis-ring-bgp-lu-rsvp-auto-mesh-july08.conf 
csr1.3-mbh1.1-full-isis-ring-bgp-lu-rsvp-auto-mesh-july08.conf

vmukhin@csr1.3-c-quark> ftp 172.29.100.44 
Connected to 172.29.100.44.
220-FileZilla Server version 0.9.48 beta
220-written by Tim Kosse (tim.kosse@filezilla-project.org)
220 Please visit http://sourceforge.net/projects/filezilla/
Name (172.29.100.44:vmukhin): mamba
331 Password required for mamba
Password:
230 Logged on
Remote system type is UNIX.
ftp> binary
200 Type set to I
ftp> cd ./mbh1.1-full-isis-ring-bgp-lu-rsvp-auto-mesh-july08/2013-07-13-v.01
250 CWD successful. "/mbh1.1-full-isis-ring-bgp-lu-rsvp-auto-mesh-july08/2013-07-13-v.01" is current directory.
ftp> put csr1.3-mbh1.1-full-isis-ring-bgp-lu-rsvp-auto-mesh-july08.conf csr1.3-mbh1.1-full-isis-ring-bgp-lu-rsvp-auto-mesh-july08.conf
local: csr1.3-mbh1.1-full-isis-ring-bgp-lu-rsvp-auto-mesh-july08.conf remote: csr1.3-mbh1.1-full-isis-ring-bgp-lu-rsvp-auto-mesh-july08.conf
200 Port command successful
150 Opening data channel for file upload to server of "/mbh1.1-full-isis-ring-bgp-lu-rsvp-auto-mesh-july08/2013-07-13-v.01/csr1.3-mbh1.1-full-isis-ring-bgp-lu-rsvp-auto-mesh-july08.conf"
100% |**********************************************************************************************************************************************************| 14726       00:00 ETAA
226 Successfully transferred "/mbh1.1-full-isis-ring-bgp-lu-rsvp-auto-mesh-july08/2013-07-13-v.01/csr1.3-mbh1.1-full-isis-ring-bgp-lu-rsvp-auto-mesh-july08.conf"
14726 bytes sent in 0.12 seconds (118.70 KB/s)
ftp> quit
221 Goodbye

--- JUNOS 12.3-20150930_acx_x54_s4.0 built 2015-09-30 18:38:44 UTC
At least one package installed on this device has limited support.
Run 'file show /etc/notices/unsupported.txt' for details.

vmukhin@csr1.3-c-quark> 

vmukhin@csr1.3-c-quark> 

vmukhin@csr1.3-c-quark> file list |match csr1.3-mbh1.1-ospf-zero-July-09-00.conf 
csr1.3-mbh1.1-ospf-zero-July-09-00.conf

vmukhin@csr1.3-c-quark> ftp 172.29.100.44 
Connected to 172.29.100.44.
220-FileZilla Server version 0.9.48 beta
220-written by Tim Kosse (tim.kosse@filezilla-project.org)
220 Please visit http://sourceforge.net/projects/filezilla/
Name (172.29.100.44:vmukhin): mamba
331 Password required for mamba
Password:
230 Logged on
Remote system type is UNIX.
ftp> binary
200 Type set to I
ftp> cd ./mbh1.1-ospf-zero-July-09-00/2013-07-09-v.01
250 CWD successful. "/mbh1.1-ospf-zero-July-09-00/2013-07-09-v.01" is current directory.
ftp> put csr1.3-mbh1.1-ospf-zero-July-09-00.conf csr1.3-mbh1.1-ospf-zero-July-09-00.conf
local: csr1.3-mbh1.1-ospf-zero-July-09-00.conf remote: csr1.3-mbh1.1-ospf-zero-July-09-00.conf
200 Port command successful
150 Opening data channel for file upload to server of "/mbh1.1-ospf-zero-July-09-00/2013-07-09-v.01/csr1.3-mbh1.1-ospf-zero-July-09-00.conf"
100% |**********************************************************************************************************************************************************| 15798       00:00 ETAA
226 Successfully transferred "/mbh1.1-ospf-zero-July-09-00/2013-07-09-v.01/csr1.3-mbh1.1-ospf-zero-July-09-00.conf"
15798 bytes sent in 0.13 seconds (123.12 KB/s)
ftp> quit
221 Goodbye

--- JUNOS 12.3-20150930_acx_x54_s4.0 built 2015-09-30 18:38:44 UTC
At least one package installed on this device has limited support.
Run 'file show /etc/notices/unsupported.txt' for details.

vmukhin@csr1.3-c-quark> 

vmukhin@csr1.3-c-quark> 

vmukhin@csr1.3-c-quark> file list |match csr1.3-mbh1.1-hub&spoke-00.01-July-12.conf
                                                          ^
syntax error.

--- JUNOS 12.3-20150930_acx_x54_s4.0 built 2015-09-30 18:38:44 UTC
At least one package installed on this device has limited support.
Run 'file show /etc/notices/unsupported.txt' for details.

vmukhin@csr1.3-c-quark> 

vmukhin@csr1.3-c-quark> 

vmukhin@csr1.3-c-quark> file list |match csr1.3-mbh1.1-hub&spoke-00.01-july-12.conf
                                                          ^
syntax error.

--- JUNOS 12.3-20150930_acx_x54_s4.0 built 2015-09-30 18:38:44 UTC
At least one package installed on this device has limited support.
Run 'file show /etc/notices/unsupported.txt' for details.

vmukhin@csr1.3-c-quark> 

vmukhin@csr1.3-c-quark> 

vmukhin@csr1.3-c-quark> file list |match csr1.3-mbh1.1-hs-00.01-July-12.conf 
csr1.3-mbh1.1-hs-00.01-July-12.conf

vmukhin@csr1.3-c-quark> ftp 172.29.100.44 
Connected to 172.29.100.44.
220-FileZilla Server version 0.9.48 beta
220-written by Tim Kosse (tim.kosse@filezilla-project.org)
220 Please visit http://sourceforge.net/projects/filezilla/
Name (172.29.100.44:vmukhin): mamba
331 Password required for mamba
Password:
230 Logged on
Remote system type is UNIX.
ftp> binary
200 Type set to I
ftp> cd ./mbh1.1-hs-00.01-July-12/2013-07-12-v.01
250 CWD successful. "/mbh1.1-hs-00.01-July-12/2013-07-12-v.01" is current directory.
ftp> put csr1.3-mbh1.1-hs-00.01-July-12.conf csr1.3-mbh1.1-hs-00.01-July-12.conf
local: csr1.3-mbh1.1-hs-00.01-July-12.conf remote: csr1.3-mbh1.1-hs-00.01-July-12.conf
200 Port command successful
150 Opening data channel for file upload to server of "/mbh1.1-hs-00.01-July-12/2013-07-12-v.01/csr1.3-mbh1.1-hs-00.01-July-12.conf"
100% |**********************************************************************************************************************************************************| 15638       00:00 ETAA
226 Successfully transferred "/mbh1.1-hs-00.01-July-12/2013-07-12-v.01/csr1.3-mbh1.1-hs-00.01-July-12.conf"
15638 bytes sent in 0.12 seconds (122.39 KB/s)
ftp> quit
221 Goodbye

--- JUNOS 12.3-20150930_acx_x54_s4.0 built 2015-09-30 18:38:44 UTC
At least one package installed on this device has limited support.
Run 'file show /etc/notices/unsupported.txt' for details.

vmukhin@csr1.3-c-quark> 

vmukhin@csr1.3-c-quark> 

vmukhin@csr1.3-c-quark> file list |match csr1.3-mbh1.1-full-HS-OSPF-LFA-LDP-bgp-lu-luly-12.conf 
csr1.3-mbh1.1-full-HS-OSPF-LFA-LDP-bgp-lu-luly-12.conf

vmukhin@csr1.3-c-quark> ftp 172.29.100.44 
Connected to 172.29.100.44.
220-FileZilla Server version 0.9.48 beta
220-written by Tim Kosse (tim.kosse@filezilla-project.org)
220 Please visit http://sourceforge.net/projects/filezilla/
Name (172.29.100.44:vmukhin): mamba
331 Password required for mamba
Password:
230 Logged on
Remote system type is UNIX.
ftp> binary
200 Type set to I
ftp> cd ./mbh1.1-full-HS-OSPF-LFA-LDP-bgp-lu-luly-12/2013-07-12-v.01
250 CWD successful. "/mbh1.1-full-HS-OSPF-LFA-LDP-bgp-lu-luly-12/2013-07-12-v.01" is current directory.
ftp> put csr1.3-mbh1.1-full-HS-OSPF-LFA-LDP-bgp-lu-luly-12.conf csr1.3-mbh1.1-full-HS-OSPF-LFA-LDP-bgp-lu-luly-12.conf
local: csr1.3-mbh1.1-full-HS-OSPF-LFA-LDP-bgp-lu-luly-12.conf remote: csr1.3-mbh1.1-full-HS-OSPF-LFA-LDP-bgp-lu-luly-12.conf
200 Port command successful
150 Opening data channel for file upload to server of "/mbh1.1-full-HS-OSPF-LFA-LDP-bgp-lu-luly-12/2013-07-12-v.01/csr1.3-mbh1.1-full-HS-OSPF-LFA-LDP-bgp-lu-luly-12.conf"
100% |**********************************************************************************************************************************************************| 15583       00:00 ETAA
226 Successfully transferred "/mbh1.1-full-HS-OSPF-LFA-LDP-bgp-lu-luly-12/2013-07-12-v.01/csr1.3-mbh1.1-full-HS-OSPF-LFA-LDP-bgp-lu-luly-12.conf"
15583 bytes sent in 0.11 seconds (133.80 KB/s)
ftp> quit
221 Goodbye

--- JUNOS 12.3-20150930_acx_x54_s4.0 built 2015-09-30 18:38:44 UTC
At least one package installed on this device has limited support.
Run 'file show /etc/notices/unsupported.txt' for details.

vmukhin@csr1.3-c-quark> 

vmukhin@csr1.3-c-quark> 

vmukhin@csr1.3-c-quark> file list |match csr1.3-mbh1.1-full-HS-ospf-lfa-ldp-bgp-lu-july-12.conf 
csr1.3-mbh1.1-full-HS-ospf-lfa-ldp-bgp-lu-july-12.conf

vmukhin@csr1.3-c-quark> ftp 172.29.100.44 
Connected to 172.29.100.44.
220-FileZilla Server version 0.9.48 beta
220-written by Tim Kosse (tim.kosse@filezilla-project.org)
220 Please visit http://sourceforge.net/projects/filezilla/
Name (172.29.100.44:vmukhin): mamba
331 Password required for mamba
Password:
230 Logged on
Remote system type is UNIX.
ftp> binary
200 Type set to I
ftp> cd ./mbh1.1-full-HS-ospf-lfa-ldp-bgp-lu-july-12/2013-07-12-v.01
250 CWD successful. "/mbh1.1-full-HS-ospf-lfa-ldp-bgp-lu-july-12/2013-07-12-v.01" is current directory.
ftp> put csr1.3-mbh1.1-full-HS-ospf-lfa-ldp-bgp-lu-july-12.conf csr1.3-mbh1.1-full-HS-ospf-lfa-ldp-bgp-lu-july-12.conf
local: csr1.3-mbh1.1-full-HS-ospf-lfa-ldp-bgp-lu-july-12.conf remote: csr1.3-mbh1.1-full-HS-ospf-lfa-ldp-bgp-lu-july-12.conf
200 Port command successful
150 Opening data channel for file upload to server of "/mbh1.1-full-HS-ospf-lfa-ldp-bgp-lu-july-12/2013-07-12-v.01/csr1.3-mbh1.1-full-HS-ospf-lfa-ldp-bgp-lu-july-12.conf"
100% |**********************************************************************************************************************************************************| 15583       00:00 ETAA
226 Successfully transferred "/mbh1.1-full-HS-ospf-lfa-ldp-bgp-lu-july-12/2013-07-12-v.01/csr1.3-mbh1.1-full-HS-ospf-lfa-ldp-bgp-lu-july-12.conf"
15583 bytes sent in 0.11 seconds (137.68 KB/s)
ftp> quit
221 Goodbye

--- JUNOS 12.3-20150930_acx_x54_s4.0 built 2015-09-30 18:38:44 UTC
At least one package installed on this device has limited support.
Run 'file show /etc/notices/unsupported.txt' for details.

vmukhin@csr1.3-c-quark> 

vmukhin@csr1.3-c-quark> 

vmukhin@csr1.3-c-quark> file list |match csr1.3-mbh1.1-full-isis-rsvp-4G-VPLS-ver01-July-15.conf 
csr1.3-mbh1.1-full-isis-rsvp-4G-VPLS-ver01-July-15.conf

vmukhin@csr1.3-c-quark> ftp 172.29.100.44 
Connected to 172.29.100.44.
220-FileZilla Server version 0.9.48 beta
220-written by Tim Kosse (tim.kosse@filezilla-project.org)
220 Please visit http://sourceforge.net/projects/filezilla/
Name (172.29.100.44:vmukhin): mamba
331 Password required for mamba
Password:
230 Logged on
Remote system type is UNIX.
ftp> binary
200 Type set to I
ftp> cd ./mbh1.1-full-isis-rsvp-4G-VPLS-ver01-July-15/2013-07-13-v.01
250 CWD successful. "/mbh1.1-full-isis-rsvp-4G-VPLS-ver01-July-15/2013-07-13-v.01" is current directory.
ftp> put csr1.3-mbh1.1-full-isis-rsvp-4G-VPLS-ver01-July-15.conf csr1.3-mbh1.1-full-isis-rsvp-4G-VPLS-ver01-July-15.conf
local: csr1.3-mbh1.1-full-isis-rsvp-4G-VPLS-ver01-July-15.conf remote: csr1.3-mbh1.1-full-isis-rsvp-4G-VPLS-ver01-July-15.conf
200 Port command successful
150 Opening data channel for file upload to server of "/mbh1.1-full-isis-rsvp-4G-VPLS-ver01-July-15/2013-07-13-v.01/csr1.3-mbh1.1-full-isis-rsvp-4G-VPLS-ver01-July-15.conf"
100% |**********************************************************************************************************************************************************| 14726       00:00 ETAA
226 Successfully transferred "/mbh1.1-full-isis-rsvp-4G-VPLS-ver01-July-15/2013-07-13-v.01/csr1.3-mbh1.1-full-isis-rsvp-4G-VPLS-ver01-July-15.conf"
14726 bytes sent in 0.12 seconds (116.97 KB/s)
ftp> quit
221 Goodbye

--- JUNOS 12.3-20150930_acx_x54_s4.0 built 2015-09-30 18:38:44 UTC
At least one package installed on this device has limited support.
Run 'file show /etc/notices/unsupported.txt' for details.

vmukhin@csr1.3-c-quark> 

vmukhin@csr1.3-c-quark> 

vmukhin@csr1.3-c-quark> file list |match csr1.3-mbh1.1-full-sis-rsvp-NEW-VPLS-July-15.conf 
csr1.3-mbh1.1-full-sis-rsvp-NEW-VPLS-July-15.conf

vmukhin@csr1.3-c-quark> ftp 172.29.100.44 
Connected to 172.29.100.44.
220-FileZilla Server version 0.9.48 beta
220-written by Tim Kosse (tim.kosse@filezilla-project.org)
220 Please visit http://sourceforge.net/projects/filezilla/
Name (172.29.100.44:vmukhin): mamba
331 Password required for mamba
Password:
230 Logged on
Remote system type is UNIX.
ftp> binary
200 Type set to I
ftp> cd ./mbh1.1-full-sis-rsvp-NEW-VPLS-July-15/2013-07-16-v.01
250 CWD successful. "/mbh1.1-full-sis-rsvp-NEW-VPLS-July-15/2013-07-16-v.01" is current directory.
ftp> put csr1.3-mbh1.1-full-sis-rsvp-NEW-VPLS-July-15.conf csr1.3-mbh1.1-full-sis-rsvp-NEW-VPLS-July-15.conf
local: csr1.3-mbh1.1-full-sis-rsvp-NEW-VPLS-July-15.conf remote: csr1.3-mbh1.1-full-sis-rsvp-NEW-VPLS-July-15.conf
200 Port command successful
150 Opening data channel for file upload to server of "/mbh1.1-full-sis-rsvp-NEW-VPLS-July-15/2013-07-16-v.01/csr1.3-mbh1.1-full-sis-rsvp-NEW-VPLS-July-15.conf"
100% |**********************************************************************************************************************************************************| 15566       00:00 ETAA
226 Successfully transferred "/mbh1.1-full-sis-rsvp-NEW-VPLS-July-15/2013-07-16-v.01/csr1.3-mbh1.1-full-sis-rsvp-NEW-VPLS-July-15.conf"
15566 bytes sent in 0.13 seconds (119.25 KB/s)
ftp> quit
221 Goodbye

--- JUNOS 12.3-20150930_acx_x54_s4.0 built 2015-09-30 18:38:44 UTC
At least one package installed on this device has limited support.
Run 'file show /etc/notices/unsupported.txt' for details.

vmukhin@csr1.3-c-quark> 

vmukhin@csr1.3-c-quark> 

vmukhin@csr1.3-c-quark> file list |match csr1.3-mbh1.1-full-sis-rsvp-BGP-VPLS-July-15.conf 
csr1.3-mbh1.1-full-sis-rsvp-BGP-VPLS-July-15.conf

vmukhin@csr1.3-c-quark> ftp 172.29.100.44 
Connected to 172.29.100.44.
220-FileZilla Server version 0.9.48 beta
220-written by Tim Kosse (tim.kosse@filezilla-project.org)
220 Please visit http://sourceforge.net/projects/filezilla/
Name (172.29.100.44:vmukhin): mamba
331 Password required for mamba
Password:
230 Logged on
Remote system type is UNIX.
ftp> binary
200 Type set to I
ftp> cd ./mbh1.1-full-sis-rsvp-BGP-VPLS-July-15/2013-07-16-v.01
250 CWD successful. "/mbh1.1-full-sis-rsvp-BGP-VPLS-July-15/2013-07-16-v.01" is current directory.
ftp> put csr1.3-mbh1.1-full-sis-rsvp-BGP-VPLS-July-15.conf csr1.3-mbh1.1-full-sis-rsvp-BGP-VPLS-July-15.conf
local: csr1.3-mbh1.1-full-sis-rsvp-BGP-VPLS-July-15.conf remote: csr1.3-mbh1.1-full-sis-rsvp-BGP-VPLS-July-15.conf
200 Port command successful
150 Opening data channel for file upload to server of "/mbh1.1-full-sis-rsvp-BGP-VPLS-July-15/2013-07-16-v.01/csr1.3-mbh1.1-full-sis-rsvp-BGP-VPLS-July-15.conf"
100% |**********************************************************************************************************************************************************| 15566       00:00 ETAA
226 Successfully transferred "/mbh1.1-full-sis-rsvp-BGP-VPLS-July-15/2013-07-16-v.01/csr1.3-mbh1.1-full-sis-rsvp-BGP-VPLS-July-15.conf"
15566 bytes sent in 0.13 seconds (114.02 KB/s)
ftp> quit
221 Goodbye

--- JUNOS 12.3-20150930_acx_x54_s4.0 built 2015-09-30 18:38:44 UTC
At least one package installed on this device has limited support.
Run 'file show /etc/notices/unsupported.txt' for details.

vmukhin@csr1.3-c-quark> 

vmukhin@csr1.3-c-quark> 

vmukhin@csr1.3-c-quark> file list |match csr1.3-mbh1.1-full-isis-rsvp-bgp-lu-VPLS-OAM-July-16.conf 
csr1.3-mbh1.1-full-isis-rsvp-bgp-lu-VPLS-OAM-July-16.conf

vmukhin@csr1.3-c-quark> ftp 172.29.100.44 
Connected to 172.29.100.44.
220-FileZilla Server version 0.9.48 beta
220-written by Tim Kosse (tim.kosse@filezilla-project.org)
220 Please visit http://sourceforge.net/projects/filezilla/
Name (172.29.100.44:vmukhin): mamba
331 Password required for mamba
Password:
230 Logged on
Remote system type is UNIX.
ftp> binary
200 Type set to I
ftp> cd ./mbh1.1-full-isis-rsvp-bgp-lu-VPLS-OAM-July-16/2013-07-17-v.01
250 CWD successful. "/mbh1.1-full-isis-rsvp-bgp-lu-VPLS-OAM-July-16/2013-07-17-v.01" is current directory.
ftp> put csr1.3-mbh1.1-full-isis-rsvp-bgp-lu-VPLS-OAM-July-16.conf csr1.3-mbh1.1-full-isis-rsvp-bgp-lu-VPLS-OAM-July-16.conf
local: csr1.3-mbh1.1-full-isis-rsvp-bgp-lu-VPLS-OAM-July-16.conf remote: csr1.3-mbh1.1-full-isis-rsvp-bgp-lu-VPLS-OAM-July-16.conf
200 Port command successful
150 Opening data channel for file upload to server of "/mbh1.1-full-isis-rsvp-bgp-lu-VPLS-OAM-July-16/2013-07-17-v.01/csr1.3-mbh1.1-full-isis-rsvp-bgp-lu-VPLS-OAM-July-16.conf"
100% |**********************************************************************************************************************************************************| 17258       00:00 ETAA
226 Successfully transferred "/mbh1.1-full-isis-rsvp-bgp-lu-VPLS-OAM-July-16/2013-07-17-v.01/csr1.3-mbh1.1-full-isis-rsvp-bgp-lu-VPLS-OAM-July-16.conf"
17258 bytes sent in 0.14 seconds (122.96 KB/s)
ftp> quit
221 Goodbye

--- JUNOS 12.3-20150930_acx_x54_s4.0 built 2015-09-30 18:38:44 UTC
At least one package installed on this device has limited support.
Run 'file show /etc/notices/unsupported.txt' for details.

vmukhin@csr1.3-c-quark> 

vmukhin@csr1.3-c-quark> 

vmukhin@csr1.3-c-quark> file list |match csr1.3-mbh0.0-zero-conf-ring.conf 
csr1.3-mbh0.0-zero-conf-ring.conf

vmukhin@csr1.3-c-quark> ftp 172.29.100.44 
Connected to 172.29.100.44.
220-FileZilla Server version 0.9.48 beta
220-written by Tim Kosse (tim.kosse@filezilla-project.org)
220 Please visit http://sourceforge.net/projects/filezilla/
Name (172.29.100.44:vmukhin): mamba
331 Password required for mamba
Password:
230 Logged on
Remote system type is UNIX.
ftp> binary
200 Type set to I
ftp> cd ./mbh0.0-zero-conf-ring/2013-07-30-v.01
250 CWD successful. "/mbh0.0-zero-conf-ring/2013-07-30-v.01" is current directory.
ftp> put csr1.3-mbh0.0-zero-conf-ring.conf csr1.3-mbh0.0-zero-conf-ring.conf
local: csr1.3-mbh0.0-zero-conf-ring.conf remote: csr1.3-mbh0.0-zero-conf-ring.conf
200 Port command successful
150 Opening data channel for file upload to server of "/mbh0.0-zero-conf-ring/2013-07-30-v.01/csr1.3-mbh0.0-zero-conf-ring.conf"
100% |**********************************************************************************************************************************************************|  5503       00:00 ETAA
226 Successfully transferred "/mbh0.0-zero-conf-ring/2013-07-30-v.01/csr1.3-mbh0.0-zero-conf-ring.conf"
5503 bytes sent in 0.15 seconds (35.54 KB/s)
ftp> quit
221 Goodbye

--- JUNOS 12.3-20150930_acx_x54_s4.0 built 2015-09-30 18:38:44 UTC
At least one package installed on this device has limited support.
Run 'file show /etc/notices/unsupported.txt' for details.

vmukhin@csr1.3-c-quark> 

vmukhin@csr1.3-c-quark> 

vmukhin@csr1.3-c-quark> file list |match csr1.3-test-config.conf 
csr1.3-test-config.conf

vmukhin@csr1.3-c-quark> ftp 172.29.100.44 
Connected to 172.29.100.44.
220-FileZilla Server version 0.9.48 beta
220-written by Tim Kosse (tim.kosse@filezilla-project.org)
220 Please visit http://sourceforge.net/projects/filezilla/
Name (172.29.100.44:vmukhin): mamba
331 Password required for mamba
Password:
230 Logged on
Remote system type is UNIX.
ftp> binary
200 Type set to I
ftp> cd ./test-config/2013-07-30-v.01
250 CWD successful. "/test-config/2013-07-30-v.01" is current directory.
ftp> put csr1.3-test-config.conf csr1.3-test-config.conf
local: csr1.3-test-config.conf remote: csr1.3-test-config.conf
200 Port command successful
150 Opening data channel for file upload to server of "/test-config/2013-07-30-v.01/csr1.3-test-config.conf"
100% |**********************************************************************************************************************************************************|  5503       00:00 ETAA
226 Successfully transferred "/test-config/2013-07-30-v.01/csr1.3-test-config.conf"
5503 bytes sent in 0.09 seconds (57.68 KB/s)
ftp> quit
221 Goodbye

--- JUNOS 12.3-20150930_acx_x54_s4.0 built 2015-09-30 18:38:44 UTC
At least one package installed on this device has limited support.
Run 'file show /etc/notices/unsupported.txt' for details.

vmukhin@csr1.3-c-quark> 

vmukhin@csr1.3-c-quark> 

vmukhin@csr1.3-c-quark> file list |match csr1.3-A&A0.0-Zero-HaS-topology.conf
                                                 ^
syntax error.

--- JUNOS 12.3-20150930_acx_x54_s4.0 built 2015-09-30 18:38:44 UTC
At least one package installed on this device has limited support.
Run 'file show /etc/notices/unsupported.txt' for details.

vmukhin@csr1.3-c-quark> 

vmukhin@csr1.3-c-quark> 

vmukhin@csr1.3-c-quark> file list |match csr1.3-ce2.0-services.conf 

--- JUNOS 12.3-20150930_acx_x54_s4.0 built 2015-09-30 18:38:44 UTC
At least one package installed on this device has limited support.
Run 'file show /etc/notices/unsupported.txt' for details.

vmukhin@csr1.3-c-quark> 

vmukhin@csr1.3-c-quark> 

vmukhin@csr1.3-c-quark> file list |match csr1.3-ce2.0-services-July31.conf 
csr1.3-ce2.0-services-July31.conf

vmukhin@csr1.3-c-quark> ftp 172.29.100.44 
Connected to 172.29.100.44.
220-FileZilla Server version 0.9.48 beta
220-written by Tim Kosse (tim.kosse@filezilla-project.org)
220 Please visit http://sourceforge.net/projects/filezilla/
Name (172.29.100.44:vmukhin): mamba
331 Password required for mamba
Password:
230 Logged on
Remote system type is UNIX.
ftp> binary
200 Type set to I
ftp> cd ./ce2.0-services-July31/2013-07-31-v.01
250 CWD successful. "/ce2.0-services-July31/2013-07-31-v.01" is current directory.
ftp> put csr1.3-ce2.0-services-July31.conf csr1.3-ce2.0-services-July31.conf
local: csr1.3-ce2.0-services-July31.conf remote: csr1.3-ce2.0-services-July31.conf
200 Port command successful
150 Opening data channel for file upload to server of "/ce2.0-services-July31/2013-07-31-v.01/csr1.3-ce2.0-services-July31.conf"
100% |**********************************************************************************************************************************************************| 16905       00:00 ETAA
226 Successfully transferred "/ce2.0-services-July31/2013-07-31-v.01/csr1.3-ce2.0-services-July31.conf"
16905 bytes sent in 0.13 seconds (127.39 KB/s)
ftp> quit
221 Goodbye

--- JUNOS 12.3-20150930_acx_x54_s4.0 built 2015-09-30 18:38:44 UTC
At least one package installed on this device has limited support.
Run 'file show /etc/notices/unsupported.txt' for details.

vmukhin@csr1.3-c-quark> 

vmukhin@csr1.3-c-quark> 

vmukhin@csr1.3-c-quark> file list |match csr1.3-mbh1.1-isis-ring-bgp-lu-rsvp-VPLS-BGP-oam-mip-july-31-OAM-good.conf 
csr1.3-mbh1.1-isis-ring-bgp-lu-rsvp-VPLS-BGP-oam-mip-july-31-OAM-good.conf

vmukhin@csr1.3-c-quark> ftp 172.29.100.44 
Connected to 172.29.100.44.
220-FileZilla Server version 0.9.48 beta
220-written by Tim Kosse (tim.kosse@filezilla-project.org)
220 Please visit http://sourceforge.net/projects/filezilla/
Name (172.29.100.44:vmukhin): mamba
331 Password required for mamba
Password:
230 Logged on
Remote system type is UNIX.
ftp> binary
200 Type set to I
ftp> cd ./mbh1.1-isis-ring-bgp-lu-rsvp-VPLS-BGP-oam-mip-july-31-OAM-good/2013-08-01-v.01
250 CWD successful. "/mbh1.1-isis-ring-bgp-lu-rsvp-VPLS-BGP-oam-mip-july-31-OAM-good/2013-08-01-v.01" is current directory.
ftp> put csr1.3-mbh1.1-isis-ring-bgp-lu-rsvp-VPLS-BGP-oam-mip-july-31-OAM-good.conf csr1.3-mbh1.1-isis-ring-bgp-lu-rsvp-VPLS-BGP-oam-mip-july-31-OAM-good.conf
local: csr1.3-mbh1.1-isis-ring-bgp-lu-rsvp-VPLS-BGP-oam-mip-july-31-OAM-good.conf remote: csr1.3-mbh1.1-isis-ring-bgp-lu-rsvp-VPLS-BGP-oam-mip-july-31-OAM-good.conf
200 Port command successful
150 Opening data channel for file upload to server of "/mbh1.1-isis-ring-bgp-lu-rsvp-VPLS-BGP-oam-mip-july-31-OAM-good/2013-08-01-v.01/csr1.3-mbh1.1-isis-ring-bgp-lu-rsvp-VPLS-BGP-oam-mip-july-31-OAM-good.conf"
100% |**********************************************************************************************************************************************************| 16719       00:00 ETAA
226 Successfully transferred "/mbh1.1-isis-ring-bgp-lu-rsvp-VPLS-BGP-oam-mip-july-31-OAM-good/2013-08-01-v.01/csr1.3-mbh1.1-isis-ring-bgp-lu-rsvp-VPLS-BGP-oam-mip-july-31-OAM-good.conf"
16719 bytes sent in 0.13 seconds (125.22 KB/s)
ftp> quit
221 Goodbye

--- JUNOS 12.3-20150930_acx_x54_s4.0 built 2015-09-30 18:38:44 UTC
At least one package installed on this device has limited support.
Run 'file show /etc/notices/unsupported.txt' for details.

vmukhin@csr1.3-c-quark> 

vmukhin@csr1.3-c-quark> 

vmukhin@csr1.3-c-quark> file list |match csr1.3-ce20-8032-AG1-protection-drafted-00.01-Aug-01.conf 
csr1.3-ce20-8032-AG1-protection-drafted-00.01-Aug-01.conf

vmukhin@csr1.3-c-quark> ftp 172.29.100.44 
Connected to 172.29.100.44.
220-FileZilla Server version 0.9.48 beta
220-written by Tim Kosse (tim.kosse@filezilla-project.org)
220 Please visit http://sourceforge.net/projects/filezilla/
Name (172.29.100.44:vmukhin): mamba
331 Password required for mamba
Password:
230 Logged on
Remote system type is UNIX.
ftp> binary
200 Type set to I
ftp> cd ./ce20-8032-AG1-protection-drafted-00.01-Aug-01/2013-08-02-v.01
250 CWD successful. "/ce20-8032-AG1-protection-drafted-00.01-Aug-01/2013-08-02-v.01" is current directory.
ftp> put csr1.3-ce20-8032-AG1-protection-drafted-00.01-Aug-01.conf csr1.3-ce20-8032-AG1-protection-drafted-00.01-Aug-01.conf
local: csr1.3-ce20-8032-AG1-protection-drafted-00.01-Aug-01.conf remote: csr1.3-ce20-8032-AG1-protection-drafted-00.01-Aug-01.conf
200 Port command successful
150 Opening data channel for file upload to server of "/ce20-8032-AG1-protection-drafted-00.01-Aug-01/2013-08-02-v.01/csr1.3-ce20-8032-AG1-protection-drafted-00.01-Aug-01.conf"
100% |**********************************************************************************************************************************************************| 15181       00:00 ETAA
226 Successfully transferred "/ce20-8032-AG1-protection-drafted-00.01-Aug-01/2013-08-02-v.01/csr1.3-ce20-8032-AG1-protection-drafted-00.01-Aug-01.conf"
15181 bytes sent in 0.13 seconds (113.61 KB/s)
ftp> quit
221 Goodbye

--- JUNOS 12.3-20150930_acx_x54_s4.0 built 2015-09-30 18:38:44 UTC
At least one package installed on this device has limited support.
Run 'file show /etc/notices/unsupported.txt' for details.

vmukhin@csr1.3-c-quark> 

vmukhin@csr1.3-c-quark> 

vmukhin@csr1.3-c-quark> file list |match csr1.3-ce20-8032-AG1-and-CSR-protection-drafted-00.01-Aug-01.conf 
csr1.3-ce20-8032-AG1-and-CSR-protection-drafted-00.01-Aug-01.conf

vmukhin@csr1.3-c-quark> ftp 172.29.100.44 
Connected to 172.29.100.44.
220-FileZilla Server version 0.9.48 beta
220-written by Tim Kosse (tim.kosse@filezilla-project.org)
220 Please visit http://sourceforge.net/projects/filezilla/
Name (172.29.100.44:vmukhin): mamba
331 Password required for mamba
Password:
230 Logged on
Remote system type is UNIX.
ftp> binary
200 Type set to I
ftp> cd ./ce20-8032-AG1-and-CSR-protection-drafted-00.01-Aug-01/2013-08-02-v.01
250 CWD successful. "/ce20-8032-AG1-and-CSR-protection-drafted-00.01-Aug-01/2013-08-02-v.01" is current directory.
ftp> put csr1.3-ce20-8032-AG1-and-CSR-protection-drafted-00.01-Aug-01.conf csr1.3-ce20-8032-AG1-and-CSR-protection-drafted-00.01-Aug-01.conf
local: csr1.3-ce20-8032-AG1-and-CSR-protection-drafted-00.01-Aug-01.conf remote: csr1.3-ce20-8032-AG1-and-CSR-protection-drafted-00.01-Aug-01.conf
200 Port command successful
150 Opening data channel for file upload to server of "/ce20-8032-AG1-and-CSR-protection-drafted-00.01-Aug-01/2013-08-02-v.01/csr1.3-ce20-8032-AG1-and-CSR-protection-drafted-00.01-Aug-01.conf"
100% |**********************************************************************************************************************************************************| 15573       00:00 ETAA
226 Successfully transferred "/ce20-8032-AG1-and-CSR-protection-drafted-00.01-Aug-01/2013-08-02-v.01/csr1.3-ce20-8032-AG1-and-CSR-protection-drafted-00.01-Aug-01.conf"
15573 bytes sent in 0.13 seconds (116.98 KB/s)
ftp> quit
221 Goodbye

--- JUNOS 12.3-20150930_acx_x54_s4.0 built 2015-09-30 18:38:44 UTC
At least one package installed on this device has limited support.
Run 'file show /etc/notices/unsupported.txt' for details.

vmukhin@csr1.3-c-quark> 

vmukhin@csr1.3-c-quark> 

vmukhin@csr1.3-c-quark> file list |match csr1.3-ce20-8032-All-protection-drafted-00.01-Aug-05.conf 
csr1.3-ce20-8032-All-protection-drafted-00.01-Aug-05.conf

vmukhin@csr1.3-c-quark> ftp 172.29.100.44 
Connected to 172.29.100.44.
220-FileZilla Server version 0.9.48 beta
220-written by Tim Kosse (tim.kosse@filezilla-project.org)
220 Please visit http://sourceforge.net/projects/filezilla/
Name (172.29.100.44:vmukhin): mamba
331 Password required for mamba
Password:
230 Logged on
Remote system type is UNIX.
ftp> binary
200 Type set to I
ftp> cd ./ce20-8032-All-protection-drafted-00.01-Aug-05/2013-08-06-v.01
250 CWD successful. "/ce20-8032-All-protection-drafted-00.01-Aug-05/2013-08-06-v.01" is current directory.
ftp> put csr1.3-ce20-8032-All-protection-drafted-00.01-Aug-05.conf csr1.3-ce20-8032-All-protection-drafted-00.01-Aug-05.conf
local: csr1.3-ce20-8032-All-protection-drafted-00.01-Aug-05.conf remote: csr1.3-ce20-8032-All-protection-drafted-00.01-Aug-05.conf
200 Port command successful
150 Opening data channel for file upload to server of "/ce20-8032-All-protection-drafted-00.01-Aug-05/2013-08-06-v.01/csr1.3-ce20-8032-All-protection-drafted-00.01-Aug-05.conf"
100% |**********************************************************************************************************************************************************| 16454       00:00 ETAA
226 Successfully transferred "/ce20-8032-All-protection-drafted-00.01-Aug-05/2013-08-06-v.01/csr1.3-ce20-8032-All-protection-drafted-00.01-Aug-05.conf"
16454 bytes sent in 0.13 seconds (126.69 KB/s)
ftp> quit
221 Goodbye

--- JUNOS 12.3-20150930_acx_x54_s4.0 built 2015-09-30 18:38:44 UTC
At least one package installed on this device has limited support.
Run 'file show /etc/notices/unsupported.txt' for details.

vmukhin@csr1.3-c-quark> 

vmukhin@csr1.3-c-quark> 

vmukhin@csr1.3-c-quark> file list |match csr1.3-ce20-8032-All-protection-VPLS-Multihooming-BGP-drafted-00.02-Aug-06.conf 
csr1.3-ce20-8032-All-protection-VPLS-Multihooming-BGP-drafted-00.02-Aug-06.conf

vmukhin@csr1.3-c-quark> ftp 172.29.100.44 
Connected to 172.29.100.44.
220-FileZilla Server version 0.9.48 beta
220-written by Tim Kosse (tim.kosse@filezilla-project.org)
220 Please visit http://sourceforge.net/projects/filezilla/
Name (172.29.100.44:vmukhin): mamba
331 Password required for mamba
Password:
230 Logged on
Remote system type is UNIX.
ftp> binary
200 Type set to I
ftp> cd ./ce20-8032-All-protection-VPLS-Multihooming-BGP-drafted-00.02-Aug-06/2013-08-06-v.01
250 CWD successful. "/ce20-8032-All-protection-VPLS-Multihooming-BGP-drafted-00.02-Aug-06/2013-08-06-v.01" is current directory.
ftp> put csr1.3-ce20-8032-All-protection-VPLS-Multihooming-BGP-drafted-00.02-Aug-06.conf csr1.3-ce20-8032-All-protection-VPLS-Multihooming-BGP-drafted-00.02-Aug-06.conf
local: csr1.3-ce20-8032-All-protection-VPLS-Multihooming-BGP-drafted-00.02-Aug-06.conf remote: csr1.3-ce20-8032-All-protection-VPLS-Multihooming-BGP-drafted-00.02-Aug-06.conf
200 Port command successful
150 Opening data channel for file upload to server of "/ce20-8032-All-protection-VPLS-Multihooming-BGP-drafted-00.02-Aug-06/2013-08-06-v.01/csr1.3-ce20-8032-All-protection-VPLS-Multihooming-BGP-drafted-00.02-Aug-06.conf"
100% |**********************************************************************************************************************************************************| 17205       00:00 ETAA
226 Successfully transferred "/ce20-8032-All-protection-VPLS-Multihooming-BGP-drafted-00.02-Aug-06/2013-08-06-v.01/csr1.3-ce20-8032-All-protection-VPLS-Multihooming-BGP-drafted-00.02-Aug-06.conf"
17205 bytes sent in 0.12 seconds (137.09 KB/s)
ftp> quit
221 Goodbye

--- JUNOS 12.3-20150930_acx_x54_s4.0 built 2015-09-30 18:38:44 UTC
At least one package installed on this device has limited support.
Run 'file show /etc/notices/unsupported.txt' for details.

vmukhin@csr1.3-c-quark> 

vmukhin@csr1.3-c-quark> 

vmukhin@csr1.3-c-quark> file list |match csr1.3-ce20-all-services-protection-NO-ELAN-Aug-06.conf 
csr1.3-ce20-all-services-protection-NO-ELAN-Aug-06.conf

vmukhin@csr1.3-c-quark> ftp 172.29.100.44 
Connected to 172.29.100.44.
220-FileZilla Server version 0.9.48 beta
220-written by Tim Kosse (tim.kosse@filezilla-project.org)
220 Please visit http://sourceforge.net/projects/filezilla/
Name (172.29.100.44:vmukhin): mamba
331 Password required for mamba
Password:
230 Logged on
Remote system type is UNIX.
ftp> binary
200 Type set to I
ftp> cd ./ce20-all-services-protection-NO-ELAN-Aug-06/2013-08-07-v.01
250 CWD successful. "/ce20-all-services-protection-NO-ELAN-Aug-06/2013-08-07-v.01" is current directory.
ftp> put csr1.3-ce20-all-services-protection-NO-ELAN-Aug-06.conf csr1.3-ce20-all-services-protection-NO-ELAN-Aug-06.conf
local: csr1.3-ce20-all-services-protection-NO-ELAN-Aug-06.conf remote: csr1.3-ce20-all-services-protection-NO-ELAN-Aug-06.conf
200 Port command successful
150 Opening data channel for file upload to server of "/ce20-all-services-protection-NO-ELAN-Aug-06/2013-08-07-v.01/csr1.3-ce20-all-services-protection-NO-ELAN-Aug-06.conf"
100% |**********************************************************************************************************************************************************| 17044       00:00 ETAA
226 Successfully transferred "/ce20-all-services-protection-NO-ELAN-Aug-06/2013-08-07-v.01/csr1.3-ce20-all-services-protection-NO-ELAN-Aug-06.conf"
17044 bytes sent in 0.14 seconds (115.84 KB/s)
ftp> quit
221 Goodbye

--- JUNOS 12.3-20150930_acx_x54_s4.0 built 2015-09-30 18:38:44 UTC
At least one package installed on this device has limited support.
Run 'file show /etc/notices/unsupported.txt' for details.

vmukhin@csr1.3-c-quark> 

vmukhin@csr1.3-c-quark> 

vmukhin@csr1.3-c-quark> file list |match csr1.3-ce20-all-services-vpls-bd-ccc-8032-ed01.00-July-07.conf 
csr1.3-ce20-all-services-vpls-bd-ccc-8032-ed01.00-July-07.conf

vmukhin@csr1.3-c-quark> ftp 172.29.100.44 
Connected to 172.29.100.44.
220-FileZilla Server version 0.9.48 beta
220-written by Tim Kosse (tim.kosse@filezilla-project.org)
220 Please visit http://sourceforge.net/projects/filezilla/
Name (172.29.100.44:vmukhin): mamba
331 Password required for mamba
Password:
230 Logged on
Remote system type is UNIX.
ftp> binary
200 Type set to I
ftp> cd ./ce20-all-services-vpls-bd-ccc-8032-ed01.00-July-07/2013-08-08-v.01
250 CWD successful. "/ce20-all-services-vpls-bd-ccc-8032-ed01.00-July-07/2013-08-08-v.01" is current directory.
ftp> put csr1.3-ce20-all-services-vpls-bd-ccc-8032-ed01.00-July-07.conf csr1.3-ce20-all-services-vpls-bd-ccc-8032-ed01.00-July-07.conf
local: csr1.3-ce20-all-services-vpls-bd-ccc-8032-ed01.00-July-07.conf remote: csr1.3-ce20-all-services-vpls-bd-ccc-8032-ed01.00-July-07.conf
200 Port command successful
150 Opening data channel for file upload to server of "/ce20-all-services-vpls-bd-ccc-8032-ed01.00-July-07/2013-08-08-v.01/csr1.3-ce20-all-services-vpls-bd-ccc-8032-ed01.00-July-07.conf"
100% |**********************************************************************************************************************************************************| 17704       00:00 ETAA
226 Successfully transferred "/ce20-all-services-vpls-bd-ccc-8032-ed01.00-July-07/2013-08-08-v.01/csr1.3-ce20-all-services-vpls-bd-ccc-8032-ed01.00-July-07.conf"
17704 bytes sent in 0.16 seconds (105.35 KB/s)
ftp> quit
221 Goodbye

--- JUNOS 12.3-20150930_acx_x54_s4.0 built 2015-09-30 18:38:44 UTC
At least one package installed on this device has limited support.
Run 'file show /etc/notices/unsupported.txt' for details.

vmukhin@csr1.3-c-quark> 

vmukhin@csr1.3-c-quark> 

vmukhin@csr1.3-c-quark> file list |match csr1.3-ce20-all-service-protected-8032-MTU-bgp-vpls.conf 
csr1.3-ce20-all-service-protected-8032-MTU-bgp-vpls.conf

vmukhin@csr1.3-c-quark> ftp 172.29.100.44 
Connected to 172.29.100.44.
220-FileZilla Server version 0.9.48 beta
220-written by Tim Kosse (tim.kosse@filezilla-project.org)
220 Please visit http://sourceforge.net/projects/filezilla/
Name (172.29.100.44:vmukhin): mamba
331 Password required for mamba
Password:
230 Logged on
Remote system type is UNIX.
ftp> binary
200 Type set to I
ftp> cd ./ce20-all-service-protected-8032-MTU-bgp-vpls/2013-08-08-v.01
250 CWD successful. "/ce20-all-service-protected-8032-MTU-bgp-vpls/2013-08-08-v.01" is current directory.
ftp> put csr1.3-ce20-all-service-protected-8032-MTU-bgp-vpls.conf csr1.3-ce20-all-service-protected-8032-MTU-bgp-vpls.conf
local: csr1.3-ce20-all-service-protected-8032-MTU-bgp-vpls.conf remote: csr1.3-ce20-all-service-protected-8032-MTU-bgp-vpls.conf
200 Port command successful
150 Opening data channel for file upload to server of "/ce20-all-service-protected-8032-MTU-bgp-vpls/2013-08-08-v.01/csr1.3-ce20-all-service-protected-8032-MTU-bgp-vpls.conf"
100% |**********************************************************************************************************************************************************| 18431       00:00 ETAA
226 Successfully transferred "/ce20-all-service-protected-8032-MTU-bgp-vpls/2013-08-08-v.01/csr1.3-ce20-all-service-protected-8032-MTU-bgp-vpls.conf"
18431 bytes sent in 0.14 seconds (132.86 KB/s)
ftp> quit
221 Goodbye

--- JUNOS 12.3-20150930_acx_x54_s4.0 built 2015-09-30 18:38:44 UTC
At least one package installed on this device has limited support.
Run 'file show /etc/notices/unsupported.txt' for details.

vmukhin@csr1.3-c-quark> 

vmukhin@csr1.3-c-quark> 

vmukhin@csr1.3-c-quark> file list |match csr1.3-ce20-service-all-plus-mng-Aug-24.conf 
csr1.3-ce20-service-all-plus-mng-Aug-24.conf

vmukhin@csr1.3-c-quark> ftp 172.29.100.44 
Connected to 172.29.100.44.
220-FileZilla Server version 0.9.48 beta
220-written by Tim Kosse (tim.kosse@filezilla-project.org)
220 Please visit http://sourceforge.net/projects/filezilla/
Name (172.29.100.44:vmukhin): mamba
331 Password required for mamba
Password:
230 Logged on
Remote system type is UNIX.
ftp> binary
200 Type set to I
ftp> cd ./ce20-service-all-plus-mng-Aug-24/2013-08-25-v.01
250 CWD successful. "/ce20-service-all-plus-mng-Aug-24/2013-08-25-v.01" is current directory.
ftp> put csr1.3-ce20-service-all-plus-mng-Aug-24.conf csr1.3-ce20-service-all-plus-mng-Aug-24.conf
local: csr1.3-ce20-service-all-plus-mng-Aug-24.conf remote: csr1.3-ce20-service-all-plus-mng-Aug-24.conf
200 Port command successful
150 Opening data channel for file upload to server of "/ce20-service-all-plus-mng-Aug-24/2013-08-25-v.01/csr1.3-ce20-service-all-plus-mng-Aug-24.conf"
100% |**********************************************************************************************************************************************************| 21040       00:00 ETAA
226 Successfully transferred "/ce20-service-all-plus-mng-Aug-24/2013-08-25-v.01/csr1.3-ce20-service-all-plus-mng-Aug-24.conf"
21040 bytes sent in 0.14 seconds (145.04 KB/s)
ftp> quit
221 Goodbye

--- JUNOS 12.3-20150930_acx_x54_s4.0 built 2015-09-30 18:38:44 UTC
At least one package installed on this device has limited support.
Run 'file show /etc/notices/unsupported.txt' for details.

vmukhin@csr1.3-c-quark> 

vmukhin@csr1.3-c-quark> 

vmukhin@csr1.3-c-quark> file list |match csr1.3-csr1.2-ce20-service-all-plus-ce-protection-new-Aug-27.conf 
csr1.3-csr1.2-ce20-service-all-plus-ce-protection-new-Aug-27.conf

vmukhin@csr1.3-c-quark> ftp 172.29.100.44 
Connected to 172.29.100.44.
220-FileZilla Server version 0.9.48 beta
220-written by Tim Kosse (tim.kosse@filezilla-project.org)
220 Please visit http://sourceforge.net/projects/filezilla/
Name (172.29.100.44:vmukhin): mamba
331 Password required for mamba
Password:
230 Logged on
Remote system type is UNIX.
ftp> binary
200 Type set to I
ftp> cd ./csr1.2-ce20-service-all-plus-ce-protection-new-Aug-27/2013-08-25-v.01
250 CWD successful. "/csr1.2-ce20-service-all-plus-ce-protection-new-Aug-27/2013-08-25-v.01" is current directory.
ftp> put csr1.3-csr1.2-ce20-service-all-plus-ce-protection-new-Aug-27.conf csr1.3-csr1.2-ce20-service-all-plus-ce-protection-new-Aug-27.conf
local: csr1.3-csr1.2-ce20-service-all-plus-ce-protection-new-Aug-27.conf remote: csr1.3-csr1.2-ce20-service-all-plus-ce-protection-new-Aug-27.conf
200 Port command successful
150 Opening data channel for file upload to server of "/csr1.2-ce20-service-all-plus-ce-protection-new-Aug-27/2013-08-25-v.01/csr1.3-csr1.2-ce20-service-all-plus-ce-protection-new-Aug-27.conf"
100% |**********************************************************************************************************************************************************| 21227       00:00 ETAA
226 Successfully transferred "/csr1.2-ce20-service-all-plus-ce-protection-new-Aug-27/2013-08-25-v.01/csr1.3-csr1.2-ce20-service-all-plus-ce-protection-new-Aug-27.conf"
21227 bytes sent in 0.14 seconds (143.09 KB/s)
ftp> quit
221 Goodbye

--- JUNOS 12.3-20150930_acx_x54_s4.0 built 2015-09-30 18:38:44 UTC
At least one package installed on this device has limited support.
Run 'file show /etc/notices/unsupported.txt' for details.

vmukhin@csr1.3-c-quark> 

vmukhin@csr1.3-c-quark> 

vmukhin@csr1.3-c-quark> file list |match csr1.3-ce20-all-services-pw-protect-profile-Aug-28.conf 

--- JUNOS 12.3-20150930_acx_x54_s4.0 built 2015-09-30 18:38:44 UTC
At least one package installed on this device has limited support.
Run 'file show /etc/notices/unsupported.txt' for details.

vmukhin@csr1.3-c-quark> 

vmukhin@csr1.3-c-quark> 

vmukhin@csr1.3-c-quark> file list |match csr1.3-mbh2.0-all-services-isis-rsvp-auto-oam-March-25-14.conf 
csr1.3-mbh2.0-all-services-isis-rsvp-auto-oam-March-25-14.conf

vmukhin@csr1.3-c-quark> ftp 172.29.100.44 
Connected to 172.29.100.44.
220-FileZilla Server version 0.9.48 beta
220-written by Tim Kosse (tim.kosse@filezilla-project.org)
220 Please visit http://sourceforge.net/projects/filezilla/
Name (172.29.100.44:vmukhin): mamba
331 Password required for mamba
Password:
230 Logged on
Remote system type is UNIX.
ftp> binary
200 Type set to I
ftp> cd ./mbh2.0-all-services-isis-rsvp-auto-oam-March-25-14/2014-03-25-v.01
250 CWD successful. "/mbh2.0-all-services-isis-rsvp-auto-oam-March-25-14/2014-03-25-v.01" is current directory.
ftp> put csr1.3-mbh2.0-all-services-isis-rsvp-auto-oam-March-25-14.conf csr1.3-mbh2.0-all-services-isis-rsvp-auto-oam-March-25-14.conf
local: csr1.3-mbh2.0-all-services-isis-rsvp-auto-oam-March-25-14.conf remote: csr1.3-mbh2.0-all-services-isis-rsvp-auto-oam-March-25-14.conf
200 Port command successful
150 Opening data channel for file upload to server of "/mbh2.0-all-services-isis-rsvp-auto-oam-March-25-14/2014-03-25-v.01/csr1.3-mbh2.0-all-services-isis-rsvp-auto-oam-March-25-14.conf"
100% |**********************************************************************************************************************************************************| 16905       00:00 ETAA
226 Successfully transferred "/mbh2.0-all-services-isis-rsvp-auto-oam-March-25-14/2014-03-25-v.01/csr1.3-mbh2.0-all-services-isis-rsvp-auto-oam-March-25-14.conf"
16905 bytes sent in 0.13 seconds (130.34 KB/s)
ftp> quit
221 Goodbye

--- JUNOS 12.3-20150930_acx_x54_s4.0 built 2015-09-30 18:38:44 UTC
At least one package installed on this device has limited support.
Run 'file show /etc/notices/unsupported.txt' for details.

vmukhin@csr1.3-c-quark> 

vmukhin@csr1.3-c-quark> 

vmukhin@csr1.3-c-quark> file list |match csr1.3-mbh2.0-IPSEC-all-services-isis-rsvp-auto-oam-March-25-14.conf 
csr1.3-mbh2.0-IPSEC-all-services-isis-rsvp-auto-oam-March-25-14.conf

vmukhin@csr1.3-c-quark> ftp 172.29.100.44 
Connected to 172.29.100.44.
220-FileZilla Server version 0.9.48 beta
220-written by Tim Kosse (tim.kosse@filezilla-project.org)
220 Please visit http://sourceforge.net/projects/filezilla/
Name (172.29.100.44:vmukhin): mamba
331 Password required for mamba
Password:
230 Logged on
Remote system type is UNIX.
ftp> binary
200 Type set to I
ftp> cd ./mbh2.0-IPSEC-all-services-isis-rsvp-auto-oam-March-25-14/2014-03-25-v.01
250 CWD successful. "/mbh2.0-IPSEC-all-services-isis-rsvp-auto-oam-March-25-14/2014-03-25-v.01" is current directory.
ftp> put csr1.3-mbh2.0-IPSEC-all-services-isis-rsvp-auto-oam-March-25-14.conf csr1.3-mbh2.0-IPSEC-all-services-isis-rsvp-auto-oam-March-25-14.conf
local: csr1.3-mbh2.0-IPSEC-all-services-isis-rsvp-auto-oam-March-25-14.conf remote: csr1.3-mbh2.0-IPSEC-all-services-isis-rsvp-auto-oam-March-25-14.conf
200 Port command successful
150 Opening data channel for file upload to server of "/mbh2.0-IPSEC-all-services-isis-rsvp-auto-oam-March-25-14/2014-03-25-v.01/csr1.3-mbh2.0-IPSEC-all-services-isis-rsvp-auto-oam-March-25-14.conf"
100% |**********************************************************************************************************************************************************| 16905       00:00 ETAA
226 Successfully transferred "/mbh2.0-IPSEC-all-services-isis-rsvp-auto-oam-March-25-14/2014-03-25-v.01/csr1.3-mbh2.0-IPSEC-all-services-isis-rsvp-auto-oam-March-25-14.conf"
16905 bytes sent in 0.15 seconds (111.44 KB/s)
ftp> quit
221 Goodbye

--- JUNOS 12.3-20150930_acx_x54_s4.0 built 2015-09-30 18:38:44 UTC
At least one package installed on this device has limited support.
Run 'file show /etc/notices/unsupported.txt' for details.

vmukhin@csr1.3-c-quark> 

vmukhin@csr1.3-c-quark> 

vmukhin@csr1.3-c-quark> file list |match csr1.3-mbh2.0-IPSEC-all-services-isis-rsvp-auto-oam-March-31-14.conf 
csr1.3-mbh2.0-IPSEC-all-services-isis-rsvp-auto-oam-March-31-14.conf

vmukhin@csr1.3-c-quark> ftp 172.29.100.44 
Connected to 172.29.100.44.
220-FileZilla Server version 0.9.48 beta
220-written by Tim Kosse (tim.kosse@filezilla-project.org)
220 Please visit http://sourceforge.net/projects/filezilla/
Name (172.29.100.44:vmukhin): mamba
331 Password required for mamba
Password:
230 Logged on
Remote system type is UNIX.
ftp> binary
200 Type set to I
ftp> cd ./mbh2.0-IPSEC-all-services-isis-rsvp-auto-oam-March-31-14/2014-03-29-v.01
250 CWD successful. "/mbh2.0-IPSEC-all-services-isis-rsvp-auto-oam-March-31-14/2014-03-29-v.01" is current directory.
ftp> put csr1.3-mbh2.0-IPSEC-all-services-isis-rsvp-auto-oam-March-31-14.conf csr1.3-mbh2.0-IPSEC-all-services-isis-rsvp-auto-oam-March-31-14.conf
local: csr1.3-mbh2.0-IPSEC-all-services-isis-rsvp-auto-oam-March-31-14.conf remote: csr1.3-mbh2.0-IPSEC-all-services-isis-rsvp-auto-oam-March-31-14.conf
200 Port command successful
150 Opening data channel for file upload to server of "/mbh2.0-IPSEC-all-services-isis-rsvp-auto-oam-March-31-14/2014-03-29-v.01/csr1.3-mbh2.0-IPSEC-all-services-isis-rsvp-auto-oam-March-31-14.conf"
100% |**********************************************************************************************************************************************************| 16905       00:00 ETAA
226 Successfully transferred "/mbh2.0-IPSEC-all-services-isis-rsvp-auto-oam-March-31-14/2014-03-29-v.01/csr1.3-mbh2.0-IPSEC-all-services-isis-rsvp-auto-oam-March-31-14.conf"
16905 bytes sent in 0.16 seconds (104.80 KB/s)
ftp> quit
221 Goodbye

--- JUNOS 12.3-20150930_acx_x54_s4.0 built 2015-09-30 18:38:44 UTC
At least one package installed on this device has limited support.
Run 'file show /etc/notices/unsupported.txt' for details.

vmukhin@csr1.3-c-quark> 

vmukhin@csr1.3-c-quark> 

vmukhin@csr1.3-c-quark> file list |match csr1.3-nsn-ipsec-jerry-1.0.conf 
csr1.3-nsn-ipsec-jerry-1.0.conf

vmukhin@csr1.3-c-quark> ftp 172.29.100.44 
Connected to 172.29.100.44.
220-FileZilla Server version 0.9.48 beta
220-written by Tim Kosse (tim.kosse@filezilla-project.org)
220 Please visit http://sourceforge.net/projects/filezilla/
Name (172.29.100.44:vmukhin): mamba
331 Password required for mamba
Password:
230 Logged on
Remote system type is UNIX.
ftp> binary
200 Type set to I
ftp> cd ./nsn-ipsec-jerry-1.0/2014-03-29-v.01
250 CWD successful. "/nsn-ipsec-jerry-1.0/2014-03-29-v.01" is current directory.
ftp> put csr1.3-nsn-ipsec-jerry-1.0.conf csr1.3-nsn-ipsec-jerry-1.0.conf
local: csr1.3-nsn-ipsec-jerry-1.0.conf remote: csr1.3-nsn-ipsec-jerry-1.0.conf
200 Port command successful
150 Opening data channel for file upload to server of "/nsn-ipsec-jerry-1.0/2014-03-29-v.01/csr1.3-nsn-ipsec-jerry-1.0.conf"
100% |**********************************************************************************************************************************************************| 16905       00:00 ETAA
226 Successfully transferred "/nsn-ipsec-jerry-1.0/2014-03-29-v.01/csr1.3-nsn-ipsec-jerry-1.0.conf"
16905 bytes sent in 0.13 seconds (131.19 KB/s)
ftp> quit
221 Goodbye

--- JUNOS 12.3-20150930_acx_x54_s4.0 built 2015-09-30 18:38:44 UTC
At least one package installed on this device has limited support.
Run 'file show /etc/notices/unsupported.txt' for details.

vmukhin@csr1.3-c-quark> 

vmukhin@csr1.3-c-quark> 

vmukhin@csr1.3-c-quark> file list |match csr1.3-MBH2.0-all-services-RLI18053-May-13-2014.conf 

--- JUNOS 12.3-20150930_acx_x54_s4.0 built 2015-09-30 18:38:44 UTC
At least one package installed on this device has limited support.
Run 'file show /etc/notices/unsupported.txt' for details.

vmukhin@csr1.3-c-quark> 

vmukhin@csr1.3-c-quark> 

vmukhin@csr1.3-c-quark> file list |match csr1.3-PWHT-for-Shokarev-07-July-2014.conf 
csr1.3-PWHT-for-Shokarev-07-July-2014.conf

vmukhin@csr1.3-c-quark> ftp 172.29.100.44 
Connected to 172.29.100.44.
220-FileZilla Server version 0.9.48 beta
220-written by Tim Kosse (tim.kosse@filezilla-project.org)
220 Please visit http://sourceforge.net/projects/filezilla/
Name (172.29.100.44:vmukhin): mamba
331 Password required for mamba
Password:
230 Logged on
Remote system type is UNIX.
ftp> binary
200 Type set to I
ftp> cd ./PWHT-for-Shokarev-07-July-2014/2014-07-10-v.01
250 CWD successful. "/PWHT-for-Shokarev-07-July-2014/2014-07-10-v.01" is current directory.
ftp> put csr1.3-PWHT-for-Shokarev-07-July-2014.conf csr1.3-PWHT-for-Shokarev-07-July-2014.conf
local: csr1.3-PWHT-for-Shokarev-07-July-2014.conf remote: csr1.3-PWHT-for-Shokarev-07-July-2014.conf
200 Port command successful
150 Opening data channel for file upload to server of "/PWHT-for-Shokarev-07-July-2014/2014-07-10-v.01/csr1.3-PWHT-for-Shokarev-07-July-2014.conf"
100% |**********************************************************************************************************************************************************| 16905       00:00 ETAA
226 Successfully transferred "/PWHT-for-Shokarev-07-July-2014/2014-07-10-v.01/csr1.3-PWHT-for-Shokarev-07-July-2014.conf"
16905 bytes sent in 0.14 seconds (114.78 KB/s)
ftp> quit
221 Goodbye

--- JUNOS 12.3-20150930_acx_x54_s4.0 built 2015-09-30 18:38:44 UTC
At least one package installed on this device has limited support.
Run 'file show /etc/notices/unsupported.txt' for details.

vmukhin@csr1.3-c-quark> 

vmukhin@csr1.3-c-quark> 

vmukhin@csr1.3-c-quark> file list |match csr1.3-PWHT-for-Shokarev-09-July-2014-01.conf 
csr1.3-PWHT-for-Shokarev-09-July-2014-01.conf

vmukhin@csr1.3-c-quark> ftp 172.29.100.44 
Connected to 172.29.100.44.
220-FileZilla Server version 0.9.48 beta
220-written by Tim Kosse (tim.kosse@filezilla-project.org)
220 Please visit http://sourceforge.net/projects/filezilla/
Name (172.29.100.44:vmukhin): mamba
331 Password required for mamba
Password:
230 Logged on
Remote system type is UNIX.
ftp> binary
200 Type set to I
ftp> cd ./PWHT-for-Shokarev-09-July-2014-01/2014-07-10-v.01
250 CWD successful. "/PWHT-for-Shokarev-09-July-2014-01/2014-07-10-v.01" is current directory.
ftp> put csr1.3-PWHT-for-Shokarev-09-July-2014-01.conf csr1.3-PWHT-for-Shokarev-09-July-2014-01.conf
local: csr1.3-PWHT-for-Shokarev-09-July-2014-01.conf remote: csr1.3-PWHT-for-Shokarev-09-July-2014-01.conf
200 Port command successful
150 Opening data channel for file upload to server of "/PWHT-for-Shokarev-09-July-2014-01/2014-07-10-v.01/csr1.3-PWHT-for-Shokarev-09-July-2014-01.conf"
100% |**********************************************************************************************************************************************************| 16905       00:00 ETAA
226 Successfully transferred "/PWHT-for-Shokarev-09-July-2014-01/2014-07-10-v.01/csr1.3-PWHT-for-Shokarev-09-July-2014-01.conf"
16905 bytes sent in 0.13 seconds (124.72 KB/s)
ftp> quit
221 Goodbye

--- JUNOS 12.3-20150930_acx_x54_s4.0 built 2015-09-30 18:38:44 UTC
At least one package installed on this device has limited support.
Run 'file show /etc/notices/unsupported.txt' for details.

vmukhin@csr1.3-c-quark> 

vmukhin@csr1.3-c-quark> 

vmukhin@csr1.3-c-quark> file list |match csr1.3-Lab-Zero-Config.conf 
csr1.3-Lab-Zero-Config.conf

vmukhin@csr1.3-c-quark> ftp 172.29.100.44 
Connected to 172.29.100.44.
220-FileZilla Server version 0.9.48 beta
220-written by Tim Kosse (tim.kosse@filezilla-project.org)
220 Please visit http://sourceforge.net/projects/filezilla/
Name (172.29.100.44:vmukhin): mamba
331 Password required for mamba
Password:
230 Logged on
Remote system type is UNIX.
ftp> binary
200 Type set to I
ftp> cd ./Lab-Zero-Config/2014-08-03-v.01
250 CWD successful. "/Lab-Zero-Config/2014-08-03-v.01" is current directory.
ftp> put csr1.3-Lab-Zero-Config.conf csr1.3-Lab-Zero-Config.conf
local: csr1.3-Lab-Zero-Config.conf remote: csr1.3-Lab-Zero-Config.conf
200 Port command successful
150 Opening data channel for file upload to server of "/Lab-Zero-Config/2014-08-03-v.01/csr1.3-Lab-Zero-Config.conf"
100% |**********************************************************************************************************************************************************|  3321       00:00 ETAA
226 Successfully transferred "/Lab-Zero-Config/2014-08-03-v.01/csr1.3-Lab-Zero-Config.conf"
3321 bytes sent in 0.06 seconds (50.40 KB/s)
ftp> quit
221 Goodbye

--- JUNOS 12.3-20150930_acx_x54_s4.0 built 2015-09-30 18:38:44 UTC
At least one package installed on this device has limited support.
Run 'file show /etc/notices/unsupported.txt' for details.

vmukhin@csr1.3-c-quark> 

vmukhin@csr1.3-c-quark> 

vmukhin@csr1.3-c-quark> file list |match csr1.3-Lab-Zero-Config-global.conf 
csr1.3-Lab-Zero-Config-global.conf

vmukhin@csr1.3-c-quark> ftp 172.29.100.44 
Connected to 172.29.100.44.
220-FileZilla Server version 0.9.48 beta
220-written by Tim Kosse (tim.kosse@filezilla-project.org)
220 Please visit http://sourceforge.net/projects/filezilla/
Name (172.29.100.44:vmukhin): mamba
331 Password required for mamba
Password:
230 Logged on
Remote system type is UNIX.
ftp> binary
200 Type set to I
ftp> cd ./Lab-Zero-Config-global/2016-4-4-v.01
250 CWD successful. "/Lab-Zero-Config-global/2016-4-4-v.01" is current directory.
ftp> put csr1.3-Lab-Zero-Config-global.conf csr1.3-Lab-Zero-Config-global.conf
local: csr1.3-Lab-Zero-Config-global.conf remote: csr1.3-Lab-Zero-Config-global.conf
200 Port command successful
150 Opening data channel for file upload to server of "/Lab-Zero-Config-global/2016-4-4-v.01/csr1.3-Lab-Zero-Config-global.conf"
100% |**********************************************************************************************************************************************************|  2709       00:00 ETAA
226 Successfully transferred "/Lab-Zero-Config-global/2016-4-4-v.01/csr1.3-Lab-Zero-Config-global.conf"
2709 bytes sent in 0.07 seconds (40.60 KB/s)
ftp> quit
221 Goodbye

--- JUNOS 12.3-20150930_acx_x54_s4.0 built 2015-09-30 18:38:44 UTC
At least one package installed on this device has limited support.
Run 'file show /etc/notices/unsupported.txt' for details.

vmukhin@csr1.3-c-quark> 

vmukhin@csr1.3-c-quark> 

vmukhin@csr1.3-c-quark> file list |match csr1.3-Lab-Zero-Config-re0.conf 
csr1.3-Lab-Zero-Config-re0.conf

vmukhin@csr1.3-c-quark> ftp 172.29.100.44 
Connected to 172.29.100.44.
220-FileZilla Server version 0.9.48 beta
220-written by Tim Kosse (tim.kosse@filezilla-project.org)
220 Please visit http://sourceforge.net/projects/filezilla/
Name (172.29.100.44:vmukhin): mamba
331 Password required for mamba
Password:
230 Logged on
Remote system type is UNIX.
ftp> binary
200 Type set to I
ftp> cd ./Lab-Zero-Config-re0/2016-4-4-v.01
250 CWD successful. "/Lab-Zero-Config-re0/2016-4-4-v.01" is current directory.
ftp> put csr1.3-Lab-Zero-Config-re0.conf csr1.3-Lab-Zero-Config-re0.conf
local: csr1.3-Lab-Zero-Config-re0.conf remote: csr1.3-Lab-Zero-Config-re0.conf
200 Port command successful
150 Opening data channel for file upload to server of "/Lab-Zero-Config-re0/2016-4-4-v.01/csr1.3-Lab-Zero-Config-re0.conf"
100% |**********************************************************************************************************************************************************|   454       00:00 ETAA
226 Successfully transferred "/Lab-Zero-Config-re0/2016-4-4-v.01/csr1.3-Lab-Zero-Config-re0.conf"
454 bytes sent in 0.08 seconds (5.62 KB/s)
ftp> quit
221 Goodbye

--- JUNOS 12.3-20150930_acx_x54_s4.0 built 2015-09-30 18:38:44 UTC
At least one package installed on this device has limited support.
Run 'file show /etc/notices/unsupported.txt' for details.

vmukhin@csr1.3-c-quark> 

vmukhin@csr1.3-c-quark> 

vmukhin@csr1.3-c-quark> file list |match csr1.3-Lab-Zero-Config-re1.conf 
csr1.3-Lab-Zero-Config-re1.conf

vmukhin@csr1.3-c-quark> ftp 172.29.100.44 
Connected to 172.29.100.44.
220-FileZilla Server version 0.9.48 beta
220-written by Tim Kosse (tim.kosse@filezilla-project.org)
220 Please visit http://sourceforge.net/projects/filezilla/
Name (172.29.100.44:vmukhin): mamba
331 Password required for mamba
Password:
230 Logged on
Remote system type is UNIX.
ftp> binary
200 Type set to I
ftp> cd ./Lab-Zero-Config-re1/2016-4-4-v.01
250 CWD successful. "/Lab-Zero-Config-re1/2016-4-4-v.01" is current directory.
ftp> put csr1.3-Lab-Zero-Config-re1.conf csr1.3-Lab-Zero-Config-re1.conf
local: csr1.3-Lab-Zero-Config-re1.conf remote: csr1.3-Lab-Zero-Config-re1.conf
200 Port command successful
150 Opening data channel for file upload to server of "/Lab-Zero-Config-re1/2016-4-4-v.01/csr1.3-Lab-Zero-Config-re1.conf"
226 Successfully transferred "/Lab-Zero-Config-re1/2016-4-4-v.01/csr1.3-Lab-Zero-Config-re1.conf"
ftp> quit
221 Goodbye

--- JUNOS 12.3-20150930_acx_x54_s4.0 built 2015-09-30 18:38:44 UTC
At least one package installed on this device has limited support.
Run 'file show /etc/notices/unsupported.txt' for details.

vmukhin@csr1.3-c-quark> 

vmukhin@csr1.3-c-quark> 

vmukhin@csr1.3-c-quark> file list |match csr1.3-BlueSky1.0-MBH-Sep-16-2014.conf 
csr1.3-BlueSky1.0-MBH-Sep-16-2014.conf

vmukhin@csr1.3-c-quark> ftp 172.29.100.44 
Connected to 172.29.100.44.
220-FileZilla Server version 0.9.48 beta
220-written by Tim Kosse (tim.kosse@filezilla-project.org)
220 Please visit http://sourceforge.net/projects/filezilla/
Name (172.29.100.44:vmukhin): mamba
331 Password required for mamba
Password:
230 Logged on
Remote system type is UNIX.
ftp> binary
200 Type set to I
ftp> cd ./BlueSky1.0-MBH-Sep-16-2014/2014-08-19-v.01
250 CWD successful. "/BlueSky1.0-MBH-Sep-16-2014/2014-08-19-v.01" is current directory.
ftp> put csr1.3-BlueSky1.0-MBH-Sep-16-2014.conf csr1.3-BlueSky1.0-MBH-Sep-16-2014.conf
local: csr1.3-BlueSky1.0-MBH-Sep-16-2014.conf remote: csr1.3-BlueSky1.0-MBH-Sep-16-2014.conf
200 Port command successful
150 Opening data channel for file upload to server of "/BlueSky1.0-MBH-Sep-16-2014/2014-08-19-v.01/csr1.3-BlueSky1.0-MBH-Sep-16-2014.conf"
100% |**********************************************************************************************************************************************************| 16914       00:00 ETAA
226 Successfully transferred "/BlueSky1.0-MBH-Sep-16-2014/2014-08-19-v.01/csr1.3-BlueSky1.0-MBH-Sep-16-2014.conf"
16914 bytes sent in 0.17 seconds (98.94 KB/s)
ftp> quit
221 Goodbye

--- JUNOS 12.3-20150930_acx_x54_s4.0 built 2015-09-30 18:38:44 UTC
At least one package installed on this device has limited support.
Run 'file show /etc/notices/unsupported.txt' for details.

vmukhin@csr1.3-c-quark> 

vmukhin@csr1.3-c-quark> 

vmukhin@csr1.3-c-quark> file list |match csr1.3-mbh2.0-Telenor-IPsec.conf 

--- JUNOS 12.3-20150930_acx_x54_s4.0 built 2015-09-30 18:38:44 UTC
At least one package installed on this device has limited support.
Run 'file show /etc/notices/unsupported.txt' for details.

vmukhin@csr1.3-c-quark> 

vmukhin@csr1.3-c-quark> 

vmukhin@csr1.3-c-quark> file list |match csr1.3-mbh2.0-Telenor-IPsec-Multi-VRF-BFD.conf 
csr1.3-mbh2.0-Telenor-IPsec-Multi-VRF-BFD.conf

vmukhin@csr1.3-c-quark> ftp 172.29.100.44 
Connected to 172.29.100.44.
220-FileZilla Server version 0.9.48 beta
220-written by Tim Kosse (tim.kosse@filezilla-project.org)
220 Please visit http://sourceforge.net/projects/filezilla/
Name (172.29.100.44:vmukhin): mamba
331 Password required for mamba
Password:
230 Logged on
Remote system type is UNIX.
ftp> binary
200 Type set to I
ftp> cd ./mbh2.0-Telenor-IPsec-Multi-VRF-BFD/2014-08-30-v.01
250 CWD successful. "/mbh2.0-Telenor-IPsec-Multi-VRF-BFD/2014-08-30-v.01" is current directory.
ftp> put csr1.3-mbh2.0-Telenor-IPsec-Multi-VRF-BFD.conf csr1.3-mbh2.0-Telenor-IPsec-Multi-VRF-BFD.conf
local: csr1.3-mbh2.0-Telenor-IPsec-Multi-VRF-BFD.conf remote: csr1.3-mbh2.0-Telenor-IPsec-Multi-VRF-BFD.conf
200 Port command successful
150 Opening data channel for file upload to server of "/mbh2.0-Telenor-IPsec-Multi-VRF-BFD/2014-08-30-v.01/csr1.3-mbh2.0-Telenor-IPsec-Multi-VRF-BFD.conf"
100% |**********************************************************************************************************************************************************| 17184       00:00 ETAA
226 Successfully transferred "/mbh2.0-Telenor-IPsec-Multi-VRF-BFD/2014-08-30-v.01/csr1.3-mbh2.0-Telenor-IPsec-Multi-VRF-BFD.conf"
17184 bytes sent in 0.13 seconds (133.94 KB/s)
ftp> quit
221 Goodbye

--- JUNOS 12.3-20150930_acx_x54_s4.0 built 2015-09-30 18:38:44 UTC
At least one package installed on this device has limited support.
Run 'file show /etc/notices/unsupported.txt' for details.

vmukhin@csr1.3-c-quark> 

vmukhin@csr1.3-c-quark> 

vmukhin@csr1.3-c-quark> file list |match csr1.3-mbh2.0-Telenor-IPsec-Multi-VRF-BFD-RLT.conf 
csr1.3-mbh2.0-Telenor-IPsec-Multi-VRF-BFD-RLT.conf

vmukhin@csr1.3-c-quark> ftp 172.29.100.44 
Connected to 172.29.100.44.
220-FileZilla Server version 0.9.48 beta
220-written by Tim Kosse (tim.kosse@filezilla-project.org)
220 Please visit http://sourceforge.net/projects/filezilla/
Name (172.29.100.44:vmukhin): mamba
331 Password required for mamba
Password:
230 Logged on
Remote system type is UNIX.
ftp> binary
200 Type set to I
ftp> cd ./mbh2.0-Telenor-IPsec-Multi-VRF-BFD-RLT/2014-08-30-v.01
250 CWD successful. "/mbh2.0-Telenor-IPsec-Multi-VRF-BFD-RLT/2014-08-30-v.01" is current directory.
ftp> put csr1.3-mbh2.0-Telenor-IPsec-Multi-VRF-BFD-RLT.conf csr1.3-mbh2.0-Telenor-IPsec-Multi-VRF-BFD-RLT.conf
local: csr1.3-mbh2.0-Telenor-IPsec-Multi-VRF-BFD-RLT.conf remote: csr1.3-mbh2.0-Telenor-IPsec-Multi-VRF-BFD-RLT.conf
200 Port command successful
150 Opening data channel for file upload to server of "/mbh2.0-Telenor-IPsec-Multi-VRF-BFD-RLT/2014-08-30-v.01/csr1.3-mbh2.0-Telenor-IPsec-Multi-VRF-BFD-RLT.conf"
100% |**********************************************************************************************************************************************************| 17184       00:00 ETAA
226 Successfully transferred "/mbh2.0-Telenor-IPsec-Multi-VRF-BFD-RLT/2014-08-30-v.01/csr1.3-mbh2.0-Telenor-IPsec-Multi-VRF-BFD-RLT.conf"
17184 bytes sent in 0.14 seconds (117.06 KB/s)
ftp> quit
221 Goodbye

--- JUNOS 12.3-20150930_acx_x54_s4.0 built 2015-09-30 18:38:44 UTC
At least one package installed on this device has limited support.
Run 'file show /etc/notices/unsupported.txt' for details.

vmukhin@csr1.3-c-quark> 

vmukhin@csr1.3-c-quark> 

vmukhin@csr1.3-c-quark> file list |match csr1.3-uaa2.0-multicast-p2p-protection-Sep-30-2014.conf 
csr1.3-uaa2.0-multicast-p2p-protection-Sep-30-2014.conf

vmukhin@csr1.3-c-quark> ftp 172.29.100.44 
Connected to 172.29.100.44.
220-FileZilla Server version 0.9.48 beta
220-written by Tim Kosse (tim.kosse@filezilla-project.org)
220 Please visit http://sourceforge.net/projects/filezilla/
Name (172.29.100.44:vmukhin): mamba
331 Password required for mamba
Password:
230 Logged on
Remote system type is UNIX.
ftp> binary
200 Type set to I
ftp> cd ./uaa2.0-multicast-p2p-protection-Sep-30-2014/2014-09-03-v.01
250 CWD successful. "/uaa2.0-multicast-p2p-protection-Sep-30-2014/2014-09-03-v.01" is current directory.
ftp> put csr1.3-uaa2.0-multicast-p2p-protection-Sep-30-2014.conf csr1.3-uaa2.0-multicast-p2p-protection-Sep-30-2014.conf
local: csr1.3-uaa2.0-multicast-p2p-protection-Sep-30-2014.conf remote: csr1.3-uaa2.0-multicast-p2p-protection-Sep-30-2014.conf
200 Port command successful
150 Opening data channel for file upload to server of "/uaa2.0-multicast-p2p-protection-Sep-30-2014/2014-09-03-v.01/csr1.3-uaa2.0-multicast-p2p-protection-Sep-30-2014.conf"
100% |**********************************************************************************************************************************************************| 16920       00:00 ETAA
226 Successfully transferred "/uaa2.0-multicast-p2p-protection-Sep-30-2014/2014-09-03-v.01/csr1.3-uaa2.0-multicast-p2p-protection-Sep-30-2014.conf"
16920 bytes sent in 0.15 seconds (109.16 KB/s)
ftp> quit
221 Goodbye

--- JUNOS 12.3-20150930_acx_x54_s4.0 built 2015-09-30 18:38:44 UTC
At least one package installed on this device has limited support.
Run 'file show /etc/notices/unsupported.txt' for details.

vmukhin@csr1.3-c-quark> 

vmukhin@csr1.3-c-quark> 

vmukhin@csr1.3-c-quark> file list |match csr1.3-uaa2.0-Multicast-Andreas-03-Oct-2014.conf 

--- JUNOS 12.3-20150930_acx_x54_s4.0 built 2015-09-30 18:38:44 UTC
At least one package installed on this device has limited support.
Run 'file show /etc/notices/unsupported.txt' for details.

vmukhin@csr1.3-c-quark> 

vmukhin@csr1.3-c-quark> 

vmukhin@csr1.3-c-quark> file list |match csr1.3-uaa2.0-Multicast-Andreas-Oct-03-2014.conf 
csr1.3-uaa2.0-Multicast-Andreas-Oct-03-2014.conf

vmukhin@csr1.3-c-quark> ftp 172.29.100.44 
Connected to 172.29.100.44.
220-FileZilla Server version 0.9.48 beta
220-written by Tim Kosse (tim.kosse@filezilla-project.org)
220 Please visit http://sourceforge.net/projects/filezilla/
Name (172.29.100.44:vmukhin): mamba
331 Password required for mamba
Password:
230 Logged on
Remote system type is UNIX.
ftp> binary
200 Type set to I
ftp> cd ./uaa2.0-Multicast-Andreas-Oct-03-2014/2014-09-10-v.01
250 CWD successful. "/uaa2.0-Multicast-Andreas-Oct-03-2014/2014-09-10-v.01" is current directory.
ftp> put csr1.3-uaa2.0-Multicast-Andreas-Oct-03-2014.conf csr1.3-uaa2.0-Multicast-Andreas-Oct-03-2014.conf
local: csr1.3-uaa2.0-Multicast-Andreas-Oct-03-2014.conf remote: csr1.3-uaa2.0-Multicast-Andreas-Oct-03-2014.conf
200 Port command successful
150 Opening data channel for file upload to server of "/uaa2.0-Multicast-Andreas-Oct-03-2014/2014-09-10-v.01/csr1.3-uaa2.0-Multicast-Andreas-Oct-03-2014.conf"
100% |**********************************************************************************************************************************************************| 17072       00:00 ETAA
226 Successfully transferred "/uaa2.0-Multicast-Andreas-Oct-03-2014/2014-09-10-v.01/csr1.3-uaa2.0-Multicast-Andreas-Oct-03-2014.conf"
17072 bytes sent in 0.18 seconds (91.50 KB/s)
ftp> quit
221 Goodbye

--- JUNOS 12.3-20150930_acx_x54_s4.0 built 2015-09-30 18:38:44 UTC
At least one package installed on this device has limited support.
Run 'file show /etc/notices/unsupported.txt' for details.

vmukhin@csr1.3-c-quark> 

vmukhin@csr1.3-c-quark> 

vmukhin@csr1.3-c-quark> file list |match csr1.3-mbh2.0-all-services-isis-rsvp-auto-oam-March-19-2015.conf 
csr1.3-mbh2.0-all-services-isis-rsvp-auto-oam-March-19-2015.conf

vmukhin@csr1.3-c-quark> ftp 172.29.100.44 
Connected to 172.29.100.44.
220-FileZilla Server version 0.9.48 beta
220-written by Tim Kosse (tim.kosse@filezilla-project.org)
220 Please visit http://sourceforge.net/projects/filezilla/
Name (172.29.100.44:vmukhin): mamba
331 Password required for mamba
Password:
230 Logged on
Remote system type is UNIX.
ftp> binary
200 Type set to I
ftp> cd ./mbh2.0-all-services-isis-rsvp-auto-oam-March-19-2015/2015-02-24-v.01
250 CWD successful. "/mbh2.0-all-services-isis-rsvp-auto-oam-March-19-2015/2015-02-24-v.01" is current directory.
ftp> put csr1.3-mbh2.0-all-services-isis-rsvp-auto-oam-March-19-2015.conf csr1.3-mbh2.0-all-services-isis-rsvp-auto-oam-March-19-2015.conf
local: csr1.3-mbh2.0-all-services-isis-rsvp-auto-oam-March-19-2015.conf remote: csr1.3-mbh2.0-all-services-isis-rsvp-auto-oam-March-19-2015.conf
200 Port command successful
150 Opening data channel for file upload to server of "/mbh2.0-all-services-isis-rsvp-auto-oam-March-19-2015/2015-02-24-v.01/csr1.3-mbh2.0-all-services-isis-rsvp-auto-oam-March-19-2015.conf"
100% |**********************************************************************************************************************************************************| 17060       00:00 ETAA
226 Successfully transferred "/mbh2.0-all-services-isis-rsvp-auto-oam-March-19-2015/2015-02-24-v.01/csr1.3-mbh2.0-all-services-isis-rsvp-auto-oam-March-19-2015.conf"
17060 bytes sent in 0.16 seconds (105.23 KB/s)
ftp> quit
221 Goodbye

--- JUNOS 12.3-20150930_acx_x54_s4.0 built 2015-09-30 18:38:44 UTC
At least one package installed on this device has limited support.
Run 'file show /etc/notices/unsupported.txt' for details.

vmukhin@csr1.3-c-quark> 

vmukhin@csr1.3-c-quark> 

vmukhin@csr1.3-c-quark> file list |match csr1.3-MetroE3.0-PSPHT-with-OAM-PW.conf 
csr1.3-MetroE3.0-PSPHT-with-OAM-PW.conf

vmukhin@csr1.3-c-quark> ftp 172.29.100.44 
Connected to 172.29.100.44.
220-FileZilla Server version 0.9.48 beta
220-written by Tim Kosse (tim.kosse@filezilla-project.org)
220 Please visit http://sourceforge.net/projects/filezilla/
Name (172.29.100.44:vmukhin): mamba
331 Password required for mamba
Password:
230 Logged on
Remote system type is UNIX.
ftp> binary
200 Type set to I
ftp> cd ./MetroE3.0-PSPHT-with-OAM-PW/2015-02-28-v.01
250 CWD successful. "/MetroE3.0-PSPHT-with-OAM-PW/2015-02-28-v.01" is current directory.
ftp> put csr1.3-MetroE3.0-PSPHT-with-OAM-PW.conf csr1.3-MetroE3.0-PSPHT-with-OAM-PW.conf
local: csr1.3-MetroE3.0-PSPHT-with-OAM-PW.conf remote: csr1.3-MetroE3.0-PSPHT-with-OAM-PW.conf
200 Port command successful
150 Opening data channel for file upload to server of "/MetroE3.0-PSPHT-with-OAM-PW/2015-02-28-v.01/csr1.3-MetroE3.0-PSPHT-with-OAM-PW.conf"
100% |**********************************************************************************************************************************************************| 17060       00:00 ETAA
226 Successfully transferred "/MetroE3.0-PSPHT-with-OAM-PW/2015-02-28-v.01/csr1.3-MetroE3.0-PSPHT-with-OAM-PW.conf"
17060 bytes sent in 0.14 seconds (115.36 KB/s)
ftp> quit
221 Goodbye

--- JUNOS 12.3-20150930_acx_x54_s4.0 built 2015-09-30 18:38:44 UTC
At least one package installed on this device has limited support.
Run 'file show /etc/notices/unsupported.txt' for details.

vmukhin@csr1.3-c-quark> 

vmukhin@csr1.3-c-quark> 

vmukhin@csr1.3-c-quark> file list |match csr1.3-T&S-Cronos-test-May-05-2015.conf
                                                 ^
syntax error.

--- JUNOS 12.3-20150930_acx_x54_s4.0 built 2015-09-30 18:38:44 UTC
At least one package installed on this device has limited support.
Run 'file show /etc/notices/unsupported.txt' for details.

vmukhin@csr1.3-c-quark> 

vmukhin@csr1.3-c-quark> 

vmukhin@csr1.3-c-quark> file list |match csr1.3-Chronos-SFP-test-May-05-2015.conf 
csr1.3-Chronos-SFP-test-May-05-2015.conf

vmukhin@csr1.3-c-quark> ftp 172.29.100.44 
Connected to 172.29.100.44.
220-FileZilla Server version 0.9.48 beta
220-written by Tim Kosse (tim.kosse@filezilla-project.org)
220 Please visit http://sourceforge.net/projects/filezilla/
Name (172.29.100.44:vmukhin): mamba
331 Password required for mamba
Password:
230 Logged on
Remote system type is UNIX.
ftp> binary
200 Type set to I
ftp> cd ./Chronos-SFP-test-May-05-2015/2015-04-20-v.01
250 CWD successful. "/Chronos-SFP-test-May-05-2015/2015-04-20-v.01" is current directory.
ftp> put csr1.3-Chronos-SFP-test-May-05-2015.conf csr1.3-Chronos-SFP-test-May-05-2015.conf
local: csr1.3-Chronos-SFP-test-May-05-2015.conf remote: csr1.3-Chronos-SFP-test-May-05-2015.conf
200 Port command successful
150 Opening data channel for file upload to server of "/Chronos-SFP-test-May-05-2015/2015-04-20-v.01/csr1.3-Chronos-SFP-test-May-05-2015.conf"
100% |**********************************************************************************************************************************************************| 22125       00:00 ETAA
226 Successfully transferred "/Chronos-SFP-test-May-05-2015/2015-04-20-v.01/csr1.3-Chronos-SFP-test-May-05-2015.conf"
22125 bytes sent in 0.15 seconds (139.86 KB/s)
ftp> quit
221 Goodbye

--- JUNOS 12.3-20150930_acx_x54_s4.0 built 2015-09-30 18:38:44 UTC
At least one package installed on this device has limited support.
Run 'file show /etc/notices/unsupported.txt' for details.

vmukhin@csr1.3-c-quark> 

vmukhin@csr1.3-c-quark> 

vmukhin@csr1.3-c-quark> file list |match csr1.3-Chronos-SFP-test-May-22-2015.conf 
csr1.3-Chronos-SFP-test-May-22-2015.conf

vmukhin@csr1.3-c-quark> ftp 172.29.100.44 
Connected to 172.29.100.44.
220-FileZilla Server version 0.9.48 beta
220-written by Tim Kosse (tim.kosse@filezilla-project.org)
220 Please visit http://sourceforge.net/projects/filezilla/
Name (172.29.100.44:vmukhin): mamba
331 Password required for mamba
Password:
230 Logged on
Remote system type is UNIX.
ftp> binary
200 Type set to I
ftp> cd ./Chronos-SFP-test-May-22-2015/2015-04-20-v.01
250 CWD successful. "/Chronos-SFP-test-May-22-2015/2015-04-20-v.01" is current directory.
ftp> put csr1.3-Chronos-SFP-test-May-22-2015.conf csr1.3-Chronos-SFP-test-May-22-2015.conf
local: csr1.3-Chronos-SFP-test-May-22-2015.conf remote: csr1.3-Chronos-SFP-test-May-22-2015.conf
200 Port command successful
150 Opening data channel for file upload to server of "/Chronos-SFP-test-May-22-2015/2015-04-20-v.01/csr1.3-Chronos-SFP-test-May-22-2015.conf"
100% |**********************************************************************************************************************************************************| 22125       00:00 ETAA
226 Successfully transferred "/Chronos-SFP-test-May-22-2015/2015-04-20-v.01/csr1.3-Chronos-SFP-test-May-22-2015.conf"
22125 bytes sent in 0.13 seconds (170.98 KB/s)
ftp> quit
221 Goodbye

--- JUNOS 12.3-20150930_acx_x54_s4.0 built 2015-09-30 18:38:44 UTC
At least one package installed on this device has limited support.
Run 'file show /etc/notices/unsupported.txt' for details.

vmukhin@csr1.3-c-quark> 

vmukhin@csr1.3-c-quark> 

vmukhin@csr1.3-c-quark> file list |match csr1.3-uaa2.0-ztd-unnumbered-mpls.conf 

--- JUNOS 12.3-20150930_acx_x54_s4.0 built 2015-09-30 18:38:44 UTC
At least one package installed on this device has limited support.
Run 'file show /etc/notices/unsupported.txt' for details.

vmukhin@csr1.3-c-quark> 

vmukhin@csr1.3-c-quark> 

vmukhin@csr1.3-c-quark> file list |match csr1.3-uaa2.0-ZTP-unnumbered-mpls-Oct-29-2015.conf 
csr1.3-uaa2.0-ZTP-unnumbered-mpls-Oct-29-2015.conf

vmukhin@csr1.3-c-quark> ftp 172.29.100.44 
Connected to 172.29.100.44.
220-FileZilla Server version 0.9.48 beta
220-written by Tim Kosse (tim.kosse@filezilla-project.org)
220 Please visit http://sourceforge.net/projects/filezilla/
Name (172.29.100.44:vmukhin): mamba
331 Password required for mamba
Password:
230 Logged on
Remote system type is UNIX.
ftp> binary
200 Type set to I
ftp> cd ./uaa2.0-ZTP-unnumbered-mpls-Oct-29-2015/2015-09-23-v.01
250 CWD successful. "/uaa2.0-ZTP-unnumbered-mpls-Oct-29-2015/2015-09-23-v.01" is current directory.
ftp> put csr1.3-uaa2.0-ZTP-unnumbered-mpls-Oct-29-2015.conf csr1.3-uaa2.0-ZTP-unnumbered-mpls-Oct-29-2015.conf
local: csr1.3-uaa2.0-ZTP-unnumbered-mpls-Oct-29-2015.conf remote: csr1.3-uaa2.0-ZTP-unnumbered-mpls-Oct-29-2015.conf
200 Port command successful
150 Opening data channel for file upload to server of "/uaa2.0-ZTP-unnumbered-mpls-Oct-29-2015/2015-09-23-v.01/csr1.3-uaa2.0-ZTP-unnumbered-mpls-Oct-29-2015.conf"
100% |**********************************************************************************************************************************************************| 36999       00:00 ETAA
226 Successfully transferred "/uaa2.0-ZTP-unnumbered-mpls-Oct-29-2015/2015-09-23-v.01/csr1.3-uaa2.0-ZTP-unnumbered-mpls-Oct-29-2015.conf"
36999 bytes sent in 0.18 seconds (206.34 KB/s)
ftp> quit
221 Goodbye

--- JUNOS 12.3-20150930_acx_x54_s4.0 built 2015-09-30 18:38:44 UTC
At least one package installed on this device has limited support.
Run 'file show /etc/notices/unsupported.txt' for details.

vmukhin@csr1.3-c-quark> 

vmukhin@csr1.3-c-quark> 

vmukhin@csr1.3-c-quark> file list |match csr1.3-ce20-service-all-ACX5K-Nov-13-2015.conf 
csr1.3-ce20-service-all-ACX5K-Nov-13-2015.conf

vmukhin@csr1.3-c-quark> ftp 172.29.100.44 
Connected to 172.29.100.44.
220-FileZilla Server version 0.9.48 beta
220-written by Tim Kosse (tim.kosse@filezilla-project.org)
220 Please visit http://sourceforge.net/projects/filezilla/
Name (172.29.100.44:vmukhin): mamba
331 Password required for mamba
Password:
230 Logged on
Remote system type is UNIX.
ftp> binary
200 Type set to I
ftp> cd ./ce20-service-all-ACX5K-Nov-13-2015/2015-10-20-v.01
250 CWD successful. "/ce20-service-all-ACX5K-Nov-13-2015/2015-10-20-v.01" is current directory.
ftp> put csr1.3-ce20-service-all-ACX5K-Nov-13-2015.conf csr1.3-ce20-service-all-ACX5K-Nov-13-2015.conf
local: csr1.3-ce20-service-all-ACX5K-Nov-13-2015.conf remote: csr1.3-ce20-service-all-ACX5K-Nov-13-2015.conf
200 Port command successful
150 Opening data channel for file upload to server of "/ce20-service-all-ACX5K-Nov-13-2015/2015-10-20-v.01/csr1.3-ce20-service-all-ACX5K-Nov-13-2015.conf"
100% |**********************************************************************************************************************************************************| 28873       00:00 ETAA
226 Successfully transferred "/ce20-service-all-ACX5K-Nov-13-2015/2015-10-20-v.01/csr1.3-ce20-service-all-ACX5K-Nov-13-2015.conf"
28873 bytes sent in 0.14 seconds (201.83 KB/s)
ftp> quit
221 Goodbye

